NTR A0008_ R f 06 S f  0.0 H t 06 M 000
TYR A0008_ R f 06 S f  0.0 H t 06 M 000
LYS A0009_ R f 06 S f  0.0 H t 06 M 000
LYS A0010_ R f 06 S f  0.0 H t 06 M 000
PRO A0011_ R f 06 S f  0.0 H t 06 M 000
LYS A0012_ R f 06 S f  0.0 H t 06 M 000
LEU A0013_ R f 06 S f  0.0 H t 06 M 000
LEU A0014_ R f 06 S f  0.0 H t 06 M 000
TYR A0015_ R f 06 S f  0.0 H t 06 M 000
CYS A0016_ R f 06 S f  0.0 H t 06 M 000
SER A0017_ R f 06 S f  0.0 H t 06 M 000
ASN A0018_ R f 06 S f  0.0 H t 06 M 000
GLY A0019_ R f 06 S f  0.0 H t 06 M 000
GLY A0020_ R f 06 S f  0.0 H t 06 M 000
HIS A0021_ R f 06 S f  0.0 H t 06 M 000
PHE A0022_ R f 06 S f  0.0 H t 06 M 000
LEU A0023_ R f 06 S f  0.0 H t 06 M 000
ARG A0024_ R f 06 S f  0.0 H t 06 M 000
ILE A0025_ R f 06 S f  0.0 H t 06 M 000
LEU A0026_ R f 06 S f  0.0 H t 06 M 000
PRO A0027_ R f 06 S f  0.0 H t 06 M 000
ASP A0028_ R f 06 S f  0.0 H t 06 M 000
GLY A0029_ R f 06 S f  0.0 H t 06 M 000
THR A0030_ R f 06 S f  0.0 H t 06 M 000
VAL A0031_ R f 06 S f  0.0 H t 06 M 000
ASP A0032_ R f 06 S f  0.0 H t 06 M 000
GLY A0033_ R f 06 S f  0.0 H t 06 M 000
THR A0034_ R f 06 S f  0.0 H t 06 M 000
ARG A0035_ R f 06 S f  0.0 H t 06 M 000
ASP A0036_ R f 06 S f  0.0 H t 06 M 000
ARG A0037_ R f 06 S f  0.0 H t 06 M 000
SER A0038_ R f 06 S f  0.0 H t 06 M 000
ASP A0039_ R f 06 S f  0.0 H t 06 M 000
GLN A0040_ R f 06 S f  0.0 H t 06 M 000
HIS A0041_ R f 06 S f  0.0 H t 06 M 000
ILE A0042_ R f 06 S f  0.0 H t 06 M 000
GLN A0043_ R f 06 S f  0.0 H t 06 M 000
LEU A0044_ R f 06 S f  0.0 H t 06 M 000
GLN A0045_ R f 06 S f  0.0 H t 06 M 000
LEU A0046_ R f 06 S f  0.0 H t 06 M 000
SER A0047_ R f 06 S f  0.0 H t 06 M 000
ALA A0048_ R f 06 S f  0.0 H t 06 M 000
GLU A0049_ R f 06 S f  0.0 H t 06 M 000
SER A0050_ R f 06 S f  0.0 H t 06 M 000
VAL A0051_ R f 06 S f  0.0 H t 06 M 000
GLY A0052_ R f 06 S f  0.0 H t 06 M 000
GLU A0053_ R f 06 S f  0.0 H t 06 M 000
VAL A0054_ R f 06 S f  0.0 H t 06 M 000
TYR A0055_ R f 06 S f  0.0 H t 06 M 000
ILE A0056_ R f 06 S f  0.0 H t 06 M 000
LYS A0057_ R f 06 S f  0.0 H t 06 M 000
SER A0058_ R f 06 S f  0.0 H t 06 M 000
THR A0059_ R f 06 S f  0.0 H t 06 M 000
GLU A0060_ R f 06 S f  0.0 H t 06 M 000
THR A0061_ R f 06 S f  0.0 H t 06 M 000
GLY A0062_ R f 06 S f  0.0 H t 06 M 000
GLN A0063_ R f 06 S f  0.0 H t 06 M 000
TYR A0064_ R f 06 S f  0.0 H t 06 M 000
LEU A0065_ R f 06 S f  0.0 H t 06 M 000
ALA A0066_ R f 06 S f  0.0 H t 06 M 000
MET A0067_ R f 06 S f  0.0 H t 06 M 000
ASP A0068_ R f 06 S f  0.0 H t 06 M 000
THR A0069_ R f 06 S f  0.0 H t 06 M 000
ASP A0070_ R f 06 S f  0.0 H t 06 M 000
GLY A0071_ R f 06 S f  0.0 H t 06 M 000
LEU A0072_ R f 06 S f  0.0 H t 06 M 000
LEU A0073_ R f 06 S f  0.0 H t 06 M 000
TYR A0074_ R f 06 S f  0.0 H t 06 M 000
GLY A0075_ R f 06 S f  0.0 H t 06 M 000
SER A0076_ R f 06 S f  0.0 H t 06 M 000
GLN A0077_ R f 06 S f  0.0 H t 06 M 000
THR A0078_ R f 06 S f  0.0 H t 06 M 000
PRO A0079_ R f 06 S f  0.0 H t 06 M 000
ASN A0080_ R f 06 S f  0.0 H t 06 M 000
GLU A0081_ R f 06 S f  0.0 H t 06 M 000
GLU A0082_ R f 06 S f  0.0 H t 06 M 000
CYS A0083_ R f 06 S f  0.0 H t 06 M 000
LEU A0084_ R f 06 S f  0.0 H t 06 M 000
PHE A0085_ R f 06 S f  0.0 H t 06 M 000
LEU A0086_ R f 06 S f  0.0 H t 06 M 000
GLU A0087_ R f 06 S f  0.0 H t 06 M 000
ARG A0088_ R f 06 S f  0.0 H t 06 M 000
LEU A0089_ R f 06 S f  0.0 H t 06 M 000
GLU A0090_ R f 06 S f  0.0 H t 06 M 000
GLU A0091_ R f 06 S f  0.0 H t 06 M 000
ASN A0092_ R f 06 S f  0.0 H t 06 M 000
HIS A0093_ R f 06 S f  0.0 H t 06 M 000
TYR A0094_ R f 06 S f  0.0 H t 06 M 000
ASN A0095_ R f 06 S f  0.0 H t 06 M 000
THR A0096_ R f 06 S f  0.0 H t 06 M 000
TYR A0097_ R f 06 S f  0.0 H t 06 M 000
ILE A0098_ R f 06 S f  0.0 H t 06 M 000
SER A0099_ R f 06 S f  0.0 H t 06 M 000
LYS A0100_ R f 06 S f  0.0 H t 06 M 000
LYS A0101_ R f 06 S f  0.0 H t 06 M 000
HIS A0102_ R f 06 S f  0.0 H t 06 M 000
ALA A0103_ R f 06 S f  0.0 H t 06 M 000
GLU A0104_ R f 06 S f  0.0 H t 06 M 000
LYS A0105_ R f 06 S f  0.0 H t 06 M 000
ASN A0106_ R f 06 S f  0.0 H t 06 M 000
TRP A0107_ R f 06 S f  0.0 H t 06 M 000
PHE A0108_ R f 06 S f  0.0 H t 06 M 000
VAL A0109_ R f 06 S f  0.0 H t 06 M 000
GLY A0110_ R f 06 S f  0.0 H t 06 M 000
LEU A0111_ R f 06 S f  0.0 H t 06 M 000
LYS A0112_ R f 06 S f  0.0 H t 06 M 000
LYS A0113_ R f 06 S f  0.0 H t 06 M 000
ASN A0114_ R f 06 S f  0.0 H t 06 M 000
GLY A0115_ R f 06 S f  0.0 H t 06 M 000
SER A0116_ R f 06 S f  0.0 H t 06 M 000
CYS A0117_ R f 06 S f  0.0 H t 06 M 000
LYS A0118_ R f 06 S f  0.0 H t 06 M 000
ARG A0119_ R f 06 S f  0.0 H t 06 M 000
GLY A0120_ R f 06 S f  0.0 H t 06 M 000
PRO A0121_ R f 06 S f  0.0 H t 06 M 000
ARG A0122_ R f 06 S f  0.0 H t 06 M 000
THR A0123_ R f 06 S f  0.0 H t 06 M 000
HIS A0124_ R f 06 S f  0.0 H t 06 M 000
TYR A0125_ R f 06 S f  0.0 H t 06 M 000
GLY A0126_ R f 06 S f  0.0 H t 06 M 000
GLN A0127_ R f 06 S f  0.0 H t 06 M 000
LYS A0128_ R f 06 S f  0.0 H t 06 M 000
ALA A0129_ R f 06 S f  0.0 H t 06 M 000
ILE A0130_ R f 06 S f  0.0 H t 06 M 000
LEU A0131_ R f 06 S f  0.0 H t 06 M 000
PHE A0132_ R f 06 S f  0.0 H t 06 M 000
LEU A0133_ R f 06 S f  0.0 H t 06 M 000
PRO A0134_ R f 06 S f  0.0 H t 06 M 000
LEU A0135_ R f 06 S f  0.0 H t 06 M 000
PRO A0136_ R f 06 S f  0.0 H t 06 M 000
VAL A0137_ R f 06 S f  0.0 H t 06 M 000
SER A0138_ R f 06 S f  0.0 H t 06 M 000
CTR A0138_ R f 06 S f  0.0 H t 06 M 000
NTR B0008_ R f 06 S f  0.0 H t 06 M 000
TYR B0008_ R f 06 S f  0.0 H t 06 M 000
LYS B0009_ R f 06 S f  0.0 H t 06 M 000
LYS B0010_ R f 06 S f  0.0 H t 06 M 000
PRO B0011_ R f 06 S f  0.0 H t 06 M 000
LYS B0012_ R f 06 S f  0.0 H t 06 M 000
LEU B0013_ R f 06 S f  0.0 H t 06 M 000
LEU B0014_ R f 06 S f  0.0 H t 06 M 000
TYR B0015_ R f 06 S f  0.0 H t 06 M 000
CYS B0016_ R f 06 S f  0.0 H t 06 M 000
SER B0017_ R f 06 S f  0.0 H t 06 M 000
ASN B0018_ R f 06 S f  0.0 H t 06 M 000
GLY B0019_ R f 06 S f  0.0 H t 06 M 000
GLY B0020_ R f 06 S f  0.0 H t 06 M 000
HIS B0021_ R f 06 S f  0.0 H t 06 M 000
PHE B0022_ R f 06 S f  0.0 H t 06 M 000
LEU B0023_ R f 06 S f  0.0 H t 06 M 000
ARG B0024_ R f 06 S f  0.0 H t 06 M 000
ILE B0025_ R f 06 S f  0.0 H t 06 M 000
LEU B0026_ R f 06 S f  0.0 H t 06 M 000
PRO B0027_ R f 06 S f  0.0 H t 06 M 000
ASP B0028_ R f 06 S f  0.0 H t 06 M 000
GLY B0029_ R f 06 S f  0.0 H t 06 M 000
THR B0030_ R f 06 S f  0.0 H t 06 M 000
VAL B0031_ R f 06 S f  0.0 H t 06 M 000
ASP B0032_ R f 06 S f  0.0 H t 06 M 000
GLY B0033_ R f 06 S f  0.0 H t 06 M 000
THR B0034_ R f 06 S f  0.0 H t 06 M 000
ARG B0035_ R f 06 S f  0.0 H t 06 M 000
ASP B0036_ R f 06 S f  0.0 H t 06 M 000
ARG B0037_ R f 06 S f  0.0 H t 06 M 000
SER B0038_ R f 06 S f  0.0 H t 06 M 000
ASP B0039_ R f 06 S f  0.0 H t 06 M 000
GLN B0040_ R f 06 S f  0.0 H t 06 M 000
HIS B0041_ R f 06 S f  0.0 H t 06 M 000
ILE B0042_ R f 06 S f  0.0 H t 06 M 000
GLN B0043_ R f 06 S f  0.0 H t 06 M 000
LEU B0044_ R f 06 S f  0.0 H t 06 M 000
GLN B0045_ R f 06 S f  0.0 H t 06 M 000
LEU B0046_ R f 06 S f  0.0 H t 06 M 000
SER B0047_ R f 06 S f  0.0 H t 06 M 000
ALA B0048_ R f 06 S f  0.0 H t 06 M 000
GLU B0049_ R f 06 S f  0.0 H t 06 M 000
SER B0050_ R f 06 S f  0.0 H t 06 M 000
VAL B0051_ R f 06 S f  0.0 H t 06 M 000
GLY B0052_ R f 06 S f  0.0 H t 06 M 000
GLU B0053_ R f 06 S f  0.0 H t 06 M 000
VAL B0054_ R f 06 S f  0.0 H t 06 M 000
TYR B0055_ R f 06 S f  0.0 H t 06 M 000
ILE B0056_ R f 06 S f  0.0 H t 06 M 000
LYS B0057_ R f 06 S f  0.0 H t 06 M 000
SER B0058_ R f 06 S f  0.0 H t 06 M 000
THR B0059_ R f 06 S f  0.0 H t 06 M 000
GLU B0060_ R f 06 S f  0.0 H t 06 M 000
THR B0061_ R f 06 S f  0.0 H t 06 M 000
GLY B0062_ R f 06 S f  0.0 H t 06 M 000
GLN B0063_ R f 06 S f  0.0 H t 06 M 000
TYR B0064_ R f 06 S f  0.0 H t 06 M 000
LEU B0065_ R f 06 S f  0.0 H t 06 M 000
ALA B0066_ R f 06 S f  0.0 H t 06 M 000
MET B0067_ R f 06 S f  0.0 H t 06 M 000
ASP B0068_ R f 06 S f  0.0 H t 06 M 000
THR B0069_ R f 06 S f  0.0 H t 06 M 000
ASP B0070_ R f 06 S f  0.0 H t 06 M 000
GLY B0071_ R f 06 S f  0.0 H t 06 M 000
LEU B0072_ R f 06 S f  0.0 H t 06 M 000
LEU B0073_ R f 06 S f  0.0 H t 06 M 000
TYR B0074_ R f 06 S f  0.0 H t 06 M 000
GLY B0075_ R f 06 S f  0.0 H t 06 M 000
SER B0076_ R f 06 S f  0.0 H t 06 M 000
GLN B0077_ R f 06 S f  0.0 H t 06 M 000
THR B0078_ R f 06 S f  0.0 H t 06 M 000
PRO B0079_ R f 06 S f  0.0 H t 06 M 000
ASN B0080_ R f 06 S f  0.0 H t 06 M 000
GLU B0081_ R f 06 S f  0.0 H t 06 M 000
GLU B0082_ R f 06 S f  0.0 H t 06 M 000
CYS B0083_ R f 06 S f  0.0 H t 06 M 000
LEU B0084_ R f 06 S f  0.0 H t 06 M 000
PHE B0085_ R f 06 S f  0.0 H t 06 M 000
LEU B0086_ R f 06 S f  0.0 H t 06 M 000
GLU B0087_ R f 06 S f  0.0 H t 06 M 000
ARG B0088_ R f 06 S f  0.0 H t 06 M 000
LEU B0089_ R f 06 S f  0.0 H t 06 M 000
GLU B0090_ R f 06 S f  0.0 H t 06 M 000
GLU B0091_ R f 06 S f  0.0 H t 06 M 000
ASN B0092_ R f 06 S f  0.0 H t 06 M 000
HIS B0093_ R f 06 S f  0.0 H t 06 M 000
TYR B0094_ R f 06 S f  0.0 H t 06 M 000
ASN B0095_ R f 06 S f  0.0 H t 06 M 000
THR B0096_ R f 06 S f  0.0 H t 06 M 000
TYR B0097_ R f 06 S f  0.0 H t 06 M 000
ILE B0098_ R f 06 S f  0.0 H t 06 M 000
SER B0099_ R f 06 S f  0.0 H t 06 M 000
LYS B0100_ R f 06 S f  0.0 H t 06 M 000
LYS B0101_ R f 06 S f  0.0 H t 06 M 000
HIS B0102_ R f 06 S f  0.0 H t 06 M 000
ALA B0103_ R f 06 S f  0.0 H t 06 M 000
GLU B0104_ R f 06 S f  0.0 H t 06 M 000
LYS B0105_ R f 06 S f  0.0 H t 06 M 000
ASN B0106_ R f 06 S f  0.0 H t 06 M 000
TRP B0107_ R f 06 S f  0.0 H t 06 M 000
PHE B0108_ R f 06 S f  0.0 H t 06 M 000
VAL B0109_ R f 06 S f  0.0 H t 06 M 000
GLY B0110_ R f 06 S f  0.0 H t 06 M 000
LEU B0111_ R f 06 S f  0.0 H t 06 M 000
LYS B0112_ R f 06 S f  0.0 H t 06 M 000
LYS B0113_ R f 06 S f  0.0 H t 06 M 000
ASN B0114_ R f 06 S f  0.0 H t 06 M 000
GLY B0115_ R f 06 S f  0.0 H t 06 M 000
SER B0116_ R f 06 S f  0.0 H t 06 M 000
CYS B0117_ R f 06 S f  0.0 H t 06 M 000
LYS B0118_ R f 06 S f  0.0 H t 06 M 000
ARG B0119_ R f 06 S f  0.0 H t 06 M 000
GLY B0120_ R f 06 S f  0.0 H t 06 M 000
PRO B0121_ R f 06 S f  0.0 H t 06 M 000
ARG B0122_ R f 06 S f  0.0 H t 06 M 000
THR B0123_ R f 06 S f  0.0 H t 06 M 000
HIS B0124_ R f 06 S f  0.0 H t 06 M 000
TYR B0125_ R f 06 S f  0.0 H t 06 M 000
GLY B0126_ R f 06 S f  0.0 H t 06 M 000
GLN B0127_ R f 06 S f  0.0 H t 06 M 000
LYS B0128_ R f 06 S f  0.0 H t 06 M 000
ALA B0129_ R f 06 S f  0.0 H t 06 M 000
ILE B0130_ R f 06 S f  0.0 H t 06 M 000
LEU B0131_ R f 06 S f  0.0 H t 06 M 000
PHE B0132_ R f 06 S f  0.0 H t 06 M 000
LEU B0133_ R f 06 S f  0.0 H t 06 M 000
PRO B0134_ R f 06 S f  0.0 H t 06 M 000
LEU B0135_ R f 06 S f  0.0 H t 06 M 000
PRO B0136_ R f 06 S f  0.0 H t 06 M 000
VAL B0137_ R f 06 S f  0.0 H t 06 M 000
SER B0138_ R f 06 S f  0.0 H t 06 M 000
CTR B0138_ R f 06 S f  0.0 H t 06 M 000
NTR C0147_ R f 06 S f  0.0 H t 06 M 000
ASN C0147_ R f 06 S f  0.0 H t 06 M 000
ARG C0148_ R f 06 S f  0.0 H t 06 M 000
MET C0149_ R f 06 S f  0.0 H t 06 M 000
PRO C0150_ R f 06 S f  0.0 H t 06 M 000
VAL C0151_ R f 06 S f  0.0 H t 06 M 000
ALA C0152_ R f 06 S f  0.0 H t 06 M 000
PRO C0153_ R f 06 S f  0.0 H t 06 M 000
TYR C0154_ R f 06 S f  0.0 H t 06 M 000
TRP C0155_ R f 06 S f  0.0 H t 06 M 000
THR C0156_ R f 06 S f  0.0 H t 06 M 000
SER C0157_ R f 06 S f  0.0 H t 06 M 000
PRO C0158_ R f 06 S f  0.0 H t 06 M 000
GLU C0159_ R f 06 S f  0.0 H t 06 M 000
LYS C0160_ R f 06 S f  0.0 H t 06 M 000
MET C0161_ R f 06 S f  0.0 H t 06 M 000
GLU C0162_ R f 06 S f  0.0 H t 06 M 000
LYS C0163_ R f 06 S f  0.0 H t 06 M 000
LYS C0164_ R f 06 S f  0.0 H t 06 M 000
LEU C0165_ R f 06 S f  0.0 H t 06 M 000
HIS C0166_ R f 06 S f  0.0 H t 06 M 000
ALA C0167_ R f 06 S f  0.0 H t 06 M 000
VAL C0168_ R f 06 S f  0.0 H t 06 M 000
PRO C0169_ R f 06 S f  0.0 H t 06 M 000
ALA C0170_ R f 06 S f  0.0 H t 06 M 000
ALA C0171_ R f 06 S f  0.0 H t 06 M 000
LYS C0172_ R f 06 S f  0.0 H t 06 M 000
THR C0173_ R f 06 S f  0.0 H t 06 M 000
VAL C0174_ R f 06 S f  0.0 H t 06 M 000
LYS C0175_ R f 06 S f  0.0 H t 06 M 000
PHE C0176_ R f 06 S f  0.0 H t 06 M 000
LYS C0177_ R f 06 S f  0.0 H t 06 M 000
CYD C0178_ R f 06 S f  0.0 H t 06 M 000
PRO C0179_ R f 06 S f  0.0 H t 06 M 000
SER C0180_ R f 06 S f  0.0 H t 06 M 000
SER C0181_ R f 06 S f  0.0 H t 06 M 000
GLY C0182_ R f 06 S f  0.0 H t 06 M 000
THR C0183_ R f 06 S f  0.0 H t 06 M 000
PRO C0184_ R f 06 S f  0.0 H t 06 M 000
ASN C0185_ R f 06 S f  0.0 H t 06 M 000
PRO C0186_ R f 06 S f  0.0 H t 06 M 000
THR C0187_ R f 06 S f  0.0 H t 06 M 000
LEU C0188_ R f 06 S f  0.0 H t 06 M 000
ARG C0189_ R f 06 S f  0.0 H t 06 M 000
TRP C0190_ R f 06 S f  0.0 H t 06 M 000
LEU C0191_ R f 06 S f  0.0 H t 06 M 000
LYS C0192_ R f 06 S f  0.0 H t 06 M 000
ASN C0193_ R f 06 S f  0.0 H t 06 M 000
GLY C0194_ R f 06 S f  0.0 H t 06 M 000
LYS C0195_ R f 06 S f  0.0 H t 06 M 000
GLU C0196_ R f 06 S f  0.0 H t 06 M 000
PHE C0197_ R f 06 S f  0.0 H t 06 M 000
LYS C0198_ R f 06 S f  0.0 H t 06 M 000
PRO C0199_ R f 06 S f  0.0 H t 06 M 000
ASP C0200_ R f 06 S f  0.0 H t 06 M 000
HIS C0201_ R f 06 S f  0.0 H t 06 M 000
ARG C0202_ R f 06 S f  0.0 H t 06 M 000
ILE C0203_ R f 06 S f  0.0 H t 06 M 000
GLY C0204_ R f 06 S f  0.0 H t 06 M 000
GLY C0205_ R f 06 S f  0.0 H t 06 M 000
TYR C0206_ R f 06 S f  0.0 H t 06 M 000
LYS C0207_ R f 06 S f  0.0 H t 06 M 000
VAL C0208_ R f 06 S f  0.0 H t 06 M 000
ARG C0209_ R f 06 S f  0.0 H t 06 M 000
TYR C0210_ R f 06 S f  0.0 H t 06 M 000
ALA C0211_ R f 06 S f  0.0 H t 06 M 000
THR C0212_ R f 06 S f  0.0 H t 06 M 000
TRP C0213_ R f 06 S f  0.0 H t 06 M 000
SER C0214_ R f 06 S f  0.0 H t 06 M 000
ILE C0215_ R f 06 S f  0.0 H t 06 M 000
ILE C0216_ R f 06 S f  0.0 H t 06 M 000
MET C0217_ R f 06 S f  0.0 H t 06 M 000
ASP C0218_ R f 06 S f  0.0 H t 06 M 000
SER C0219_ R f 06 S f  0.0 H t 06 M 000
VAL C0220_ R f 06 S f  0.0 H t 06 M 000
VAL C0221_ R f 06 S f  0.0 H t 06 M 000
PRO C0222_ R f 06 S f  0.0 H t 06 M 000
SER C0223_ R f 06 S f  0.0 H t 06 M 000
ASP C0224_ R f 06 S f  0.0 H t 06 M 000
LYS C0225_ R f 06 S f  0.0 H t 06 M 000
GLY C0226_ R f 06 S f  0.0 H t 06 M 000
ASN C0227_ R f 06 S f  0.0 H t 06 M 000
TYR C0228_ R f 06 S f  0.0 H t 06 M 000
THR C0229_ R f 06 S f  0.0 H t 06 M 000
CYD C0230_ R f 06 S f  0.0 H t 06 M 000
ILE C0231_ R f 06 S f  0.0 H t 06 M 000
VAL C0232_ R f 06 S f  0.0 H t 06 M 000
GLU C0233_ R f 06 S f  0.0 H t 06 M 000
ASN C0234_ R f 06 S f  0.0 H t 06 M 000
GLU C0235_ R f 06 S f  0.0 H t 06 M 000
TYR C0236_ R f 06 S f  0.0 H t 06 M 000
GLY C0237_ R f 06 S f  0.0 H t 06 M 000
SER C0238_ R f 06 S f  0.0 H t 06 M 000
ILE C0239_ R f 06 S f  0.0 H t 06 M 000
ASN C0240_ R f 06 S f  0.0 H t 06 M 000
HIS C0241_ R f 06 S f  0.0 H t 06 M 000
THR C0242_ R f 06 S f  0.0 H t 06 M 000
TYR C0243_ R f 06 S f  0.0 H t 06 M 000
GLN C0244_ R f 06 S f  0.0 H t 06 M 000
LEU C0245_ R f 06 S f  0.0 H t 06 M 000
ASP C0246_ R f 06 S f  0.0 H t 06 M 000
VAL C0247_ R f 06 S f  0.0 H t 06 M 000
VAL C0248_ R f 06 S f  0.0 H t 06 M 000
GLU C0249_ R f 06 S f  0.0 H t 06 M 000
ARG C0250_ R f 06 S f  0.0 H t 06 M 000
SER C0251_ R f 06 S f  0.0 H t 06 M 000
PRO C0252_ R f 06 S f  0.0 H t 06 M 000
HIS C0253_ R f 06 S f  0.0 H t 06 M 000
ARG C0254_ R f 06 S f  0.0 H t 06 M 000
PRO C0255_ R f 06 S f  0.0 H t 06 M 000
ILE C0256_ R f 06 S f  0.0 H t 06 M 000
LEU C0257_ R f 06 S f  0.0 H t 06 M 000
GLN C0258_ R f 06 S f  0.0 H t 06 M 000
ALA C0259_ R f 06 S f  0.0 H t 06 M 000
GLY C0260_ R f 06 S f  0.0 H t 06 M 000
LEU C0261_ R f 06 S f  0.0 H t 06 M 000
PRO C0262_ R f 06 S f  0.0 H t 06 M 000
ALA C0263_ R f 06 S f  0.0 H t 06 M 000
ASN C0264_ R f 06 S f  0.0 H t 06 M 000
LYS C0265_ R f 06 S f  0.0 H t 06 M 000
THR C0266_ R f 06 S f  0.0 H t 06 M 000
VAL C0267_ R f 06 S f  0.0 H t 06 M 000
ALA C0268_ R f 06 S f  0.0 H t 06 M 000
LEU C0269_ R f 06 S f  0.0 H t 06 M 000
GLY C0270_ R f 06 S f  0.0 H t 06 M 000
SER C0271_ R f 06 S f  0.0 H t 06 M 000
ASN C0272_ R f 06 S f  0.0 H t 06 M 000
VAL C0273_ R f 06 S f  0.0 H t 06 M 000
GLU C0274_ R f 06 S f  0.0 H t 06 M 000
PHE C0275_ R f 06 S f  0.0 H t 06 M 000
MET C0276_ R f 06 S f  0.0 H t 06 M 000
CYD C0277_ R f 06 S f  0.0 H t 06 M 000
LYS C0278_ R f 06 S f  0.0 H t 06 M 000
VAL C0279_ R f 06 S f  0.0 H t 06 M 000
TYR C0280_ R f 06 S f  0.0 H t 06 M 000
SER C0281_ R f 06 S f  0.0 H t 06 M 000
ASP C0282_ R f 06 S f  0.0 H t 06 M 000
PRO C0283_ R f 06 S f  0.0 H t 06 M 000
GLN C0284_ R f 06 S f  0.0 H t 06 M 000
PRO C0285_ R f 06 S f  0.0 H t 06 M 000
HIS C0286_ R f 06 S f  0.0 H t 06 M 000
ILE C0287_ R f 06 S f  0.0 H t 06 M 000
GLN C0288_ R f 06 S f  0.0 H t 06 M 000
TRP C0289_ R f 06 S f  0.0 H t 06 M 000
LEU C0290_ R f 06 S f  0.0 H t 06 M 000
LYS C0291_ R f 06 S f  0.0 H t 06 M 000
HIS C0292_ R f 06 S f  0.0 H t 06 M 000
ILE C0293_ R f 06 S f  0.0 H t 06 M 000
CTR C0293_ R f 06 S f  0.0 H t 06 M 000
NTR C0304_ R f 06 S f  0.0 H t 06 M 000
ASN C0304_ R f 06 S f  0.0 H t 06 M 000
LEU C0305_ R f 06 S f  0.0 H t 06 M 000
PRO C0306_ R f 06 S f  0.0 H t 06 M 000
TYR C0307_ R f 06 S f  0.0 H t 06 M 000
VAL C0308_ R f 06 S f  0.0 H t 06 M 000
GLN C0309_ R f 06 S f  0.0 H t 06 M 000
ILE C0310_ R f 06 S f  0.0 H t 06 M 000
LEU C0311_ R f 06 S f  0.0 H t 06 M 000
CTR C0311_ R f 06 S f  0.0 H t 06 M 000
NTR C0324_ R f 06 S f  0.0 H t 06 M 000
GLU C0324_ R f 06 S f  0.0 H t 06 M 000
VAL C0325_ R f 06 S f  0.0 H t 06 M 000
LEU C0326_ R f 06 S f  0.0 H t 06 M 000
HIS C0327_ R f 06 S f  0.0 H t 06 M 000
LEU C0328_ R f 06 S f  0.0 H t 06 M 000
ARG C0329_ R f 06 S f  0.0 H t 06 M 000
ASN C0330_ R f 06 S f  0.0 H t 06 M 000
VAL C0331_ R f 06 S f  0.0 H t 06 M 000
SER C0332_ R f 06 S f  0.0 H t 06 M 000
PHE C0333_ R f 06 S f  0.0 H t 06 M 000
GLU C0334_ R f 06 S f  0.0 H t 06 M 000
ASP C0335_ R f 06 S f  0.0 H t 06 M 000
ALA C0336_ R f 06 S f  0.0 H t 06 M 000
GLY C0337_ R f 06 S f  0.0 H t 06 M 000
GLU C0338_ R f 06 S f  0.0 H t 06 M 000
TYR C0339_ R f 06 S f  0.0 H t 06 M 000
THR C0340_ R f 06 S f  0.0 H t 06 M 000
CYD C0341_ R f 06 S f  0.0 H t 06 M 000
LEU C0342_ R f 06 S f  0.0 H t 06 M 000
ALA C0343_ R f 06 S f  0.0 H t 06 M 000
GLY C0344_ R f 06 S f  0.0 H t 06 M 000
ASN C0345_ R f 06 S f  0.0 H t 06 M 000
SER C0346_ R f 06 S f  0.0 H t 06 M 000
ILE C0347_ R f 06 S f  0.0 H t 06 M 000
GLY C0348_ R f 06 S f  0.0 H t 06 M 000
LEU C0349_ R f 06 S f  0.0 H t 06 M 000
SER C0350_ R f 06 S f  0.0 H t 06 M 000
HIS C0351_ R f 06 S f  0.0 H t 06 M 000
HIS C0352_ R f 06 S f  0.0 H t 06 M 000
SER C0353_ R f 06 S f  0.0 H t 06 M 000
ALA C0354_ R f 06 S f  0.0 H t 06 M 000
TRP C0355_ R f 06 S f  0.0 H t 06 M 000
LEU C0356_ R f 06 S f  0.0 H t 06 M 000
THR C0357_ R f 06 S f  0.0 H t 06 M 000
VAL C0358_ R f 06 S f  0.0 H t 06 M 000
LEU C0359_ R f 06 S f  0.0 H t 06 M 000
CTR C0359_ R f 06 S f  0.0 H t 06 M 000
NTR D0147_ R f 06 S f  0.0 H t 06 M 000
ASN D0147_ R f 06 S f  0.0 H t 06 M 000
ARG D0148_ R f 06 S f  0.0 H t 06 M 000
MET D0149_ R f 06 S f  0.0 H t 06 M 000
PRO D0150_ R f 06 S f  0.0 H t 06 M 000
VAL D0151_ R f 06 S f  0.0 H t 06 M 000
ALA D0152_ R f 06 S f  0.0 H t 06 M 000
PRO D0153_ R f 06 S f  0.0 H t 06 M 000
TYR D0154_ R f 06 S f  0.0 H t 06 M 000
TRP D0155_ R f 06 S f  0.0 H t 06 M 000
THR D0156_ R f 06 S f  0.0 H t 06 M 000
SER D0157_ R f 06 S f  0.0 H t 06 M 000
PRO D0158_ R f 06 S f  0.0 H t 06 M 000
GLU D0159_ R f 06 S f  0.0 H t 06 M 000
LYS D0160_ R f 06 S f  0.0 H t 06 M 000
MET D0161_ R f 06 S f  0.0 H t 06 M 000
GLU D0162_ R f 06 S f  0.0 H t 06 M 000
LYS D0163_ R f 06 S f  0.0 H t 06 M 000
LYS D0164_ R f 06 S f  0.0 H t 06 M 000
LEU D0165_ R f 06 S f  0.0 H t 06 M 000
HIS D0166_ R f 06 S f  0.0 H t 06 M 000
ALA D0167_ R f 06 S f  0.0 H t 06 M 000
VAL D0168_ R f 06 S f  0.0 H t 06 M 000
PRO D0169_ R f 06 S f  0.0 H t 06 M 000
ALA D0170_ R f 06 S f  0.0 H t 06 M 000
ALA D0171_ R f 06 S f  0.0 H t 06 M 000
LYS D0172_ R f 06 S f  0.0 H t 06 M 000
THR D0173_ R f 06 S f  0.0 H t 06 M 000
VAL D0174_ R f 06 S f  0.0 H t 06 M 000
LYS D0175_ R f 06 S f  0.0 H t 06 M 000
PHE D0176_ R f 06 S f  0.0 H t 06 M 000
LYS D0177_ R f 06 S f  0.0 H t 06 M 000
CYD D0178_ R f 06 S f  0.0 H t 06 M 000
PRO D0179_ R f 06 S f  0.0 H t 06 M 000
SER D0180_ R f 06 S f  0.0 H t 06 M 000
SER D0181_ R f 06 S f  0.0 H t 06 M 000
GLY D0182_ R f 06 S f  0.0 H t 06 M 000
THR D0183_ R f 06 S f  0.0 H t 06 M 000
PRO D0184_ R f 06 S f  0.0 H t 06 M 000
ASN D0185_ R f 06 S f  0.0 H t 06 M 000
PRO D0186_ R f 06 S f  0.0 H t 06 M 000
THR D0187_ R f 06 S f  0.0 H t 06 M 000
LEU D0188_ R f 06 S f  0.0 H t 06 M 000
ARG D0189_ R f 06 S f  0.0 H t 06 M 000
TRP D0190_ R f 06 S f  0.0 H t 06 M 000
LEU D0191_ R f 06 S f  0.0 H t 06 M 000
LYS D0192_ R f 06 S f  0.0 H t 06 M 000
ASN D0193_ R f 06 S f  0.0 H t 06 M 000
GLY D0194_ R f 06 S f  0.0 H t 06 M 000
LYS D0195_ R f 06 S f  0.0 H t 06 M 000
GLU D0196_ R f 06 S f  0.0 H t 06 M 000
PHE D0197_ R f 06 S f  0.0 H t 06 M 000
LYS D0198_ R f 06 S f  0.0 H t 06 M 000
PRO D0199_ R f 06 S f  0.0 H t 06 M 000
ASP D0200_ R f 06 S f  0.0 H t 06 M 000
HIS D0201_ R f 06 S f  0.0 H t 06 M 000
ARG D0202_ R f 06 S f  0.0 H t 06 M 000
ILE D0203_ R f 06 S f  0.0 H t 06 M 000
GLY D0204_ R f 06 S f  0.0 H t 06 M 000
GLY D0205_ R f 06 S f  0.0 H t 06 M 000
TYR D0206_ R f 06 S f  0.0 H t 06 M 000
LYS D0207_ R f 06 S f  0.0 H t 06 M 000
VAL D0208_ R f 06 S f  0.0 H t 06 M 000
ARG D0209_ R f 06 S f  0.0 H t 06 M 000
TYR D0210_ R f 06 S f  0.0 H t 06 M 000
ALA D0211_ R f 06 S f  0.0 H t 06 M 000
THR D0212_ R f 06 S f  0.0 H t 06 M 000
TRP D0213_ R f 06 S f  0.0 H t 06 M 000
SER D0214_ R f 06 S f  0.0 H t 06 M 000
ILE D0215_ R f 06 S f  0.0 H t 06 M 000
ILE D0216_ R f 06 S f  0.0 H t 06 M 000
MET D0217_ R f 06 S f  0.0 H t 06 M 000
ASP D0218_ R f 06 S f  0.0 H t 06 M 000
SER D0219_ R f 06 S f  0.0 H t 06 M 000
VAL D0220_ R f 06 S f  0.0 H t 06 M 000
VAL D0221_ R f 06 S f  0.0 H t 06 M 000
PRO D0222_ R f 06 S f  0.0 H t 06 M 000
SER D0223_ R f 06 S f  0.0 H t 06 M 000
ASP D0224_ R f 06 S f  0.0 H t 06 M 000
LYS D0225_ R f 06 S f  0.0 H t 06 M 000
GLY D0226_ R f 06 S f  0.0 H t 06 M 000
ASN D0227_ R f 06 S f  0.0 H t 06 M 000
TYR D0228_ R f 06 S f  0.0 H t 06 M 000
THR D0229_ R f 06 S f  0.0 H t 06 M 000
CYD D0230_ R f 06 S f  0.0 H t 06 M 000
ILE D0231_ R f 06 S f  0.0 H t 06 M 000
VAL D0232_ R f 06 S f  0.0 H t 06 M 000
GLU D0233_ R f 06 S f  0.0 H t 06 M 000
ASN D0234_ R f 06 S f  0.0 H t 06 M 000
GLU D0235_ R f 06 S f  0.0 H t 06 M 000
TYR D0236_ R f 06 S f  0.0 H t 06 M 000
GLY D0237_ R f 06 S f  0.0 H t 06 M 000
SER D0238_ R f 06 S f  0.0 H t 06 M 000
ILE D0239_ R f 06 S f  0.0 H t 06 M 000
ASN D0240_ R f 06 S f  0.0 H t 06 M 000
HIS D0241_ R f 06 S f  0.0 H t 06 M 000
THR D0242_ R f 06 S f  0.0 H t 06 M 000
TYR D0243_ R f 06 S f  0.0 H t 06 M 000
GLN D0244_ R f 06 S f  0.0 H t 06 M 000
LEU D0245_ R f 06 S f  0.0 H t 06 M 000
ASP D0246_ R f 06 S f  0.0 H t 06 M 000
VAL D0247_ R f 06 S f  0.0 H t 06 M 000
VAL D0248_ R f 06 S f  0.0 H t 06 M 000
GLU D0249_ R f 06 S f  0.0 H t 06 M 000
ARG D0250_ R f 06 S f  0.0 H t 06 M 000
SER D0251_ R f 06 S f  0.0 H t 06 M 000
PRO D0252_ R f 06 S f  0.0 H t 06 M 000
HIS D0253_ R f 06 S f  0.0 H t 06 M 000
ARG D0254_ R f 06 S f  0.0 H t 06 M 000
PRO D0255_ R f 06 S f  0.0 H t 06 M 000
ILE D0256_ R f 06 S f  0.0 H t 06 M 000
LEU D0257_ R f 06 S f  0.0 H t 06 M 000
GLN D0258_ R f 06 S f  0.0 H t 06 M 000
ALA D0259_ R f 06 S f  0.0 H t 06 M 000
GLY D0260_ R f 06 S f  0.0 H t 06 M 000
LEU D0261_ R f 06 S f  0.0 H t 06 M 000
PRO D0262_ R f 06 S f  0.0 H t 06 M 000
ALA D0263_ R f 06 S f  0.0 H t 06 M 000
ASN D0264_ R f 06 S f  0.0 H t 06 M 000
LYS D0265_ R f 06 S f  0.0 H t 06 M 000
THR D0266_ R f 06 S f  0.0 H t 06 M 000
VAL D0267_ R f 06 S f  0.0 H t 06 M 000
ALA D0268_ R f 06 S f  0.0 H t 06 M 000
LEU D0269_ R f 06 S f  0.0 H t 06 M 000
GLY D0270_ R f 06 S f  0.0 H t 06 M 000
SER D0271_ R f 06 S f  0.0 H t 06 M 000
ASN D0272_ R f 06 S f  0.0 H t 06 M 000
VAL D0273_ R f 06 S f  0.0 H t 06 M 000
GLU D0274_ R f 06 S f  0.0 H t 06 M 000
PHE D0275_ R f 06 S f  0.0 H t 06 M 000
MET D0276_ R f 06 S f  0.0 H t 06 M 000
CYD D0277_ R f 06 S f  0.0 H t 06 M 000
LYS D0278_ R f 06 S f  0.0 H t 06 M 000
VAL D0279_ R f 06 S f  0.0 H t 06 M 000
TYR D0280_ R f 06 S f  0.0 H t 06 M 000
SER D0281_ R f 06 S f  0.0 H t 06 M 000
ASP D0282_ R f 06 S f  0.0 H t 06 M 000
PRO D0283_ R f 06 S f  0.0 H t 06 M 000
GLN D0284_ R f 06 S f  0.0 H t 06 M 000
PRO D0285_ R f 06 S f  0.0 H t 06 M 000
HIS D0286_ R f 06 S f  0.0 H t 06 M 000
ILE D0287_ R f 06 S f  0.0 H t 06 M 000
GLN D0288_ R f 06 S f  0.0 H t 06 M 000
TRP D0289_ R f 06 S f  0.0 H t 06 M 000
LEU D0290_ R f 06 S f  0.0 H t 06 M 000
LYS D0291_ R f 06 S f  0.0 H t 06 M 000
HIS D0292_ R f 06 S f  0.0 H t 06 M 000
ILE D0293_ R f 06 S f  0.0 H t 06 M 000
CTR D0293_ R f 06 S f  0.0 H t 06 M 000
NTR D0306_ R f 06 S f  0.0 H t 06 M 000
PRO D0306_ R f 06 S f  0.0 H t 06 M 000
TYR D0307_ R f 06 S f  0.0 H t 06 M 000
VAL D0308_ R f 06 S f  0.0 H t 06 M 000
GLN D0309_ R f 06 S f  0.0 H t 06 M 000
ILE D0310_ R f 06 S f  0.0 H t 06 M 000
LEU D0311_ R f 06 S f  0.0 H t 06 M 000
LYS D0312_ R f 06 S f  0.0 H t 06 M 000
THR D0313_ R f 06 S f  0.0 H t 06 M 000
ALA D0314_ R f 06 S f  0.0 H t 06 M 000
CTR D0314_ R f 06 S f  0.0 H t 06 M 000
NTR D0324_ R f 06 S f  0.0 H t 06 M 000
GLU D0324_ R f 06 S f  0.0 H t 06 M 000
VAL D0325_ R f 06 S f  0.0 H t 06 M 000
LEU D0326_ R f 06 S f  0.0 H t 06 M 000
HIS D0327_ R f 06 S f  0.0 H t 06 M 000
LEU D0328_ R f 06 S f  0.0 H t 06 M 000
ARG D0329_ R f 06 S f  0.0 H t 06 M 000
ASN D0330_ R f 06 S f  0.0 H t 06 M 000
VAL D0331_ R f 06 S f  0.0 H t 06 M 000
SER D0332_ R f 06 S f  0.0 H t 06 M 000
PHE D0333_ R f 06 S f  0.0 H t 06 M 000
GLU D0334_ R f 06 S f  0.0 H t 06 M 000
ASP D0335_ R f 06 S f  0.0 H t 06 M 000
ALA D0336_ R f 06 S f  0.0 H t 06 M 000
GLY D0337_ R f 06 S f  0.0 H t 06 M 000
GLU D0338_ R f 06 S f  0.0 H t 06 M 000
TYR D0339_ R f 06 S f  0.0 H t 06 M 000
THR D0340_ R f 06 S f  0.0 H t 06 M 000
CYD D0341_ R f 06 S f  0.0 H t 06 M 000
LEU D0342_ R f 06 S f  0.0 H t 06 M 000
ALA D0343_ R f 06 S f  0.0 H t 06 M 000
GLY D0344_ R f 06 S f  0.0 H t 06 M 000
ASN D0345_ R f 06 S f  0.0 H t 06 M 000
SER D0346_ R f 06 S f  0.0 H t 06 M 000
ILE D0347_ R f 06 S f  0.0 H t 06 M 000
GLY D0348_ R f 06 S f  0.0 H t 06 M 000
LEU D0349_ R f 06 S f  0.0 H t 06 M 000
SER D0350_ R f 06 S f  0.0 H t 06 M 000
HIS D0351_ R f 06 S f  0.0 H t 06 M 000
HIS D0352_ R f 06 S f  0.0 H t 06 M 000
SER D0353_ R f 06 S f  0.0 H t 06 M 000
ALA D0354_ R f 06 S f  0.0 H t 06 M 000
TRP D0355_ R f 06 S f  0.0 H t 06 M 000
LEU D0356_ R f 06 S f  0.0 H t 06 M 000
THR D0357_ R f 06 S f  0.0 H t 06 M 000
VAL D0358_ R f 06 S f  0.0 H t 06 M 000
LEU D0359_ R f 06 S f  0.0 H t 06 M 000
CTR D0359_ R f 06 S f  0.0 H t 06 M 000
