===========================================================
<<< MCCE Multi-Conformation Continuum Electrostatics >>>   
-----------------------------------------------------------
Version:        2.7                                        
Home Page:      http://pka.engr.ccny.cuny.edu/~mcce        
Support:        jmao@ccny.cuny.edu                         
Developed by:   Junjun Mao, Yifan Song, Marilyn Gunner     
===========================================================
Last Updates:                                              
   03/23/2011  Two coding enhancement added to MCCE2.3     
               In memory parameter loading                 
               energy lookup table in text, non-0 only     
===========================================================
Step 0. Loading parameters
   Load run control file "run.prm"...
   Done

   Tentatively load local param file "new.tpl"...   No such file, ignore.
   Done

   Load parameters from directory "/home/sabsr3/mcce/param08" ... 
   Done

   Load linear free energy correction parameters from "/home/sabsr3/mcce/extra.tpl".../home/sabsr3/mcce/extra.tpl
   File loaded.
   Done

Step 0 Done.

Step 1. Test and format structral file
   Read pdb file "prot.pdb"...
   Done

   Read name rule file "/home/sabsr3/mcce/name.txt"...
   Done

   Rename residue and atom names...
   Done

   Identify NTR and CTR...
      Labeling "TYR A   8" as NTR
      Labeling "TYR B   8" as NTR
      Labeling "ASN C 147" as NTR
      Labeling "ASN C 304" as NTR
      Labeling "GLU C 324" as NTR
      Labeling "ASN D 147" as NTR
      Labeling "PRO D 306" as NTR
      Labeling "GLU D 324" as NTR
      Labeling "SER A 138" as CTR
      Labeling "SER B 138" as CTR
      Labeling "ILE C 293" as CTR
      Labeling "LEU C 311" as CTR
      Labeling "LEU C 359" as CTR
      Labeling "ILE D 293" as CTR
      Labeling "ALA D 314" as CTR
      Labeling "LEU D 359" as CTR
   Done

   Label backbone, sidechain and altLoc conformers...
   Done

   Load pdb lines into data structure...
   Done

   Strip water molecules with SAS >   5%...
   Warning! assign_rad(): missing parameter(s), default value is used and saved in debug.log.
        4 water/salt molecules were stripped off in this round
        0 water/salt molecules were stripped off in this round
   Total deleted HOH = 4.
   Done

   Check missing heavy atoms and complete altLoc conformers...
   Missing heavy atom  N   of conf TYRBK in "TYR A   8".
   Missing heavy atom  CA  of conf TYRBK in "TYR A   8".
   Missing heavy atom  CG  of conf LYS01 in "LYS A  10".
   Missing heavy atom  CD  of conf LYS01 in "LYS A  10".
   Missing heavy atom  CE  of conf LYS01 in "LYS A  10".
   Missing heavy atom  NZ  of conf LYS01 in "LYS A  10".
   Missing heavy atom  CG  of conf GLN01 in "GLN A  40".
   Missing heavy atom  CD  of conf GLN01 in "GLN A  40".
   Missing heavy atom  OE1 of conf GLN01 in "GLN A  40".
   Missing heavy atom  NE2 of conf GLN01 in "GLN A  40".
   Missing heavy atom  C   of conf SERBK in "SER A 138".
   Missing heavy atom  O   of conf SERBK in "SER A 138".
   Missing heavy atom  OG  of conf SER01 in "SER A 138".
   Missing heavy atom  OXT of conf CTR01 in "CTR A 138".
   Missing heavy atom  N   of conf TYRBK in "TYR B   8".
   Missing heavy atom  CA  of conf TYRBK in "TYR B   8".
   Missing heavy atom  CG  of conf LYS01 in "LYS B  10".
   Missing heavy atom  CD  of conf LYS01 in "LYS B  10".
   Missing heavy atom  CE  of conf LYS01 in "LYS B  10".
   Missing heavy atom  NZ  of conf LYS01 in "LYS B  10".
   Missing heavy atom  CG  of conf GLN01 in "GLN B  40".
   Missing heavy atom  CD  of conf GLN01 in "GLN B  40".
   Missing heavy atom  OE1 of conf GLN01 in "GLN B  40".
   Missing heavy atom  NE2 of conf GLN01 in "GLN B  40".
   Missing heavy atom  C   of conf SERBK in "SER B 138".
   Missing heavy atom  O   of conf SERBK in "SER B 138".
   Missing heavy atom  OG  of conf SER01 in "SER B 138".
   Missing heavy atom  OXT of conf CTR01 in "CTR B 138".
   Missing heavy atom  N   of conf ASNBK in "ASN C 147".
   Missing heavy atom  CA  of conf ASNBK in "ASN C 147".
   Missing heavy atom  CG  of conf ARG01 in "ARG C 148".
   Missing heavy atom  CD  of conf ARG01 in "ARG C 148".
   Missing heavy atom  NE  of conf ARG01 in "ARG C 148".
   Missing heavy atom  CZ  of conf ARG01 in "ARG C 148".
   Missing heavy atom  NH1 of conf ARG01 in "ARG C 148".
   Missing heavy atom  NH2 of conf ARG01 in "ARG C 148".
   Missing heavy atom  CG  of conf GLU01 in "GLU C 159".
   Missing heavy atom  CD  of conf GLU01 in "GLU C 159".
   Missing heavy atom  OE1 of conf GLU01 in "GLU C 159".
   Missing heavy atom  OE2 of conf GLU01 in "GLU C 159".
   Missing heavy atom  CG  of conf LYS01 in "LYS C 160".
   Missing heavy atom  CD  of conf LYS01 in "LYS C 160".
   Missing heavy atom  CE  of conf LYS01 in "LYS C 160".
   Missing heavy atom  NZ  of conf LYS01 in "LYS C 160".
   Missing heavy atom  CG  of conf GLU01 in "GLU C 162".
   Missing heavy atom  CD  of conf GLU01 in "GLU C 162".
   Missing heavy atom  OE1 of conf GLU01 in "GLU C 162".
   Missing heavy atom  OE2 of conf GLU01 in "GLU C 162".
   Missing heavy atom  CG  of conf LYS01 in "LYS C 164".
   Missing heavy atom  CD  of conf LYS01 in "LYS C 164".
   Missing heavy atom  CE  of conf LYS01 in "LYS C 164".
   Missing heavy atom  NZ  of conf LYS01 in "LYS C 164".
   Missing heavy atom  CG  of conf LYS01 in "LYS C 172".
   Missing heavy atom  CD  of conf LYS01 in "LYS C 172".
   Missing heavy atom  CE  of conf LYS01 in "LYS C 172".
   Missing heavy atom  NZ  of conf LYS01 in "LYS C 172".
   Missing heavy atom  CG  of conf LYS01 in "LYS C 175".
   Missing heavy atom  CD  of conf LYS01 in "LYS C 175".
   Missing heavy atom  CE  of conf LYS01 in "LYS C 175".
   Missing heavy atom  NZ  of conf LYS01 in "LYS C 175".
   Missing heavy atom  CG  of conf LYS01 in "LYS C 177".
   Missing heavy atom  CD  of conf LYS01 in "LYS C 177".
   Missing heavy atom  CE  of conf LYS01 in "LYS C 177".
   Missing heavy atom  NZ  of conf LYS01 in "LYS C 177".
   Missing heavy atom  CG  of conf ARG01 in "ARG C 189".
   Missing heavy atom  CD  of conf ARG01 in "ARG C 189".
   Missing heavy atom  NE  of conf ARG01 in "ARG C 189".
   Missing heavy atom  CZ  of conf ARG01 in "ARG C 189".
   Missing heavy atom  NH1 of conf ARG01 in "ARG C 189".
   Missing heavy atom  NH2 of conf ARG01 in "ARG C 189".
   Missing heavy atom  CG  of conf LYS01 in "LYS C 195".
   Missing heavy atom  CD  of conf LYS01 in "LYS C 195".
   Missing heavy atom  CE  of conf LYS01 in "LYS C 195".
   Missing heavy atom  NZ  of conf LYS01 in "LYS C 195".
   Missing heavy atom  CG  of conf GLU01 in "GLU C 196".
   Missing heavy atom  CD  of conf GLU01 in "GLU C 196".
   Missing heavy atom  OE1 of conf GLU01 in "GLU C 196".
   Missing heavy atom  OE2 of conf GLU01 in "GLU C 196".
   Missing heavy atom  CG  of conf LYS01 in "LYS C 198".
   Missing heavy atom  CD  of conf LYS01 in "LYS C 198".
   Missing heavy atom  CE  of conf LYS01 in "LYS C 198".
   Missing heavy atom  NZ  of conf LYS01 in "LYS C 198".
   Missing heavy atom  CG  of conf LYS01 in "LYS C 207".
   Missing heavy atom  CD  of conf LYS01 in "LYS C 207".
   Missing heavy atom  CE  of conf LYS01 in "LYS C 207".
   Missing heavy atom  NZ  of conf LYS01 in "LYS C 207".
   Missing heavy atom  CG  of conf ARG01 in "ARG C 209".
   Missing heavy atom  CD  of conf ARG01 in "ARG C 209".
   Missing heavy atom  NE  of conf ARG01 in "ARG C 209".
   Missing heavy atom  CZ  of conf ARG01 in "ARG C 209".
   Missing heavy atom  NH1 of conf ARG01 in "ARG C 209".
   Missing heavy atom  NH2 of conf ARG01 in "ARG C 209".
   Missing heavy atom  CG  of conf LYS01 in "LYS C 225".
   Missing heavy atom  CD  of conf LYS01 in "LYS C 225".
   Missing heavy atom  CE  of conf LYS01 in "LYS C 225".
   Missing heavy atom  NZ  of conf LYS01 in "LYS C 225".
   Missing heavy atom  CG  of conf GLU01 in "GLU C 235".
   Missing heavy atom  CD  of conf GLU01 in "GLU C 235".
   Missing heavy atom  OE1 of conf GLU01 in "GLU C 235".
   Missing heavy atom  OE2 of conf GLU01 in "GLU C 235".
   Missing heavy atom  CG  of conf GLN01 in "GLN C 244".
   Missing heavy atom  CD  of conf GLN01 in "GLN C 244".
   Missing heavy atom  OE1 of conf GLN01 in "GLN C 244".
   Missing heavy atom  NE2 of conf GLN01 in "GLN C 244".
   Missing heavy atom  OG  of conf SER01 in "SER C 251".
   Missing heavy atom  C   of conf ILEBK in "ILE C 293".
   Missing heavy atom  O   of conf ILEBK in "ILE C 293".
   Missing heavy atom  OXT of conf CTR01 in "CTR C 293".
   Missing heavy atom  N   of conf ASNBK in "ASN C 304".
   Missing heavy atom  CA  of conf ASNBK in "ASN C 304".
   Missing heavy atom  C   of conf LEUBK in "LEU C 311".
   Missing heavy atom  O   of conf LEUBK in "LEU C 311".
   Missing heavy atom  OXT of conf CTR01 in "CTR C 311".
   Missing heavy atom  N   of conf GLUBK in "GLU C 324".
   Missing heavy atom  CA  of conf GLUBK in "GLU C 324".
   Missing heavy atom  CG  of conf ARG01 in "ARG C 329".
   Missing heavy atom  CD  of conf ARG01 in "ARG C 329".
   Missing heavy atom  NE  of conf ARG01 in "ARG C 329".
   Missing heavy atom  CZ  of conf ARG01 in "ARG C 329".
   Missing heavy atom  NH1 of conf ARG01 in "ARG C 329".
   Missing heavy atom  NH2 of conf ARG01 in "ARG C 329".
   Missing heavy atom  C   of conf LEUBK in "LEU C 359".
   Missing heavy atom  O   of conf LEUBK in "LEU C 359".
   Missing heavy atom  OXT of conf CTR01 in "CTR C 359".
   Missing heavy atom  N   of conf ASNBK in "ASN D 147".
   Missing heavy atom  CA  of conf ASNBK in "ASN D 147".
   Missing heavy atom  CG  of conf ARG01 in "ARG D 148".
   Missing heavy atom  CD  of conf ARG01 in "ARG D 148".
   Missing heavy atom  NE  of conf ARG01 in "ARG D 148".
   Missing heavy atom  CZ  of conf ARG01 in "ARG D 148".
   Missing heavy atom  NH1 of conf ARG01 in "ARG D 148".
   Missing heavy atom  NH2 of conf ARG01 in "ARG D 148".
   Missing heavy atom  CG  of conf GLU01 in "GLU D 159".
   Missing heavy atom  CD  of conf GLU01 in "GLU D 159".
   Missing heavy atom  OE1 of conf GLU01 in "GLU D 159".
   Missing heavy atom  OE2 of conf GLU01 in "GLU D 159".
   Missing heavy atom  CG  of conf LYS01 in "LYS D 160".
   Missing heavy atom  CD  of conf LYS01 in "LYS D 160".
   Missing heavy atom  CE  of conf LYS01 in "LYS D 160".
   Missing heavy atom  NZ  of conf LYS01 in "LYS D 160".
   Missing heavy atom  CG  of conf GLU01 in "GLU D 162".
   Missing heavy atom  CD  of conf GLU01 in "GLU D 162".
   Missing heavy atom  OE1 of conf GLU01 in "GLU D 162".
   Missing heavy atom  OE2 of conf GLU01 in "GLU D 162".
   Missing heavy atom  CG  of conf LYS01 in "LYS D 164".
   Missing heavy atom  CD  of conf LYS01 in "LYS D 164".
   Missing heavy atom  CE  of conf LYS01 in "LYS D 164".
   Missing heavy atom  NZ  of conf LYS01 in "LYS D 164".
   Missing heavy atom  CG  of conf LYS01 in "LYS D 172".
   Missing heavy atom  CD  of conf LYS01 in "LYS D 172".
   Missing heavy atom  CE  of conf LYS01 in "LYS D 172".
   Missing heavy atom  NZ  of conf LYS01 in "LYS D 172".
   Missing heavy atom  CG  of conf LYS01 in "LYS D 175".
   Missing heavy atom  CD  of conf LYS01 in "LYS D 175".
   Missing heavy atom  CE  of conf LYS01 in "LYS D 175".
   Missing heavy atom  NZ  of conf LYS01 in "LYS D 175".
   Missing heavy atom  CG  of conf LYS01 in "LYS D 177".
   Missing heavy atom  CD  of conf LYS01 in "LYS D 177".
   Missing heavy atom  CE  of conf LYS01 in "LYS D 177".
   Missing heavy atom  NZ  of conf LYS01 in "LYS D 177".
   Missing heavy atom  CG  of conf ARG01 in "ARG D 189".
   Missing heavy atom  CD  of conf ARG01 in "ARG D 189".
   Missing heavy atom  NE  of conf ARG01 in "ARG D 189".
   Missing heavy atom  CZ  of conf ARG01 in "ARG D 189".
   Missing heavy atom  NH1 of conf ARG01 in "ARG D 189".
   Missing heavy atom  NH2 of conf ARG01 in "ARG D 189".
   Missing heavy atom  CG  of conf LYS01 in "LYS D 195".
   Missing heavy atom  CD  of conf LYS01 in "LYS D 195".
   Missing heavy atom  CE  of conf LYS01 in "LYS D 195".
   Missing heavy atom  NZ  of conf LYS01 in "LYS D 195".
   Missing heavy atom  CG  of conf GLU01 in "GLU D 196".
   Missing heavy atom  CD  of conf GLU01 in "GLU D 196".
   Missing heavy atom  OE1 of conf GLU01 in "GLU D 196".
   Missing heavy atom  OE2 of conf GLU01 in "GLU D 196".
   Missing heavy atom  CG  of conf LYS01 in "LYS D 198".
   Missing heavy atom  CD  of conf LYS01 in "LYS D 198".
   Missing heavy atom  CE  of conf LYS01 in "LYS D 198".
   Missing heavy atom  NZ  of conf LYS01 in "LYS D 198".
   Missing heavy atom  CG  of conf LYS01 in "LYS D 207".
   Missing heavy atom  CD  of conf LYS01 in "LYS D 207".
   Missing heavy atom  CE  of conf LYS01 in "LYS D 207".
   Missing heavy atom  NZ  of conf LYS01 in "LYS D 207".
   Missing heavy atom  CG  of conf ARG01 in "ARG D 209".
   Missing heavy atom  CD  of conf ARG01 in "ARG D 209".
   Missing heavy atom  NE  of conf ARG01 in "ARG D 209".
   Missing heavy atom  CZ  of conf ARG01 in "ARG D 209".
   Missing heavy atom  NH1 of conf ARG01 in "ARG D 209".
   Missing heavy atom  NH2 of conf ARG01 in "ARG D 209".
   Missing heavy atom  CG  of conf LYS01 in "LYS D 225".
   Missing heavy atom  CD  of conf LYS01 in "LYS D 225".
   Missing heavy atom  CE  of conf LYS01 in "LYS D 225".
   Missing heavy atom  NZ  of conf LYS01 in "LYS D 225".
   Missing heavy atom  CG  of conf GLU01 in "GLU D 235".
   Missing heavy atom  CD  of conf GLU01 in "GLU D 235".
   Missing heavy atom  OE1 of conf GLU01 in "GLU D 235".
   Missing heavy atom  OE2 of conf GLU01 in "GLU D 235".
   Missing heavy atom  CG  of conf GLN01 in "GLN D 244".
   Missing heavy atom  CD  of conf GLN01 in "GLN D 244".
   Missing heavy atom  OE1 of conf GLN01 in "GLN D 244".
   Missing heavy atom  NE2 of conf GLN01 in "GLN D 244".
   Missing heavy atom  OG  of conf SER01 in "SER D 251".
   Missing heavy atom  C   of conf ILEBK in "ILE D 293".
   Missing heavy atom  O   of conf ILEBK in "ILE D 293".
   Missing heavy atom  OXT of conf CTR01 in "CTR D 293".
   Missing heavy atom  N   of conf PROBK in "PRO D 306".
   Missing heavy atom  CA  of conf PROBK in "PRO D 306".
   Missing heavy atom  C   of conf ALABK in "ALA D 314".
   Missing heavy atom  O   of conf ALABK in "ALA D 314".
   Missing heavy atom  OXT of conf CTR01 in "CTR D 314".
   Missing heavy atom  N   of conf GLUBK in "GLU D 324".
   Missing heavy atom  CA  of conf GLUBK in "GLU D 324".
   Missing heavy atom  CG  of conf ARG01 in "ARG D 329".
   Missing heavy atom  CD  of conf ARG01 in "ARG D 329".
   Missing heavy atom  NE  of conf ARG01 in "ARG D 329".
   Missing heavy atom  CZ  of conf ARG01 in "ARG D 329".
   Missing heavy atom  NH1 of conf ARG01 in "ARG D 329".
   Missing heavy atom  NH2 of conf ARG01 in "ARG D 329".
   Missing heavy atom  C   of conf LEUBK in "LEU D 359".
   Missing heavy atom  O   of conf LEUBK in "LEU D 359".
   Missing heavy atom  OXT of conf CTR01 in "CTR D 359".
   Missing heavy atoms detected.
   Ignore warning messages if they are in the terminal residues
   Done

   Find distance clash (<2.000)...
   d= 1.55: " CA  NTR A   8" to " CB  TYR A   8"
   d= 1.54: " CA  NTR B   8" to " CB  TYR B   8"
   d= 1.53: " CA  NTR C 147" to " CB  ASN C 147"
   d= 1.53: " CA  NTR C 304" to " CB  ASN C 304"
   d= 1.52: " CA  NTR C 324" to " CB  GLU C 324"
   d= 1.53: " CA  NTR D 147" to " CB  ASN D 147"
   d= 1.53: " CA  NTR D 306" to " CB  PRO D 306"
   d= 1.47: " N   NTR D 306" to " CD  PRO D 306"
   d= 1.52: " CA  NTR D 324" to " CB  GLU D 324"
   Done

   Make connectivity network ...
   Done.

    Warning! May add heavy atom  CG  onto residue "LYS A0010"
    Warning! May add heavy atom  CD  onto residue "LYS A0010"
    Warning! May add heavy atom  CE  onto residue "LYS A0010"
    Warning! May add heavy atom  NZ  onto residue "LYS A0010"
    Warning! May add heavy atom  CG  onto residue "GLN A0040"
    Warning! May add heavy atom  CD  onto residue "GLN A0040"
    Warning! May add heavy atom  OE1 onto residue "GLN A0040"
    Warning! May add heavy atom  NE2 onto residue "GLN A0040"
    Warning! May add heavy atom  OG  onto residue "SER A0138"
    Warning! May add heavy atom  OXT onto residue "CTR A0138"
    Warning! May add heavy atom  CG  onto residue "LYS B0010"
    Warning! May add heavy atom  CD  onto residue "LYS B0010"
    Warning! May add heavy atom  CE  onto residue "LYS B0010"
    Warning! May add heavy atom  NZ  onto residue "LYS B0010"
    Warning! May add heavy atom  CG  onto residue "GLN B0040"
    Warning! May add heavy atom  CD  onto residue "GLN B0040"
    Warning! May add heavy atom  OE1 onto residue "GLN B0040"
    Warning! May add heavy atom  NE2 onto residue "GLN B0040"
    Warning! May add heavy atom  OG  onto residue "SER B0138"
    Warning! May add heavy atom  OXT onto residue "CTR B0138"
    Warning! May add heavy atom  CG  onto residue "ARG C0148"
    Warning! May add heavy atom  CD  onto residue "ARG C0148"
    Warning! May add heavy atom  NE  onto residue "ARG C0148"
    Warning! May add heavy atom  CZ  onto residue "ARG C0148"
    Warning! May add heavy atom  NH1 onto residue "ARG C0148"
    Warning! May add heavy atom  NH2 onto residue "ARG C0148"
    Warning! May add heavy atom  CG  onto residue "GLU C0159"
    Warning! May add heavy atom  CD  onto residue "GLU C0159"
    Warning! May add heavy atom  OE1 onto residue "GLU C0159"
    Warning! May add heavy atom  OE2 onto residue "GLU C0159"
    Warning! May add heavy atom  CG  onto residue "LYS C0160"
    Warning! May add heavy atom  CD  onto residue "LYS C0160"
    Warning! May add heavy atom  CE  onto residue "LYS C0160"
    Warning! May add heavy atom  NZ  onto residue "LYS C0160"
    Warning! May add heavy atom  CG  onto residue "GLU C0162"
    Warning! May add heavy atom  CD  onto residue "GLU C0162"
    Warning! May add heavy atom  OE1 onto residue "GLU C0162"
    Warning! May add heavy atom  OE2 onto residue "GLU C0162"
    Warning! May add heavy atom  CG  onto residue "LYS C0164"
    Warning! May add heavy atom  CD  onto residue "LYS C0164"
    Warning! May add heavy atom  CE  onto residue "LYS C0164"
    Warning! May add heavy atom  NZ  onto residue "LYS C0164"
    Warning! May add heavy atom  CG  onto residue "LYS C0172"
    Warning! May add heavy atom  CD  onto residue "LYS C0172"
    Warning! May add heavy atom  CE  onto residue "LYS C0172"
    Warning! May add heavy atom  NZ  onto residue "LYS C0172"
    Warning! May add heavy atom  CG  onto residue "LYS C0175"
    Warning! May add heavy atom  CD  onto residue "LYS C0175"
    Warning! May add heavy atom  CE  onto residue "LYS C0175"
    Warning! May add heavy atom  NZ  onto residue "LYS C0175"
    Warning! May add heavy atom  CG  onto residue "LYS C0177"
    Warning! May add heavy atom  CD  onto residue "LYS C0177"
    Warning! May add heavy atom  CE  onto residue "LYS C0177"
    Warning! May add heavy atom  NZ  onto residue "LYS C0177"
    Warning! May add heavy atom  CG  onto residue "ARG C0189"
    Warning! May add heavy atom  CD  onto residue "ARG C0189"
    Warning! May add heavy atom  NE  onto residue "ARG C0189"
    Warning! May add heavy atom  CZ  onto residue "ARG C0189"
    Warning! May add heavy atom  NH1 onto residue "ARG C0189"
    Warning! May add heavy atom  NH2 onto residue "ARG C0189"
    Warning! May add heavy atom  CG  onto residue "LYS C0195"
    Warning! May add heavy atom  CD  onto residue "LYS C0195"
    Warning! May add heavy atom  CE  onto residue "LYS C0195"
    Warning! May add heavy atom  NZ  onto residue "LYS C0195"
    Warning! May add heavy atom  CG  onto residue "GLU C0196"
    Warning! May add heavy atom  CD  onto residue "GLU C0196"
    Warning! May add heavy atom  OE1 onto residue "GLU C0196"
    Warning! May add heavy atom  OE2 onto residue "GLU C0196"
    Warning! May add heavy atom  CG  onto residue "LYS C0198"
    Warning! May add heavy atom  CD  onto residue "LYS C0198"
    Warning! May add heavy atom  CE  onto residue "LYS C0198"
    Warning! May add heavy atom  NZ  onto residue "LYS C0198"
    Warning! May add heavy atom  CG  onto residue "LYS C0207"
    Warning! May add heavy atom  CD  onto residue "LYS C0207"
    Warning! May add heavy atom  CE  onto residue "LYS C0207"
    Warning! May add heavy atom  NZ  onto residue "LYS C0207"
    Warning! May add heavy atom  CG  onto residue "ARG C0209"
    Warning! May add heavy atom  CD  onto residue "ARG C0209"
    Warning! May add heavy atom  NE  onto residue "ARG C0209"
    Warning! May add heavy atom  CZ  onto residue "ARG C0209"
    Warning! May add heavy atom  NH1 onto residue "ARG C0209"
    Warning! May add heavy atom  NH2 onto residue "ARG C0209"
    Warning! May add heavy atom  CG  onto residue "LYS C0225"
    Warning! May add heavy atom  CD  onto residue "LYS C0225"
    Warning! May add heavy atom  CE  onto residue "LYS C0225"
    Warning! May add heavy atom  NZ  onto residue "LYS C0225"
    Warning! May add heavy atom  CG  onto residue "GLU C0235"
    Warning! May add heavy atom  CD  onto residue "GLU C0235"
    Warning! May add heavy atom  OE1 onto residue "GLU C0235"
    Warning! May add heavy atom  OE2 onto residue "GLU C0235"
    Warning! May add heavy atom  CG  onto residue "GLN C0244"
    Warning! May add heavy atom  CD  onto residue "GLN C0244"
    Warning! May add heavy atom  OE1 onto residue "GLN C0244"
    Warning! May add heavy atom  NE2 onto residue "GLN C0244"
    Warning! May add heavy atom  OG  onto residue "SER C0251"
    Warning! May add heavy atom  OXT onto residue "CTR C0293"
    Warning! May add heavy atom  OXT onto residue "CTR C0311"
    Warning! May add heavy atom  CG  onto residue "ARG C0329"
    Warning! May add heavy atom  CD  onto residue "ARG C0329"
    Warning! May add heavy atom  NE  onto residue "ARG C0329"
    Warning! May add heavy atom  CZ  onto residue "ARG C0329"
    Warning! May add heavy atom  NH1 onto residue "ARG C0329"
    Warning! May add heavy atom  NH2 onto residue "ARG C0329"
    Warning! May add heavy atom  OXT onto residue "CTR C0359"
    Warning! May add heavy atom  CG  onto residue "ARG D0148"
    Warning! May add heavy atom  CD  onto residue "ARG D0148"
    Warning! May add heavy atom  NE  onto residue "ARG D0148"
    Warning! May add heavy atom  CZ  onto residue "ARG D0148"
    Warning! May add heavy atom  NH1 onto residue "ARG D0148"
    Warning! May add heavy atom  NH2 onto residue "ARG D0148"
    Warning! May add heavy atom  CG  onto residue "GLU D0159"
    Warning! May add heavy atom  CD  onto residue "GLU D0159"
    Warning! May add heavy atom  OE1 onto residue "GLU D0159"
    Warning! May add heavy atom  OE2 onto residue "GLU D0159"
    Warning! May add heavy atom  CG  onto residue "LYS D0160"
    Warning! May add heavy atom  CD  onto residue "LYS D0160"
    Warning! May add heavy atom  CE  onto residue "LYS D0160"
    Warning! May add heavy atom  NZ  onto residue "LYS D0160"
    Warning! May add heavy atom  CG  onto residue "GLU D0162"
    Warning! May add heavy atom  CD  onto residue "GLU D0162"
    Warning! May add heavy atom  OE1 onto residue "GLU D0162"
    Warning! May add heavy atom  OE2 onto residue "GLU D0162"
    Warning! May add heavy atom  CG  onto residue "LYS D0164"
    Warning! May add heavy atom  CD  onto residue "LYS D0164"
    Warning! May add heavy atom  CE  onto residue "LYS D0164"
    Warning! May add heavy atom  NZ  onto residue "LYS D0164"
    Warning! May add heavy atom  CG  onto residue "LYS D0172"
    Warning! May add heavy atom  CD  onto residue "LYS D0172"
    Warning! May add heavy atom  CE  onto residue "LYS D0172"
    Warning! May add heavy atom  NZ  onto residue "LYS D0172"
    Warning! May add heavy atom  CG  onto residue "LYS D0175"
    Warning! May add heavy atom  CD  onto residue "LYS D0175"
    Warning! May add heavy atom  CE  onto residue "LYS D0175"
    Warning! May add heavy atom  NZ  onto residue "LYS D0175"
    Warning! May add heavy atom  CG  onto residue "LYS D0177"
    Warning! May add heavy atom  CD  onto residue "LYS D0177"
    Warning! May add heavy atom  CE  onto residue "LYS D0177"
    Warning! May add heavy atom  NZ  onto residue "LYS D0177"
    Warning! May add heavy atom  CG  onto residue "ARG D0189"
    Warning! May add heavy atom  CD  onto residue "ARG D0189"
    Warning! May add heavy atom  NE  onto residue "ARG D0189"
    Warning! May add heavy atom  CZ  onto residue "ARG D0189"
    Warning! May add heavy atom  NH1 onto residue "ARG D0189"
    Warning! May add heavy atom  NH2 onto residue "ARG D0189"
    Warning! May add heavy atom  CG  onto residue "LYS D0195"
    Warning! May add heavy atom  CD  onto residue "LYS D0195"
    Warning! May add heavy atom  CE  onto residue "LYS D0195"
    Warning! May add heavy atom  NZ  onto residue "LYS D0195"
    Warning! May add heavy atom  CG  onto residue "GLU D0196"
    Warning! May add heavy atom  CD  onto residue "GLU D0196"
    Warning! May add heavy atom  OE1 onto residue "GLU D0196"
    Warning! May add heavy atom  OE2 onto residue "GLU D0196"
    Warning! May add heavy atom  CG  onto residue "LYS D0198"
    Warning! May add heavy atom  CD  onto residue "LYS D0198"
    Warning! May add heavy atom  CE  onto residue "LYS D0198"
    Warning! May add heavy atom  NZ  onto residue "LYS D0198"
    Warning! May add heavy atom  CG  onto residue "LYS D0207"
    Warning! May add heavy atom  CD  onto residue "LYS D0207"
    Warning! May add heavy atom  CE  onto residue "LYS D0207"
    Warning! May add heavy atom  NZ  onto residue "LYS D0207"
    Warning! May add heavy atom  CG  onto residue "ARG D0209"
    Warning! May add heavy atom  CD  onto residue "ARG D0209"
    Warning! May add heavy atom  NE  onto residue "ARG D0209"
    Warning! May add heavy atom  CZ  onto residue "ARG D0209"
    Warning! May add heavy atom  NH1 onto residue "ARG D0209"
    Warning! May add heavy atom  NH2 onto residue "ARG D0209"
    Warning! May add heavy atom  CG  onto residue "LYS D0225"
    Warning! May add heavy atom  CD  onto residue "LYS D0225"
    Warning! May add heavy atom  CE  onto residue "LYS D0225"
    Warning! May add heavy atom  NZ  onto residue "LYS D0225"
    Warning! May add heavy atom  CG  onto residue "GLU D0235"
    Warning! May add heavy atom  CD  onto residue "GLU D0235"
    Warning! May add heavy atom  OE1 onto residue "GLU D0235"
    Warning! May add heavy atom  OE2 onto residue "GLU D0235"
    Warning! May add heavy atom  CG  onto residue "GLN D0244"
    Warning! May add heavy atom  CD  onto residue "GLN D0244"
    Warning! May add heavy atom  OE1 onto residue "GLN D0244"
    Warning! May add heavy atom  NE2 onto residue "GLN D0244"
    Warning! May add heavy atom  OG  onto residue "SER D0251"
    Warning! May add heavy atom  OXT onto residue "CTR D0293"
    Warning! May add heavy atom  OXT onto residue "CTR D0314"
    Warning! May add heavy atom  CG  onto residue "ARG D0329"
    Warning! May add heavy atom  CD  onto residue "ARG D0329"
    Warning! May add heavy atom  NE  onto residue "ARG D0329"
    Warning! May add heavy atom  CZ  onto residue "ARG D0329"
    Warning! May add heavy atom  NH1 onto residue "ARG D0329"
    Warning! May add heavy atom  NH2 onto residue "ARG D0329"
    Warning! May add heavy atom  OXT onto residue "CTR D0359"
   5 TORSION parameters were guessed and recorded in file debug.log.
   Modify and put them into a param file to have the full control.
   1 TORSION parameters were guessed and recorded in file debug.log.
   Modify and put them into a param file to have the full control.
   Total time for step1 (premcce) is 1 seconds.

   Output files:
      step1_out.pdb         will be the input of step 2.
      head1.lst             rotamer making control file for step 2
      acc.atm               atom solvent accessible surface
      acc.res               residue solvent accessible surface
      head1.lst             rotamer making instruction, used in step2

Step 1 Done.

Step 2. Make multi side chain conformers
   Load step 1 output file step1_out.pdb...
   Done

   Rotamer statistics is dynamically updated in file "rot_stat"

   Remove redundant heavy atom conformers in step1_out.pdb
   0 conformers were deleted.
   Done


   Relax crystal water..
   Done

   Prepare for rotamer making ...
   Deleting H atoms...5097 H atoms were deleted.
   Assigning radii.
   Estimating Solvent Accessible Surface (SAS).
   Done.

   Swap atoms...
   Done



   Delete duplicate conformers ... 0 conformers deleted.
   Done

   Prune rotamers by self VDW potential...
   Creating connectivity table...
   Computing self VDW potential. It may take a while...
   Warning! assign_crg(): missing parameter(s), default value is used and saved in debug.log.
   Pruning rotamers...3 rotamers deleted.
   Done


   Tuning exposed rotamers...
   Done


   Repack side chains 5000 times, remove inaccessible conformers...
   Computing pairwise LJ potential. This may take a while.
      Estimated time on AMD 1.6GHz is 14 seconds.
      Actual time is 0
   Repacking in progress, see progress.log for details...
   Done


   Skip writing heavy atome rotamer pdb file hvrot.pdb
   Making ionization conformers...
   Done


   Add H atoms...
   Done


   Relaxation...
   Start setting up for relaxation.
   Warning! assign_crg(): missing parameter(s), default value is used and saved in debug.log.
   Setup for relaxation done.
   Start relaxation.
   Done

   Optimizing hydroxyl and water...
   Total number of atoms 22378
   Done


   Sorting conformers...
   Done

   Skip writing full rotamer file step2_out.full.
   Delete duplicate conformers ...
      42 conformers deleted in this cycle
   Done



   Write output...
   Done

   Total time for step2 (rotamer making) is 1257 seconds.

   Output files:
      step2_out.pdb   : mcce pdb file, the input of step 3
      head2.lst       : conformer summary
      step2_out.full  : rotamers without pairwise pruning.
      hvrot.pdb       : heavy atom rotamers, can be used recursively by step 2

Step 2 Done.

Step 3. Compute energy lookup table
   Load step 2 output file step2_out.pdb...
   Done

   Reporting non integer conformer charge ...
   Passed, no non-integer charges
   Done

   Creating connectivity table...
   Done

   Preparing DelPhi runs at epsilon 8.00 ...
      4 focusing runs required for this protein.
   Done

   Computing pairwise from conformer 1 to 2370 of 2370 total conformers
      see progress.log for progress...
   Done

   Computing RXN from conformer 1 to 2370 of 2370 total conformers
      see progress.log for progress...
   Done

   Add dummy conformers ... 0 dummy conformers were added.
   Done

   Making pairwise energy matrices and conformer summary ... 
   Done

   Skiping writing step 3 rotamer file step3_out.pdb.
   Total time for step3 (energy calculation) is 13891 seconds.

   Output files (epsilon = 8.00):
      energies.opp    : energy lookup table, use opp to decode the file
      head3.lst       : conformer summary

Step 3 Done.

Step 4. Monte Carlo Sampling
   Load conformer list from file "head3.lst" ...
   Scaling factors:
   VDW0  = 0.100:
   VDW1  = 0.100:
   VDW   = 0.100:
   TORS  = 0.100:
   ELE   = 1.000:
   DSOLV = 1.000:
   Done

   Load pairwise interactions ...
   Done

   Verify self consistancy of conformer flag ...
   PRO01A0011_001 f 0.00 -> t 1.00 (single conformer treated as fixed)
   LEU01A0013_001 f 0.00 -> t 1.00 (single conformer treated as fixed)
   LEU01A0014_001 f 0.00 -> t 1.00 (single conformer treated as fixed)
   ASN01A0018_001 f 0.00 -> t 1.00 (single conformer treated as fixed)
   PHE01A0022_001 f 0.00 -> t 1.00 (single conformer treated as fixed)
   LEU01A0023_001 f 0.00 -> t 1.00 (single conformer treated as fixed)
   ILE01A0025_001 f 0.00 -> t 1.00 (single conformer treated as fixed)
   LEU01A0026_001 f 0.00 -> t 1.00 (single conformer treated as fixed)
   PRO01A0027_001 f 0.00 -> t 1.00 (single conformer treated as fixed)
   VAL01A0031_001 f 0.00 -> t 1.00 (single conformer treated as fixed)
   GLN01A0040_001 f 0.00 -> t 1.00 (single conformer treated as fixed)
   ILE01A0042_001 f 0.00 -> t 1.00 (single conformer treated as fixed)
   GLN01A0043_001 f 0.00 -> t 1.00 (single conformer treated as fixed)
   LEU01A0044_001 f 0.00 -> t 1.00 (single conformer treated as fixed)
   GLN01A0045_001 f 0.00 -> t 1.00 (single conformer treated as fixed)
   LEU01A0046_001 f 0.00 -> t 1.00 (single conformer treated as fixed)
   ALA01A0048_001 f 0.00 -> t 1.00 (single conformer treated as fixed)
   VAL01A0051_001 f 0.00 -> t 1.00 (single conformer treated as fixed)
   VAL01A0054_001 f 0.00 -> t 1.00 (single conformer treated as fixed)
   ILE01A0056_001 f 0.00 -> t 1.00 (single conformer treated as fixed)
   GLN01A0063_001 f 0.00 -> t 1.00 (single conformer treated as fixed)
   LEU01A0065_001 f 0.00 -> t 1.00 (single conformer treated as fixed)
   ALA01A0066_001 f 0.00 -> t 1.00 (single conformer treated as fixed)
   MET01A0067_001 f 0.00 -> t 1.00 (single conformer treated as fixed)
   LEU01A0072_001 f 0.00 -> t 1.00 (single conformer treated as fixed)
   LEU01A0073_001 f 0.00 -> t 1.00 (single conformer treated as fixed)
   GLN01A0077_001 f 0.00 -> t 1.00 (single conformer treated as fixed)
   PRO01A0079_001 f 0.00 -> t 1.00 (single conformer treated as fixed)
   ASN01A0080_001 f 0.00 -> t 1.00 (single conformer treated as fixed)
   LEU01A0084_001 f 0.00 -> t 1.00 (single conformer treated as fixed)
   PHE01A0085_001 f 0.00 -> t 1.00 (single conformer treated as fixed)
   LEU01A0086_001 f 0.00 -> t 1.00 (single conformer treated as fixed)
   LEU01A0089_001 f 0.00 -> t 1.00 (single conformer treated as fixed)
   ASN01A0092_001 f 0.00 -> t 1.00 (single conformer treated as fixed)
   ILE01A0098_001 f 0.00 -> t 1.00 (single conformer treated as fixed)
   ALA01A0103_001 f 0.00 -> t 1.00 (single conformer treated as fixed)
   TRP01A0107_001 f 0.00 -> t 1.00 (single conformer treated as fixed)
   PHE01A0108_001 f 0.00 -> t 1.00 (single conformer treated as fixed)
   VAL01A0109_001 f 0.00 -> t 1.00 (single conformer treated as fixed)
   LEU01A0111_001 f 0.00 -> t 1.00 (single conformer treated as fixed)
   ASN01A0114_001 f 0.00 -> t 1.00 (single conformer treated as fixed)
   PRO01A0121_001 f 0.00 -> t 1.00 (single conformer treated as fixed)
   GLN01A0127_001 f 0.00 -> t 1.00 (single conformer treated as fixed)
   ALA01A0129_001 f 0.00 -> t 1.00 (single conformer treated as fixed)
   ILE01A0130_001 f 0.00 -> t 1.00 (single conformer treated as fixed)
   LEU01A0131_001 f 0.00 -> t 1.00 (single conformer treated as fixed)
   PHE01A0132_001 f 0.00 -> t 1.00 (single conformer treated as fixed)
   LEU01A0133_001 f 0.00 -> t 1.00 (single conformer treated as fixed)
   PRO01A0134_001 f 0.00 -> t 1.00 (single conformer treated as fixed)
   LEU01A0135_001 f 0.00 -> t 1.00 (single conformer treated as fixed)
   PRO01A0136_001 f 0.00 -> t 1.00 (single conformer treated as fixed)
   VAL01A0137_001 f 0.00 -> t 1.00 (single conformer treated as fixed)
   PRO01B0011_001 f 0.00 -> t 1.00 (single conformer treated as fixed)
   LEU01B0013_001 f 0.00 -> t 1.00 (single conformer treated as fixed)
   LEU01B0014_001 f 0.00 -> t 1.00 (single conformer treated as fixed)
   ASN01B0018_001 f 0.00 -> t 1.00 (single conformer treated as fixed)
   PHE01B0022_001 f 0.00 -> t 1.00 (single conformer treated as fixed)
   LEU01B0023_001 f 0.00 -> t 1.00 (single conformer treated as fixed)
   ILE01B0025_001 f 0.00 -> t 1.00 (single conformer treated as fixed)
   LEU01B0026_001 f 0.00 -> t 1.00 (single conformer treated as fixed)
   PRO01B0027_001 f 0.00 -> t 1.00 (single conformer treated as fixed)
   VAL01B0031_001 f 0.00 -> t 1.00 (single conformer treated as fixed)
   GLN01B0040_001 f 0.00 -> t 1.00 (single conformer treated as fixed)
   GLN01B0043_001 f 0.00 -> t 1.00 (single conformer treated as fixed)
   LEU01B0044_001 f 0.00 -> t 1.00 (single conformer treated as fixed)
   GLN01B0045_001 f 0.00 -> t 1.00 (single conformer treated as fixed)
   LEU01B0046_001 f 0.00 -> t 1.00 (single conformer treated as fixed)
   ALA01B0048_001 f 0.00 -> t 1.00 (single conformer treated as fixed)
   VAL01B0051_001 f 0.00 -> t 1.00 (single conformer treated as fixed)
   VAL01B0054_001 f 0.00 -> t 1.00 (single conformer treated as fixed)
   ILE01B0056_001 f 0.00 -> t 1.00 (single conformer treated as fixed)
   GLN01B0063_001 f 0.00 -> t 1.00 (single conformer treated as fixed)
   LEU01B0065_001 f 0.00 -> t 1.00 (single conformer treated as fixed)
   ALA01B0066_001 f 0.00 -> t 1.00 (single conformer treated as fixed)
   MET01B0067_001 f 0.00 -> t 1.00 (single conformer treated as fixed)
   LEU01B0072_001 f 0.00 -> t 1.00 (single conformer treated as fixed)
   LEU01B0073_001 f 0.00 -> t 1.00 (single conformer treated as fixed)
   GLN01B0077_001 f 0.00 -> t 1.00 (single conformer treated as fixed)
   PRO01B0079_001 f 0.00 -> t 1.00 (single conformer treated as fixed)
   LEU01B0084_001 f 0.00 -> t 1.00 (single conformer treated as fixed)
   PHE01B0085_001 f 0.00 -> t 1.00 (single conformer treated as fixed)
   LEU01B0086_001 f 0.00 -> t 1.00 (single conformer treated as fixed)
   LEU01B0089_001 f 0.00 -> t 1.00 (single conformer treated as fixed)
   ASN01B0092_001 f 0.00 -> t 1.00 (single conformer treated as fixed)
   ASN01B0095_001 f 0.00 -> t 1.00 (single conformer treated as fixed)
   ILE01B0098_001 f 0.00 -> t 1.00 (single conformer treated as fixed)
   ALA01B0103_001 f 0.00 -> t 1.00 (single conformer treated as fixed)
   TRP01B0107_001 f 0.00 -> t 1.00 (single conformer treated as fixed)
   PHE01B0108_001 f 0.00 -> t 1.00 (single conformer treated as fixed)
   VAL01B0109_001 f 0.00 -> t 1.00 (single conformer treated as fixed)
   LEU01B0111_001 f 0.00 -> t 1.00 (single conformer treated as fixed)
   ASN01B0114_001 f 0.00 -> t 1.00 (single conformer treated as fixed)
   PRO01B0121_001 f 0.00 -> t 1.00 (single conformer treated as fixed)
   GLN01B0127_001 f 0.00 -> t 1.00 (single conformer treated as fixed)
   ALA01B0129_001 f 0.00 -> t 1.00 (single conformer treated as fixed)
   ILE01B0130_001 f 0.00 -> t 1.00 (single conformer treated as fixed)
   LEU01B0131_001 f 0.00 -> t 1.00 (single conformer treated as fixed)
   PHE01B0132_001 f 0.00 -> t 1.00 (single conformer treated as fixed)
   LEU01B0133_001 f 0.00 -> t 1.00 (single conformer treated as fixed)
   PRO01B0134_001 f 0.00 -> t 1.00 (single conformer treated as fixed)
   LEU01B0135_001 f 0.00 -> t 1.00 (single conformer treated as fixed)
   PRO01B0136_001 f 0.00 -> t 1.00 (single conformer treated as fixed)
   VAL01B0137_001 f 0.00 -> t 1.00 (single conformer treated as fixed)
   ASN01C0147_001 f 0.00 -> t 1.00 (single conformer treated as fixed)
   MET01C0149_001 f 0.00 -> t 1.00 (single conformer treated as fixed)
   PRO01C0150_001 f 0.00 -> t 1.00 (single conformer treated as fixed)
   VAL01C0151_001 f 0.00 -> t 1.00 (single conformer treated as fixed)
   ALA01C0152_001 f 0.00 -> t 1.00 (single conformer treated as fixed)
   PRO01C0153_001 f 0.00 -> t 1.00 (single conformer treated as fixed)
   TRP01C0155_001 f 0.00 -> t 1.00 (single conformer treated as fixed)
   PRO01C0158_001 f 0.00 -> t 1.00 (single conformer treated as fixed)
   MET01C0161_001 f 0.00 -> t 1.00 (single conformer treated as fixed)
   LEU01C0165_001 f 0.00 -> t 1.00 (single conformer treated as fixed)
   ALA01C0167_001 f 0.00 -> t 1.00 (single conformer treated as fixed)
   VAL01C0168_001 f 0.00 -> t 1.00 (single conformer treated as fixed)
   PRO01C0169_001 f 0.00 -> t 1.00 (single conformer treated as fixed)
   ALA01C0170_001 f 0.00 -> t 1.00 (single conformer treated as fixed)
   ALA01C0171_001 f 0.00 -> t 1.00 (single conformer treated as fixed)
   VAL01C0174_001 f 0.00 -> t 1.00 (single conformer treated as fixed)
   PHE01C0176_001 f 0.00 -> t 1.00 (single conformer treated as fixed)
   CYD01C0178_001 f 0.00 -> t 1.00 (single conformer treated as fixed)
   PRO01C0179_001 f 0.00 -> t 1.00 (single conformer treated as fixed)
   PRO01C0184_001 f 0.00 -> t 1.00 (single conformer treated as fixed)
   ASN01C0185_001 f 0.00 -> t 1.00 (single conformer treated as fixed)
   PRO01C0186_001 f 0.00 -> t 1.00 (single conformer treated as fixed)
   LEU01C0188_001 f 0.00 -> t 1.00 (single conformer treated as fixed)
   TRP01C0190_001 f 0.00 -> t 1.00 (single conformer treated as fixed)
   LEU01C0191_001 f 0.00 -> t 1.00 (single conformer treated as fixed)
   ASN01C0193_001 f 0.00 -> t 1.00 (single conformer treated as fixed)
   PHE01C0197_001 f 0.00 -> t 1.00 (single conformer treated as fixed)
   PRO01C0199_001 f 0.00 -> t 1.00 (single conformer treated as fixed)
   ILE01C0203_001 f 0.00 -> t 1.00 (single conformer treated as fixed)
   VAL01C0208_001 f 0.00 -> t 1.00 (single conformer treated as fixed)
   ALA01C0211_001 f 0.00 -> t 1.00 (single conformer treated as fixed)
   TRP01C0213_001 f 0.00 -> t 1.00 (single conformer treated as fixed)
   ILE01C0215_001 f 0.00 -> t 1.00 (single conformer treated as fixed)
   ILE01C0216_001 f 0.00 -> t 1.00 (single conformer treated as fixed)
   MET01C0217_001 f 0.00 -> t 1.00 (single conformer treated as fixed)
   VAL01C0220_001 f 0.00 -> t 1.00 (single conformer treated as fixed)
   VAL01C0221_001 f 0.00 -> t 1.00 (single conformer treated as fixed)
   PRO01C0222_001 f 0.00 -> t 1.00 (single conformer treated as fixed)
   ASN01C0227_001 f 0.00 -> t 1.00 (single conformer treated as fixed)
   CYD01C0230_001 f 0.00 -> t 1.00 (single conformer treated as fixed)
   ILE01C0231_001 f 0.00 -> t 1.00 (single conformer treated as fixed)
   VAL01C0232_001 f 0.00 -> t 1.00 (single conformer treated as fixed)
   ASN01C0234_001 f 0.00 -> t 1.00 (single conformer treated as fixed)
   ILE01C0239_001 f 0.00 -> t 1.00 (single conformer treated as fixed)
   ASN01C0240_001 f 0.00 -> t 1.00 (single conformer treated as fixed)
   GLN01C0244_001 f 0.00 -> t 1.00 (single conformer treated as fixed)
   LEU01C0245_001 f 0.00 -> t 1.00 (single conformer treated as fixed)
   VAL01C0247_001 f 0.00 -> t 1.00 (single conformer treated as fixed)
   VAL01C0248_001 f 0.00 -> t 1.00 (single conformer treated as fixed)
   PRO01C0252_001 f 0.00 -> t 1.00 (single conformer treated as fixed)
   PRO01C0255_001 f 0.00 -> t 1.00 (single conformer treated as fixed)
   ILE01C0256_001 f 0.00 -> t 1.00 (single conformer treated as fixed)
   LEU01C0257_001 f 0.00 -> t 1.00 (single conformer treated as fixed)
   GLN01C0258_001 f 0.00 -> t 1.00 (single conformer treated as fixed)
   ALA01C0259_001 f 0.00 -> t 1.00 (single conformer treated as fixed)
   LEU01C0261_001 f 0.00 -> t 1.00 (single conformer treated as fixed)
   PRO01C0262_001 f 0.00 -> t 1.00 (single conformer treated as fixed)
   ALA01C0263_001 f 0.00 -> t 1.00 (single conformer treated as fixed)
   ASN01C0264_001 f 0.00 -> t 1.00 (single conformer treated as fixed)
   VAL01C0267_001 f 0.00 -> t 1.00 (single conformer treated as fixed)
   ALA01C0268_001 f 0.00 -> t 1.00 (single conformer treated as fixed)
   LEU01C0269_001 f 0.00 -> t 1.00 (single conformer treated as fixed)
   ASN01C0272_001 f 0.00 -> t 1.00 (single conformer treated as fixed)
   VAL01C0273_001 f 0.00 -> t 1.00 (single conformer treated as fixed)
   PHE01C0275_001 f 0.00 -> t 1.00 (single conformer treated as fixed)
   CYD01C0277_001 f 0.00 -> t 1.00 (single conformer treated as fixed)
   VAL01C0279_001 f 0.00 -> t 1.00 (single conformer treated as fixed)
   PRO01C0283_001 f 0.00 -> t 1.00 (single conformer treated as fixed)
   PRO01C0285_001 f 0.00 -> t 1.00 (single conformer treated as fixed)
   ILE01C0287_001 f 0.00 -> t 1.00 (single conformer treated as fixed)
   TRP01C0289_001 f 0.00 -> t 1.00 (single conformer treated as fixed)
   LEU01C0290_001 f 0.00 -> t 1.00 (single conformer treated as fixed)
   ILE01C0293_001 f 0.00 -> t 1.00 (single conformer treated as fixed)
   ASN01C0304_001 f 0.00 -> t 1.00 (single conformer treated as fixed)
   LEU01C0305_001 f 0.00 -> t 1.00 (single conformer treated as fixed)
   PRO01C0306_001 f 0.00 -> t 1.00 (single conformer treated as fixed)
   VAL01C0308_001 f 0.00 -> t 1.00 (single conformer treated as fixed)
   GLN01C0309_001 f 0.00 -> t 1.00 (single conformer treated as fixed)
   ILE01C0310_001 f 0.00 -> t 1.00 (single conformer treated as fixed)
   LEU01C0311_001 f 0.00 -> t 1.00 (single conformer treated as fixed)
   LEU01C0326_001 f 0.00 -> t 1.00 (single conformer treated as fixed)
   LEU01C0328_001 f 0.00 -> t 1.00 (single conformer treated as fixed)
   ASN01C0330_001 f 0.00 -> t 1.00 (single conformer treated as fixed)
   VAL01C0331_001 f 0.00 -> t 1.00 (single conformer treated as fixed)
   PHE01C0333_001 f 0.00 -> t 1.00 (single conformer treated as fixed)
   ALA01C0336_001 f 0.00 -> t 1.00 (single conformer treated as fixed)
   CYD01C0341_001 f 0.00 -> t 1.00 (single conformer treated as fixed)
   LEU01C0342_001 f 0.00 -> t 1.00 (single conformer treated as fixed)
   ALA01C0343_001 f 0.00 -> t 1.00 (single conformer treated as fixed)
   ASN01C0345_001 f 0.00 -> t 1.00 (single conformer treated as fixed)
   ILE01C0347_001 f 0.00 -> t 1.00 (single conformer treated as fixed)
   LEU01C0349_001 f 0.00 -> t 1.00 (single conformer treated as fixed)
   ALA01C0354_001 f 0.00 -> t 1.00 (single conformer treated as fixed)
   TRP01C0355_001 f 0.00 -> t 1.00 (single conformer treated as fixed)
   LEU01C0356_001 f 0.00 -> t 1.00 (single conformer treated as fixed)
   VAL01C0358_001 f 0.00 -> t 1.00 (single conformer treated as fixed)
   LEU01C0359_001 f 0.00 -> t 1.00 (single conformer treated as fixed)
   ASN01D0147_001 f 0.00 -> t 1.00 (single conformer treated as fixed)
   MET01D0149_001 f 0.00 -> t 1.00 (single conformer treated as fixed)
   PRO01D0150_001 f 0.00 -> t 1.00 (single conformer treated as fixed)
   VAL01D0151_001 f 0.00 -> t 1.00 (single conformer treated as fixed)
   ALA01D0152_001 f 0.00 -> t 1.00 (single conformer treated as fixed)
   PRO01D0153_001 f 0.00 -> t 1.00 (single conformer treated as fixed)
   TRP01D0155_001 f 0.00 -> t 1.00 (single conformer treated as fixed)
   PRO01D0158_001 f 0.00 -> t 1.00 (single conformer treated as fixed)
   MET01D0161_001 f 0.00 -> t 1.00 (single conformer treated as fixed)
   LEU01D0165_001 f 0.00 -> t 1.00 (single conformer treated as fixed)
   ALA01D0167_001 f 0.00 -> t 1.00 (single conformer treated as fixed)
   VAL01D0168_001 f 0.00 -> t 1.00 (single conformer treated as fixed)
   PRO01D0169_001 f 0.00 -> t 1.00 (single conformer treated as fixed)
   ALA01D0170_001 f 0.00 -> t 1.00 (single conformer treated as fixed)
   ALA01D0171_001 f 0.00 -> t 1.00 (single conformer treated as fixed)
   VAL01D0174_001 f 0.00 -> t 1.00 (single conformer treated as fixed)
   PHE01D0176_001 f 0.00 -> t 1.00 (single conformer treated as fixed)
   CYD01D0178_001 f 0.00 -> t 1.00 (single conformer treated as fixed)
   PRO01D0179_001 f 0.00 -> t 1.00 (single conformer treated as fixed)
   PRO01D0184_001 f 0.00 -> t 1.00 (single conformer treated as fixed)
   ASN01D0185_001 f 0.00 -> t 1.00 (single conformer treated as fixed)
   PRO01D0186_001 f 0.00 -> t 1.00 (single conformer treated as fixed)
   LEU01D0188_001 f 0.00 -> t 1.00 (single conformer treated as fixed)
   TRP01D0190_001 f 0.00 -> t 1.00 (single conformer treated as fixed)
   LEU01D0191_001 f 0.00 -> t 1.00 (single conformer treated as fixed)
   ASN01D0193_001 f 0.00 -> t 1.00 (single conformer treated as fixed)
   PHE01D0197_001 f 0.00 -> t 1.00 (single conformer treated as fixed)
   PRO01D0199_001 f 0.00 -> t 1.00 (single conformer treated as fixed)
   ILE01D0203_001 f 0.00 -> t 1.00 (single conformer treated as fixed)
   VAL01D0208_001 f 0.00 -> t 1.00 (single conformer treated as fixed)
   ALA01D0211_001 f 0.00 -> t 1.00 (single conformer treated as fixed)
   TRP01D0213_001 f 0.00 -> t 1.00 (single conformer treated as fixed)
   ILE01D0215_001 f 0.00 -> t 1.00 (single conformer treated as fixed)
   ILE01D0216_001 f 0.00 -> t 1.00 (single conformer treated as fixed)
   MET01D0217_001 f 0.00 -> t 1.00 (single conformer treated as fixed)
   VAL01D0220_001 f 0.00 -> t 1.00 (single conformer treated as fixed)
   VAL01D0221_001 f 0.00 -> t 1.00 (single conformer treated as fixed)
   PRO01D0222_001 f 0.00 -> t 1.00 (single conformer treated as fixed)
   ASN01D0227_001 f 0.00 -> t 1.00 (single conformer treated as fixed)
   CYD01D0230_001 f 0.00 -> t 1.00 (single conformer treated as fixed)
   ILE01D0231_001 f 0.00 -> t 1.00 (single conformer treated as fixed)
   VAL01D0232_001 f 0.00 -> t 1.00 (single conformer treated as fixed)
   ASN01D0234_001 f 0.00 -> t 1.00 (single conformer treated as fixed)
   ILE01D0239_001 f 0.00 -> t 1.00 (single conformer treated as fixed)
   ASN01D0240_001 f 0.00 -> t 1.00 (single conformer treated as fixed)
   GLN01D0244_001 f 0.00 -> t 1.00 (single conformer treated as fixed)
   LEU01D0245_001 f 0.00 -> t 1.00 (single conformer treated as fixed)
   VAL01D0247_001 f 0.00 -> t 1.00 (single conformer treated as fixed)
   VAL01D0248_001 f 0.00 -> t 1.00 (single conformer treated as fixed)
   PRO01D0252_001 f 0.00 -> t 1.00 (single conformer treated as fixed)
   PRO01D0255_001 f 0.00 -> t 1.00 (single conformer treated as fixed)
   ILE01D0256_001 f 0.00 -> t 1.00 (single conformer treated as fixed)
   LEU01D0257_001 f 0.00 -> t 1.00 (single conformer treated as fixed)
   GLN01D0258_001 f 0.00 -> t 1.00 (single conformer treated as fixed)
   ALA01D0259_001 f 0.00 -> t 1.00 (single conformer treated as fixed)
   LEU01D0261_001 f 0.00 -> t 1.00 (single conformer treated as fixed)
   PRO01D0262_001 f 0.00 -> t 1.00 (single conformer treated as fixed)
   ALA01D0263_001 f 0.00 -> t 1.00 (single conformer treated as fixed)
   ASN01D0264_001 f 0.00 -> t 1.00 (single conformer treated as fixed)
   VAL01D0267_001 f 0.00 -> t 1.00 (single conformer treated as fixed)
   ALA01D0268_001 f 0.00 -> t 1.00 (single conformer treated as fixed)
   LEU01D0269_001 f 0.00 -> t 1.00 (single conformer treated as fixed)
   ASN01D0272_001 f 0.00 -> t 1.00 (single conformer treated as fixed)
   VAL01D0273_001 f 0.00 -> t 1.00 (single conformer treated as fixed)
   PHE01D0275_001 f 0.00 -> t 1.00 (single conformer treated as fixed)
   MET01D0276_001 f 0.00 -> t 1.00 (single conformer treated as fixed)
   CYD01D0277_001 f 0.00 -> t 1.00 (single conformer treated as fixed)
   VAL01D0279_001 f 0.00 -> t 1.00 (single conformer treated as fixed)
   PRO01D0283_001 f 0.00 -> t 1.00 (single conformer treated as fixed)
   PRO01D0285_001 f 0.00 -> t 1.00 (single conformer treated as fixed)
   ILE01D0287_001 f 0.00 -> t 1.00 (single conformer treated as fixed)
   TRP01D0289_001 f 0.00 -> t 1.00 (single conformer treated as fixed)
   LEU01D0290_001 f 0.00 -> t 1.00 (single conformer treated as fixed)
   ILE01D0293_001 f 0.00 -> t 1.00 (single conformer treated as fixed)
   PRO01D0306_001 f 0.00 -> t 1.00 (single conformer treated as fixed)
   VAL01D0308_001 f 0.00 -> t 1.00 (single conformer treated as fixed)
   GLN01D0309_001 f 0.00 -> t 1.00 (single conformer treated as fixed)
   ILE01D0310_001 f 0.00 -> t 1.00 (single conformer treated as fixed)
   LEU01D0311_001 f 0.00 -> t 1.00 (single conformer treated as fixed)
   ALA01D0314_001 f 0.00 -> t 1.00 (single conformer treated as fixed)
   LEU01D0326_001 f 0.00 -> t 1.00 (single conformer treated as fixed)
   LEU01D0328_001 f 0.00 -> t 1.00 (single conformer treated as fixed)
   ASN01D0330_001 f 0.00 -> t 1.00 (single conformer treated as fixed)
   VAL01D0331_001 f 0.00 -> t 1.00 (single conformer treated as fixed)
   PHE01D0333_001 f 0.00 -> t 1.00 (single conformer treated as fixed)
   ALA01D0336_001 f 0.00 -> t 1.00 (single conformer treated as fixed)
   CYD01D0341_001 f 0.00 -> t 1.00 (single conformer treated as fixed)
   LEU01D0342_001 f 0.00 -> t 1.00 (single conformer treated as fixed)
   ALA01D0343_001 f 0.00 -> t 1.00 (single conformer treated as fixed)
   ASN01D0345_001 f 0.00 -> t 1.00 (single conformer treated as fixed)
   ILE01D0347_001 f 0.00 -> t 1.00 (single conformer treated as fixed)
   LEU01D0349_001 f 0.00 -> t 1.00 (single conformer treated as fixed)
   ALA01D0354_001 f 0.00 -> t 1.00 (single conformer treated as fixed)
   TRP01D0355_001 f 0.00 -> t 1.00 (single conformer treated as fixed)
   LEU01D0356_001 f 0.00 -> t 1.00 (single conformer treated as fixed)
   VAL01D0358_001 f 0.00 -> t 1.00 (single conformer treated as fixed)
   LEU01D0359_001 f 0.00 -> t 1.00 (single conformer treated as fixed)
   Conformer flags updated due to self consistancy.

   Do titration at 15 points...
   Detailed progress is in file "mc_out"
   Monte Carlo set up time: 0 seconds.
   Titration  1:    26 seconds, biggest stdev of conformer occ = 0.029
   Titration  2:    28 seconds, biggest stdev of conformer occ = 0.025
   Titration  3:    30 seconds, biggest stdev of conformer occ = 0.039
   Titration  4:    30 seconds, biggest stdev of conformer occ = 0.024
   Titration  5:    32 seconds, biggest stdev of conformer occ = 0.066
   Titration  6:    25 seconds, biggest stdev of conformer occ = 0.023
   Titration  7:    16 seconds, biggest stdev of conformer occ = 0.039
   Titration  8:    14 seconds, biggest stdev of conformer occ = 0.025
   Titration  9:    19 seconds, biggest stdev of conformer occ = 0.029
   Titration 10:    20 seconds, biggest stdev of conformer occ = 0.029
   Titration 11:    25 seconds, biggest stdev of conformer occ = 0.032
   Titration 12:    23 seconds, biggest stdev of conformer occ = 0.034
   Titration 13:    25 seconds, biggest stdev of conformer occ = 0.025
   Titration 14:    26 seconds, biggest stdev of conformer occ = 0.027
   Titration 15:    25 seconds, biggest stdev of conformer occ = 0.033
   Done

   Fit titration curves to get pKa/Em ...
   Done

   Total time on MC: 364 seconds

   Output files:
      mc_out          : MC progress and convergence.
      fort.38         : Occupancy table.
      pK.out          : pKa or Em from titration curve fitting.
      sum_crg.out     : Summary of residue charges.
Step 4 Done.

