NTR A0012_ R f 06 S f  0.0 H t 06 M 000
PHE A0012_ R f 06 S f  0.0 H t 06 M 000
PRO A0013_ R f 06 S f  0.0 H t 06 M 000
PRO A0014_ R f 06 S f  0.0 H t 06 M 000
GLY A0015_ R f 06 S f  0.0 H t 06 M 000
HIS A0016_ R f 06 S f  0.0 H t 06 M 000
PHE A0017_ R f 06 S f  0.0 H t 06 M 000
LYS A0018_ R f 06 S f  0.0 H t 06 M 000
ASP A0019_ R f 06 S f  0.0 H t 06 M 000
PRO A0020_ R f 06 S f  0.0 H t 06 M 000
LYS A0021_ R f 06 S f  0.0 H t 06 M 000
ARG A0022_ R f 06 S f  0.0 H t 06 M 000
LEU A0023_ R f 06 S f  0.0 H t 06 M 000
TYR A0024_ R f 06 S f  0.0 H t 06 M 000
CYS A0025_ R f 06 S f  0.0 H t 06 M 000
LYS A0026_ R f 06 S f  0.0 H t 06 M 000
ASN A0027_ R f 06 S f  0.0 H t 06 M 000
GLY A0028_ R f 06 S f  0.0 H t 06 M 000
GLY A0029_ R f 06 S f  0.0 H t 06 M 000
PHE A0030_ R f 06 S f  0.0 H t 06 M 000
PHE A0031_ R f 06 S f  0.0 H t 06 M 000
LEU A0032_ R f 06 S f  0.0 H t 06 M 000
ARG A0033_ R f 06 S f  0.0 H t 06 M 000
ILE A0034_ R f 06 S f  0.0 H t 06 M 000
HIS A0035_ R f 06 S f  0.0 H t 06 M 000
PRO A0036_ R f 06 S f  0.0 H t 06 M 000
ASP A0037_ R f 06 S f  0.0 H t 06 M 000
GLY A0038_ R f 06 S f  0.0 H t 06 M 000
ARG A0039_ R f 06 S f  0.0 H t 06 M 000
VAL A0040_ R f 06 S f  0.0 H t 06 M 000
ASP A0041_ R f 06 S f  0.0 H t 06 M 000
GLY A0042_ R f 06 S f  0.0 H t 06 M 000
VAL A0043_ R f 06 S f  0.0 H t 06 M 000
ARG A0044_ R f 06 S f  0.0 H t 06 M 000
GLU A0045_ R f 06 S f  0.0 H t 06 M 000
LYS A0046_ R f 06 S f  0.0 H t 06 M 000
SER A0047_ R f 06 S f  0.0 H t 06 M 000
ASP A0048_ R f 06 S f  0.0 H t 06 M 000
PRO A0049_ R f 06 S f  0.0 H t 06 M 000
HIS A0050_ R f 06 S f  0.0 H t 06 M 000
ILE A0051_ R f 06 S f  0.0 H t 06 M 000
LYS A0052_ R f 06 S f  0.0 H t 06 M 000
LEU A0053_ R f 06 S f  0.0 H t 06 M 000
GLN A0054_ R f 06 S f  0.0 H t 06 M 000
LEU A0055_ R f 06 S f  0.0 H t 06 M 000
GLN A0056_ R f 06 S f  0.0 H t 06 M 000
ALA A0057_ R f 06 S f  0.0 H t 06 M 000
GLU A0058_ R f 06 S f  0.0 H t 06 M 000
GLU A0059_ R f 06 S f  0.0 H t 06 M 000
ARG A0060_ R f 06 S f  0.0 H t 06 M 000
GLY A0061_ R f 06 S f  0.0 H t 06 M 000
VAL A0062_ R f 06 S f  0.0 H t 06 M 000
VAL A0063_ R f 06 S f  0.0 H t 06 M 000
SER A0064_ R f 06 S f  0.0 H t 06 M 000
ILE A0065_ R f 06 S f  0.0 H t 06 M 000
LYS A0066_ R f 06 S f  0.0 H t 06 M 000
GLY A0067_ R f 06 S f  0.0 H t 06 M 000
VAL A0068_ R f 06 S f  0.0 H t 06 M 000
SER A0069_ R f 06 S f  0.0 H t 06 M 000
ALA A0070_ R f 06 S f  0.0 H t 06 M 000
ASN A0071_ R f 06 S f  0.0 H t 06 M 000
ARG A0072_ R f 06 S f  0.0 H t 06 M 000
TYR A0073_ R f 06 S f  0.0 H t 06 M 000
LEU A0074_ R f 06 S f  0.0 H t 06 M 000
ALA A0075_ R f 06 S f  0.0 H t 06 M 000
MET A0076_ R f 06 S f  0.0 H t 06 M 000
LYS A0077_ R f 06 S f  0.0 H t 06 M 000
GLU A0078_ R f 06 S f  0.0 H t 06 M 000
ASP A0079_ R f 06 S f  0.0 H t 06 M 000
GLY A0080_ R f 06 S f  0.0 H t 06 M 000
ARG A0081_ R f 06 S f  0.0 H t 06 M 000
LEU A0082_ R f 06 S f  0.0 H t 06 M 000
LEU A0083_ R f 06 S f  0.0 H t 06 M 000
ALA A0084_ R f 06 S f  0.0 H t 06 M 000
SER A0085_ R f 06 S f  0.0 H t 06 M 000
LYS A0086_ R f 06 S f  0.0 H t 06 M 000
SER A0087_ R f 06 S f  0.0 H t 06 M 000
VAL A0088_ R f 06 S f  0.0 H t 06 M 000
THR A0089_ R f 06 S f  0.0 H t 06 M 000
ASP A0090_ R f 06 S f  0.0 H t 06 M 000
GLU A0091_ R f 06 S f  0.0 H t 06 M 000
CYS A0092_ R f 06 S f  0.0 H t 06 M 000
PHE A0093_ R f 06 S f  0.0 H t 06 M 000
PHE A0094_ R f 06 S f  0.0 H t 06 M 000
PHE A0095_ R f 06 S f  0.0 H t 06 M 000
GLU A0096_ R f 06 S f  0.0 H t 06 M 000
ARG A0097_ R f 06 S f  0.0 H t 06 M 000
LEU A0098_ R f 06 S f  0.0 H t 06 M 000
GLU A0099_ R f 06 S f  0.0 H t 06 M 000
SER A0100_ R f 06 S f  0.0 H t 06 M 000
ASN A0101_ R f 06 S f  0.0 H t 06 M 000
ASN A0102_ R f 06 S f  0.0 H t 06 M 000
TYR A0103_ R f 06 S f  0.0 H t 06 M 000
ASN A0104_ R f 06 S f  0.0 H t 06 M 000
THR A0105_ R f 06 S f  0.0 H t 06 M 000
TYR A0106_ R f 06 S f  0.0 H t 06 M 000
ARG A0107_ R f 06 S f  0.0 H t 06 M 000
SER A0108_ R f 06 S f  0.0 H t 06 M 000
ARG A0109_ R f 06 S f  0.0 H t 06 M 000
LYS A0110_ R f 06 S f  0.0 H t 06 M 000
TYR A0111_ R f 06 S f  0.0 H t 06 M 000
THR A0112_ R f 06 S f  0.0 H t 06 M 000
SER A0113_ R f 06 S f  0.0 H t 06 M 000
TRP A0114_ R f 06 S f  0.0 H t 06 M 000
TYR A0115_ R f 06 S f  0.0 H t 06 M 000
VAL A0116_ R f 06 S f  0.0 H t 06 M 000
ALA A0117_ R f 06 S f  0.0 H t 06 M 000
LEU A0118_ R f 06 S f  0.0 H t 06 M 000
LYS A0119_ R f 06 S f  0.0 H t 06 M 000
ARG A0120_ R f 06 S f  0.0 H t 06 M 000
THR A0121_ R f 06 S f  0.0 H t 06 M 000
GLY A0122_ R f 06 S f  0.0 H t 06 M 000
GLN A0123_ R f 06 S f  0.0 H t 06 M 000
TYR A0124_ R f 06 S f  0.0 H t 06 M 000
LYS A0125_ R f 06 S f  0.0 H t 06 M 000
LEU A0126_ R f 06 S f  0.0 H t 06 M 000
GLY A0127_ R f 06 S f  0.0 H t 06 M 000
SER A0128_ R f 06 S f  0.0 H t 06 M 000
LYS A0129_ R f 06 S f  0.0 H t 06 M 000
THR A0130_ R f 06 S f  0.0 H t 06 M 000
GLY A0131_ R f 06 S f  0.0 H t 06 M 000
PRO A0132_ R f 06 S f  0.0 H t 06 M 000
GLY A0133_ R f 06 S f  0.0 H t 06 M 000
GLN A0134_ R f 06 S f  0.0 H t 06 M 000
LYS A0135_ R f 06 S f  0.0 H t 06 M 000
ALA A0136_ R f 06 S f  0.0 H t 06 M 000
ILE A0137_ R f 06 S f  0.0 H t 06 M 000
LEU A0138_ R f 06 S f  0.0 H t 06 M 000
PHE A0139_ R f 06 S f  0.0 H t 06 M 000
LEU A0140_ R f 06 S f  0.0 H t 06 M 000
PRO A0141_ R f 06 S f  0.0 H t 06 M 000
MET A0142_ R f 06 S f  0.0 H t 06 M 000
SER A0143_ R f 06 S f  0.0 H t 06 M 000
CTR A0143_ R f 06 S f  0.0 H t 06 M 000
IDY B0001_ R f 06 S f  0.0 H t 06 M 000
GNX B0002_ R f 06 S f  0.0 H t 06 M 000
