===========================================================
<<< MCCE Multi-Conformation Continuum Electrostatics >>>   
-----------------------------------------------------------
Version:        2.7                                        
Home Page:      http://pka.engr.ccny.cuny.edu/~mcce        
Support:        jmao@ccny.cuny.edu                         
Developed by:   Junjun Mao, Yifan Song, Marilyn Gunner     
===========================================================
Last Updates:                                              
   03/23/2011  Two coding enhancement added to MCCE2.3     
               In memory parameter loading                 
               energy lookup table in text, non-0 only     
===========================================================
Step 0. Loading parameters
   Load run control file "run.prm"...
   Done

   Tentatively load local param file "new.tpl"...   No such file, ignore.
   Done

   Load parameters from directory "/home/sabsr3/mcce/param08" ... 
   Done

   Load linear free energy correction parameters from "/home/sabsr3/mcce/extra.tpl".../home/sabsr3/mcce/extra.tpl
   File loaded.
   Done

Step 0 Done.

Step 1. Test and format structral file
   Read pdb file "prot.pdb"...
   Done

   Read name rule file "/home/sabsr3/mcce/name.txt"...
   Done

   Rename residue and atom names...
   Done

   Identify NTR and CTR...
      Labeling "PHE A  12" as NTR
      Labeling "SER A 143" as CTR
   Done

   Label backbone, sidechain and altLoc conformers...
   Error! premcce_confname(): Can't get conformer list of this residue IDY
   Creating temporary parameter file for unrecognized residue...
   Trying labeling again...
   Error! premcce_confname(): Can't get conformer list of this residue GNX
   Creating temporary parameter file for unrecognized residue...

   In file new.tpl, parameter "CONFLIST IDY        IDYBK" is already loaded somewhere else.
   Try delete this entry and run MCCE again
   Trying labeling again...
   Done

   Load pdb lines into data structure...
   Done

   Strip water molecules with SAS >   5%...
   Warning! assign_rad(): missing parameter(s), default value is used and saved in debug.log.
        0 water/salt molecules were stripped off in this round
   Total deleted HOH = 0.
   Done

   Check missing heavy atoms and complete altLoc conformers...
   Missing heavy atom  N   of conf PHEBK in "PHE A  12".
   Missing heavy atom  CA  of conf PHEBK in "PHE A  12".
   Missing heavy atom  C   of conf SERBK in "SER A 143".
   Missing heavy atom  O   of conf SERBK in "SER A 143".
   Missing heavy atom  OXT of conf CTR01 in "CTR A 143".
   Missing heavy atoms detected.
   Ignore warning messages if they are in the terminal residues
   Done

   Find distance clash (<2.000)...
   d= 1.54: " CA  NTR A  12" to " CB  PHE A  12"
   d= 1.43: " O4  IDY B   1" to " C1  GNX B   2"
   Done

   Make connectivity network ...
   Done.

    Warning! May add heavy atom  OXT onto residue "CTR A0143"
   Total time for step1 (premcce) is 0 seconds.

   Output files:
      step1_out.pdb         will be the input of step 2.
      head1.lst             rotamer making control file for step 2
      acc.atm               atom solvent accessible surface
      acc.res               residue solvent accessible surface
      head1.lst             rotamer making instruction, used in step2

Step 1 Done.

Step 2. Make multi side chain conformers
   Load step 1 output file step1_out.pdb...
   Done

   Rotamer statistics is dynamically updated in file "rot_stat"

   Remove redundant heavy atom conformers in step1_out.pdb
   0 conformers were deleted.
   Done


   Relax crystal water..
   Done

   Prepare for rotamer making ...
   Deleting H atoms...1064 H atoms were deleted.
   Assigning radii.
   Estimating Solvent Accessible Surface (SAS).
   Done.

   Swap atoms...
   Done



   Delete duplicate conformers ... 0 conformers deleted.
   Done

   Prune rotamers by self VDW potential...
   Creating connectivity table...
   Computing self VDW potential. It may take a while...
   Warning! assign_crg(): missing parameter(s), default value is used and saved in debug.log.
   Pruning rotamers...0 rotamers deleted.
   Done


   Tuning exposed rotamers...
   Done


   Repack side chains 5000 times, remove inaccessible conformers...
   Computing pairwise LJ potential. This may take a while.
      Estimated time on AMD 1.6GHz is 0 seconds.
      Actual time is 0
   Repacking in progress, see progress.log for details...
   Done


   Skip writing heavy atome rotamer pdb file hvrot.pdb
   Making ionization conformers...
   Done


   Add H atoms...
   Done


   Relaxation...
   Start setting up for relaxation.
   Warning! assign_crg(): missing parameter(s), default value is used and saved in debug.log.
   Setup for relaxation done.
   Start relaxation.
   Done

   Optimizing hydroxyl and water...
   Total number of atoms 5202
   Done


   Sorting conformers...
   Done

   Skip writing full rotamer file step2_out.full.
   Delete duplicate conformers ...
      4 conformers deleted in this cycle
   Done



   Write output...
   Done

   Total time for step2 (rotamer making) is 85 seconds.

   Output files:
      step2_out.pdb   : mcce pdb file, the input of step 3
      head2.lst       : conformer summary
      step2_out.full  : rotamers without pairwise pruning.
      hvrot.pdb       : heavy atom rotamers, can be used recursively by step 2

Step 2 Done.

Step 3. Compute energy lookup table
   Load step 2 output file step2_out.pdb...
   Done

   Reporting non integer conformer charge ...
   Passed, no non-integer charges
   Done

   Creating connectivity table...
   Done

   Preparing DelPhi runs at epsilon 8.00 ...
      3 focusing runs required for this protein.
   Done

   Computing pairwise from conformer 1 to 521 of 521 total conformers
      see progress.log for progress...
   Done

   Computing RXN from conformer 1 to 521 of 521 total conformers
      see progress.log for progress...
   Done

   Add dummy conformers ... 0 dummy conformers were added.
   Done

   Making pairwise energy matrices and conformer summary ... 
   Done

   Skiping writing step 3 rotamer file step3_out.pdb.
   Total time for step3 (energy calculation) is 844 seconds.

   Output files (epsilon = 8.00):
      energies.opp    : energy lookup table, use opp to decode the file
      head3.lst       : conformer summary

Step 3 Done.

Step 4. Monte Carlo Sampling
   Load conformer list from file "head3.lst" ...
   Scaling factors:
   VDW0  = 0.100:
   VDW1  = 0.100:
   VDW   = 0.100:
   TORS  = 0.100:
   ELE   = 1.000:
   DSOLV = 1.000:
   Done

   Load pairwise interactions ...
   Done

   Verify self consistancy of conformer flag ...
   PHE01A0012_001 f 0.00 -> t 1.00 (single conformer treated as fixed)
   PRO01A0013_001 f 0.00 -> t 1.00 (single conformer treated as fixed)
   PRO01A0014_001 f 0.00 -> t 1.00 (single conformer treated as fixed)
   PHE01A0017_001 f 0.00 -> t 1.00 (single conformer treated as fixed)
   PRO01A0020_001 f 0.00 -> t 1.00 (single conformer treated as fixed)
   LEU01A0023_001 f 0.00 -> t 1.00 (single conformer treated as fixed)
   ASN01A0027_001 f 0.00 -> t 1.00 (single conformer treated as fixed)
   PHE01A0030_001 f 0.00 -> t 1.00 (single conformer treated as fixed)
   PHE01A0031_001 f 0.00 -> t 1.00 (single conformer treated as fixed)
   LEU01A0032_001 f 0.00 -> t 1.00 (single conformer treated as fixed)
   ILE01A0034_001 f 0.00 -> t 1.00 (single conformer treated as fixed)
   PRO01A0036_001 f 0.00 -> t 1.00 (single conformer treated as fixed)
   VAL01A0040_001 f 0.00 -> t 1.00 (single conformer treated as fixed)
   VAL01A0043_001 f 0.00 -> t 1.00 (single conformer treated as fixed)
   PRO01A0049_001 f 0.00 -> t 1.00 (single conformer treated as fixed)
   ILE01A0051_001 f 0.00 -> t 1.00 (single conformer treated as fixed)
   LEU01A0053_001 f 0.00 -> t 1.00 (single conformer treated as fixed)
   GLN01A0054_001 f 0.00 -> t 1.00 (single conformer treated as fixed)
   LEU01A0055_001 f 0.00 -> t 1.00 (single conformer treated as fixed)
   GLN01A0056_001 f 0.00 -> t 1.00 (single conformer treated as fixed)
   ALA01A0057_001 f 0.00 -> t 1.00 (single conformer treated as fixed)
   VAL01A0062_001 f 0.00 -> t 1.00 (single conformer treated as fixed)
   VAL01A0063_001 f 0.00 -> t 1.00 (single conformer treated as fixed)
   ILE01A0065_001 f 0.00 -> t 1.00 (single conformer treated as fixed)
   VAL01A0068_001 f 0.00 -> t 1.00 (single conformer treated as fixed)
   ALA01A0070_001 f 0.00 -> t 1.00 (single conformer treated as fixed)
   LEU01A0074_001 f 0.00 -> t 1.00 (single conformer treated as fixed)
   ALA01A0075_001 f 0.00 -> t 1.00 (single conformer treated as fixed)
   MET01A0076_001 f 0.00 -> t 1.00 (single conformer treated as fixed)
   LEU01A0082_001 f 0.00 -> t 1.00 (single conformer treated as fixed)
   LEU01A0083_001 f 0.00 -> t 1.00 (single conformer treated as fixed)
   ALA01A0084_001 f 0.00 -> t 1.00 (single conformer treated as fixed)
   VAL01A0088_001 f 0.00 -> t 1.00 (single conformer treated as fixed)
   PHE01A0093_001 f 0.00 -> t 1.00 (single conformer treated as fixed)
   PHE01A0094_001 f 0.00 -> t 1.00 (single conformer treated as fixed)
   PHE01A0095_001 f 0.00 -> t 1.00 (single conformer treated as fixed)
   LEU01A0098_001 f 0.00 -> t 1.00 (single conformer treated as fixed)
   ASN01A0101_001 f 0.00 -> t 1.00 (single conformer treated as fixed)
   ASN01A0102_001 f 0.00 -> t 1.00 (single conformer treated as fixed)
   ASN01A0104_001 f 0.00 -> t 1.00 (single conformer treated as fixed)
   TRP01A0114_001 f 0.00 -> t 1.00 (single conformer treated as fixed)
   VAL01A0116_001 f 0.00 -> t 1.00 (single conformer treated as fixed)
   ALA01A0117_001 f 0.00 -> t 1.00 (single conformer treated as fixed)
   LEU01A0118_001 f 0.00 -> t 1.00 (single conformer treated as fixed)
   GLN01A0123_001 f 0.00 -> t 1.00 (single conformer treated as fixed)
   LEU01A0126_001 f 0.00 -> t 1.00 (single conformer treated as fixed)
   PRO01A0132_001 f 0.00 -> t 1.00 (single conformer treated as fixed)
   GLN01A0134_001 f 0.00 -> t 1.00 (single conformer treated as fixed)
   ALA01A0136_001 f 0.00 -> t 1.00 (single conformer treated as fixed)
   ILE01A0137_001 f 0.00 -> t 1.00 (single conformer treated as fixed)
   LEU01A0138_001 f 0.00 -> t 1.00 (single conformer treated as fixed)
   PHE01A0139_001 f 0.00 -> t 1.00 (single conformer treated as fixed)
   LEU01A0140_001 f 0.00 -> t 1.00 (single conformer treated as fixed)
   PRO01A0141_001 f 0.00 -> t 1.00 (single conformer treated as fixed)
   MET01A0142_001 f 0.00 -> t 1.00 (single conformer treated as fixed)
   Conformer flags updated due to self consistancy.

   Do titration at 15 points...
   Detailed progress is in file "mc_out"
   Monte Carlo set up time: 0 seconds.
   Titration  1:     0 seconds, biggest stdev of conformer occ = 0.029
   Titration  2:     1 seconds, biggest stdev of conformer occ = 0.020
   Titration  3:     1 seconds, biggest stdev of conformer occ = 0.019
   Titration  4:     1 seconds, biggest stdev of conformer occ = 0.024
   Titration  5:     1 seconds, biggest stdev of conformer occ = 0.018
   Titration  6:     1 seconds, biggest stdev of conformer occ = 0.030
   Titration  7:     1 seconds, biggest stdev of conformer occ = 0.019
   Titration  8:     0 seconds, biggest stdev of conformer occ = 0.017
   Titration  9:     1 seconds, biggest stdev of conformer occ = 0.025
   Titration 10:     1 seconds, biggest stdev of conformer occ = 0.024
   Titration 11:     1 seconds, biggest stdev of conformer occ = 0.018
   Titration 12:     0 seconds, biggest stdev of conformer occ = 0.023
   Titration 13:     1 seconds, biggest stdev of conformer occ = 0.030
   Titration 14:     1 seconds, biggest stdev of conformer occ = 0.023
   Titration 15:     1 seconds, biggest stdev of conformer occ = 0.026
   Done

   Fit titration curves to get pKa/Em ...
   Done

   Total time on MC: 12 seconds

   Output files:
      mc_out          : MC progress and convergence.
      fort.38         : Occupancy table.
      pK.out          : pKa or Em from titration curve fitting.
      sum_crg.out     : Summary of residue charges.
Step 4 Done.

