                       :-) GROMACS - gmx mdrun, 2022 (-:

Copyright 1991-2022 The GROMACS Authors.
GROMACS is free software; you can redistribute it and/or modify it
under the terms of the GNU Lesser General Public License
as published by the Free Software Foundation; either version 2.1
of the License, or (at your option) any later version.

                         Current GROMACS contributors:
       Mark Abraham           Andrey Alekseenko           Cathrine Bergh      
      Christian Blau            Eliane Briand               Kevin Boyd        
     Oliver Fleetwood         Stefan Fleischmann           Vytas Gapsys       
       Gaurav Garg           Gilles Gouaillardet            Alan Gray         
      Victor Holanda           M. Eric Irrgang              Joe Jordan        
    Christoph Junghans        Prashanth Kanduri           Sebastian Kehl      
     Sebastian Keller          Carsten Kutzner           Magnus Lundborg      
       Pascal Merz              Dmitry Morozov             Szilard Pall       
      Roland Schulz             Michael Shirts         David van der Spoel    
     Alessandra Villa      Sebastian Wingbermuehle        Artem Zhmurov       

                         Previous GROMACS contributors:
        Emile Apol             Rossen Apostolov           James Barnett       
  Herman J.C. Berendsen          Par Bjelkmar           Viacheslav Bolnykh    
    Aldert van Buuren          Carlo Camilloni           Rudi van Drunen      
      Anton Feenstra           Gerrit Groenhof            Bert de Groot       
      Anca Hamuraru           Vincent Hindriksen         Aleksei Iupinov      
   Dimitrios Karkoulis           Peter Kasson               Jiri Kraus        
       Per Larsson             Justin A. Lemkul           Viveca Lindahl      
      Erik Marklund           Pieter Meulenhoff           Vedran Miletic      
      Teemu Murtola              Sander Pronk            Alexey Shvetsov      
      Alfons Sijbers            Peter Tieleman             Jon Vincent        
     Teemu Virolainen         Christian Wennberg           Maarten Wolf       

                  Coordinated by the GROMACS project leaders:
                    Paul Bauer, Berk Hess, and Erik Lindahl

GROMACS:      gmx mdrun, version 2022
Executable:   /usr/local/gromacs/bin/gmx
Data prefix:  /usr/local/gromacs
Working dir:  /home/sabsr3/IvyFarm/gromacs/2fgf
Process ID:   30791
Command line:
  gmx mdrun -deffnm md_0_10

GROMACS version:    2022
Precision:          mixed
Memory model:       64 bit
MPI library:        thread_mpi
OpenMP support:     enabled (GMX_OPENMP_MAX_THREADS = 128)
GPU support:        disabled
SIMD instructions:  AVX2_256
CPU FFT library:    fftw-3.3.8-sse2-avx-avx2-avx2_128
GPU FFT library:    none
RDTSCP usage:       enabled
TNG support:        enabled
Hwloc support:      disabled
Tracing support:    disabled
C compiler:         /usr/bin/cc GNU 9.4.0
C compiler flags:   -mavx2 -mfma -pthread -Wno-missing-field-initializers -fexcess-precision=fast -funroll-all-loops -O3 -DNDEBUG
C++ compiler:       /usr/bin/c++ GNU 9.4.0
C++ compiler flags: -mavx2 -mfma -pthread -Wno-missing-field-initializers -fexcess-precision=fast -funroll-all-loops -fopenmp -O3 -DNDEBUG


Running on 1 node with total 4 cores, 8 processing units
Hardware detected:
  CPU info:
    Vendor: Intel
    Brand:  11th Gen Intel(R) Core(TM) i5-1145G7 @ 2.60GHz
    Family: 6   Model: 140   Stepping: 1
    Features: aes apic avx avx2 avx512f avx512cd avx512bw avx512vl avx512secondFMA clfsh cmov cx8 cx16 f16c fma htt intel lahf mmx msr nonstop_tsc pcid pclmuldq pdcm pdpe1gb popcnt pse rdrnd rdtscp sha sse2 sse3 sse4.1 sse4.2 ssse3 tdt x2apic
    Number of AVX-512 FMA units: 1 (AVX2 is faster w/o 2 AVX-512 FMA units)
  Hardware topology: Basic
    Packages, cores, and logical processors:
    [indices refer to OS logical processors]
      Package  0: [   0   4] [   1   5] [   2   6] [   3   7]
    CPU limit set by OS: -1   Recommended max number of threads: 8


++++ PLEASE READ AND CITE THE FOLLOWING REFERENCE ++++
M. J. Abraham, T. Murtola, R. Schulz, S. Páll, J. C. Smith, B. Hess, E.
Lindahl
GROMACS: High performance molecular simulations through multi-level
parallelism from laptops to supercomputers
SoftwareX 1 (2015) pp. 19-25
-------- -------- --- Thank You --- -------- --------


++++ PLEASE READ AND CITE THE FOLLOWING REFERENCE ++++
S. Páll, M. J. Abraham, C. Kutzner, B. Hess, E. Lindahl
Tackling Exascale Software Challenges in Molecular Dynamics Simulations with
GROMACS
In S. Markidis & E. Laure (Eds.), Solving Software Challenges for Exascale 8759 (2015) pp. 3-27
-------- -------- --- Thank You --- -------- --------


++++ PLEASE READ AND CITE THE FOLLOWING REFERENCE ++++
S. Pronk, S. Páll, R. Schulz, P. Larsson, P. Bjelkmar, R. Apostolov, M. R.
Shirts, J. C. Smith, P. M. Kasson, D. van der Spoel, B. Hess, and E. Lindahl
GROMACS 4.5: a high-throughput and highly parallel open source molecular
simulation toolkit
Bioinformatics 29 (2013) pp. 845-54
-------- -------- --- Thank You --- -------- --------


++++ PLEASE READ AND CITE THE FOLLOWING REFERENCE ++++
B. Hess and C. Kutzner and D. van der Spoel and E. Lindahl
GROMACS 4: Algorithms for highly efficient, load-balanced, and scalable
molecular simulation
J. Chem. Theory Comput. 4 (2008) pp. 435-447
-------- -------- --- Thank You --- -------- --------


++++ PLEASE READ AND CITE THE FOLLOWING REFERENCE ++++
D. van der Spoel, E. Lindahl, B. Hess, G. Groenhof, A. E. Mark and H. J. C.
Berendsen
GROMACS: Fast, Flexible and Free
J. Comp. Chem. 26 (2005) pp. 1701-1719
-------- -------- --- Thank You --- -------- --------


++++ PLEASE READ AND CITE THE FOLLOWING REFERENCE ++++
E. Lindahl and B. Hess and D. van der Spoel
GROMACS 3.0: A package for molecular simulation and trajectory analysis
J. Mol. Mod. 7 (2001) pp. 306-317
-------- -------- --- Thank You --- -------- --------


++++ PLEASE READ AND CITE THE FOLLOWING REFERENCE ++++
H. J. C. Berendsen, D. van der Spoel and R. van Drunen
GROMACS: A message-passing parallel molecular dynamics implementation
Comp. Phys. Comm. 91 (1995) pp. 43-56
-------- -------- --- Thank You --- -------- --------


++++ PLEASE CITE THE DOI FOR THIS VERSION OF GROMACS ++++
https://doi.org/10.5281/zenodo.6103835
-------- -------- --- Thank You --- -------- --------

Input Parameters:
   integrator                     = md
   tinit                          = 0
   dt                             = 0.002
   nsteps                         = 5000000
   init-step                      = 0
   simulation-part                = 1
   mts                            = false
   comm-mode                      = Linear
   nstcomm                        = 100
   bd-fric                        = 0
   ld-seed                        = -118513794
   emtol                          = 10
   emstep                         = 0.01
   niter                          = 20
   fcstep                         = 0
   nstcgsteep                     = 1000
   nbfgscorr                      = 10
   rtpi                           = 0.05
   nstxout                        = 0
   nstvout                        = 0
   nstfout                        = 0
   nstlog                         = 5000
   nstcalcenergy                  = 100
   nstenergy                      = 5000
   nstxout-compressed             = 5000
   compressed-x-precision         = 1000
   cutoff-scheme                  = Verlet
   nstlist                        = 20
   pbc                            = xyz
   periodic-molecules             = false
   verlet-buffer-tolerance        = 0.005
   rlist                          = 1.223
   coulombtype                    = PME
   coulomb-modifier               = Potential-shift
   rcoulomb-switch                = 0
   rcoulomb                       = 1.2
   epsilon-r                      = 1
   epsilon-rf                     = inf
   vdw-type                       = Cut-off
   vdw-modifier                   = Force-switch
   rvdw-switch                    = 1
   rvdw                           = 1.2
   DispCorr                       = No
   table-extension                = 1
   fourierspacing                 = 0.16
   fourier-nx                     = 40
   fourier-ny                     = 40
   fourier-nz                     = 40
   pme-order                      = 4
   ewald-rtol                     = 1e-05
   ewald-rtol-lj                  = 0.001
   lj-pme-comb-rule               = Geometric
   ewald-geometry                 = 3d
   epsilon-surface                = 0
   tcoupl                         = V-rescale
   nsttcouple                     = 10
   nh-chain-length                = 0
   print-nose-hoover-chain-variables = false
   pcoupl                         = Parrinello-Rahman
   pcoupltype                     = Isotropic
   nstpcouple                     = 10
   tau-p                          = 2
   compressibility (3x3):
      compressibility[    0]={ 4.50000e-05,  0.00000e+00,  0.00000e+00}
      compressibility[    1]={ 0.00000e+00,  4.50000e-05,  0.00000e+00}
      compressibility[    2]={ 0.00000e+00,  0.00000e+00,  4.50000e-05}
   ref-p (3x3):
      ref-p[    0]={ 1.00000e+00,  0.00000e+00,  0.00000e+00}
      ref-p[    1]={ 0.00000e+00,  1.00000e+00,  0.00000e+00}
      ref-p[    2]={ 0.00000e+00,  0.00000e+00,  1.00000e+00}
   refcoord-scaling               = No
   posres-com (3):
      posres-com[0]= 0.00000e+00
      posres-com[1]= 0.00000e+00
      posres-com[2]= 0.00000e+00
   posres-comB (3):
      posres-comB[0]= 0.00000e+00
      posres-comB[1]= 0.00000e+00
      posres-comB[2]= 0.00000e+00
   QMMM                           = false
qm-opts:
   ngQM                           = 0
   constraint-algorithm           = Lincs
   continuation                   = true
   Shake-SOR                      = false
   shake-tol                      = 0.0001
   lincs-order                    = 4
   lincs-iter                     = 1
   lincs-warnangle                = 30
   nwall                          = 0
   wall-type                      = 9-3
   wall-r-linpot                  = -1
   wall-atomtype[0]               = -1
   wall-atomtype[1]               = -1
   wall-density[0]                = 0
   wall-density[1]                = 0
   wall-ewald-zfac                = 3
   pull                           = false
   awh                            = false
   rotation                       = false
   interactiveMD                  = false
   disre                          = No
   disre-weighting                = Conservative
   disre-mixed                    = false
   dr-fc                          = 1000
   dr-tau                         = 0
   nstdisreout                    = 100
   orire-fc                       = 0
   orire-tau                      = 0
   nstorireout                    = 100
   free-energy                    = no
   cos-acceleration               = 0
   deform (3x3):
      deform[    0]={ 0.00000e+00,  0.00000e+00,  0.00000e+00}
      deform[    1]={ 0.00000e+00,  0.00000e+00,  0.00000e+00}
      deform[    2]={ 0.00000e+00,  0.00000e+00,  0.00000e+00}
   simulated-tempering            = false
   swapcoords                     = no
   userint1                       = 0
   userint2                       = 0
   userint3                       = 0
   userint4                       = 0
   userreal1                      = 0
   userreal2                      = 0
   userreal3                      = 0
   userreal4                      = 0
   applied-forces:
     electric-field:
       x:
         E0                       = 0
         omega                    = 0
         t0                       = 0
         sigma                    = 0
       y:
         E0                       = 0
         omega                    = 0
         t0                       = 0
         sigma                    = 0
       z:
         E0                       = 0
         omega                    = 0
         t0                       = 0
         sigma                    = 0
     density-guided-simulation:
       active                     = false
       group                      = protein
       similarity-measure         = inner-product
       atom-spreading-weight      = unity
       force-constant             = 1e+09
       gaussian-transform-spreading-width = 0.2
       gaussian-transform-spreading-range-in-multiples-of-width = 4
       reference-density-filename = reference.mrc
       nst                        = 1
       normalize-densities        = true
       adaptive-force-scaling     = false
       adaptive-force-scaling-time-constant = 4
       shift-vector               = 
       transformation-matrix      = 
     qmmm-cp2k:
       active                     = false
       qmgroup                    = System
       qmmethod                   = PBE
       qmfilenames                = 
       qmcharge                   = 0
       qmmultiplicity             = 1
grpopts:
   nrdf:     5147.69     45366.3
   ref-t:         298         298
   tau-t:         0.1         0.1
annealing:          No          No
annealing-npoints:           0           0
   acc:	           0           0           0
   nfreeze:           N           N           N
   energygrp-flags[  0]: 0

Changing nstlist from 20 to 80, rlist from 1.223 to 1.327


Initializing Domain Decomposition on 1 ranks
Dynamic load balancing: auto
Using update groups, nr 8591, average size 2.9 atoms, max. radius 0.139 nm
Minimum cell size due to atom displacement: 0.549 nm
Initial maximum distances in bonded interactions:
    two-body bonded interactions: 0.443 nm, LJ-14, atoms 2004 2012
  multi-body bonded interactions: 0.487 nm, CMAP Dih., atoms 366 380
Minimum cell size due to bonded interactions: 0.535 nm
Using 0 separate PME ranks because: there are too few total ranks for efficient splitting
Optimizing the DD grid for 1 cells with a minimum initial size of 0.549 nm
The maximum allowed number of cells is: X 11 Y 11 Z 11
Domain decomposition grid 1 x 1 x 1, separate PME ranks 0
PME domain decomposition: 1 x 1 x 1

The initial number of communication pulses is:
The initial domain decomposition cell size is:

The maximum allowed distance for atom groups involved in interactions is:
                 non-bonded interactions           1.605 nm
(the following are initial values, they could change due to box deformation)
            two-body bonded interactions  (-rdd)   1.605 nm
          multi-body bonded interactions  (-rdd)   1.605 nm

When dynamic load balancing gets turned on, these settings will change to:
The maximum number of communication pulses is:
The minimum size for domain decomposition cells is 1.605 nm
The requested allowed shrink of DD cells (option -dds) is: 0.80
The allowed shrink of domain decomposition cells is:
The maximum allowed distance for atom groups involved in interactions is:
                 non-bonded interactions           1.605 nm
            two-body bonded interactions  (-rdd)   1.605 nm
          multi-body bonded interactions  (-rdd)   1.605 nm

Using 1 MPI thread
Using 8 OpenMP threads 

Pinning threads with an auto-selected logical cpu stride of 1
System total charge: 0.000
Will do PME sum in reciprocal space for electrostatic interactions.

++++ PLEASE READ AND CITE THE FOLLOWING REFERENCE ++++
U. Essmann, L. Perera, M. L. Berkowitz, T. Darden, H. Lee and L. G. Pedersen 
A smooth particle mesh Ewald method
J. Chem. Phys. 103 (1995) pp. 8577-8592
-------- -------- --- Thank You --- -------- --------

Using a Gaussian width (1/beta) of 0.384195 nm for Ewald
Potential shift: LJ r^-12: -2.648e-01 r^-6: -5.349e-01, Ewald -8.333e-06
Initialized non-bonded Coulomb Ewald tables, spacing: 1.02e-03 size: 1176

Generated table with 1163 data points for 1-4 COUL.
Tabscale = 500 points/nm
Generated table with 1163 data points for 1-4 LJ6.
Tabscale = 500 points/nm
Generated table with 1163 data points for 1-4 LJ12.
Tabscale = 500 points/nm


Using SIMD 4x8 nonbonded short-range kernels

Using a dual 4x8 pair-list setup updated with dynamic pruning:
  outer list: updated every 80 steps, buffer 0.127 nm, rlist 1.327 nm
  inner list: updated every 13 steps, buffer 0.002 nm, rlist 1.202 nm
At tolerance 0.005 kJ/mol/ps per atom, equivalent classical 1x1 list would be:
  outer list: updated every 80 steps, buffer 0.276 nm, rlist 1.476 nm
  inner list: updated every 13 steps, buffer 0.052 nm, rlist 1.252 nm

Linking all bonded interactions to atoms


Initializing LINear Constraint Solver

++++ PLEASE READ AND CITE THE FOLLOWING REFERENCE ++++
B. Hess and H. Bekker and H. J. C. Berendsen and J. G. E. M. Fraaije
LINCS: A Linear Constraint Solver for molecular simulations
J. Comp. Chem. 18 (1997) pp. 1463-1472
-------- -------- --- Thank You --- -------- --------

The number of constraints is 1038

++++ PLEASE READ AND CITE THE FOLLOWING REFERENCE ++++
S. Miyamoto and P. A. Kollman
SETTLE: An Analytical Version of the SHAKE and RATTLE Algorithms for Rigid
Water Models
J. Comp. Chem. 13 (1992) pp. 952-962
-------- -------- --- Thank You --- -------- --------


++++ PLEASE READ AND CITE THE FOLLOWING REFERENCE ++++
G. Bussi, D. Donadio and M. Parrinello
Canonical sampling through velocity rescaling
J. Chem. Phys. 126 (2007) pp. 014101
-------- -------- --- Thank You --- -------- --------

There are: 24741 Atoms

Atom distribution over 1 domains: av 24741 stddev 0 min 24741 max 24741
Center of mass motion removal mode is Linear
We have the following groups for center of mass motion removal:
  0:  rest

Started mdrun on rank 0 Fri Apr 22 05:32:25 2022

           Step           Time
              0        0.00000

   Energies (kJ/mol)
           Bond            U-B    Proper Dih.  Improper Dih.      CMAP Dih.
    1.58914e+03    4.49507e+03    2.84643e+03    2.01879e+02   -5.69242e+02
          LJ-14     Coulomb-14        LJ (SR)   Coulomb (SR)   Coul. recip.
    1.53893e+03    1.42777e+04    6.45046e+04   -4.63984e+05    1.14080e+03
      Potential    Kinetic En.   Total Energy  Conserved En.    Temperature
   -3.73958e+05    6.19878e+04   -3.11971e+05   -3.11956e+05    2.95182e+02
 Pressure (bar)   Constr. rmsd
    1.67928e+02    2.75479e-06

           Step           Time
           5000       10.00000

   Energies (kJ/mol)
           Bond            U-B    Proper Dih.  Improper Dih.      CMAP Dih.
    1.66453e+03    4.41372e+03    2.83823e+03    2.39741e+02   -6.38618e+02
          LJ-14     Coulomb-14        LJ (SR)   Coulomb (SR)   Coul. recip.
    1.36177e+03    1.40698e+04    6.46422e+04   -4.64023e+05    1.14360e+03
      Potential    Kinetic En.   Total Energy  Conserved En.    Temperature
   -3.74288e+05    6.25129e+04   -3.11775e+05   -3.11914e+05    2.97683e+02
 Pressure (bar)   Constr. rmsd
   -4.61742e+02    2.90908e-06

           Step           Time
          10000       20.00000

   Energies (kJ/mol)
           Bond            U-B    Proper Dih.  Improper Dih.      CMAP Dih.
    1.64985e+03    4.64724e+03    2.89304e+03    2.73259e+02   -6.39430e+02
          LJ-14     Coulomb-14        LJ (SR)   Coulomb (SR)   Coul. recip.
    1.49129e+03    1.40392e+04    6.41741e+04   -4.63311e+05    1.19112e+03
      Potential    Kinetic En.   Total Energy  Conserved En.    Temperature
   -3.73591e+05    6.28200e+04   -3.10771e+05   -3.11835e+05    2.99145e+02
 Pressure (bar)   Constr. rmsd
    2.85470e+01    2.88068e-06

           Step           Time
          15000       30.00000

   Energies (kJ/mol)
           Bond            U-B    Proper Dih.  Improper Dih.      CMAP Dih.
    1.65378e+03    4.56347e+03    2.84513e+03    3.05903e+02   -6.59379e+02
          LJ-14     Coulomb-14        LJ (SR)   Coulomb (SR)   Coul. recip.
    1.46497e+03    1.40133e+04    6.53367e+04   -4.65459e+05    1.19608e+03
      Potential    Kinetic En.   Total Energy  Conserved En.    Temperature
   -3.74739e+05    6.19238e+04   -3.12815e+05   -3.11761e+05    2.94877e+02
 Pressure (bar)   Constr. rmsd
   -1.47157e+02    2.32392e-06

           Step           Time
          20000       40.00000

   Energies (kJ/mol)
           Bond            U-B    Proper Dih.  Improper Dih.      CMAP Dih.
    1.63615e+03    4.68413e+03    2.92424e+03    2.97529e+02   -6.69427e+02
          LJ-14     Coulomb-14        LJ (SR)   Coulomb (SR)   Coul. recip.
    1.43651e+03    1.38324e+04    6.59111e+04   -4.65765e+05    1.15653e+03
      Potential    Kinetic En.   Total Energy  Conserved En.    Temperature
   -3.74556e+05    6.30308e+04   -3.11525e+05   -3.11712e+05    3.00149e+02
 Pressure (bar)   Constr. rmsd
    4.16125e+01    3.01871e-06

           Step           Time
          25000       50.00000

   Energies (kJ/mol)
           Bond            U-B    Proper Dih.  Improper Dih.      CMAP Dih.
    1.67028e+03    4.48846e+03    2.91648e+03    2.64607e+02   -6.49936e+02
          LJ-14     Coulomb-14        LJ (SR)   Coulomb (SR)   Coul. recip.
    1.44707e+03    1.38236e+04    6.52125e+04   -4.65306e+05    1.17217e+03
      Potential    Kinetic En.   Total Energy  Conserved En.    Temperature
   -3.74961e+05    6.16484e+04   -3.13313e+05   -3.11633e+05    2.93566e+02
 Pressure (bar)   Constr. rmsd
   -8.98179e+00    2.64199e-06

           Step           Time
          30000       60.00000

   Energies (kJ/mol)
           Bond            U-B    Proper Dih.  Improper Dih.      CMAP Dih.
    1.65570e+03    4.54869e+03    2.94574e+03    2.72248e+02   -6.48396e+02
          LJ-14     Coulomb-14        LJ (SR)   Coulomb (SR)   Coul. recip.
    1.48385e+03    1.39526e+04    6.59848e+04   -4.66027e+05    1.19939e+03
      Potential    Kinetic En.   Total Energy  Conserved En.    Temperature
   -3.74633e+05    6.30230e+04   -3.11610e+05   -3.11575e+05    3.00112e+02
 Pressure (bar)   Constr. rmsd
    2.66447e+02    3.03402e-06

           Step           Time
          35000       70.00000

   Energies (kJ/mol)
           Bond            U-B    Proper Dih.  Improper Dih.      CMAP Dih.
    1.70484e+03    4.49706e+03    2.82699e+03    2.73726e+02   -6.02831e+02
          LJ-14     Coulomb-14        LJ (SR)   Coulomb (SR)   Coul. recip.
    1.48035e+03    1.40865e+04    6.46470e+04   -4.64462e+05    1.20236e+03
      Potential    Kinetic En.   Total Energy  Conserved En.    Temperature
   -3.74346e+05    6.21104e+04   -3.12236e+05   -3.11524e+05    2.95766e+02
 Pressure (bar)   Constr. rmsd
    1.15616e+01    2.79419e-06

           Step           Time
          40000       80.00000

   Energies (kJ/mol)
           Bond            U-B    Proper Dih.  Improper Dih.      CMAP Dih.
    1.48214e+03    4.64084e+03    2.91760e+03    2.83470e+02   -6.80313e+02
          LJ-14     Coulomb-14        LJ (SR)   Coulomb (SR)   Coul. recip.
    1.54962e+03    1.41362e+04    6.53593e+04   -4.65245e+05    1.15794e+03
      Potential    Kinetic En.   Total Energy  Conserved En.    Temperature
   -3.74398e+05    6.24110e+04   -3.11987e+05   -3.11473e+05    2.97197e+02
 Pressure (bar)   Constr. rmsd
    2.40495e+02    2.82527e-06



Received the INT signal, stopping within 80 steps

           Step           Time
          41040       82.08000

Writing checkpoint, step 41040 at Fri Apr 22 05:40:30 2022


   Energies (kJ/mol)
           Bond            U-B    Proper Dih.  Improper Dih.      CMAP Dih.
    1.57851e+03    4.63406e+03    2.87760e+03    2.75013e+02   -6.35396e+02
          LJ-14     Coulomb-14        LJ (SR)   Coulomb (SR)   Coul. recip.
    1.46290e+03    1.40483e+04    6.47821e+04   -4.64330e+05    1.14441e+03
      Potential    Kinetic En.   Total Energy  Conserved En.    Temperature
   -3.74162e+05    6.24668e+04   -3.11695e+05   -3.11461e+05    2.97463e+02
 Pressure (bar)   Constr. rmsd
   -2.16377e+02    2.62975e-06


Energy conservation over simulation part #1 of length 82.08 ns, time 0 to 82.08 ns
  Conserved energy drift: 2.44e-04 kJ/mol/ps per atom


	<======  ###############  ==>
	<====  A V E R A G E S  ====>
	<==  ###############  ======>

	Statistics over 41041 steps using 411 frames

   Energies (kJ/mol)
           Bond            U-B    Proper Dih.  Improper Dih.      CMAP Dih.
    1.63982e+03    4.58567e+03    2.87503e+03    2.68041e+02   -6.42052e+02
          LJ-14     Coulomb-14        LJ (SR)   Coulomb (SR)   Coul. recip.
    1.46157e+03    1.39888e+04    6.51202e+04   -4.65181e+05    1.17035e+03
      Potential    Kinetic En.   Total Energy  Conserved En.    Temperature
   -3.74714e+05    6.25429e+04   -3.12171e+05   -3.11706e+05    2.97826e+02
 Pressure (bar)   Constr. rmsd
    5.87909e+00    0.00000e+00

          Box-X          Box-Y          Box-Z
    6.26725e+00    6.26725e+00    6.26725e+00

   Total Virial (kJ/mol)
    2.06378e+04    8.21270e+00   -1.58914e+02
    8.55487e+00    2.09811e+04    3.98365e-01
   -1.58825e+02    2.19815e-01    2.07974e+04

   Pressure (bar)
    2.90111e+01   -2.09483e+00    2.03687e+01
   -2.14099e+00   -1.60442e+01    1.05039e+00
    2.03567e+01    1.07449e+00    4.67041e+00

      T-ProteinT-Water_and_ions
    2.97829e+02    2.97825e+02


	M E G A - F L O P S   A C C O U N T I N G

 NB=Group-cutoff nonbonded kernels    NxN=N-by-N cluster Verlet kernels
 RF=Reaction-Field  VdW=Van der Waals  QSTab=quadratic-spline table
 W3=SPC/TIP3p  W4=TIP4p (single or pairs)
 V&F=Potential and force  V=Potential only  F=Force only

 Computing:                               M-Number         M-Flops  % Flops
-----------------------------------------------------------------------------
 Pair Search distance check            7190.786762       64717.081     0.1
 NxN Ewald Elec. + LJ [F]            497286.171088    38788321.345    58.3
 NxN Ewald Elec. + LJ [V&F]            5042.611184      650496.843     1.0
 NxN Ewald Elec. [F]                 412000.723344    25132044.124    37.8
 NxN Ewald Elec. [V&F]                 4177.730512      350929.363     0.5
 1,4 nonbonded interactions             222.524302       20027.187     0.0
 Calc Weights                          3046.186143      109662.701     0.2
 Spread Q Bspline                     64985.304384      129970.609     0.2
 Gather F Bspline                     64985.304384      389911.826     0.6
 3D-FFT                               83872.208420      670977.667     1.0
 Solve PME                               65.665600        4202.598     0.0
 Reset In Box                            12.692133          38.076     0.0
 CG-CoM                                  12.716874          38.151     0.0
 Bonds                                   42.887845        2530.383     0.0
 Propers                                186.941755       42809.662     0.1
 Impropers                               13.133120        2731.689     0.0
 Virial                                 101.746530        1831.438     0.0
 Stop-CM                                 10.168551         101.686     0.0
 Calc-Ekin                              203.123610        5484.337     0.0
 Lincs                                   42.600558        2556.033     0.0
 Lincs-Mat                              219.158940         876.636     0.0
 Constraint-V                          1015.518504        9139.667     0.0
 Constraint-Vir                          97.313130        2335.515     0.0
 Settle                                 310.105796      114739.145     0.2
 CMAP                                     5.130125        8721.212     0.0
 Urey-Bradley                           154.191037       28216.960     0.0
-----------------------------------------------------------------------------
 Total                                                66533411.934   100.0
-----------------------------------------------------------------------------


    D O M A I N   D E C O M P O S I T I O N   S T A T I S T I C S

 av. #atoms communicated per step for force:  2 x 0.0


     R E A L   C Y C L E   A N D   T I M E   A C C O U N T I N G

On 1 MPI rank, each using 8 OpenMP threads

 Computing:          Num   Num      Call    Wall time         Giga-Cycles
                     Ranks Threads  Count      (s)         total sum    %
-----------------------------------------------------------------------------
 Domain decomp.         1    8        513       2.586         30.978   0.5
 Neighbor search        1    8        514       7.259         86.974   1.5
 Force                  1    8      41041     414.856       4970.372  85.6
 PME mesh               1    8      41041      45.634        546.737   9.4
 NB X/F buffer ops.     1    8      81568       5.962         71.435   1.2
 Write traj.            1    8         10       0.091          1.084   0.0
 Update                 1    8      41041       1.923         23.039   0.4
 Constraints            1    8      41041       4.149         49.705   0.9
 Rest                                           2.266         27.145   0.5
-----------------------------------------------------------------------------
 Total                                        484.725       5807.469 100.0
-----------------------------------------------------------------------------
 Breakdown of PME mesh computation
-----------------------------------------------------------------------------
 PME spread             1    8      41041      22.944        274.896   4.7
 PME gather             1    8      41041      11.818        141.594   2.4
 PME 3D-FFT             1    8      82082       9.284        111.235   1.9
 PME solve Elec         1    8      41041       1.323         15.855   0.3
-----------------------------------------------------------------------------

               Core t (s)   Wall t (s)        (%)
       Time:     3877.800      484.725      800.0
                 (ns/day)    (hour/ns)
Performance:       14.631        1.640
Finished mdrun on rank 0 Fri Apr 22 05:40:30 2022

