                       :-) GROMACS - gmx mdrun, 2022 (-:

Copyright 1991-2022 The GROMACS Authors.
GROMACS is free software; you can redistribute it and/or modify it
under the terms of the GNU Lesser General Public License
as published by the Free Software Foundation; either version 2.1
of the License, or (at your option) any later version.

                         Current GROMACS contributors:
       Mark Abraham           Andrey Alekseenko           Cathrine Bergh      
      Christian Blau            Eliane Briand               Kevin Boyd        
     Oliver Fleetwood         Stefan Fleischmann           Vytas Gapsys       
       Gaurav Garg           Gilles Gouaillardet            Alan Gray         
      Victor Holanda           M. Eric Irrgang              Joe Jordan        
    Christoph Junghans        Prashanth Kanduri           Sebastian Kehl      
     Sebastian Keller          Carsten Kutzner           Magnus Lundborg      
       Pascal Merz              Dmitry Morozov             Szilard Pall       
      Roland Schulz             Michael Shirts         David van der Spoel    
     Alessandra Villa      Sebastian Wingbermuehle        Artem Zhmurov       

                         Previous GROMACS contributors:
        Emile Apol             Rossen Apostolov           James Barnett       
  Herman J.C. Berendsen          Par Bjelkmar           Viacheslav Bolnykh    
    Aldert van Buuren          Carlo Camilloni           Rudi van Drunen      
      Anton Feenstra           Gerrit Groenhof            Bert de Groot       
      Anca Hamuraru           Vincent Hindriksen         Aleksei Iupinov      
   Dimitrios Karkoulis           Peter Kasson               Jiri Kraus        
       Per Larsson             Justin A. Lemkul           Viveca Lindahl      
      Erik Marklund           Pieter Meulenhoff           Vedran Miletic      
      Teemu Murtola              Sander Pronk            Alexey Shvetsov      
      Alfons Sijbers            Peter Tieleman             Jon Vincent        
     Teemu Virolainen         Christian Wennberg           Maarten Wolf       

                  Coordinated by the GROMACS project leaders:
                    Paul Bauer, Berk Hess, and Erik Lindahl

GROMACS:      gmx mdrun, version 2022
Executable:   /usr/local/gromacs/bin/gmx
Data prefix:  /usr/local/gromacs
Working dir:  /home/sabsr3/IvyFarm/gromacs/2fgf
Process ID:   31158
Command line:
  gmx mdrun -deffnm md_0_1

GROMACS version:    2022
Precision:          mixed
Memory model:       64 bit
MPI library:        thread_mpi
OpenMP support:     enabled (GMX_OPENMP_MAX_THREADS = 128)
GPU support:        disabled
SIMD instructions:  AVX2_256
CPU FFT library:    fftw-3.3.8-sse2-avx-avx2-avx2_128
GPU FFT library:    none
RDTSCP usage:       enabled
TNG support:        enabled
Hwloc support:      disabled
Tracing support:    disabled
C compiler:         /usr/bin/cc GNU 9.4.0
C compiler flags:   -mavx2 -mfma -pthread -Wno-missing-field-initializers -fexcess-precision=fast -funroll-all-loops -O3 -DNDEBUG
C++ compiler:       /usr/bin/c++ GNU 9.4.0
C++ compiler flags: -mavx2 -mfma -pthread -Wno-missing-field-initializers -fexcess-precision=fast -funroll-all-loops -fopenmp -O3 -DNDEBUG


Running on 1 node with total 4 cores, 8 processing units
Hardware detected:
  CPU info:
    Vendor: Intel
    Brand:  11th Gen Intel(R) Core(TM) i5-1145G7 @ 2.60GHz
    Family: 6   Model: 140   Stepping: 1
    Features: aes apic avx avx2 avx512f avx512cd avx512bw avx512vl avx512secondFMA clfsh cmov cx8 cx16 f16c fma htt intel lahf mmx msr nonstop_tsc pcid pclmuldq pdcm pdpe1gb popcnt pse rdrnd rdtscp sha sse2 sse3 sse4.1 sse4.2 ssse3 tdt x2apic
    Number of AVX-512 FMA units: 1 (AVX2 is faster w/o 2 AVX-512 FMA units)
  Hardware topology: Basic
    Packages, cores, and logical processors:
    [indices refer to OS logical processors]
      Package  0: [   0   4] [   1   5] [   2   6] [   3   7]
    CPU limit set by OS: -1   Recommended max number of threads: 8


++++ PLEASE READ AND CITE THE FOLLOWING REFERENCE ++++
M. J. Abraham, T. Murtola, R. Schulz, S. Páll, J. C. Smith, B. Hess, E.
Lindahl
GROMACS: High performance molecular simulations through multi-level
parallelism from laptops to supercomputers
SoftwareX 1 (2015) pp. 19-25
-------- -------- --- Thank You --- -------- --------


++++ PLEASE READ AND CITE THE FOLLOWING REFERENCE ++++
S. Páll, M. J. Abraham, C. Kutzner, B. Hess, E. Lindahl
Tackling Exascale Software Challenges in Molecular Dynamics Simulations with
GROMACS
In S. Markidis & E. Laure (Eds.), Solving Software Challenges for Exascale 8759 (2015) pp. 3-27
-------- -------- --- Thank You --- -------- --------


++++ PLEASE READ AND CITE THE FOLLOWING REFERENCE ++++
S. Pronk, S. Páll, R. Schulz, P. Larsson, P. Bjelkmar, R. Apostolov, M. R.
Shirts, J. C. Smith, P. M. Kasson, D. van der Spoel, B. Hess, and E. Lindahl
GROMACS 4.5: a high-throughput and highly parallel open source molecular
simulation toolkit
Bioinformatics 29 (2013) pp. 845-54
-------- -------- --- Thank You --- -------- --------


++++ PLEASE READ AND CITE THE FOLLOWING REFERENCE ++++
B. Hess and C. Kutzner and D. van der Spoel and E. Lindahl
GROMACS 4: Algorithms for highly efficient, load-balanced, and scalable
molecular simulation
J. Chem. Theory Comput. 4 (2008) pp. 435-447
-------- -------- --- Thank You --- -------- --------


++++ PLEASE READ AND CITE THE FOLLOWING REFERENCE ++++
D. van der Spoel, E. Lindahl, B. Hess, G. Groenhof, A. E. Mark and H. J. C.
Berendsen
GROMACS: Fast, Flexible and Free
J. Comp. Chem. 26 (2005) pp. 1701-1719
-------- -------- --- Thank You --- -------- --------


++++ PLEASE READ AND CITE THE FOLLOWING REFERENCE ++++
E. Lindahl and B. Hess and D. van der Spoel
GROMACS 3.0: A package for molecular simulation and trajectory analysis
J. Mol. Mod. 7 (2001) pp. 306-317
-------- -------- --- Thank You --- -------- --------


++++ PLEASE READ AND CITE THE FOLLOWING REFERENCE ++++
H. J. C. Berendsen, D. van der Spoel and R. van Drunen
GROMACS: A message-passing parallel molecular dynamics implementation
Comp. Phys. Comm. 91 (1995) pp. 43-56
-------- -------- --- Thank You --- -------- --------


++++ PLEASE CITE THE DOI FOR THIS VERSION OF GROMACS ++++
https://doi.org/10.5281/zenodo.6103835
-------- -------- --- Thank You --- -------- --------

Input Parameters:
   integrator                     = md
   tinit                          = 0
   dt                             = 0.002
   nsteps                         = 500000
   init-step                      = 0
   simulation-part                = 1
   mts                            = false
   comm-mode                      = Linear
   nstcomm                        = 100
   bd-fric                        = 0
   ld-seed                        = 1903629291
   emtol                          = 10
   emstep                         = 0.01
   niter                          = 20
   fcstep                         = 0
   nstcgsteep                     = 1000
   nbfgscorr                      = 10
   rtpi                           = 0.05
   nstxout                        = 0
   nstvout                        = 0
   nstfout                        = 0
   nstlog                         = 5000
   nstcalcenergy                  = 100
   nstenergy                      = 5000
   nstxout-compressed             = 5000
   compressed-x-precision         = 1000
   cutoff-scheme                  = Verlet
   nstlist                        = 20
   pbc                            = xyz
   periodic-molecules             = false
   verlet-buffer-tolerance        = 0.005
   rlist                          = 1.223
   coulombtype                    = PME
   coulomb-modifier               = Potential-shift
   rcoulomb-switch                = 0
   rcoulomb                       = 1.2
   epsilon-r                      = 1
   epsilon-rf                     = inf
   vdw-type                       = Cut-off
   vdw-modifier                   = Force-switch
   rvdw-switch                    = 1
   rvdw                           = 1.2
   DispCorr                       = No
   table-extension                = 1
   fourierspacing                 = 0.16
   fourier-nx                     = 40
   fourier-ny                     = 40
   fourier-nz                     = 40
   pme-order                      = 4
   ewald-rtol                     = 1e-05
   ewald-rtol-lj                  = 0.001
   lj-pme-comb-rule               = Geometric
   ewald-geometry                 = 3d
   epsilon-surface                = 0
   tcoupl                         = V-rescale
   nsttcouple                     = 10
   nh-chain-length                = 0
   print-nose-hoover-chain-variables = false
   pcoupl                         = Parrinello-Rahman
   pcoupltype                     = Isotropic
   nstpcouple                     = 10
   tau-p                          = 2
   compressibility (3x3):
      compressibility[    0]={ 4.50000e-05,  0.00000e+00,  0.00000e+00}
      compressibility[    1]={ 0.00000e+00,  4.50000e-05,  0.00000e+00}
      compressibility[    2]={ 0.00000e+00,  0.00000e+00,  4.50000e-05}
   ref-p (3x3):
      ref-p[    0]={ 1.00000e+00,  0.00000e+00,  0.00000e+00}
      ref-p[    1]={ 0.00000e+00,  1.00000e+00,  0.00000e+00}
      ref-p[    2]={ 0.00000e+00,  0.00000e+00,  1.00000e+00}
   refcoord-scaling               = No
   posres-com (3):
      posres-com[0]= 0.00000e+00
      posres-com[1]= 0.00000e+00
      posres-com[2]= 0.00000e+00
   posres-comB (3):
      posres-comB[0]= 0.00000e+00
      posres-comB[1]= 0.00000e+00
      posres-comB[2]= 0.00000e+00
   QMMM                           = false
qm-opts:
   ngQM                           = 0
   constraint-algorithm           = Lincs
   continuation                   = true
   Shake-SOR                      = false
   shake-tol                      = 0.0001
   lincs-order                    = 4
   lincs-iter                     = 1
   lincs-warnangle                = 30
   nwall                          = 0
   wall-type                      = 9-3
   wall-r-linpot                  = -1
   wall-atomtype[0]               = -1
   wall-atomtype[1]               = -1
   wall-density[0]                = 0
   wall-density[1]                = 0
   wall-ewald-zfac                = 3
   pull                           = false
   awh                            = false
   rotation                       = false
   interactiveMD                  = false
   disre                          = No
   disre-weighting                = Conservative
   disre-mixed                    = false
   dr-fc                          = 1000
   dr-tau                         = 0
   nstdisreout                    = 100
   orire-fc                       = 0
   orire-tau                      = 0
   nstorireout                    = 100
   free-energy                    = no
   cos-acceleration               = 0
   deform (3x3):
      deform[    0]={ 0.00000e+00,  0.00000e+00,  0.00000e+00}
      deform[    1]={ 0.00000e+00,  0.00000e+00,  0.00000e+00}
      deform[    2]={ 0.00000e+00,  0.00000e+00,  0.00000e+00}
   simulated-tempering            = false
   swapcoords                     = no
   userint1                       = 0
   userint2                       = 0
   userint3                       = 0
   userint4                       = 0
   userreal1                      = 0
   userreal2                      = 0
   userreal3                      = 0
   userreal4                      = 0
   applied-forces:
     electric-field:
       x:
         E0                       = 0
         omega                    = 0
         t0                       = 0
         sigma                    = 0
       y:
         E0                       = 0
         omega                    = 0
         t0                       = 0
         sigma                    = 0
       z:
         E0                       = 0
         omega                    = 0
         t0                       = 0
         sigma                    = 0
     density-guided-simulation:
       active                     = false
       group                      = protein
       similarity-measure         = inner-product
       atom-spreading-weight      = unity
       force-constant             = 1e+09
       gaussian-transform-spreading-width = 0.2
       gaussian-transform-spreading-range-in-multiples-of-width = 4
       reference-density-filename = reference.mrc
       nst                        = 1
       normalize-densities        = true
       adaptive-force-scaling     = false
       adaptive-force-scaling-time-constant = 4
       shift-vector               = 
       transformation-matrix      = 
     qmmm-cp2k:
       active                     = false
       qmgroup                    = System
       qmmethod                   = PBE
       qmfilenames                = 
       qmcharge                   = 0
       qmmultiplicity             = 1
grpopts:
   nrdf:     5147.69     45366.3
   ref-t:         298         298
   tau-t:         0.1         0.1
annealing:          No          No
annealing-npoints:           0           0
   acc:	           0           0           0
   nfreeze:           N           N           N
   energygrp-flags[  0]: 0

Changing nstlist from 20 to 80, rlist from 1.223 to 1.327


Initializing Domain Decomposition on 1 ranks
Dynamic load balancing: auto
Using update groups, nr 8591, average size 2.9 atoms, max. radius 0.139 nm
Minimum cell size due to atom displacement: 0.549 nm
Initial maximum distances in bonded interactions:
    two-body bonded interactions: 0.443 nm, LJ-14, atoms 2004 2012
  multi-body bonded interactions: 0.487 nm, CMAP Dih., atoms 366 380
Minimum cell size due to bonded interactions: 0.535 nm
Using 0 separate PME ranks because: there are too few total ranks for efficient splitting
Optimizing the DD grid for 1 cells with a minimum initial size of 0.549 nm
The maximum allowed number of cells is: X 11 Y 11 Z 11
Domain decomposition grid 1 x 1 x 1, separate PME ranks 0
PME domain decomposition: 1 x 1 x 1

The initial number of communication pulses is:
The initial domain decomposition cell size is:

The maximum allowed distance for atom groups involved in interactions is:
                 non-bonded interactions           1.605 nm
(the following are initial values, they could change due to box deformation)
            two-body bonded interactions  (-rdd)   1.605 nm
          multi-body bonded interactions  (-rdd)   1.605 nm

When dynamic load balancing gets turned on, these settings will change to:
The maximum number of communication pulses is:
The minimum size for domain decomposition cells is 1.605 nm
The requested allowed shrink of DD cells (option -dds) is: 0.80
The allowed shrink of domain decomposition cells is:
The maximum allowed distance for atom groups involved in interactions is:
                 non-bonded interactions           1.605 nm
            two-body bonded interactions  (-rdd)   1.605 nm
          multi-body bonded interactions  (-rdd)   1.605 nm

Using 1 MPI thread
Using 8 OpenMP threads 

Pinning threads with an auto-selected logical cpu stride of 1
System total charge: 0.000
Will do PME sum in reciprocal space for electrostatic interactions.

++++ PLEASE READ AND CITE THE FOLLOWING REFERENCE ++++
U. Essmann, L. Perera, M. L. Berkowitz, T. Darden, H. Lee and L. G. Pedersen 
A smooth particle mesh Ewald method
J. Chem. Phys. 103 (1995) pp. 8577-8592
-------- -------- --- Thank You --- -------- --------

Using a Gaussian width (1/beta) of 0.384195 nm for Ewald
Potential shift: LJ r^-12: -2.648e-01 r^-6: -5.349e-01, Ewald -8.333e-06
Initialized non-bonded Coulomb Ewald tables, spacing: 1.02e-03 size: 1176

Generated table with 1163 data points for 1-4 COUL.
Tabscale = 500 points/nm
Generated table with 1163 data points for 1-4 LJ6.
Tabscale = 500 points/nm
Generated table with 1163 data points for 1-4 LJ12.
Tabscale = 500 points/nm


Using SIMD 4x8 nonbonded short-range kernels

Using a dual 4x8 pair-list setup updated with dynamic pruning:
  outer list: updated every 80 steps, buffer 0.127 nm, rlist 1.327 nm
  inner list: updated every 13 steps, buffer 0.002 nm, rlist 1.202 nm
At tolerance 0.005 kJ/mol/ps per atom, equivalent classical 1x1 list would be:
  outer list: updated every 80 steps, buffer 0.276 nm, rlist 1.476 nm
  inner list: updated every 13 steps, buffer 0.052 nm, rlist 1.252 nm

Linking all bonded interactions to atoms


Initializing LINear Constraint Solver

++++ PLEASE READ AND CITE THE FOLLOWING REFERENCE ++++
B. Hess and H. Bekker and H. J. C. Berendsen and J. G. E. M. Fraaije
LINCS: A Linear Constraint Solver for molecular simulations
J. Comp. Chem. 18 (1997) pp. 1463-1472
-------- -------- --- Thank You --- -------- --------

The number of constraints is 1038

++++ PLEASE READ AND CITE THE FOLLOWING REFERENCE ++++
S. Miyamoto and P. A. Kollman
SETTLE: An Analytical Version of the SHAKE and RATTLE Algorithms for Rigid
Water Models
J. Comp. Chem. 13 (1992) pp. 952-962
-------- -------- --- Thank You --- -------- --------


++++ PLEASE READ AND CITE THE FOLLOWING REFERENCE ++++
G. Bussi, D. Donadio and M. Parrinello
Canonical sampling through velocity rescaling
J. Chem. Phys. 126 (2007) pp. 014101
-------- -------- --- Thank You --- -------- --------

There are: 24741 Atoms

Atom distribution over 1 domains: av 24741 stddev 0 min 24741 max 24741
Center of mass motion removal mode is Linear
We have the following groups for center of mass motion removal:
  0:  rest

Started mdrun on rank 0 Fri Apr 22 05:41:59 2022

           Step           Time
              0        0.00000

   Energies (kJ/mol)
           Bond            U-B    Proper Dih.  Improper Dih.      CMAP Dih.
    1.58914e+03    4.49507e+03    2.84643e+03    2.01879e+02   -5.69242e+02
          LJ-14     Coulomb-14        LJ (SR)   Coulomb (SR)   Coul. recip.
    1.53893e+03    1.42777e+04    6.45046e+04   -4.63984e+05    1.14080e+03
      Potential    Kinetic En.   Total Energy  Conserved En.    Temperature
   -3.73958e+05    6.19878e+04   -3.11971e+05   -3.11956e+05    2.95182e+02
 Pressure (bar)   Constr. rmsd
    1.67924e+02    2.75479e-06

           Step           Time
           5000       10.00000

   Energies (kJ/mol)
           Bond            U-B    Proper Dih.  Improper Dih.      CMAP Dih.
    1.61498e+03    4.64751e+03    2.86001e+03    2.55505e+02   -6.18606e+02
          LJ-14     Coulomb-14        LJ (SR)   Coulomb (SR)   Coul. recip.
    1.43893e+03    1.40614e+04    6.62962e+04   -4.66645e+05    1.22840e+03
      Potential    Kinetic En.   Total Energy  Conserved En.    Temperature
   -3.74860e+05    6.33974e+04   -3.11463e+05   -3.11914e+05    3.01895e+02
 Pressure (bar)   Constr. rmsd
    1.23494e+02    2.47054e-06

           Step           Time
          10000       20.00000

   Energies (kJ/mol)
           Bond            U-B    Proper Dih.  Improper Dih.      CMAP Dih.
    1.79403e+03    4.52760e+03    3.01130e+03    2.52645e+02   -7.05391e+02
          LJ-14     Coulomb-14        LJ (SR)   Coulomb (SR)   Coul. recip.
    1.47823e+03    1.39550e+04    6.57272e+04   -4.65849e+05    1.14010e+03
      Potential    Kinetic En.   Total Energy  Conserved En.    Temperature
   -3.74669e+05    6.30974e+04   -3.11571e+05   -3.11842e+05    3.00466e+02
 Pressure (bar)   Constr. rmsd
    6.26110e+01    2.49926e-06

           Step           Time
          15000       30.00000

   Energies (kJ/mol)
           Bond            U-B    Proper Dih.  Improper Dih.      CMAP Dih.
    1.67358e+03    4.51420e+03    2.88883e+03    2.05100e+02   -6.33112e+02
          LJ-14     Coulomb-14        LJ (SR)   Coulomb (SR)   Coul. recip.
    1.46255e+03    1.39133e+04    6.55359e+04   -4.65267e+05    1.20287e+03
      Potential    Kinetic En.   Total Energy  Conserved En.    Temperature
   -3.74504e+05    6.23680e+04   -3.12136e+05   -3.11781e+05    2.96993e+02
 Pressure (bar)   Constr. rmsd
    8.26603e+01    2.76306e-06

           Step           Time
          20000       40.00000

   Energies (kJ/mol)
           Bond            U-B    Proper Dih.  Improper Dih.      CMAP Dih.
    1.54575e+03    4.75008e+03    2.87938e+03    2.85845e+02   -6.72465e+02
          LJ-14     Coulomb-14        LJ (SR)   Coulomb (SR)   Coul. recip.
    1.46237e+03    1.39466e+04    6.46138e+04   -4.64039e+05    1.24071e+03
      Potential    Kinetic En.   Total Energy  Conserved En.    Temperature
   -3.73987e+05    6.24998e+04   -3.11487e+05   -3.11705e+05    2.97620e+02
 Pressure (bar)   Constr. rmsd
   -1.41237e+02    2.67631e-06

           Step           Time
          25000       50.00000

   Energies (kJ/mol)
           Bond            U-B    Proper Dih.  Improper Dih.      CMAP Dih.
    1.57941e+03    4.42233e+03    2.92527e+03    2.78585e+02   -6.47181e+02
          LJ-14     Coulomb-14        LJ (SR)   Coulomb (SR)   Coul. recip.
    1.49785e+03    1.41557e+04    6.56463e+04   -4.66079e+05    1.15691e+03
      Potential    Kinetic En.   Total Energy  Conserved En.    Temperature
   -3.75064e+05    6.23352e+04   -3.12728e+05   -3.11651e+05    2.96837e+02
 Pressure (bar)   Constr. rmsd
    2.66222e+02    2.80273e-06

           Step           Time
          30000       60.00000

   Energies (kJ/mol)
           Bond            U-B    Proper Dih.  Improper Dih.      CMAP Dih.
    1.61471e+03    4.40601e+03    2.88515e+03    2.35239e+02   -6.48488e+02
          LJ-14     Coulomb-14        LJ (SR)   Coulomb (SR)   Coul. recip.
    1.48698e+03    1.40510e+04    6.44862e+04   -4.64906e+05    1.17632e+03
      Potential    Kinetic En.   Total Energy  Conserved En.    Temperature
   -3.75213e+05    6.24882e+04   -3.12725e+05   -3.11587e+05    2.97565e+02
 Pressure (bar)   Constr. rmsd
   -1.30735e+02    2.49857e-06

           Step           Time
          35000       70.00000

   Energies (kJ/mol)
           Bond            U-B    Proper Dih.  Improper Dih.      CMAP Dih.
    1.50469e+03    4.51036e+03    2.89402e+03    2.80750e+02   -6.96855e+02
          LJ-14     Coulomb-14        LJ (SR)   Coulomb (SR)   Coul. recip.
    1.47783e+03    1.41877e+04    6.43743e+04   -4.64114e+05    1.15802e+03
      Potential    Kinetic En.   Total Energy  Conserved En.    Temperature
   -3.74423e+05    6.21046e+04   -3.12319e+05   -3.11521e+05    2.95738e+02
 Pressure (bar)   Constr. rmsd
   -1.37945e+02    2.39592e-06

           Step           Time
          40000       80.00000

   Energies (kJ/mol)
           Bond            U-B    Proper Dih.  Improper Dih.      CMAP Dih.
    1.64731e+03    4.59100e+03    2.86921e+03    2.10988e+02   -6.20161e+02
          LJ-14     Coulomb-14        LJ (SR)   Coulomb (SR)   Coul. recip.
    1.47545e+03    1.40811e+04    6.57535e+04   -4.65846e+05    1.18224e+03
      Potential    Kinetic En.   Total Energy  Conserved En.    Temperature
   -3.74656e+05    6.24286e+04   -3.12227e+05   -3.11449e+05    2.97282e+02
 Pressure (bar)   Constr. rmsd
    1.37377e+02    2.41319e-06

           Step           Time
          45000       90.00000

   Energies (kJ/mol)
           Bond            U-B    Proper Dih.  Improper Dih.      CMAP Dih.
    1.68878e+03    4.69814e+03    2.84842e+03    2.59437e+02   -5.57097e+02
          LJ-14     Coulomb-14        LJ (SR)   Coulomb (SR)   Coul. recip.
    1.51140e+03    1.39854e+04    6.54398e+04   -4.64861e+05    1.18107e+03
      Potential    Kinetic En.   Total Energy  Conserved En.    Temperature
   -3.73806e+05    6.29756e+04   -3.10830e+05   -3.11405e+05    2.99886e+02
 Pressure (bar)   Constr. rmsd
    2.97179e+02    2.58262e-06

           Step           Time
          50000      100.00000

   Energies (kJ/mol)
           Bond            U-B    Proper Dih.  Improper Dih.      CMAP Dih.
    1.63485e+03    4.39284e+03    2.90627e+03    2.46743e+02   -6.36375e+02
          LJ-14     Coulomb-14        LJ (SR)   Coulomb (SR)   Coul. recip.
    1.44288e+03    1.40311e+04    6.50598e+04   -4.66071e+05    1.14124e+03
      Potential    Kinetic En.   Total Energy  Conserved En.    Temperature
   -3.75852e+05    6.19049e+04   -3.13947e+05   -3.11347e+05    2.94787e+02
 Pressure (bar)   Constr. rmsd
   -2.82280e+01    2.54326e-06

           Step           Time
          55000      110.00000

   Energies (kJ/mol)
           Bond            U-B    Proper Dih.  Improper Dih.      CMAP Dih.
    1.70172e+03    4.57075e+03    2.92689e+03    2.47586e+02   -6.68416e+02
          LJ-14     Coulomb-14        LJ (SR)   Coulomb (SR)   Coul. recip.
    1.49077e+03    1.42167e+04    6.47073e+04   -4.64000e+05    1.15650e+03
      Potential    Kinetic En.   Total Energy  Conserved En.    Temperature
   -3.73650e+05    6.27429e+04   -3.10907e+05   -3.11302e+05    2.98778e+02
 Pressure (bar)   Constr. rmsd
    1.20425e+01    2.44722e-06

           Step           Time
          60000      120.00000

   Energies (kJ/mol)
           Bond            U-B    Proper Dih.  Improper Dih.      CMAP Dih.
    1.67227e+03    4.55407e+03    2.86412e+03    2.75664e+02   -6.44209e+02
          LJ-14     Coulomb-14        LJ (SR)   Coulomb (SR)   Coul. recip.
    1.50114e+03    1.40883e+04    6.39754e+04   -4.63548e+05    1.11699e+03
      Potential    Kinetic En.   Total Energy  Conserved En.    Temperature
   -3.74144e+05    6.28933e+04   -3.11250e+05   -3.11236e+05    2.99494e+02
 Pressure (bar)   Constr. rmsd
   -2.36877e+02    2.89968e-06

           Step           Time
          65000      130.00000

   Energies (kJ/mol)
           Bond            U-B    Proper Dih.  Improper Dih.      CMAP Dih.
    1.62052e+03    4.71788e+03    2.83586e+03    2.46599e+02   -6.53546e+02
          LJ-14     Coulomb-14        LJ (SR)   Coulomb (SR)   Coul. recip.
    1.39908e+03    1.37717e+04    6.53240e+04   -4.65615e+05    1.12320e+03
      Potential    Kinetic En.   Total Energy  Conserved En.    Temperature
   -3.75230e+05    6.23941e+04   -3.12836e+05   -3.11185e+05    2.97117e+02
 Pressure (bar)   Constr. rmsd
    4.48096e+01    2.49007e-06

           Step           Time
          70000      140.00000

   Energies (kJ/mol)
           Bond            U-B    Proper Dih.  Improper Dih.      CMAP Dih.
    1.50863e+03    4.58180e+03    2.91945e+03    3.27164e+02   -6.68102e+02
          LJ-14     Coulomb-14        LJ (SR)   Coulomb (SR)   Coul. recip.
    1.50540e+03    1.41477e+04    6.48453e+04   -4.64651e+05    1.16870e+03
      Potential    Kinetic En.   Total Energy  Conserved En.    Temperature
   -3.74315e+05    6.22013e+04   -3.12114e+05   -3.11140e+05    2.96199e+02
 Pressure (bar)   Constr. rmsd
    3.46707e+01    2.82164e-06

           Step           Time
          75000      150.00000

   Energies (kJ/mol)
           Bond            U-B    Proper Dih.  Improper Dih.      CMAP Dih.
    1.77949e+03    4.45210e+03    2.89520e+03    2.57918e+02   -6.34873e+02
          LJ-14     Coulomb-14        LJ (SR)   Coulomb (SR)   Coul. recip.
    1.49493e+03    1.40198e+04    6.39226e+04   -4.63135e+05    1.18836e+03
      Potential    Kinetic En.   Total Energy  Conserved En.    Temperature
   -3.73760e+05    6.33057e+04   -3.10454e+05   -3.11093e+05    3.01458e+02
 Pressure (bar)   Constr. rmsd
   -6.92203e+01    2.62607e-06

Writing checkpoint, step 78240 at Fri Apr 22 05:56:59 2022


           Step           Time
          80000      160.00000

   Energies (kJ/mol)
           Bond            U-B    Proper Dih.  Improper Dih.      CMAP Dih.
    1.64556e+03    4.46086e+03    2.83824e+03    2.69531e+02   -5.81885e+02
          LJ-14     Coulomb-14        LJ (SR)   Coulomb (SR)   Coul. recip.
    1.50409e+03    1.41997e+04    6.52040e+04   -4.65621e+05    1.18059e+03
      Potential    Kinetic En.   Total Energy  Conserved En.    Temperature
   -3.74900e+05    6.28593e+04   -3.12041e+05   -3.11007e+05    2.99332e+02
 Pressure (bar)   Constr. rmsd
    2.46086e+02    2.79367e-06

           Step           Time
          85000      170.00000

   Energies (kJ/mol)
           Bond            U-B    Proper Dih.  Improper Dih.      CMAP Dih.
    1.55207e+03    4.74764e+03    2.91564e+03    2.61201e+02   -6.24451e+02
          LJ-14     Coulomb-14        LJ (SR)   Coulomb (SR)   Coul. recip.
    1.39711e+03    1.38077e+04    6.50522e+04   -4.64561e+05    1.10171e+03
      Potential    Kinetic En.   Total Energy  Conserved En.    Temperature
   -3.74350e+05    6.23971e+04   -3.11953e+05   -3.10969e+05    2.97131e+02
 Pressure (bar)   Constr. rmsd
    4.92181e+01    2.83092e-06

           Step           Time
          90000      180.00000

   Energies (kJ/mol)
           Bond            U-B    Proper Dih.  Improper Dih.      CMAP Dih.
    1.58753e+03    4.66759e+03    2.88977e+03    3.02624e+02   -6.17994e+02
          LJ-14     Coulomb-14        LJ (SR)   Coulomb (SR)   Coul. recip.
    1.45345e+03    1.40535e+04    6.51398e+04   -4.64582e+05    1.18127e+03
      Potential    Kinetic En.   Total Energy  Conserved En.    Temperature
   -3.73924e+05    6.23277e+04   -3.11596e+05   -3.10868e+05    2.96801e+02
 Pressure (bar)   Constr. rmsd
    5.44022e+01    2.81922e-06

           Step           Time
          95000      190.00000

   Energies (kJ/mol)
           Bond            U-B    Proper Dih.  Improper Dih.      CMAP Dih.
    1.63948e+03    4.62864e+03    2.95159e+03    2.98476e+02   -6.67640e+02
          LJ-14     Coulomb-14        LJ (SR)   Coulomb (SR)   Coul. recip.
    1.44363e+03    1.36740e+04    6.57607e+04   -4.66621e+05    1.15866e+03
      Potential    Kinetic En.   Total Energy  Conserved En.    Temperature
   -3.75734e+05    6.31260e+04   -3.12608e+05   -3.10832e+05    3.00602e+02
 Pressure (bar)   Constr. rmsd
    1.67573e+02    2.73905e-06

           Step           Time
         100000      200.00000

   Energies (kJ/mol)
           Bond            U-B    Proper Dih.  Improper Dih.      CMAP Dih.
    1.59724e+03    4.45286e+03    2.89837e+03    2.70771e+02   -6.25636e+02
          LJ-14     Coulomb-14        LJ (SR)   Coulomb (SR)   Coul. recip.
    1.43861e+03    1.40654e+04    6.55621e+04   -4.65800e+05    1.11236e+03
      Potential    Kinetic En.   Total Energy  Conserved En.    Temperature
   -3.75028e+05    6.25813e+04   -3.12447e+05   -3.10777e+05    2.98008e+02
 Pressure (bar)   Constr. rmsd
    1.17379e+02    2.85412e-06

           Step           Time
         105000      210.00000

   Energies (kJ/mol)
           Bond            U-B    Proper Dih.  Improper Dih.      CMAP Dih.
    1.65318e+03    4.57307e+03    2.89583e+03    2.59998e+02   -5.86682e+02
          LJ-14     Coulomb-14        LJ (SR)   Coulomb (SR)   Coul. recip.
    1.43910e+03    1.38510e+04    6.42850e+04   -4.65143e+05    1.12559e+03
      Potential    Kinetic En.   Total Energy  Conserved En.    Temperature
   -3.75647e+05    6.24761e+04   -3.13171e+05   -3.10715e+05    2.97508e+02
 Pressure (bar)   Constr. rmsd
   -3.13030e+02    2.82218e-06

           Step           Time
         110000      220.00000

   Energies (kJ/mol)
           Bond            U-B    Proper Dih.  Improper Dih.      CMAP Dih.
    1.50583e+03    4.74713e+03    2.86927e+03    2.53187e+02   -6.33412e+02
          LJ-14     Coulomb-14        LJ (SR)   Coulomb (SR)   Coul. recip.
    1.53426e+03    1.38391e+04    6.53175e+04   -4.65556e+05    1.19659e+03
      Potential    Kinetic En.   Total Energy  Conserved En.    Temperature
   -3.74926e+05    6.29802e+04   -3.11946e+05   -3.10651e+05    2.99908e+02
 Pressure (bar)   Constr. rmsd
    1.14805e+02    2.78712e-06

           Step           Time
         115000      230.00000

   Energies (kJ/mol)
           Bond            U-B    Proper Dih.  Improper Dih.      CMAP Dih.
    1.64144e+03    4.66391e+03    2.91962e+03    2.56580e+02   -6.48371e+02
          LJ-14     Coulomb-14        LJ (SR)   Coulomb (SR)   Coul. recip.
    1.42759e+03    1.40248e+04    6.51828e+04   -4.64340e+05    1.17285e+03
      Potential    Kinetic En.   Total Energy  Conserved En.    Temperature
   -3.73699e+05    6.30717e+04   -3.10627e+05   -3.10566e+05    3.00344e+02
 Pressure (bar)   Constr. rmsd
    2.22283e+01    2.36517e-06

           Step           Time
         120000      240.00000

   Energies (kJ/mol)
           Bond            U-B    Proper Dih.  Improper Dih.      CMAP Dih.
    1.60196e+03    4.47322e+03    2.94458e+03    2.85762e+02   -6.48138e+02
          LJ-14     Coulomb-14        LJ (SR)   Coulomb (SR)   Coul. recip.
    1.44109e+03    1.39808e+04    6.42734e+04   -4.64920e+05    1.18151e+03
      Potential    Kinetic En.   Total Energy  Conserved En.    Temperature
   -3.75385e+05    6.29552e+04   -3.12430e+05   -3.10519e+05    2.99789e+02
 Pressure (bar)   Constr. rmsd
   -2.60438e+02    2.72024e-06

           Step           Time
         125000      250.00000

   Energies (kJ/mol)
           Bond            U-B    Proper Dih.  Improper Dih.      CMAP Dih.
    1.68749e+03    4.61050e+03    2.90698e+03    2.67210e+02   -6.46105e+02
          LJ-14     Coulomb-14        LJ (SR)   Coulomb (SR)   Coul. recip.
    1.50070e+03    1.40860e+04    6.46539e+04   -4.62809e+05    1.14927e+03
      Potential    Kinetic En.   Total Energy  Conserved En.    Temperature
   -3.72593e+05    6.31254e+04   -3.09467e+05   -3.10440e+05    3.00599e+02
 Pressure (bar)   Constr. rmsd
    1.25435e+02    2.72575e-06

           Step           Time
         130000      260.00000

   Energies (kJ/mol)
           Bond            U-B    Proper Dih.  Improper Dih.      CMAP Dih.
    1.54353e+03    4.60286e+03    2.94824e+03    2.76330e+02   -6.80916e+02
          LJ-14     Coulomb-14        LJ (SR)   Coulomb (SR)   Coul. recip.
    1.45224e+03    1.38420e+04    6.64316e+04   -4.67113e+05    1.13251e+03
      Potential    Kinetic En.   Total Energy  Conserved En.    Temperature
   -3.75564e+05    6.21801e+04   -3.13384e+05   -3.10383e+05    2.96098e+02
 Pressure (bar)   Constr. rmsd
    2.37469e+02    2.47163e-06

           Step           Time
         135000      270.00000

   Energies (kJ/mol)
           Bond            U-B    Proper Dih.  Improper Dih.      CMAP Dih.
    1.50187e+03    4.58418e+03    2.94507e+03    2.66607e+02   -6.48076e+02
          LJ-14     Coulomb-14        LJ (SR)   Coulomb (SR)   Coul. recip.
    1.49106e+03    1.38949e+04    6.47924e+04   -4.64234e+05    1.14432e+03
      Potential    Kinetic En.   Total Energy  Conserved En.    Temperature
   -3.74261e+05    6.26896e+04   -3.11572e+05   -3.10343e+05    2.98524e+02
 Pressure (bar)   Constr. rmsd
    7.95140e+01    2.61280e-06

           Step           Time
         140000      280.00000

   Energies (kJ/mol)
           Bond            U-B    Proper Dih.  Improper Dih.      CMAP Dih.
    1.63707e+03    4.68787e+03    2.84526e+03    2.71494e+02   -6.42534e+02
          LJ-14     Coulomb-14        LJ (SR)   Coulomb (SR)   Coul. recip.
    1.45711e+03    1.37546e+04    6.51019e+04   -4.64556e+05    1.18134e+03
      Potential    Kinetic En.   Total Energy  Conserved En.    Temperature
   -3.74262e+05    6.32610e+04   -3.11001e+05   -3.10294e+05    3.01245e+02
 Pressure (bar)   Constr. rmsd
    1.46895e+02    3.30278e-06

           Step           Time
         145000      290.00000

   Energies (kJ/mol)
           Bond            U-B    Proper Dih.  Improper Dih.      CMAP Dih.
    1.55499e+03    4.48957e+03    2.87587e+03    2.61918e+02   -6.43915e+02
          LJ-14     Coulomb-14        LJ (SR)   Coulomb (SR)   Coul. recip.
    1.48321e+03    1.38375e+04    6.44184e+04   -4.64279e+05    1.14518e+03
      Potential    Kinetic En.   Total Energy  Conserved En.    Temperature
   -3.74856e+05    6.32325e+04   -3.11623e+05   -3.10225e+05    3.01109e+02
 Pressure (bar)   Constr. rmsd
   -6.85356e+00    2.42925e-06

           Step           Time
         150000      300.00000

   Energies (kJ/mol)
           Bond            U-B    Proper Dih.  Improper Dih.      CMAP Dih.
    1.76850e+03    4.74453e+03    2.88248e+03    2.67519e+02   -6.91738e+02
          LJ-14     Coulomb-14        LJ (SR)   Coulomb (SR)   Coul. recip.
    1.45357e+03    1.38157e+04    6.52172e+04   -4.64768e+05    1.16454e+03
      Potential    Kinetic En.   Total Energy  Conserved En.    Temperature
   -3.74146e+05    6.30758e+04   -3.11070e+05   -3.10172e+05    3.00363e+02
 Pressure (bar)   Constr. rmsd
    6.02738e+01    2.63266e-06

           Step           Time
         155000      310.00000

   Energies (kJ/mol)
           Bond            U-B    Proper Dih.  Improper Dih.      CMAP Dih.
    1.67000e+03    4.58292e+03    2.85149e+03    2.08063e+02   -6.47480e+02
          LJ-14     Coulomb-14        LJ (SR)   Coulomb (SR)   Coul. recip.
    1.44770e+03    1.39671e+04    6.56525e+04   -4.65472e+05    1.10085e+03
      Potential    Kinetic En.   Total Energy  Conserved En.    Temperature
   -3.74639e+05    6.23556e+04   -3.12283e+05   -3.10096e+05    2.96934e+02
 Pressure (bar)   Constr. rmsd
    1.27489e+02    2.94926e-06

Writing checkpoint, step 155520 at Fri Apr 22 06:12:00 2022


           Step           Time
         160000      320.00000

   Energies (kJ/mol)
           Bond            U-B    Proper Dih.  Improper Dih.      CMAP Dih.
    1.59108e+03    4.72694e+03    2.78870e+03    2.73373e+02   -6.44494e+02
          LJ-14     Coulomb-14        LJ (SR)   Coulomb (SR)   Coul. recip.
    1.45182e+03    1.36949e+04    6.54384e+04   -4.65768e+05    1.12496e+03
      Potential    Kinetic En.   Total Energy  Conserved En.    Temperature
   -3.75322e+05    6.12983e+04   -3.14024e+05   -3.10055e+05    2.91899e+02
 Pressure (bar)   Constr. rmsd
    1.15358e+02    2.69687e-06

           Step           Time
         165000      330.00000

   Energies (kJ/mol)
           Bond            U-B    Proper Dih.  Improper Dih.      CMAP Dih.
    1.79123e+03    4.59640e+03    2.82893e+03    2.76105e+02   -6.34156e+02
          LJ-14     Coulomb-14        LJ (SR)   Coulomb (SR)   Coul. recip.
    1.43952e+03    1.38303e+04    6.51140e+04   -4.65059e+05    1.18911e+03
      Potential    Kinetic En.   Total Energy  Conserved En.    Temperature
   -3.74627e+05    6.21435e+04   -3.12484e+05   -3.09962e+05    2.95924e+02
 Pressure (bar)   Constr. rmsd
   -2.21002e+02    2.64257e-06

           Step           Time
         170000      340.00000

   Energies (kJ/mol)
           Bond            U-B    Proper Dih.  Improper Dih.      CMAP Dih.
    1.65493e+03    4.61583e+03    2.88448e+03    2.76352e+02   -6.28725e+02
          LJ-14     Coulomb-14        LJ (SR)   Coulomb (SR)   Coul. recip.
    1.52675e+03    1.40944e+04    6.58554e+04   -4.65964e+05    1.16224e+03
      Potential    Kinetic En.   Total Energy  Conserved En.    Temperature
   -3.74523e+05    6.27451e+04   -3.11778e+05   -3.09906e+05    2.98788e+02
 Pressure (bar)   Constr. rmsd
    2.36923e+02    2.60412e-06

           Step           Time
         175000      350.00000

   Energies (kJ/mol)
           Bond            U-B    Proper Dih.  Improper Dih.      CMAP Dih.
    1.58651e+03    4.47341e+03    2.86515e+03    2.61041e+02   -6.72920e+02
          LJ-14     Coulomb-14        LJ (SR)   Coulomb (SR)   Coul. recip.
    1.48870e+03    1.39633e+04    6.53707e+04   -4.65195e+05    1.19578e+03
      Potential    Kinetic En.   Total Energy  Conserved En.    Temperature
   -3.74664e+05    6.25452e+04   -3.12118e+05   -3.09845e+05    2.97837e+02
 Pressure (bar)   Constr. rmsd
    2.09298e+02    2.73259e-06

           Step           Time
         180000      360.00000

   Energies (kJ/mol)
           Bond            U-B    Proper Dih.  Improper Dih.      CMAP Dih.
    1.66687e+03    4.74556e+03    2.99165e+03    2.74620e+02   -7.06522e+02
          LJ-14     Coulomb-14        LJ (SR)   Coulomb (SR)   Coul. recip.
    1.43868e+03    1.38632e+04    6.51403e+04   -4.64853e+05    1.14706e+03
      Potential    Kinetic En.   Total Energy  Conserved En.    Temperature
   -3.74292e+05    6.28671e+04   -3.11425e+05   -3.09782e+05    2.99370e+02
 Pressure (bar)   Constr. rmsd
    8.31262e+01    2.38868e-06

           Step           Time
         185000      370.00000

   Energies (kJ/mol)
           Bond            U-B    Proper Dih.  Improper Dih.      CMAP Dih.
    1.58156e+03    4.51812e+03    2.95090e+03    2.93826e+02   -6.89033e+02
          LJ-14     Coulomb-14        LJ (SR)   Coulomb (SR)   Coul. recip.
    1.50713e+03    1.38927e+04    6.55935e+04   -4.66285e+05    1.21487e+03
      Potential    Kinetic En.   Total Energy  Conserved En.    Temperature
   -3.75422e+05    6.27040e+04   -3.12718e+05   -3.09729e+05    2.98593e+02
 Pressure (bar)   Constr. rmsd
    1.39816e+02    2.61465e-06

           Step           Time
         190000      380.00000

   Energies (kJ/mol)
           Bond            U-B    Proper Dih.  Improper Dih.      CMAP Dih.
    1.60264e+03    4.58939e+03    2.90714e+03    2.50003e+02   -6.33111e+02
          LJ-14     Coulomb-14        LJ (SR)   Coulomb (SR)   Coul. recip.
    1.49961e+03    1.38017e+04    6.52466e+04   -4.65420e+05    1.18806e+03
      Potential    Kinetic En.   Total Energy  Conserved En.    Temperature
   -3.74968e+05    6.29508e+04   -3.12017e+05   -3.09673e+05    2.99768e+02
 Pressure (bar)   Constr. rmsd
    2.07830e+02    2.41572e-06

           Step           Time
         195000      390.00000

   Energies (kJ/mol)
           Bond            U-B    Proper Dih.  Improper Dih.      CMAP Dih.
    1.62690e+03    4.67075e+03    2.90798e+03    2.38142e+02   -6.29838e+02
          LJ-14     Coulomb-14        LJ (SR)   Coulomb (SR)   Coul. recip.
    1.43323e+03    1.38570e+04    6.49962e+04   -4.65152e+05    1.19046e+03
      Potential    Kinetic En.   Total Energy  Conserved En.    Temperature
   -3.74861e+05    6.23684e+04   -3.12493e+05   -3.09610e+05    2.96995e+02
 Pressure (bar)   Constr. rmsd
   -1.24297e+02    2.66045e-06

           Step           Time
         200000      400.00000

   Energies (kJ/mol)
           Bond            U-B    Proper Dih.  Improper Dih.      CMAP Dih.
    1.62268e+03    4.71426e+03    2.99495e+03    2.63733e+02   -6.26674e+02
          LJ-14     Coulomb-14        LJ (SR)   Coulomb (SR)   Coul. recip.
    1.43376e+03    1.38823e+04    6.52858e+04   -4.65388e+05    1.20403e+03
      Potential    Kinetic En.   Total Energy  Conserved En.    Temperature
   -3.74613e+05    6.27190e+04   -3.11894e+05   -3.09551e+05    2.98664e+02
 Pressure (bar)   Constr. rmsd
   -1.28108e+02    2.37501e-06

           Step           Time
         205000      410.00000

   Energies (kJ/mol)
           Bond            U-B    Proper Dih.  Improper Dih.      CMAP Dih.
    1.59890e+03    4.55065e+03    2.87995e+03    2.83931e+02   -5.84109e+02
          LJ-14     Coulomb-14        LJ (SR)   Coulomb (SR)   Coul. recip.
    1.42142e+03    1.38222e+04    6.63122e+04   -4.66148e+05    1.15870e+03
      Potential    Kinetic En.   Total Energy  Conserved En.    Temperature
   -3.74704e+05    6.20893e+04   -3.12615e+05   -3.09504e+05    2.95665e+02
 Pressure (bar)   Constr. rmsd
    2.29792e+02    2.84294e-06

           Step           Time
         210000      420.00000

   Energies (kJ/mol)
           Bond            U-B    Proper Dih.  Improper Dih.      CMAP Dih.
    1.60097e+03    4.85020e+03    2.91082e+03    2.74777e+02   -6.46400e+02
          LJ-14     Coulomb-14        LJ (SR)   Coulomb (SR)   Coul. recip.
    1.47609e+03    1.38656e+04    6.57646e+04   -4.66514e+05    1.13063e+03
      Potential    Kinetic En.   Total Energy  Conserved En.    Temperature
   -3.75286e+05    6.28774e+04   -3.12409e+05   -3.09452e+05    2.99419e+02
 Pressure (bar)   Constr. rmsd
    1.72677e+02    2.70660e-06

           Step           Time
         215000      430.00000

   Energies (kJ/mol)
           Bond            U-B    Proper Dih.  Improper Dih.      CMAP Dih.
    1.65026e+03    4.69998e+03    2.95121e+03    2.86184e+02   -6.54042e+02
          LJ-14     Coulomb-14        LJ (SR)   Coulomb (SR)   Coul. recip.
    1.45342e+03    1.39638e+04    6.48732e+04   -4.64394e+05    1.15962e+03
      Potential    Kinetic En.   Total Energy  Conserved En.    Temperature
   -3.74011e+05    6.27665e+04   -3.11244e+05   -3.09404e+05    2.98890e+02
 Pressure (bar)   Constr. rmsd
    7.56965e+01    2.95957e-06

           Step           Time
         220000      440.00000

   Energies (kJ/mol)
           Bond            U-B    Proper Dih.  Improper Dih.      CMAP Dih.
    1.66739e+03    4.72441e+03    2.95148e+03    2.54801e+02   -6.47593e+02
          LJ-14     Coulomb-14        LJ (SR)   Coulomb (SR)   Coul. recip.
    1.46988e+03    1.36645e+04    6.46110e+04   -4.65947e+05    1.19033e+03
      Potential    Kinetic En.   Total Energy  Conserved En.    Temperature
   -3.76060e+05    6.28814e+04   -3.13179e+05   -3.09345e+05    2.99438e+02
 Pressure (bar)   Constr. rmsd
    5.10014e+01    2.59256e-06

           Step           Time
         225000      450.00000

   Energies (kJ/mol)
           Bond            U-B    Proper Dih.  Improper Dih.      CMAP Dih.
    1.66819e+03    4.52983e+03    2.92681e+03    2.42219e+02   -6.72754e+02
          LJ-14     Coulomb-14        LJ (SR)   Coulomb (SR)   Coul. recip.
    1.48933e+03    1.40125e+04    6.57003e+04   -4.65518e+05    1.14164e+03
      Potential    Kinetic En.   Total Energy  Conserved En.    Temperature
   -3.74480e+05    6.24699e+04   -3.12010e+05   -3.09278e+05    2.97478e+02
 Pressure (bar)   Constr. rmsd
    3.74319e+02    2.57306e-06

           Step           Time
         230000      460.00000

   Energies (kJ/mol)
           Bond            U-B    Proper Dih.  Improper Dih.      CMAP Dih.
    1.56379e+03    4.42653e+03    2.85240e+03    2.48221e+02   -6.83166e+02
          LJ-14     Coulomb-14        LJ (SR)   Coulomb (SR)   Coul. recip.
    1.47884e+03    1.40582e+04    6.51231e+04   -4.65956e+05    1.16042e+03
      Potential    Kinetic En.   Total Energy  Conserved En.    Temperature
   -3.75728e+05    6.22274e+04   -3.13500e+05   -3.09242e+05    2.96323e+02
 Pressure (bar)   Constr. rmsd
    1.20198e+02    2.86445e-06

Writing checkpoint, step 232320 at Fri Apr 22 06:27:00 2022


           Step           Time
         235000      470.00000

   Energies (kJ/mol)
           Bond            U-B    Proper Dih.  Improper Dih.      CMAP Dih.
    1.59013e+03    4.47386e+03    2.86635e+03    2.61537e+02   -6.40547e+02
          LJ-14     Coulomb-14        LJ (SR)   Coulomb (SR)   Coul. recip.
    1.49690e+03    1.40158e+04    6.51474e+04   -4.65182e+05    1.21369e+03
      Potential    Kinetic En.   Total Energy  Conserved En.    Temperature
   -3.74756e+05    6.28212e+04   -3.11935e+05   -3.09196e+05    2.99151e+02
 Pressure (bar)   Constr. rmsd
    2.78183e+02    2.76396e-06

           Step           Time
         240000      480.00000

   Energies (kJ/mol)
           Bond            U-B    Proper Dih.  Improper Dih.      CMAP Dih.
    1.54905e+03    4.52840e+03    2.85548e+03    2.34374e+02   -6.31488e+02
          LJ-14     Coulomb-14        LJ (SR)   Coulomb (SR)   Coul. recip.
    1.49541e+03    1.40521e+04    6.40541e+04   -4.64131e+05    1.16166e+03
      Potential    Kinetic En.   Total Energy  Conserved En.    Temperature
   -3.74832e+05    6.27252e+04   -3.12107e+05   -3.09108e+05    2.98693e+02
 Pressure (bar)   Constr. rmsd
    7.58558e+01    2.42497e-06

           Step           Time
         245000      490.00000

   Energies (kJ/mol)
           Bond            U-B    Proper Dih.  Improper Dih.      CMAP Dih.
    1.50082e+03    4.64826e+03    2.91458e+03    2.71143e+02   -5.91492e+02
          LJ-14     Coulomb-14        LJ (SR)   Coulomb (SR)   Coul. recip.
    1.49682e+03    1.39952e+04    6.48898e+04   -4.65639e+05    1.15707e+03
      Potential    Kinetic En.   Total Energy  Conserved En.    Temperature
   -3.75357e+05    6.22316e+04   -3.13125e+05   -3.09061e+05    2.96343e+02
 Pressure (bar)   Constr. rmsd
    8.83447e+01    2.57604e-06

           Step           Time
         250000      500.00000

   Energies (kJ/mol)
           Bond            U-B    Proper Dih.  Improper Dih.      CMAP Dih.
    1.62651e+03    4.77215e+03    2.80750e+03    2.80108e+02   -6.24075e+02
          LJ-14     Coulomb-14        LJ (SR)   Coulomb (SR)   Coul. recip.
    1.50676e+03    1.38727e+04    6.48266e+04   -4.64428e+05    1.20635e+03
      Potential    Kinetic En.   Total Energy  Conserved En.    Temperature
   -3.74154e+05    6.22695e+04   -3.11884e+05   -3.09002e+05    2.96524e+02
 Pressure (bar)   Constr. rmsd
   -4.15397e+01    2.67058e-06

           Step           Time
         255000      510.00000

   Energies (kJ/mol)
           Bond            U-B    Proper Dih.  Improper Dih.      CMAP Dih.
    1.52826e+03    4.61529e+03    2.80482e+03    2.44441e+02   -6.52017e+02
          LJ-14     Coulomb-14        LJ (SR)   Coulomb (SR)   Coul. recip.
    1.49460e+03    1.40280e+04    6.44906e+04   -4.64112e+05    1.14097e+03
      Potential    Kinetic En.   Total Energy  Conserved En.    Temperature
   -3.74417e+05    6.30187e+04   -3.11399e+05   -3.08954e+05    3.00091e+02
 Pressure (bar)   Constr. rmsd
    1.04840e+01    2.69589e-06

           Step           Time
         260000      520.00000

   Energies (kJ/mol)
           Bond            U-B    Proper Dih.  Improper Dih.      CMAP Dih.
    1.55456e+03    4.93523e+03    2.87789e+03    2.65149e+02   -6.35179e+02
          LJ-14     Coulomb-14        LJ (SR)   Coulomb (SR)   Coul. recip.
    1.47403e+03    1.36086e+04    6.51432e+04   -4.64317e+05    1.16633e+03
      Potential    Kinetic En.   Total Energy  Conserved En.    Temperature
   -3.73927e+05    6.23790e+04   -3.11548e+05   -3.08892e+05    2.97045e+02
 Pressure (bar)   Constr. rmsd
   -4.48187e+01    2.69594e-06

           Step           Time
         265000      530.00000

   Energies (kJ/mol)
           Bond            U-B    Proper Dih.  Improper Dih.      CMAP Dih.
    1.70348e+03    4.72421e+03    2.98332e+03    2.94325e+02   -6.56510e+02
          LJ-14     Coulomb-14        LJ (SR)   Coulomb (SR)   Coul. recip.
    1.43803e+03    1.38307e+04    6.47975e+04   -4.64324e+05    1.14532e+03
      Potential    Kinetic En.   Total Energy  Conserved En.    Temperature
   -3.74063e+05    6.29049e+04   -3.11159e+05   -3.08843e+05    2.99549e+02
 Pressure (bar)   Constr. rmsd
   -1.14817e+00    2.61850e-06

           Step           Time
         270000      540.00000

   Energies (kJ/mol)
           Bond            U-B    Proper Dih.  Improper Dih.      CMAP Dih.
    1.53696e+03    4.48874e+03    2.96202e+03    2.77873e+02   -6.46902e+02
          LJ-14     Coulomb-14        LJ (SR)   Coulomb (SR)   Coul. recip.
    1.49837e+03    1.41298e+04    6.46141e+04   -4.63741e+05    1.17971e+03
      Potential    Kinetic En.   Total Energy  Conserved En.    Temperature
   -3.73700e+05    6.26869e+04   -3.11014e+05   -3.08776e+05    2.98511e+02
 Pressure (bar)   Constr. rmsd
    9.96828e+01    2.82024e-06

           Step           Time
         275000      550.00000

   Energies (kJ/mol)
           Bond            U-B    Proper Dih.  Improper Dih.      CMAP Dih.
    1.63568e+03    4.34253e+03    2.99069e+03    2.91420e+02   -6.42865e+02
          LJ-14     Coulomb-14        LJ (SR)   Coulomb (SR)   Coul. recip.
    1.49906e+03    1.42228e+04    6.50561e+04   -4.64436e+05    1.13498e+03
      Potential    Kinetic En.   Total Energy  Conserved En.    Temperature
   -3.73906e+05    6.25848e+04   -3.11321e+05   -3.08733e+05    2.98025e+02
 Pressure (bar)   Constr. rmsd
    2.08210e+02    3.18447e-06

           Step           Time
         280000      560.00000

   Energies (kJ/mol)
           Bond            U-B    Proper Dih.  Improper Dih.      CMAP Dih.
    1.67422e+03    4.43688e+03    2.91497e+03    2.76232e+02   -6.46177e+02
          LJ-14     Coulomb-14        LJ (SR)   Coulomb (SR)   Coul. recip.
    1.46045e+03    1.40064e+04    6.36196e+04   -4.62860e+05    1.16523e+03
      Potential    Kinetic En.   Total Energy  Conserved En.    Temperature
   -3.73952e+05    6.25901e+04   -3.11362e+05   -3.08670e+05    2.98051e+02
 Pressure (bar)   Constr. rmsd
   -3.82548e+02    2.55217e-06

           Step           Time
         285000      570.00000

   Energies (kJ/mol)
           Bond            U-B    Proper Dih.  Improper Dih.      CMAP Dih.
    1.53589e+03    4.53300e+03    2.91732e+03    2.62926e+02   -6.33595e+02
          LJ-14     Coulomb-14        LJ (SR)   Coulomb (SR)   Coul. recip.
    1.38904e+03    1.40332e+04    6.54845e+04   -4.66115e+05    1.16872e+03
      Potential    Kinetic En.   Total Energy  Conserved En.    Temperature
   -3.75424e+05    6.25180e+04   -3.12906e+05   -3.08612e+05    2.97707e+02
 Pressure (bar)   Constr. rmsd
    9.54358e+01    2.75365e-06

           Step           Time
         290000      580.00000

   Energies (kJ/mol)
           Bond            U-B    Proper Dih.  Improper Dih.      CMAP Dih.
    1.52648e+03    4.53821e+03    2.94089e+03    2.78787e+02   -6.01892e+02
          LJ-14     Coulomb-14        LJ (SR)   Coulomb (SR)   Coul. recip.
    1.47897e+03    1.39094e+04    6.44298e+04   -4.64503e+05    1.16696e+03
      Potential    Kinetic En.   Total Energy  Conserved En.    Temperature
   -3.74835e+05    6.20731e+04   -3.12762e+05   -3.08531e+05    2.95589e+02
 Pressure (bar)   Constr. rmsd
   -3.69727e+01    2.61827e-06

           Step           Time
         295000      590.00000

   Energies (kJ/mol)
           Bond            U-B    Proper Dih.  Improper Dih.      CMAP Dih.
    1.64153e+03    4.69489e+03    2.91628e+03    2.74154e+02   -6.28012e+02
          LJ-14     Coulomb-14        LJ (SR)   Coulomb (SR)   Coul. recip.
    1.43332e+03    1.39607e+04    6.52790e+04   -4.64925e+05    1.15388e+03
      Potential    Kinetic En.   Total Energy  Conserved En.    Temperature
   -3.74199e+05    6.27920e+04   -3.11408e+05   -3.08452e+05    2.99012e+02
 Pressure (bar)   Constr. rmsd
    1.44338e+02    2.79900e-06

           Step           Time
         300000      600.00000

   Energies (kJ/mol)
           Bond            U-B    Proper Dih.  Improper Dih.      CMAP Dih.
    1.49736e+03    4.48653e+03    2.84327e+03    2.42534e+02   -6.18223e+02
          LJ-14     Coulomb-14        LJ (SR)   Coulomb (SR)   Coul. recip.
    1.51945e+03    1.40479e+04    6.54474e+04   -4.64960e+05    1.18796e+03
      Potential    Kinetic En.   Total Energy  Conserved En.    Temperature
   -3.74306e+05    6.24941e+04   -3.11812e+05   -3.08391e+05    2.97593e+02
 Pressure (bar)   Constr. rmsd
    1.33209e+02    2.37201e-06

           Step           Time
         305000      610.00000

   Energies (kJ/mol)
           Bond            U-B    Proper Dih.  Improper Dih.      CMAP Dih.
    1.60717e+03    4.55120e+03    2.91722e+03    2.81675e+02   -6.45208e+02
          LJ-14     Coulomb-14        LJ (SR)   Coulomb (SR)   Coul. recip.
    1.46113e+03    1.39869e+04    6.48734e+04   -4.64669e+05    1.15780e+03
      Potential    Kinetic En.   Total Energy  Conserved En.    Temperature
   -3.74477e+05    6.30906e+04   -3.11387e+05   -3.08335e+05    3.00434e+02
 Pressure (bar)   Constr. rmsd
   -2.70595e+01    2.64917e-06

Writing checkpoint, step 307840 at Fri Apr 22 06:42:00 2022


           Step           Time
         310000      620.00000

   Energies (kJ/mol)
           Bond            U-B    Proper Dih.  Improper Dih.      CMAP Dih.
    1.49829e+03    4.57256e+03    2.83492e+03    2.62461e+02   -6.28211e+02
          LJ-14     Coulomb-14        LJ (SR)   Coulomb (SR)   Coul. recip.
    1.48671e+03    1.39198e+04    6.49511e+04   -4.65531e+05    1.19330e+03
      Potential    Kinetic En.   Total Energy  Conserved En.    Temperature
   -3.75440e+05    6.24326e+04   -3.13008e+05   -3.08282e+05    2.97300e+02
 Pressure (bar)   Constr. rmsd
    1.39877e+02    2.66729e-06

           Step           Time
         315000      630.00000

   Energies (kJ/mol)
           Bond            U-B    Proper Dih.  Improper Dih.      CMAP Dih.
    1.51990e+03    4.52665e+03    2.91324e+03    2.34268e+02   -6.76984e+02
          LJ-14     Coulomb-14        LJ (SR)   Coulomb (SR)   Coul. recip.
    1.45275e+03    1.40621e+04    6.55591e+04   -4.66265e+05    1.14026e+03
      Potential    Kinetic En.   Total Energy  Conserved En.    Temperature
   -3.75534e+05    6.25107e+04   -3.13023e+05   -3.08233e+05    2.97672e+02
 Pressure (bar)   Constr. rmsd
    4.15309e+01    3.42205e-06

           Step           Time
         320000      640.00000

   Energies (kJ/mol)
           Bond            U-B    Proper Dih.  Improper Dih.      CMAP Dih.
    1.69790e+03    4.64351e+03    2.92897e+03    3.08459e+02   -6.95743e+02
          LJ-14     Coulomb-14        LJ (SR)   Coulomb (SR)   Coul. recip.
    1.43961e+03    1.39507e+04    6.51845e+04   -4.65557e+05    1.17598e+03
      Potential    Kinetic En.   Total Energy  Conserved En.    Temperature
   -3.74924e+05    6.24816e+04   -3.12442e+05   -3.08153e+05    2.97534e+02
 Pressure (bar)   Constr. rmsd
   -1.64174e+00    2.95650e-06

           Step           Time
         325000      650.00000

   Energies (kJ/mol)
           Bond            U-B    Proper Dih.  Improper Dih.      CMAP Dih.
    1.73824e+03    4.60501e+03    2.95198e+03    2.49147e+02   -6.62943e+02
          LJ-14     Coulomb-14        LJ (SR)   Coulomb (SR)   Coul. recip.
    1.41354e+03    1.40695e+04    6.38943e+04   -4.63534e+05    1.18894e+03
      Potential    Kinetic En.   Total Energy  Conserved En.    Temperature
   -3.74086e+05    6.29287e+04   -3.11157e+05   -3.08093e+05    2.99663e+02
 Pressure (bar)   Constr. rmsd
   -2.60712e+02    2.47497e-06

           Step           Time
         330000      660.00000

   Energies (kJ/mol)
           Bond            U-B    Proper Dih.  Improper Dih.      CMAP Dih.
    1.51624e+03    4.48096e+03    2.85157e+03    2.75038e+02   -6.44800e+02
          LJ-14     Coulomb-14        LJ (SR)   Coulomb (SR)   Coul. recip.
    1.42900e+03    1.40809e+04    6.50650e+04   -4.65552e+05    1.21104e+03
      Potential    Kinetic En.   Total Energy  Conserved En.    Temperature
   -3.75287e+05    6.16030e+04   -3.13684e+05   -3.08023e+05    2.93350e+02
 Pressure (bar)   Constr. rmsd
   -1.81776e+02    2.76374e-06

           Step           Time
         335000      670.00000

   Energies (kJ/mol)
           Bond            U-B    Proper Dih.  Improper Dih.      CMAP Dih.
    1.59221e+03    4.61422e+03    2.87876e+03    2.40712e+02   -6.22732e+02
          LJ-14     Coulomb-14        LJ (SR)   Coulomb (SR)   Coul. recip.
    1.40614e+03    1.38435e+04    6.55205e+04   -4.65727e+05    1.16540e+03
      Potential    Kinetic En.   Total Energy  Conserved En.    Temperature
   -3.75089e+05    6.19095e+04   -3.13179e+05   -3.07976e+05    2.94809e+02
 Pressure (bar)   Constr. rmsd
   -3.19674e+00    2.93542e-06

           Step           Time
         340000      680.00000

   Energies (kJ/mol)
           Bond            U-B    Proper Dih.  Improper Dih.      CMAP Dih.
    1.61955e+03    4.68424e+03    2.87258e+03    2.77914e+02   -6.49360e+02
          LJ-14     Coulomb-14        LJ (SR)   Coulomb (SR)   Coul. recip.
    1.46824e+03    1.40264e+04    6.41451e+04   -4.63900e+05    1.15703e+03
      Potential    Kinetic En.   Total Energy  Conserved En.    Temperature
   -3.74298e+05    6.25337e+04   -3.11764e+05   -3.07899e+05    2.97782e+02
 Pressure (bar)   Constr. rmsd
   -1.88153e+02    2.68822e-06

           Step           Time
         345000      690.00000

   Energies (kJ/mol)
           Bond            U-B    Proper Dih.  Improper Dih.      CMAP Dih.
    1.58718e+03    4.57579e+03    2.82668e+03    2.33310e+02   -6.74703e+02
          LJ-14     Coulomb-14        LJ (SR)   Coulomb (SR)   Coul. recip.
    1.46184e+03    1.39615e+04    6.58173e+04   -4.67067e+05    1.18572e+03
      Potential    Kinetic En.   Total Energy  Conserved En.    Temperature
   -3.76093e+05    6.21043e+04   -3.13989e+05   -3.07848e+05    2.95737e+02
 Pressure (bar)   Constr. rmsd
    3.68881e+01    2.68291e-06

           Step           Time
         350000      700.00000

   Energies (kJ/mol)
           Bond            U-B    Proper Dih.  Improper Dih.      CMAP Dih.
    1.69791e+03    4.49471e+03    2.93832e+03    2.73159e+02   -6.60731e+02
          LJ-14     Coulomb-14        LJ (SR)   Coulomb (SR)   Coul. recip.
    1.48293e+03    1.38562e+04    6.41457e+04   -4.64586e+05    1.21140e+03
      Potential    Kinetic En.   Total Energy  Conserved En.    Temperature
   -3.75146e+05    6.21629e+04   -3.12984e+05   -3.07789e+05    2.96016e+02
 Pressure (bar)   Constr. rmsd
   -1.81579e+02    2.47046e-06

           Step           Time
         355000      710.00000

   Energies (kJ/mol)
           Bond            U-B    Proper Dih.  Improper Dih.      CMAP Dih.
    1.56807e+03    4.57445e+03    2.89940e+03    2.64233e+02   -6.73677e+02
          LJ-14     Coulomb-14        LJ (SR)   Coulomb (SR)   Coul. recip.
    1.49433e+03    1.41139e+04    6.35606e+04   -4.62694e+05    1.18988e+03
      Potential    Kinetic En.   Total Energy  Conserved En.    Temperature
   -3.73703e+05    6.34008e+04   -3.10302e+05   -3.07747e+05    3.01911e+02
 Pressure (bar)   Constr. rmsd
   -5.24771e+01    2.98857e-06

           Step           Time
         360000      720.00000

   Energies (kJ/mol)
           Bond            U-B    Proper Dih.  Improper Dih.      CMAP Dih.
    1.65256e+03    4.59259e+03    2.91808e+03    2.67962e+02   -7.00976e+02
          LJ-14     Coulomb-14        LJ (SR)   Coulomb (SR)   Coul. recip.
    1.43356e+03    1.40996e+04    6.44988e+04   -4.64980e+05    1.14137e+03
      Potential    Kinetic En.   Total Energy  Conserved En.    Temperature
   -3.75077e+05    6.26387e+04   -3.12438e+05   -3.07675e+05    2.98282e+02
 Pressure (bar)   Constr. rmsd
   -1.23159e+02    2.81031e-06

           Step           Time
         365000      730.00000

   Energies (kJ/mol)
           Bond            U-B    Proper Dih.  Improper Dih.      CMAP Dih.
    1.55654e+03    4.74799e+03    3.01117e+03    2.65182e+02   -6.65244e+02
          LJ-14     Coulomb-14        LJ (SR)   Coulomb (SR)   Coul. recip.
    1.47667e+03    1.39788e+04    6.60723e+04   -4.65947e+05    1.14077e+03
      Potential    Kinetic En.   Total Energy  Conserved En.    Temperature
   -3.74363e+05    6.32879e+04   -3.11075e+05   -3.07613e+05    3.01373e+02
 Pressure (bar)   Constr. rmsd
    4.65804e+02    2.47908e-06

           Step           Time
         370000      740.00000

   Energies (kJ/mol)
           Bond            U-B    Proper Dih.  Improper Dih.      CMAP Dih.
    1.56968e+03    4.46771e+03    2.88980e+03    2.84931e+02   -6.61198e+02
          LJ-14     Coulomb-14        LJ (SR)   Coulomb (SR)   Coul. recip.
    1.54317e+03    1.41922e+04    6.51660e+04   -4.65329e+05    1.09309e+03
      Potential    Kinetic En.   Total Energy  Conserved En.    Temperature
   -3.74784e+05    6.22005e+04   -3.12583e+05   -3.07535e+05    2.96195e+02
 Pressure (bar)   Constr. rmsd
    2.14828e+02    2.59692e-06

           Step           Time
         375000      750.00000

   Energies (kJ/mol)
           Bond            U-B    Proper Dih.  Improper Dih.      CMAP Dih.
    1.78496e+03    4.51681e+03    2.94212e+03    2.89042e+02   -6.67850e+02
          LJ-14     Coulomb-14        LJ (SR)   Coulomb (SR)   Coul. recip.
    1.47789e+03    1.39736e+04    6.67485e+04   -4.66735e+05    1.22873e+03
      Potential    Kinetic En.   Total Energy  Conserved En.    Temperature
   -3.74441e+05    6.31243e+04   -3.11317e+05   -3.07459e+05    3.00594e+02
 Pressure (bar)   Constr. rmsd
    3.92727e+02    2.88083e-06

           Step           Time
         380000      760.00000

   Energies (kJ/mol)
           Bond            U-B    Proper Dih.  Improper Dih.      CMAP Dih.
    1.47193e+03    4.65835e+03    2.92603e+03    2.66065e+02   -6.59231e+02
          LJ-14     Coulomb-14        LJ (SR)   Coulomb (SR)   Coul. recip.
    1.46602e+03    1.39311e+04    6.51828e+04   -4.65514e+05    1.12847e+03
      Potential    Kinetic En.   Total Energy  Conserved En.    Temperature
   -3.75143e+05    6.23763e+04   -3.12766e+05   -3.07391e+05    2.97032e+02
 Pressure (bar)   Constr. rmsd
    1.01845e+01    2.61993e-06

Writing checkpoint, step 382720 at Fri Apr 22 06:56:59 2022


           Step           Time
         385000      770.00000

   Energies (kJ/mol)
           Bond            U-B    Proper Dih.  Improper Dih.      CMAP Dih.
    1.65115e+03    4.59681e+03    2.92512e+03    2.66699e+02   -7.40570e+02
          LJ-14     Coulomb-14        LJ (SR)   Coulomb (SR)   Coul. recip.
    1.44647e+03    1.39288e+04    6.60531e+04   -4.66100e+05    1.15614e+03
      Potential    Kinetic En.   Total Energy  Conserved En.    Temperature
   -3.74817e+05    6.17869e+04   -3.13030e+05   -3.07328e+05    2.94225e+02
 Pressure (bar)   Constr. rmsd
    2.20266e+02    3.00198e-06

           Step           Time
         390000      780.00000

   Energies (kJ/mol)
           Bond            U-B    Proper Dih.  Improper Dih.      CMAP Dih.
    1.57190e+03    4.63806e+03    2.93185e+03    2.86220e+02   -6.61411e+02
          LJ-14     Coulomb-14        LJ (SR)   Coulomb (SR)   Coul. recip.
    1.44072e+03    1.40046e+04    6.41267e+04   -4.63772e+05    1.12549e+03
      Potential    Kinetic En.   Total Energy  Conserved En.    Temperature
   -3.74308e+05    6.21980e+04   -3.12110e+05   -3.07288e+05    2.96183e+02
 Pressure (bar)   Constr. rmsd
   -6.60017e+01    2.65733e-06

           Step           Time
         395000      790.00000

   Energies (kJ/mol)
           Bond            U-B    Proper Dih.  Improper Dih.      CMAP Dih.
    1.61897e+03    4.48543e+03    2.88166e+03    2.59764e+02   -7.02714e+02
          LJ-14     Coulomb-14        LJ (SR)   Coulomb (SR)   Coul. recip.
    1.44255e+03    1.39873e+04    6.48455e+04   -4.64740e+05    1.15719e+03
      Potential    Kinetic En.   Total Energy  Conserved En.    Temperature
   -3.74764e+05    6.24365e+04   -3.12327e+05   -3.07241e+05    2.97319e+02
 Pressure (bar)   Constr. rmsd
   -1.35941e+02    2.87583e-06

           Step           Time
         400000      800.00000

   Energies (kJ/mol)
           Bond            U-B    Proper Dih.  Improper Dih.      CMAP Dih.
    1.44436e+03    4.76622e+03    2.91428e+03    2.47358e+02   -6.85223e+02
          LJ-14     Coulomb-14        LJ (SR)   Coulomb (SR)   Coul. recip.
    1.47843e+03    1.39312e+04    6.50592e+04   -4.65080e+05    1.20213e+03
      Potential    Kinetic En.   Total Energy  Conserved En.    Temperature
   -3.74722e+05    6.20914e+04   -3.12631e+05   -3.07188e+05    2.95675e+02
 Pressure (bar)   Constr. rmsd
    2.04960e+02    2.73918e-06

           Step           Time
         405000      810.00000

   Energies (kJ/mol)
           Bond            U-B    Proper Dih.  Improper Dih.      CMAP Dih.
    1.65156e+03    4.52774e+03    2.89897e+03    2.42488e+02   -6.49170e+02
          LJ-14     Coulomb-14        LJ (SR)   Coulomb (SR)   Coul. recip.
    1.43431e+03    1.38910e+04    6.51356e+04   -4.66211e+05    1.15364e+03
      Potential    Kinetic En.   Total Energy  Conserved En.    Temperature
   -3.75925e+05    6.25596e+04   -3.13366e+05   -3.07114e+05    2.97905e+02
 Pressure (bar)   Constr. rmsd
   -3.75546e+02    2.52889e-06

           Step           Time
         410000      820.00000

   Energies (kJ/mol)
           Bond            U-B    Proper Dih.  Improper Dih.      CMAP Dih.
    1.63015e+03    4.74249e+03    2.91993e+03    2.82907e+02   -6.26996e+02
          LJ-14     Coulomb-14        LJ (SR)   Coulomb (SR)   Coul. recip.
    1.45197e+03    1.36437e+04    6.49137e+04   -4.64424e+05    1.14115e+03
      Potential    Kinetic En.   Total Energy  Conserved En.    Temperature
   -3.74325e+05    6.25413e+04   -3.11784e+05   -3.07036e+05    2.97818e+02
 Pressure (bar)   Constr. rmsd
    9.89447e+01    3.27352e-06

           Step           Time
         415000      830.00000

   Energies (kJ/mol)
           Bond            U-B    Proper Dih.  Improper Dih.      CMAP Dih.
    1.63757e+03    4.57080e+03    2.84491e+03    2.84547e+02   -5.64013e+02
          LJ-14     Coulomb-14        LJ (SR)   Coulomb (SR)   Coul. recip.
    1.46895e+03    1.38615e+04    6.49969e+04   -4.64851e+05    1.17394e+03
      Potential    Kinetic En.   Total Energy  Conserved En.    Temperature
   -3.74576e+05    6.23337e+04   -3.12242e+05   -3.06980e+05    2.96830e+02
 Pressure (bar)   Constr. rmsd
    2.44686e+01    2.49244e-06

           Step           Time
         420000      840.00000

   Energies (kJ/mol)
           Bond            U-B    Proper Dih.  Improper Dih.      CMAP Dih.
    1.65142e+03    4.37464e+03    2.92517e+03    3.04407e+02   -6.61534e+02
          LJ-14     Coulomb-14        LJ (SR)   Coulomb (SR)   Coul. recip.
    1.48543e+03    1.41545e+04    6.48424e+04   -4.64703e+05    1.17731e+03
      Potential    Kinetic En.   Total Energy  Conserved En.    Temperature
   -3.74450e+05    6.27394e+04   -3.11710e+05   -3.06915e+05    2.98761e+02
 Pressure (bar)   Constr. rmsd
   -8.24245e+01    2.48287e-06

           Step           Time
         425000      850.00000

   Energies (kJ/mol)
           Bond            U-B    Proper Dih.  Improper Dih.      CMAP Dih.
    1.64471e+03    4.68990e+03    2.87377e+03    2.75865e+02   -6.56273e+02
          LJ-14     Coulomb-14        LJ (SR)   Coulomb (SR)   Coul. recip.
    1.45997e+03    1.39175e+04    6.41076e+04   -4.62462e+05    1.17356e+03
      Potential    Kinetic En.   Total Energy  Conserved En.    Temperature
   -3.72976e+05    6.26147e+04   -3.10361e+05   -3.06846e+05    2.98168e+02
 Pressure (bar)   Constr. rmsd
   -2.96386e+02    2.70732e-06

           Step           Time
         430000      860.00000

   Energies (kJ/mol)
           Bond            U-B    Proper Dih.  Improper Dih.      CMAP Dih.
    1.62306e+03    4.82257e+03    2.95724e+03    2.78248e+02   -6.83197e+02
          LJ-14     Coulomb-14        LJ (SR)   Coulomb (SR)   Coul. recip.
    1.41755e+03    1.40363e+04    6.43289e+04   -4.63326e+05    1.11310e+03
      Potential    Kinetic En.   Total Energy  Conserved En.    Temperature
   -3.73432e+05    6.30349e+04   -3.10397e+05   -3.06819e+05    3.00169e+02
 Pressure (bar)   Constr. rmsd
   -8.21671e+01    2.70200e-06

           Step           Time
         435000      870.00000

   Energies (kJ/mol)
           Bond            U-B    Proper Dih.  Improper Dih.      CMAP Dih.
    1.75907e+03    4.76273e+03    2.96338e+03    2.54624e+02   -6.80004e+02
          LJ-14     Coulomb-14        LJ (SR)   Coulomb (SR)   Coul. recip.
    1.43500e+03    1.36682e+04    6.47226e+04   -4.64004e+05    1.15070e+03
      Potential    Kinetic En.   Total Energy  Conserved En.    Temperature
   -3.73968e+05    6.26558e+04   -3.11312e+05   -3.06743e+05    2.98363e+02
 Pressure (bar)   Constr. rmsd
   -1.06337e+02    3.24870e-06

           Step           Time
         440000      880.00000

   Energies (kJ/mol)
           Bond            U-B    Proper Dih.  Improper Dih.      CMAP Dih.
    1.53623e+03    4.39342e+03    2.92482e+03    2.65865e+02   -6.62839e+02
          LJ-14     Coulomb-14        LJ (SR)   Coulomb (SR)   Coul. recip.
    1.53596e+03    1.41404e+04    6.57182e+04   -4.66220e+05    1.13467e+03
      Potential    Kinetic En.   Total Energy  Conserved En.    Temperature
   -3.75233e+05    6.30711e+04   -3.12162e+05   -3.06688e+05    3.00341e+02
 Pressure (bar)   Constr. rmsd
    1.79829e+02    2.59412e-06

           Step           Time
         445000      890.00000

   Energies (kJ/mol)
           Bond            U-B    Proper Dih.  Improper Dih.      CMAP Dih.
    1.65211e+03    4.34891e+03    2.87699e+03    2.58094e+02   -6.58523e+02
          LJ-14     Coulomb-14        LJ (SR)   Coulomb (SR)   Coul. recip.
    1.45851e+03    1.41881e+04    6.51733e+04   -4.65798e+05    1.15944e+03
      Potential    Kinetic En.   Total Energy  Conserved En.    Temperature
   -3.75342e+05    6.29362e+04   -3.12405e+05   -3.06646e+05    2.99699e+02
 Pressure (bar)   Constr. rmsd
   -2.87786e+02    2.90945e-06

           Step           Time
         450000      900.00000

   Energies (kJ/mol)
           Bond            U-B    Proper Dih.  Improper Dih.      CMAP Dih.
    1.62689e+03    4.65210e+03    2.96614e+03    2.41955e+02   -6.51795e+02
          LJ-14     Coulomb-14        LJ (SR)   Coulomb (SR)   Coul. recip.
    1.41026e+03    1.39199e+04    6.46374e+04   -4.64255e+05    1.19374e+03
      Potential    Kinetic En.   Total Energy  Conserved En.    Temperature
   -3.74259e+05    6.31034e+04   -3.11155e+05   -3.06596e+05    3.00495e+02
 Pressure (bar)   Constr. rmsd
   -1.42689e+02    2.55495e-06

           Step           Time
         455000      910.00000

   Energies (kJ/mol)
           Bond            U-B    Proper Dih.  Improper Dih.      CMAP Dih.
    1.70040e+03    4.51931e+03    2.88400e+03    2.44893e+02   -6.43898e+02
          LJ-14     Coulomb-14        LJ (SR)   Coulomb (SR)   Coul. recip.
    1.43092e+03    1.40630e+04    6.50662e+04   -4.64685e+05    1.17671e+03
      Potential    Kinetic En.   Total Energy  Conserved En.    Temperature
   -3.74244e+05    6.31059e+04   -3.11138e+05   -3.06524e+05    3.00507e+02
 Pressure (bar)   Constr. rmsd
   -2.55161e+02    2.73506e-06

Writing checkpoint, step 458240 at Fri Apr 22 07:12:00 2022


           Step           Time
         460000      920.00000

   Energies (kJ/mol)
           Bond            U-B    Proper Dih.  Improper Dih.      CMAP Dih.
    1.71991e+03    4.45822e+03    2.84545e+03    2.79568e+02   -6.47805e+02
          LJ-14     Coulomb-14        LJ (SR)   Coulomb (SR)   Coul. recip.
    1.43358e+03    1.40291e+04    6.55143e+04   -4.65352e+05    1.15731e+03
      Potential    Kinetic En.   Total Energy  Conserved En.    Temperature
   -3.74562e+05    6.21951e+04   -3.12367e+05   -3.06477e+05    2.96170e+02
 Pressure (bar)   Constr. rmsd
   -9.83729e+01    2.77627e-06

           Step           Time
         465000      930.00000

   Energies (kJ/mol)
           Bond            U-B    Proper Dih.  Improper Dih.      CMAP Dih.
    1.58768e+03    4.41423e+03    2.92046e+03    2.58470e+02   -6.41934e+02
          LJ-14     Coulomb-14        LJ (SR)   Coulomb (SR)   Coul. recip.
    1.50027e+03    1.41088e+04    6.45697e+04   -4.64943e+05    1.17431e+03
      Potential    Kinetic En.   Total Energy  Conserved En.    Temperature
   -3.75051e+05    6.28853e+04   -3.12166e+05   -3.06415e+05    2.99456e+02
 Pressure (bar)   Constr. rmsd
    1.25632e+01    2.75561e-06

           Step           Time
         470000      940.00000

   Energies (kJ/mol)
           Bond            U-B    Proper Dih.  Improper Dih.      CMAP Dih.
    1.61950e+03    4.68114e+03    2.93504e+03    2.46684e+02   -6.79542e+02
          LJ-14     Coulomb-14        LJ (SR)   Coulomb (SR)   Coul. recip.
    1.40290e+03    1.39992e+04    6.43482e+04   -4.65063e+05    1.14017e+03
      Potential    Kinetic En.   Total Energy  Conserved En.    Temperature
   -3.75370e+05    6.25367e+04   -3.12833e+05   -3.06347e+05    2.97796e+02
 Pressure (bar)   Constr. rmsd
   -3.39257e+02    2.65741e-06

           Step           Time
         475000      950.00000

   Energies (kJ/mol)
           Bond            U-B    Proper Dih.  Improper Dih.      CMAP Dih.
    1.63663e+03    4.42671e+03    2.89167e+03    2.76718e+02   -5.99598e+02
          LJ-14     Coulomb-14        LJ (SR)   Coulomb (SR)   Coul. recip.
    1.40792e+03    1.41403e+04    6.54228e+04   -4.65416e+05    1.18460e+03
      Potential    Kinetic En.   Total Energy  Conserved En.    Temperature
   -3.74628e+05    6.19996e+04   -3.12629e+05   -3.06301e+05    2.95238e+02
 Pressure (bar)   Constr. rmsd
    2.02156e+01    2.73267e-06

           Step           Time
         480000      960.00000

   Energies (kJ/mol)
           Bond            U-B    Proper Dih.  Improper Dih.      CMAP Dih.
    1.75143e+03    4.61699e+03    2.92430e+03    2.92455e+02   -6.73325e+02
          LJ-14     Coulomb-14        LJ (SR)   Coulomb (SR)   Coul. recip.
    1.47977e+03    1.39778e+04    6.38519e+04   -4.62887e+05    1.16458e+03
      Potential    Kinetic En.   Total Energy  Conserved En.    Temperature
   -3.73501e+05    6.29904e+04   -3.10511e+05   -3.06258e+05    2.99957e+02
 Pressure (bar)   Constr. rmsd
   -2.14893e+02    3.46122e-06

           Step           Time
         485000      970.00000

   Energies (kJ/mol)
           Bond            U-B    Proper Dih.  Improper Dih.      CMAP Dih.
    1.57846e+03    4.75895e+03    2.91224e+03    2.14403e+02   -6.47464e+02
          LJ-14     Coulomb-14        LJ (SR)   Coulomb (SR)   Coul. recip.
    1.44235e+03    1.38717e+04    6.42821e+04   -4.63009e+05    1.25219e+03
      Potential    Kinetic En.   Total Energy  Conserved En.    Temperature
   -3.73344e+05    6.24399e+04   -3.10904e+05   -3.06178e+05    2.97335e+02
 Pressure (bar)   Constr. rmsd
   -1.50931e+02    2.87085e-06

           Step           Time
         490000      980.00000

   Energies (kJ/mol)
           Bond            U-B    Proper Dih.  Improper Dih.      CMAP Dih.
    1.55625e+03    4.62637e+03    2.80500e+03    2.73351e+02   -6.48986e+02
          LJ-14     Coulomb-14        LJ (SR)   Coulomb (SR)   Coul. recip.
    1.46901e+03    1.37915e+04    6.38478e+04   -4.63449e+05    1.12169e+03
      Potential    Kinetic En.   Total Energy  Conserved En.    Temperature
   -3.74607e+05    6.25818e+04   -3.12025e+05   -3.06134e+05    2.98011e+02
 Pressure (bar)   Constr. rmsd
   -2.93091e+02    2.89887e-06

           Step           Time
         495000      990.00000

   Energies (kJ/mol)
           Bond            U-B    Proper Dih.  Improper Dih.      CMAP Dih.
    1.65010e+03    4.70290e+03    2.96031e+03    2.82297e+02   -6.55239e+02
          LJ-14     Coulomb-14        LJ (SR)   Coulomb (SR)   Coul. recip.
    1.46250e+03    1.37869e+04    6.51513e+04   -4.64337e+05    1.19111e+03
      Potential    Kinetic En.   Total Energy  Conserved En.    Temperature
   -3.73805e+05    6.33618e+04   -3.10443e+05   -3.06055e+05    3.01725e+02
 Pressure (bar)   Constr. rmsd
    2.32951e+02    2.66660e-06

           Step           Time
         500000     1000.00000

Writing checkpoint, step 500000 at Fri Apr 22 07:20:21 2022


   Energies (kJ/mol)
           Bond            U-B    Proper Dih.  Improper Dih.      CMAP Dih.
    1.62249e+03    4.64427e+03    2.90200e+03    2.80012e+02   -6.71098e+02
          LJ-14     Coulomb-14        LJ (SR)   Coulomb (SR)   Coul. recip.
    1.37690e+03    1.38038e+04    6.49712e+04   -4.65194e+05    1.16959e+03
      Potential    Kinetic En.   Total Energy  Conserved En.    Temperature
   -3.75095e+05    6.25334e+04   -3.12562e+05   -3.06007e+05    2.97780e+02
 Pressure (bar)   Constr. rmsd
   -2.07502e+02    2.93152e-06


Energy conservation over simulation part #1 of length 1000 ns, time 0 to 1000 ns
  Conserved energy drift: 2.40e-04 kJ/mol/ps per atom


	<======  ###############  ==>
	<====  A V E R A G E S  ====>
	<==  ###############  ======>

	Statistics over 500001 steps using 5001 frames

   Energies (kJ/mol)
           Bond            U-B    Proper Dih.  Improper Dih.      CMAP Dih.
    1.62749e+03    4.57794e+03    2.89908e+03    2.64696e+02   -6.48227e+02
          LJ-14     Coulomb-14        LJ (SR)   Coulomb (SR)   Coul. recip.
    1.45925e+03    1.39441e+04    6.50233e+04   -4.65019e+05    1.16789e+03
      Potential    Kinetic En.   Total Energy  Conserved En.    Temperature
   -3.74703e+05    6.25853e+04   -3.12118e+05   -3.08978e+05    2.98028e+02
 Pressure (bar)   Constr. rmsd
   -1.85213e+00    0.00000e+00

          Box-X          Box-Y          Box-Z
    6.26732e+00    6.26732e+00    6.26732e+00

   Total Virial (kJ/mol)
    2.08933e+04    1.33611e+01    7.35244e+00
    1.34786e+01    2.08735e+04   -6.95420e+00
    7.26596e+00   -7.16126e+00    2.08643e+04

   Pressure (bar)
   -4.08349e+00   -1.12206e-01   -1.91212e+00
   -1.28053e-01    1.00669e+00    3.56563e+00
   -1.90045e+00    3.59356e+00   -2.47960e+00

      T-ProteinT-Water_and_ions
    2.98184e+02    2.98010e+02


	M E G A - F L O P S   A C C O U N T I N G

 NB=Group-cutoff nonbonded kernels    NxN=N-by-N cluster Verlet kernels
 RF=Reaction-Field  VdW=Van der Waals  QSTab=quadratic-spline table
 W3=SPC/TIP3p  W4=TIP4p (single or pairs)
 V&F=Potential and force  V=Potential only  F=Force only

 Computing:                               M-Number         M-Flops  % Flops
-----------------------------------------------------------------------------
 Pair Search distance check           87454.411486      787089.703     0.1
 NxN Ewald Elec. + LJ [F]           6058353.806320   472551596.893    58.3
 NxN Ewald Elec. + LJ [V&F]           61206.710128     7895665.607     1.0
 NxN Ewald Elec. [F]                5019245.118704   306173952.241    37.8
 NxN Ewald Elec. [V&F]                50709.824464     4259625.255     0.5
 1,4 nonbonded interactions            2711.005422      243990.488     0.0
 Calc Weights                         37111.574223     1336016.672     0.2
 Spread Q Bspline                    791713.583424     1583427.167     0.2
 Gather F Bspline                    791713.583424     4750281.501     0.6
 3D-FFT                             1021812.043620     8174496.349     1.0
 Solve PME                              800.001600       51200.102     0.0
 Reset In Box                           154.631250         463.894     0.0
 CG-CoM                                 154.655991         463.968     0.0
 Bonds                                  522.501045       30827.562     0.0
 Propers                               2277.504555      521548.543     0.1
 Impropers                              160.000320       33280.067     0.0
 Virial                                1239.324786       22307.846     0.0
 Stop-CM                                123.729741        1237.297     0.0
 Calc-Ekin                             2474.149482       66802.036     0.0
 Lincs                                  519.001038       31140.062     0.0
 Lincs-Mat                             2670.005340       10680.021     0.0
 Constraint-V                         12372.024744      111348.223     0.0
 Constraint-Vir                        1185.323706       28447.769     0.0
 Settle                                3778.007556     1397862.796     0.2
 CMAP                                    62.500125      106250.212     0.0
 Urey-Bradley                          1878.503757      343766.188     0.0
-----------------------------------------------------------------------------
 Total                                               810513768.461   100.0
-----------------------------------------------------------------------------


    D O M A I N   D E C O M P O S I T I O N   S T A T I S T I C S

 av. #atoms communicated per step for force:  2 x 0.0


     R E A L   C Y C L E   A N D   T I M E   A C C O U N T I N G

On 1 MPI rank, each using 8 OpenMP threads

 Computing:          Num   Num      Call    Wall time         Giga-Cycles
                     Ranks Threads  Count      (s)         total sum    %
-----------------------------------------------------------------------------
 Domain decomp.         1    8       6250      31.622        378.857   0.5
 Neighbor search        1    8       6251      87.950       1053.719   1.5
 Force                  1    8     500001    5051.910      60526.631  85.6
 PME mesh               1    8     500001     566.997       6793.163   9.6
 NB X/F buffer ops.     1    8     993751      61.766        740.009   1.0
 Write traj.            1    8        107       0.665          7.968   0.0
 Update                 1    8     500001      22.480        269.334   0.4
 Constraints            1    8     500001      50.897        609.788   0.9
 Rest                                          27.192        325.792   0.5
-----------------------------------------------------------------------------
 Total                                       5901.478      70705.261 100.0
-----------------------------------------------------------------------------
 Breakdown of PME mesh computation
-----------------------------------------------------------------------------
 PME spread             1    8     500001     281.758       3375.723   4.8
 PME gather             1    8     500001     144.303       1728.890   2.4
 PME 3D-FFT             1    8    1000002     121.274       1452.976   2.1
 PME solve Elec         1    8     500001      16.187        193.934   0.3
-----------------------------------------------------------------------------

               Core t (s)   Wall t (s)        (%)
       Time:    47211.825     5901.478      800.0
                         1h38:21
                 (ns/day)    (hour/ns)
Performance:       14.640        1.639
Finished mdrun on rank 0 Fri Apr 22 07:20:21 2022

