                       :-) GROMACS - gmx mdrun, 2022 (-:

Copyright 1991-2022 The GROMACS Authors.
GROMACS is free software; you can redistribute it and/or modify it
under the terms of the GNU Lesser General Public License
as published by the Free Software Foundation; either version 2.1
of the License, or (at your option) any later version.

                         Current GROMACS contributors:
       Mark Abraham           Andrey Alekseenko           Cathrine Bergh      
      Christian Blau            Eliane Briand               Kevin Boyd        
     Oliver Fleetwood         Stefan Fleischmann           Vytas Gapsys       
       Gaurav Garg           Gilles Gouaillardet            Alan Gray         
      Victor Holanda           M. Eric Irrgang              Joe Jordan        
    Christoph Junghans        Prashanth Kanduri           Sebastian Kehl      
     Sebastian Keller          Carsten Kutzner           Magnus Lundborg      
       Pascal Merz              Dmitry Morozov             Szilard Pall       
      Roland Schulz             Michael Shirts         David van der Spoel    
     Alessandra Villa      Sebastian Wingbermuehle        Artem Zhmurov       

                         Previous GROMACS contributors:
        Emile Apol             Rossen Apostolov           James Barnett       
  Herman J.C. Berendsen          Par Bjelkmar           Viacheslav Bolnykh    
    Aldert van Buuren          Carlo Camilloni           Rudi van Drunen      
      Anton Feenstra           Gerrit Groenhof            Bert de Groot       
      Anca Hamuraru           Vincent Hindriksen         Aleksei Iupinov      
   Dimitrios Karkoulis           Peter Kasson               Jiri Kraus        
       Per Larsson             Justin A. Lemkul           Viveca Lindahl      
      Erik Marklund           Pieter Meulenhoff           Vedran Miletic      
      Teemu Murtola              Sander Pronk            Alexey Shvetsov      
      Alfons Sijbers            Peter Tieleman             Jon Vincent        
     Teemu Virolainen         Christian Wennberg           Maarten Wolf       

                  Coordinated by the GROMACS project leaders:
                    Paul Bauer, Berk Hess, and Erik Lindahl

GROMACS:      gmx mdrun, version 2022
Executable:   /usr/local/gromacs/bin/gmx
Data prefix:  /usr/local/gromacs
Working dir:  /home/sabsr3/IvyFarm/gromacs/2fgf
Process ID:   17856
Command line:
  gmx mdrun -deffnm nvt

GROMACS version:    2022
Precision:          mixed
Memory model:       64 bit
MPI library:        thread_mpi
OpenMP support:     enabled (GMX_OPENMP_MAX_THREADS = 128)
GPU support:        disabled
SIMD instructions:  AVX2_256
CPU FFT library:    fftw-3.3.8-sse2-avx-avx2-avx2_128
GPU FFT library:    none
RDTSCP usage:       enabled
TNG support:        enabled
Hwloc support:      disabled
Tracing support:    disabled
C compiler:         /usr/bin/cc GNU 9.4.0
C compiler flags:   -mavx2 -mfma -pthread -Wno-missing-field-initializers -fexcess-precision=fast -funroll-all-loops -O3 -DNDEBUG
C++ compiler:       /usr/bin/c++ GNU 9.4.0
C++ compiler flags: -mavx2 -mfma -pthread -Wno-missing-field-initializers -fexcess-precision=fast -funroll-all-loops -fopenmp -O3 -DNDEBUG


Running on 1 node with total 4 cores, 8 processing units
Hardware detected:
  CPU info:
    Vendor: Intel
    Brand:  11th Gen Intel(R) Core(TM) i5-1145G7 @ 2.60GHz
    Family: 6   Model: 140   Stepping: 1
    Features: aes apic avx avx2 avx512f avx512cd avx512bw avx512vl avx512secondFMA clfsh cmov cx8 cx16 f16c fma htt intel lahf mmx msr nonstop_tsc pcid pclmuldq pdcm pdpe1gb popcnt pse rdrnd rdtscp sha sse2 sse3 sse4.1 sse4.2 ssse3 tdt x2apic
    Number of AVX-512 FMA units: 1 (AVX2 is faster w/o 2 AVX-512 FMA units)
  Hardware topology: Basic
    Packages, cores, and logical processors:
    [indices refer to OS logical processors]
      Package  0: [   0   4] [   1   5] [   2   6] [   3   7]
    CPU limit set by OS: -1   Recommended max number of threads: 8


++++ PLEASE READ AND CITE THE FOLLOWING REFERENCE ++++
M. J. Abraham, T. Murtola, R. Schulz, S. Páll, J. C. Smith, B. Hess, E.
Lindahl
GROMACS: High performance molecular simulations through multi-level
parallelism from laptops to supercomputers
SoftwareX 1 (2015) pp. 19-25
-------- -------- --- Thank You --- -------- --------


++++ PLEASE READ AND CITE THE FOLLOWING REFERENCE ++++
S. Páll, M. J. Abraham, C. Kutzner, B. Hess, E. Lindahl
Tackling Exascale Software Challenges in Molecular Dynamics Simulations with
GROMACS
In S. Markidis & E. Laure (Eds.), Solving Software Challenges for Exascale 8759 (2015) pp. 3-27
-------- -------- --- Thank You --- -------- --------


++++ PLEASE READ AND CITE THE FOLLOWING REFERENCE ++++
S. Pronk, S. Páll, R. Schulz, P. Larsson, P. Bjelkmar, R. Apostolov, M. R.
Shirts, J. C. Smith, P. M. Kasson, D. van der Spoel, B. Hess, and E. Lindahl
GROMACS 4.5: a high-throughput and highly parallel open source molecular
simulation toolkit
Bioinformatics 29 (2013) pp. 845-54
-------- -------- --- Thank You --- -------- --------


++++ PLEASE READ AND CITE THE FOLLOWING REFERENCE ++++
B. Hess and C. Kutzner and D. van der Spoel and E. Lindahl
GROMACS 4: Algorithms for highly efficient, load-balanced, and scalable
molecular simulation
J. Chem. Theory Comput. 4 (2008) pp. 435-447
-------- -------- --- Thank You --- -------- --------


++++ PLEASE READ AND CITE THE FOLLOWING REFERENCE ++++
D. van der Spoel, E. Lindahl, B. Hess, G. Groenhof, A. E. Mark and H. J. C.
Berendsen
GROMACS: Fast, Flexible and Free
J. Comp. Chem. 26 (2005) pp. 1701-1719
-------- -------- --- Thank You --- -------- --------


++++ PLEASE READ AND CITE THE FOLLOWING REFERENCE ++++
E. Lindahl and B. Hess and D. van der Spoel
GROMACS 3.0: A package for molecular simulation and trajectory analysis
J. Mol. Mod. 7 (2001) pp. 306-317
-------- -------- --- Thank You --- -------- --------


++++ PLEASE READ AND CITE THE FOLLOWING REFERENCE ++++
H. J. C. Berendsen, D. van der Spoel and R. van Drunen
GROMACS: A message-passing parallel molecular dynamics implementation
Comp. Phys. Comm. 91 (1995) pp. 43-56
-------- -------- --- Thank You --- -------- --------


++++ PLEASE CITE THE DOI FOR THIS VERSION OF GROMACS ++++
https://doi.org/10.5281/zenodo.6103835
-------- -------- --- Thank You --- -------- --------

Input Parameters:
   integrator                     = md
   tinit                          = 0
   dt                             = 0.002
   nsteps                         = 50000
   init-step                      = 0
   simulation-part                = 1
   mts                            = false
   comm-mode                      = Linear
   nstcomm                        = 100
   bd-fric                        = 0
   ld-seed                        = 1339813625
   emtol                          = 10
   emstep                         = 0.01
   niter                          = 20
   fcstep                         = 0
   nstcgsteep                     = 1000
   nbfgscorr                      = 10
   rtpi                           = 0.05
   nstxout                        = 0
   nstvout                        = 0
   nstfout                        = 0
   nstlog                         = 500
   nstcalcenergy                  = 100
   nstenergy                      = 500
   nstxout-compressed             = 500
   compressed-x-precision         = 1000
   cutoff-scheme                  = Verlet
   nstlist                        = 20
   pbc                            = xyz
   periodic-molecules             = false
   verlet-buffer-tolerance        = 0.005
   rlist                          = 1.222
   coulombtype                    = PME
   coulomb-modifier               = Potential-shift
   rcoulomb-switch                = 0
   rcoulomb                       = 1.2
   epsilon-r                      = 1
   epsilon-rf                     = inf
   vdw-type                       = Cut-off
   vdw-modifier                   = Force-switch
   rvdw-switch                    = 1
   rvdw                           = 1.2
   DispCorr                       = No
   table-extension                = 1
   fourierspacing                 = 0.16
   fourier-nx                     = 40
   fourier-ny                     = 40
   fourier-nz                     = 40
   pme-order                      = 4
   ewald-rtol                     = 1e-05
   ewald-rtol-lj                  = 0.001
   lj-pme-comb-rule               = Geometric
   ewald-geometry                 = 3d
   epsilon-surface                = 0
   tcoupl                         = V-rescale
   nsttcouple                     = 10
   nh-chain-length                = 0
   print-nose-hoover-chain-variables = false
   pcoupl                         = No
   pcoupltype                     = Isotropic
   nstpcouple                     = -1
   tau-p                          = 1
   compressibility (3x3):
      compressibility[    0]={ 0.00000e+00,  0.00000e+00,  0.00000e+00}
      compressibility[    1]={ 0.00000e+00,  0.00000e+00,  0.00000e+00}
      compressibility[    2]={ 0.00000e+00,  0.00000e+00,  0.00000e+00}
   ref-p (3x3):
      ref-p[    0]={ 0.00000e+00,  0.00000e+00,  0.00000e+00}
      ref-p[    1]={ 0.00000e+00,  0.00000e+00,  0.00000e+00}
      ref-p[    2]={ 0.00000e+00,  0.00000e+00,  0.00000e+00}
   refcoord-scaling               = No
   posres-com (3):
      posres-com[0]= 0.00000e+00
      posres-com[1]= 0.00000e+00
      posres-com[2]= 0.00000e+00
   posres-comB (3):
      posres-comB[0]= 0.00000e+00
      posres-comB[1]= 0.00000e+00
      posres-comB[2]= 0.00000e+00
   QMMM                           = false
qm-opts:
   ngQM                           = 0
   constraint-algorithm           = Lincs
   continuation                   = false
   Shake-SOR                      = false
   shake-tol                      = 0.0001
   lincs-order                    = 4
   lincs-iter                     = 1
   lincs-warnangle                = 30
   nwall                          = 0
   wall-type                      = 9-3
   wall-r-linpot                  = -1
   wall-atomtype[0]               = -1
   wall-atomtype[1]               = -1
   wall-density[0]                = 0
   wall-density[1]                = 0
   wall-ewald-zfac                = 3
   pull                           = false
   awh                            = false
   rotation                       = false
   interactiveMD                  = false
   disre                          = No
   disre-weighting                = Conservative
   disre-mixed                    = false
   dr-fc                          = 1000
   dr-tau                         = 0
   nstdisreout                    = 100
   orire-fc                       = 0
   orire-tau                      = 0
   nstorireout                    = 100
   free-energy                    = no
   cos-acceleration               = 0
   deform (3x3):
      deform[    0]={ 0.00000e+00,  0.00000e+00,  0.00000e+00}
      deform[    1]={ 0.00000e+00,  0.00000e+00,  0.00000e+00}
      deform[    2]={ 0.00000e+00,  0.00000e+00,  0.00000e+00}
   simulated-tempering            = false
   swapcoords                     = no
   userint1                       = 0
   userint2                       = 0
   userint3                       = 0
   userint4                       = 0
   userreal1                      = 0
   userreal2                      = 0
   userreal3                      = 0
   userreal4                      = 0
   applied-forces:
     electric-field:
       x:
         E0                       = 0
         omega                    = 0
         t0                       = 0
         sigma                    = 0
       y:
         E0                       = 0
         omega                    = 0
         t0                       = 0
         sigma                    = 0
       z:
         E0                       = 0
         omega                    = 0
         t0                       = 0
         sigma                    = 0
     density-guided-simulation:
       active                     = false
       group                      = protein
       similarity-measure         = inner-product
       atom-spreading-weight      = unity
       force-constant             = 1e+09
       gaussian-transform-spreading-width = 0.2
       gaussian-transform-spreading-range-in-multiples-of-width = 4
       reference-density-filename = reference.mrc
       nst                        = 1
       normalize-densities        = true
       adaptive-force-scaling     = false
       adaptive-force-scaling-time-constant = 4
       shift-vector               = 
       transformation-matrix      = 
     qmmm-cp2k:
       active                     = false
       qmgroup                    = System
       qmmethod                   = PBE
       qmfilenames                = 
       qmcharge                   = 0
       qmmultiplicity             = 1
grpopts:
   nrdf:     5147.69     45366.3
   ref-t:         298         298
   tau-t:         0.1         0.1
annealing:          No          No
annealing-npoints:           0           0
   acc:	           0           0           0
   nfreeze:           N           N           N
   energygrp-flags[  0]: 0

Changing nstlist from 20 to 80, rlist from 1.222 to 1.326


Initializing Domain Decomposition on 1 ranks
Dynamic load balancing: auto
Using update groups, nr 8591, average size 2.9 atoms, max. radius 0.139 nm
Minimum cell size due to atom displacement: 0.549 nm
Initial maximum distances in bonded interactions:
    two-body bonded interactions: 0.422 nm, LJ-14, atoms 2004 2012
  multi-body bonded interactions: 0.480 nm, CMAP Dih., atoms 366 380
Minimum cell size due to bonded interactions: 0.528 nm
Using 0 separate PME ranks because: there are too few total ranks for efficient splitting
Optimizing the DD grid for 1 cells with a minimum initial size of 0.549 nm
The maximum allowed number of cells is: X 11 Y 11 Z 11
Domain decomposition grid 1 x 1 x 1, separate PME ranks 0
PME domain decomposition: 1 x 1 x 1

The initial number of communication pulses is:
The initial domain decomposition cell size is:

The maximum allowed distance for atom groups involved in interactions is:
                 non-bonded interactions           1.604 nm
            two-body bonded interactions  (-rdd)   1.604 nm
          multi-body bonded interactions  (-rdd)   1.604 nm

When dynamic load balancing gets turned on, these settings will change to:
The maximum number of communication pulses is:
The minimum size for domain decomposition cells is 1.604 nm
The requested allowed shrink of DD cells (option -dds) is: 0.80
The allowed shrink of domain decomposition cells is:
The maximum allowed distance for atom groups involved in interactions is:
                 non-bonded interactions           1.604 nm
            two-body bonded interactions  (-rdd)   1.604 nm
          multi-body bonded interactions  (-rdd)   1.604 nm

Using 1 MPI thread
Using 8 OpenMP threads 

Pinning threads with an auto-selected logical cpu stride of 1
System total charge: 0.000
Will do PME sum in reciprocal space for electrostatic interactions.

++++ PLEASE READ AND CITE THE FOLLOWING REFERENCE ++++
U. Essmann, L. Perera, M. L. Berkowitz, T. Darden, H. Lee and L. G. Pedersen 
A smooth particle mesh Ewald method
J. Chem. Phys. 103 (1995) pp. 8577-8592
-------- -------- --- Thank You --- -------- --------

Using a Gaussian width (1/beta) of 0.384195 nm for Ewald
Potential shift: LJ r^-12: -2.648e-01 r^-6: -5.349e-01, Ewald -8.333e-06
Initialized non-bonded Coulomb Ewald tables, spacing: 1.02e-03 size: 1176

Generated table with 1163 data points for 1-4 COUL.
Tabscale = 500 points/nm
Generated table with 1163 data points for 1-4 LJ6.
Tabscale = 500 points/nm
Generated table with 1163 data points for 1-4 LJ12.
Tabscale = 500 points/nm


Using SIMD 4x8 nonbonded short-range kernels

Using a dual 4x8 pair-list setup updated with dynamic pruning:
  outer list: updated every 80 steps, buffer 0.126 nm, rlist 1.326 nm
  inner list: updated every 13 steps, buffer 0.002 nm, rlist 1.202 nm
At tolerance 0.005 kJ/mol/ps per atom, equivalent classical 1x1 list would be:
  outer list: updated every 80 steps, buffer 0.275 nm, rlist 1.475 nm
  inner list: updated every 13 steps, buffer 0.051 nm, rlist 1.251 nm
Removing pbc first time

Linking all bonded interactions to atoms


Initializing LINear Constraint Solver

++++ PLEASE READ AND CITE THE FOLLOWING REFERENCE ++++
B. Hess and H. Bekker and H. J. C. Berendsen and J. G. E. M. Fraaije
LINCS: A Linear Constraint Solver for molecular simulations
J. Comp. Chem. 18 (1997) pp. 1463-1472
-------- -------- --- Thank You --- -------- --------

The number of constraints is 1038

++++ PLEASE READ AND CITE THE FOLLOWING REFERENCE ++++
S. Miyamoto and P. A. Kollman
SETTLE: An Analytical Version of the SHAKE and RATTLE Algorithms for Rigid
Water Models
J. Comp. Chem. 13 (1992) pp. 952-962
-------- -------- --- Thank You --- -------- --------


++++ PLEASE READ AND CITE THE FOLLOWING REFERENCE ++++
G. Bussi, D. Donadio and M. Parrinello
Canonical sampling through velocity rescaling
J. Chem. Phys. 126 (2007) pp. 014101
-------- -------- --- Thank You --- -------- --------

There are: 24741 Atoms

Atom distribution over 1 domains: av 24741 stddev 0 min 24741 max 24741

Constraining the starting coordinates (step 0)

Constraining the coordinates at t0-dt (step 0)
Center of mass motion removal mode is Linear
We have the following groups for center of mass motion removal:
  0:  rest
RMS relative constraint deviation after constraining: 2.91e-06
Initial temperature: 296.543 K

Started mdrun on rank 0 Thu Apr 21 20:10:38 2022

           Step           Time
              0        0.00000

   Energies (kJ/mol)
           Bond            U-B    Proper Dih.  Improper Dih.      CMAP Dih.
    3.75435e+02    1.40895e+03    2.42226e+03    6.65473e+01   -5.81012e+02
          LJ-14     Coulomb-14        LJ (SR)   Coulomb (SR)   Coul. recip.
    1.46628e+03    1.45577e+04    5.48106e+04   -4.80852e+05    2.46711e+03
 Position Rest.      Potential    Kinetic En.   Total Energy  Conserved En.
    9.70321e-04   -4.03858e+05    6.22959e+04   -3.41562e+05   -3.41562e+05
    Temperature Pressure (bar)   Constr. rmsd
    2.96649e+02   -4.72672e+03    2.89946e-06

           Step           Time
            500        1.00000

   Energies (kJ/mol)
           Bond            U-B    Proper Dih.  Improper Dih.      CMAP Dih.
    1.61706e+03    4.36090e+03    2.97917e+03    2.10033e+02   -5.88072e+02
          LJ-14     Coulomb-14        LJ (SR)   Coulomb (SR)   Coul. recip.
    1.53809e+03    1.41397e+04    6.27778e+04   -4.57338e+05    1.28181e+03
 Position Rest.      Potential    Kinetic En.   Total Energy  Conserved En.
    6.73525e+02   -3.68348e+05    6.29589e+04   -3.05389e+05   -3.40831e+05
    Temperature Pressure (bar)   Constr. rmsd
    2.99807e+02   -9.66762e+02    2.54697e-06

           Step           Time
           1000        2.00000

   Energies (kJ/mol)
           Bond            U-B    Proper Dih.  Improper Dih.      CMAP Dih.
    1.51557e+03    4.48189e+03    2.87583e+03    2.33637e+02   -5.67300e+02
          LJ-14     Coulomb-14        LJ (SR)   Coulomb (SR)   Coul. recip.
    1.51082e+03    1.42224e+04    6.26870e+04   -4.58901e+05    1.28931e+03
 Position Rest.      Potential    Kinetic En.   Total Energy  Conserved En.
    5.76080e+02   -3.70076e+05    6.21794e+04   -3.07897e+05   -3.40815e+05
    Temperature Pressure (bar)   Constr. rmsd
    2.96095e+02   -1.99893e+02    2.71808e-06

           Step           Time
           1500        3.00000

   Energies (kJ/mol)
           Bond            U-B    Proper Dih.  Improper Dih.      CMAP Dih.
    1.53638e+03    4.38965e+03    2.87749e+03    2.69416e+02   -5.72205e+02
          LJ-14     Coulomb-14        LJ (SR)   Coulomb (SR)   Coul. recip.
    1.55523e+03    1.42133e+04    6.37428e+04   -4.61534e+05    1.23922e+03
 Position Rest.      Potential    Kinetic En.   Total Energy  Conserved En.
    6.13901e+02   -3.71669e+05    6.30710e+04   -3.08598e+05   -3.40820e+05
    Temperature Pressure (bar)   Constr. rmsd
    3.00341e+02   -7.46702e+02    2.79850e-06

           Step           Time
           2000        4.00000

   Energies (kJ/mol)
           Bond            U-B    Proper Dih.  Improper Dih.      CMAP Dih.
    1.63947e+03    4.58964e+03    2.92326e+03    2.52094e+02   -5.42970e+02
          LJ-14     Coulomb-14        LJ (SR)   Coulomb (SR)   Coul. recip.
    1.49665e+03    1.41412e+04    6.49727e+04   -4.63837e+05    1.17634e+03
 Position Rest.      Potential    Kinetic En.   Total Energy  Conserved En.
    5.98300e+02   -3.72590e+05    6.34560e+04   -3.09134e+05   -3.40809e+05
    Temperature Pressure (bar)   Constr. rmsd
    3.02174e+02   -6.94210e+01    2.46635e-06

           Step           Time
           2500        5.00000

   Energies (kJ/mol)
           Bond            U-B    Proper Dih.  Improper Dih.      CMAP Dih.
    1.66619e+03    4.43241e+03    2.87937e+03    2.68811e+02   -5.60939e+02
          LJ-14     Coulomb-14        LJ (SR)   Coulomb (SR)   Coul. recip.
    1.54375e+03    1.41573e+04    6.43009e+04   -4.62450e+05    1.21041e+03
 Position Rest.      Potential    Kinetic En.   Total Energy  Conserved En.
    5.33314e+02   -3.72018e+05    6.31832e+04   -3.08835e+05   -3.40824e+05
    Temperature Pressure (bar)   Constr. rmsd
    3.00875e+02   -6.97508e+02    2.64556e-06

           Step           Time
           3000        6.00000

   Energies (kJ/mol)
           Bond            U-B    Proper Dih.  Improper Dih.      CMAP Dih.
    1.57697e+03    4.46731e+03    2.90425e+03    2.50395e+02   -5.52574e+02
          LJ-14     Coulomb-14        LJ (SR)   Coulomb (SR)   Coul. recip.
    1.50585e+03    1.42586e+04    6.44451e+04   -4.63339e+05    1.18439e+03
 Position Rest.      Potential    Kinetic En.   Total Energy  Conserved En.
    5.52484e+02   -3.72747e+05    6.26532e+04   -3.10094e+05   -3.40799e+05
    Temperature Pressure (bar)   Constr. rmsd
    2.98351e+02   -6.32814e+02    2.59349e-06

           Step           Time
           3500        7.00000

   Energies (kJ/mol)
           Bond            U-B    Proper Dih.  Improper Dih.      CMAP Dih.
    1.52120e+03    4.51171e+03    2.85656e+03    2.69038e+02   -5.91252e+02
          LJ-14     Coulomb-14        LJ (SR)   Coulomb (SR)   Coul. recip.
    1.43457e+03    1.42062e+04    6.46961e+04   -4.63201e+05    1.22821e+03
 Position Rest.      Potential    Kinetic En.   Total Energy  Conserved En.
    5.41330e+02   -3.72528e+05    6.21804e+04   -3.10347e+05   -3.40806e+05
    Temperature Pressure (bar)   Constr. rmsd
    2.96100e+02   -4.82473e+02    2.60527e-06

           Step           Time
           4000        8.00000

   Energies (kJ/mol)
           Bond            U-B    Proper Dih.  Improper Dih.      CMAP Dih.
    1.62276e+03    4.55953e+03    2.81719e+03    2.84985e+02   -5.37037e+02
          LJ-14     Coulomb-14        LJ (SR)   Coulomb (SR)   Coul. recip.
    1.48311e+03    1.41293e+04    6.42263e+04   -4.62492e+05    1.19050e+03
 Position Rest.      Potential    Kinetic En.   Total Energy  Conserved En.
    5.76378e+02   -3.72139e+05    6.24155e+04   -3.09724e+05   -3.40783e+05
    Temperature Pressure (bar)   Constr. rmsd
    2.97219e+02   -1.88002e+02    2.69558e-06

           Step           Time
           4500        9.00000

   Energies (kJ/mol)
           Bond            U-B    Proper Dih.  Improper Dih.      CMAP Dih.
    1.59067e+03    4.45946e+03    2.79508e+03    2.52913e+02   -5.78891e+02
          LJ-14     Coulomb-14        LJ (SR)   Coulomb (SR)   Coul. recip.
    1.43413e+03    1.41667e+04    6.34168e+04   -4.62404e+05    1.22213e+03
 Position Rest.      Potential    Kinetic En.   Total Energy  Conserved En.
    5.47311e+02   -3.73097e+05    6.20295e+04   -3.11068e+05   -3.40787e+05
    Temperature Pressure (bar)   Constr. rmsd
    2.95381e+02   -7.51806e+02    2.68154e-06

           Step           Time
           5000       10.00000

   Energies (kJ/mol)
           Bond            U-B    Proper Dih.  Improper Dih.      CMAP Dih.
    1.52317e+03    4.50833e+03    2.90855e+03    2.69289e+02   -5.88036e+02
          LJ-14     Coulomb-14        LJ (SR)   Coulomb (SR)   Coul. recip.
    1.52582e+03    1.41553e+04    6.44067e+04   -4.63426e+05    1.19377e+03
 Position Rest.      Potential    Kinetic En.   Total Energy  Conserved En.
    5.37748e+02   -3.72986e+05    6.22778e+04   -3.10708e+05   -3.40804e+05
    Temperature Pressure (bar)   Constr. rmsd
    2.96563e+02   -8.71905e+02    2.55234e-06

           Step           Time
           5500       11.00000

   Energies (kJ/mol)
           Bond            U-B    Proper Dih.  Improper Dih.      CMAP Dih.
    1.51072e+03    4.41882e+03    2.88994e+03    2.79773e+02   -5.82140e+02
          LJ-14     Coulomb-14        LJ (SR)   Coulomb (SR)   Coul. recip.
    1.54622e+03    1.42384e+04    6.41051e+04   -4.62611e+05    1.18546e+03
 Position Rest.      Potential    Kinetic En.   Total Energy  Conserved En.
    5.04844e+02   -3.72514e+05    6.22284e+04   -3.10286e+05   -3.40786e+05
    Temperature Pressure (bar)   Constr. rmsd
    2.96328e+02   -3.33697e+02    2.71575e-06

           Step           Time
           6000       12.00000

   Energies (kJ/mol)
           Bond            U-B    Proper Dih.  Improper Dih.      CMAP Dih.
    1.66057e+03    4.78543e+03    2.95279e+03    2.40252e+02   -5.68407e+02
          LJ-14     Coulomb-14        LJ (SR)   Coulomb (SR)   Coul. recip.
    1.52298e+03    1.39153e+04    6.39450e+04   -4.62586e+05    1.18717e+03
 Position Rest.      Potential    Kinetic En.   Total Energy  Conserved En.
    4.96928e+02   -3.72448e+05    6.27846e+04   -3.09663e+05   -3.40784e+05
    Temperature Pressure (bar)   Constr. rmsd
    2.98976e+02   -3.23998e+02    2.82897e-06

           Step           Time
           6500       13.00000

   Energies (kJ/mol)
           Bond            U-B    Proper Dih.  Improper Dih.      CMAP Dih.
    1.64012e+03    4.66271e+03    2.88094e+03    2.65281e+02   -5.79207e+02
          LJ-14     Coulomb-14        LJ (SR)   Coulomb (SR)   Coul. recip.
    1.50748e+03    1.41669e+04    6.45053e+04   -4.62680e+05    1.25213e+03
 Position Rest.      Potential    Kinetic En.   Total Energy  Conserved En.
    5.05962e+02   -3.71872e+05    6.28693e+04   -3.09003e+05   -3.40780e+05
    Temperature Pressure (bar)   Constr. rmsd
    2.99380e+02   -4.90698e+02    2.74761e-06

           Step           Time
           7000       14.00000

   Energies (kJ/mol)
           Bond            U-B    Proper Dih.  Improper Dih.      CMAP Dih.
    1.59387e+03    4.43207e+03    2.85344e+03    2.83994e+02   -5.62734e+02
          LJ-14     Coulomb-14        LJ (SR)   Coulomb (SR)   Coul. recip.
    1.46822e+03    1.43059e+04    6.47352e+04   -4.63548e+05    1.18521e+03
 Position Rest.      Potential    Kinetic En.   Total Energy  Conserved En.
    5.24824e+02   -3.72728e+05    6.24736e+04   -3.10254e+05   -3.40780e+05
    Temperature Pressure (bar)   Constr. rmsd
    2.97496e+02   -1.14179e+02    2.42565e-06

           Step           Time
           7500       15.00000

   Energies (kJ/mol)
           Bond            U-B    Proper Dih.  Improper Dih.      CMAP Dih.
    1.63747e+03    4.34165e+03    2.90446e+03    2.91140e+02   -6.32792e+02
          LJ-14     Coulomb-14        LJ (SR)   Coulomb (SR)   Coul. recip.
    1.52086e+03    1.40736e+04    6.43130e+04   -4.63953e+05    1.22380e+03
 Position Rest.      Potential    Kinetic En.   Total Energy  Conserved En.
    5.95188e+02   -3.73685e+05    6.26447e+04   -3.11040e+05   -3.40789e+05
    Temperature Pressure (bar)   Constr. rmsd
    2.98310e+02   -6.70757e+02    2.66165e-06

           Step           Time
           8000       16.00000

   Energies (kJ/mol)
           Bond            U-B    Proper Dih.  Improper Dih.      CMAP Dih.
    1.46726e+03    4.58044e+03    2.94822e+03    2.61893e+02   -6.05923e+02
          LJ-14     Coulomb-14        LJ (SR)   Coulomb (SR)   Coul. recip.
    1.54925e+03    1.43088e+04    6.42734e+04   -4.63660e+05    1.19478e+03
 Position Rest.      Potential    Kinetic En.   Total Energy  Conserved En.
    5.48985e+02   -3.73132e+05    6.35378e+04   -3.09595e+05   -3.40779e+05
    Temperature Pressure (bar)   Constr. rmsd
    3.02563e+02   -4.40895e+02    2.65480e-06

           Step           Time
           8500       17.00000

   Energies (kJ/mol)
           Bond            U-B    Proper Dih.  Improper Dih.      CMAP Dih.
    1.50164e+03    4.40832e+03    2.84207e+03    2.55410e+02   -6.02725e+02
          LJ-14     Coulomb-14        LJ (SR)   Coulomb (SR)   Coul. recip.
    1.57487e+03    1.42491e+04    6.35855e+04   -4.62628e+05    1.31076e+03
 Position Rest.      Potential    Kinetic En.   Total Energy  Conserved En.
    5.26191e+02   -3.72977e+05    6.19404e+04   -3.11037e+05   -3.40794e+05
    Temperature Pressure (bar)   Constr. rmsd
    2.94956e+02   -9.54270e+02    2.56378e-06

           Step           Time
           9000       18.00000

   Energies (kJ/mol)
           Bond            U-B    Proper Dih.  Improper Dih.      CMAP Dih.
    1.55659e+03    4.36128e+03    2.89758e+03    2.59855e+02   -5.81044e+02
          LJ-14     Coulomb-14        LJ (SR)   Coulomb (SR)   Coul. recip.
    1.53357e+03    1.42588e+04    6.35282e+04   -4.62956e+05    1.18453e+03
 Position Rest.      Potential    Kinetic En.   Total Energy  Conserved En.
    5.18484e+02   -3.73438e+05    6.18723e+04   -3.11566e+05   -3.40761e+05
    Temperature Pressure (bar)   Constr. rmsd
    2.94632e+02   -7.08073e+02    2.53567e-06

           Step           Time
           9500       19.00000

   Energies (kJ/mol)
           Bond            U-B    Proper Dih.  Improper Dih.      CMAP Dih.
    1.58875e+03    4.50654e+03    2.84147e+03    2.72067e+02   -5.69063e+02
          LJ-14     Coulomb-14        LJ (SR)   Coulomb (SR)   Coul. recip.
    1.47401e+03    1.43875e+04    6.37861e+04   -4.62476e+05    1.23525e+03
 Position Rest.      Potential    Kinetic En.   Total Energy  Conserved En.
    5.17025e+02   -3.72437e+05    6.17751e+04   -3.10662e+05   -3.40779e+05
    Temperature Pressure (bar)   Constr. rmsd
    2.94169e+02   -1.06458e+02    2.54013e-06

           Step           Time
          10000       20.00000

   Energies (kJ/mol)
           Bond            U-B    Proper Dih.  Improper Dih.      CMAP Dih.
    1.53401e+03    4.29987e+03    2.83582e+03    3.05071e+02   -5.89871e+02
          LJ-14     Coulomb-14        LJ (SR)   Coulomb (SR)   Coul. recip.
    1.49346e+03    1.43060e+04    6.43135e+04   -4.63996e+05    1.17835e+03
 Position Rest.      Potential    Kinetic En.   Total Energy  Conserved En.
    5.05582e+02   -3.73814e+05    6.21721e+04   -3.11642e+05   -3.40801e+05
    Temperature Pressure (bar)   Constr. rmsd
    2.96060e+02   -4.80891e+02    2.48431e-06

           Step           Time
          10500       21.00000

   Energies (kJ/mol)
           Bond            U-B    Proper Dih.  Improper Dih.      CMAP Dih.
    1.61007e+03    4.61516e+03    2.92745e+03    2.81070e+02   -6.14919e+02
          LJ-14     Coulomb-14        LJ (SR)   Coulomb (SR)   Coul. recip.
    1.58087e+03    1.41161e+04    6.41621e+04   -4.62086e+05    1.22356e+03
 Position Rest.      Potential    Kinetic En.   Total Energy  Conserved En.
    5.50740e+02   -3.71634e+05    6.25156e+04   -3.09118e+05   -3.40767e+05
    Temperature Pressure (bar)   Constr. rmsd
    2.97696e+02   -4.47510e+02    2.69463e-06

           Step           Time
          11000       22.00000

   Energies (kJ/mol)
           Bond            U-B    Proper Dih.  Improper Dih.      CMAP Dih.
    1.65528e+03    4.50585e+03    2.87592e+03    2.88097e+02   -5.76123e+02
          LJ-14     Coulomb-14        LJ (SR)   Coulomb (SR)   Coul. recip.
    1.50810e+03    1.41504e+04    6.48651e+04   -4.64449e+05    1.25471e+03
 Position Rest.      Potential    Kinetic En.   Total Energy  Conserved En.
    5.33032e+02   -3.73388e+05    6.22897e+04   -3.11099e+05   -3.40758e+05
    Temperature Pressure (bar)   Constr. rmsd
    2.96620e+02   -2.45388e+02    2.84752e-06

           Step           Time
          11500       23.00000

   Energies (kJ/mol)
           Bond            U-B    Proper Dih.  Improper Dih.      CMAP Dih.
    1.66756e+03    4.37696e+03    2.84231e+03    2.53041e+02   -5.68518e+02
          LJ-14     Coulomb-14        LJ (SR)   Coulomb (SR)   Coul. recip.
    1.52653e+03    1.41655e+04    6.39876e+04   -4.64047e+05    1.21343e+03
 Position Rest.      Potential    Kinetic En.   Total Energy  Conserved En.
    5.10288e+02   -3.74072e+05    6.23522e+04   -3.11720e+05   -3.40765e+05
    Temperature Pressure (bar)   Constr. rmsd
    2.96918e+02   -6.32716e+02    2.58019e-06

           Step           Time
          12000       24.00000

   Energies (kJ/mol)
           Bond            U-B    Proper Dih.  Improper Dih.      CMAP Dih.
    1.57740e+03    4.64989e+03    2.89540e+03    2.76999e+02   -6.01865e+02
          LJ-14     Coulomb-14        LJ (SR)   Coulomb (SR)   Coul. recip.
    1.52983e+03    1.43126e+04    6.36319e+04   -4.62373e+05    1.19084e+03
 Position Rest.      Potential    Kinetic En.   Total Energy  Conserved En.
    5.32927e+02   -3.72377e+05    6.27218e+04   -3.09655e+05   -3.40753e+05
    Temperature Pressure (bar)   Constr. rmsd
    2.98678e+02    2.74300e+01    2.80165e-06

           Step           Time
          12500       25.00000

   Energies (kJ/mol)
           Bond            U-B    Proper Dih.  Improper Dih.      CMAP Dih.
    1.59239e+03    4.51938e+03    2.91603e+03    2.86957e+02   -5.64781e+02
          LJ-14     Coulomb-14        LJ (SR)   Coulomb (SR)   Coul. recip.
    1.52025e+03    1.43536e+04    6.40738e+04   -4.62983e+05    1.25680e+03
 Position Rest.      Potential    Kinetic En.   Total Energy  Conserved En.
    4.74203e+02   -3.72554e+05    6.26696e+04   -3.09885e+05   -3.40752e+05
    Temperature Pressure (bar)   Constr. rmsd
    2.98429e+02   -2.96240e+02    2.47862e-06

           Step           Time
          13000       26.00000

   Energies (kJ/mol)
           Bond            U-B    Proper Dih.  Improper Dih.      CMAP Dih.
    1.63764e+03    4.45642e+03    2.88257e+03    2.75942e+02   -5.99620e+02
          LJ-14     Coulomb-14        LJ (SR)   Coulomb (SR)   Coul. recip.
    1.50291e+03    1.41522e+04    6.48129e+04   -4.64038e+05    1.19756e+03
 Position Rest.      Potential    Kinetic En.   Total Energy  Conserved En.
    5.32759e+02   -3.73187e+05    6.26085e+04   -3.10579e+05   -3.40761e+05
    Temperature Pressure (bar)   Constr. rmsd
    2.98138e+02   -5.77996e+02    2.81072e-06

           Step           Time
          13500       27.00000

   Energies (kJ/mol)
           Bond            U-B    Proper Dih.  Improper Dih.      CMAP Dih.
    1.56592e+03    4.49460e+03    2.86184e+03    2.73133e+02   -5.52493e+02
          LJ-14     Coulomb-14        LJ (SR)   Coulomb (SR)   Coul. recip.
    1.47685e+03    1.42778e+04    6.43008e+04   -4.63396e+05    1.18163e+03
 Position Rest.      Potential    Kinetic En.   Total Energy  Conserved En.
    5.43788e+02   -3.72972e+05    6.23505e+04   -3.10622e+05   -3.40747e+05
    Temperature Pressure (bar)   Constr. rmsd
    2.96909e+02   -8.39642e+02    2.22223e-06

           Step           Time
          14000       28.00000

   Energies (kJ/mol)
           Bond            U-B    Proper Dih.  Improper Dih.      CMAP Dih.
    1.61390e+03    4.40310e+03    2.92020e+03    2.72242e+02   -6.18017e+02
          LJ-14     Coulomb-14        LJ (SR)   Coulomb (SR)   Coul. recip.
    1.51008e+03    1.41573e+04    6.46373e+04   -4.63828e+05    1.16293e+03
 Position Rest.      Potential    Kinetic En.   Total Energy  Conserved En.
    4.99848e+02   -3.73269e+05    6.23433e+04   -3.10926e+05   -3.40762e+05
    Temperature Pressure (bar)   Constr. rmsd
    2.96875e+02   -2.93730e+02    2.51268e-06

           Step           Time
          14500       29.00000

   Energies (kJ/mol)
           Bond            U-B    Proper Dih.  Improper Dih.      CMAP Dih.
    1.61902e+03    4.42988e+03    2.86185e+03    2.86138e+02   -6.00144e+02
          LJ-14     Coulomb-14        LJ (SR)   Coulomb (SR)   Coul. recip.
    1.46760e+03    1.43022e+04    6.47166e+04   -4.63022e+05    1.14050e+03
 Position Rest.      Potential    Kinetic En.   Total Energy  Conserved En.
    5.19786e+02   -3.72278e+05    6.27396e+04   -3.09539e+05   -3.40755e+05
    Temperature Pressure (bar)   Constr. rmsd
    2.98762e+02   -1.23387e+02    2.75577e-06

           Step           Time
          15000       30.00000

   Energies (kJ/mol)
           Bond            U-B    Proper Dih.  Improper Dih.      CMAP Dih.
    1.61563e+03    4.48075e+03    2.88177e+03    2.28033e+02   -5.52286e+02
          LJ-14     Coulomb-14        LJ (SR)   Coulomb (SR)   Coul. recip.
    1.55681e+03    1.42494e+04    6.43145e+04   -4.62438e+05    1.22736e+03
 Position Rest.      Potential    Kinetic En.   Total Energy  Conserved En.
    5.39054e+02   -3.71897e+05    6.28936e+04   -3.09003e+05   -3.40744e+05
    Temperature Pressure (bar)   Constr. rmsd
    2.99496e+02   -3.56597e+01    2.99504e-06

           Step           Time
          15500       31.00000

   Energies (kJ/mol)
           Bond            U-B    Proper Dih.  Improper Dih.      CMAP Dih.
    1.59330e+03    4.43836e+03    2.86591e+03    2.44698e+02   -5.82269e+02
          LJ-14     Coulomb-14        LJ (SR)   Coulomb (SR)   Coul. recip.
    1.49661e+03    1.41481e+04    6.42764e+04   -4.62821e+05    1.20543e+03
 Position Rest.      Potential    Kinetic En.   Total Energy  Conserved En.
    5.50279e+02   -3.72584e+05    6.25046e+04   -3.10079e+05   -3.40727e+05
    Temperature Pressure (bar)   Constr. rmsd
    2.97643e+02   -2.20806e+02    2.47643e-06

           Step           Time
          16000       32.00000

   Energies (kJ/mol)
           Bond            U-B    Proper Dih.  Improper Dih.      CMAP Dih.
    1.57962e+03    4.56473e+03    2.88257e+03    2.68468e+02   -5.70143e+02
          LJ-14     Coulomb-14        LJ (SR)   Coulomb (SR)   Coul. recip.
    1.53045e+03    1.43647e+04    6.44195e+04   -4.63436e+05    1.16514e+03
 Position Rest.      Potential    Kinetic En.   Total Energy  Conserved En.
    5.50207e+02   -3.72681e+05    6.37390e+04   -3.08942e+05   -3.40762e+05
    Temperature Pressure (bar)   Constr. rmsd
    3.03521e+02   -7.62523e+00    2.73482e-06

           Step           Time
          16500       33.00000

   Energies (kJ/mol)
           Bond            U-B    Proper Dih.  Improper Dih.      CMAP Dih.
    1.59840e+03    4.66117e+03    2.90070e+03    2.51958e+02   -5.10421e+02
          LJ-14     Coulomb-14        LJ (SR)   Coulomb (SR)   Coul. recip.
    1.47777e+03    1.41482e+04    6.42259e+04   -4.62859e+05    1.22642e+03
 Position Rest.      Potential    Kinetic En.   Total Energy  Conserved En.
    5.75928e+02   -3.72303e+05    6.32591e+04   -3.09043e+05   -3.40743e+05
    Temperature Pressure (bar)   Constr. rmsd
    3.01236e+02   -3.96580e+02    2.63165e-06

           Step           Time
          17000       34.00000

   Energies (kJ/mol)
           Bond            U-B    Proper Dih.  Improper Dih.      CMAP Dih.
    1.52457e+03    4.56488e+03    2.80905e+03    2.21367e+02   -5.55124e+02
          LJ-14     Coulomb-14        LJ (SR)   Coulomb (SR)   Coul. recip.
    1.46170e+03    1.43180e+04    6.46988e+04   -4.64386e+05    1.25052e+03
 Position Rest.      Potential    Kinetic En.   Total Energy  Conserved En.
    5.55232e+02   -3.73537e+05    6.35222e+04   -3.10015e+05   -3.40752e+05
    Temperature Pressure (bar)   Constr. rmsd
    3.02489e+02   -4.85535e+02    2.59123e-06

           Step           Time
          17500       35.00000

   Energies (kJ/mol)
           Bond            U-B    Proper Dih.  Improper Dih.      CMAP Dih.
    1.68518e+03    4.50638e+03    2.86341e+03    2.71548e+02   -5.64398e+02
          LJ-14     Coulomb-14        LJ (SR)   Coulomb (SR)   Coul. recip.
    1.47291e+03    1.41824e+04    6.33274e+04   -4.61684e+05    1.12846e+03
 Position Rest.      Potential    Kinetic En.   Total Energy  Conserved En.
    5.39797e+02   -3.72271e+05    6.28237e+04   -3.09447e+05   -3.40724e+05
    Temperature Pressure (bar)   Constr. rmsd
    2.99163e+02   -8.52932e+02    2.80028e-06

           Step           Time
          18000       36.00000

   Energies (kJ/mol)
           Bond            U-B    Proper Dih.  Improper Dih.      CMAP Dih.
    1.67507e+03    4.53802e+03    2.94420e+03    2.68336e+02   -5.95523e+02
          LJ-14     Coulomb-14        LJ (SR)   Coulomb (SR)   Coul. recip.
    1.50458e+03    1.42544e+04    6.26307e+04   -4.61495e+05    1.16337e+03
 Position Rest.      Potential    Kinetic En.   Total Energy  Conserved En.
    6.24623e+02   -3.72487e+05    6.30170e+04   -3.09470e+05   -3.40719e+05
    Temperature Pressure (bar)   Constr. rmsd
    3.00083e+02   -4.79966e+02    2.45280e-06

           Step           Time
          18500       37.00000

   Energies (kJ/mol)
           Bond            U-B    Proper Dih.  Improper Dih.      CMAP Dih.
    1.57545e+03    4.24154e+03    2.82725e+03    2.74152e+02   -6.05357e+02
          LJ-14     Coulomb-14        LJ (SR)   Coulomb (SR)   Coul. recip.
    1.53256e+03    1.44082e+04    6.34827e+04   -4.62770e+05    1.22477e+03
 Position Rest.      Potential    Kinetic En.   Total Energy  Conserved En.
    5.68058e+02   -3.73241e+05    6.25802e+04   -3.10661e+05   -3.40748e+05
    Temperature Pressure (bar)   Constr. rmsd
    2.98003e+02   -4.83577e+02    2.69450e-06

           Step           Time
          19000       38.00000

   Energies (kJ/mol)
           Bond            U-B    Proper Dih.  Improper Dih.      CMAP Dih.
    1.63577e+03    4.53072e+03    2.82710e+03    2.81223e+02   -5.74184e+02
          LJ-14     Coulomb-14        LJ (SR)   Coulomb (SR)   Coul. recip.
    1.54460e+03    1.39924e+04    6.40666e+04   -4.63547e+05    1.20515e+03
 Position Rest.      Potential    Kinetic En.   Total Energy  Conserved En.
    6.58682e+02   -3.73379e+05    6.23707e+04   -3.11008e+05   -3.40739e+05
    Temperature Pressure (bar)   Constr. rmsd
    2.97006e+02   -5.14019e+02    2.71400e-06

           Step           Time
          19500       39.00000

   Energies (kJ/mol)
           Bond            U-B    Proper Dih.  Improper Dih.      CMAP Dih.
    1.57273e+03    4.55809e+03    2.73949e+03    2.98698e+02   -5.53585e+02
          LJ-14     Coulomb-14        LJ (SR)   Coulomb (SR)   Coul. recip.
    1.50945e+03    1.40425e+04    6.42084e+04   -4.63888e+05    1.21303e+03
 Position Rest.      Potential    Kinetic En.   Total Energy  Conserved En.
    5.97065e+02   -3.73702e+05    6.23583e+04   -3.11344e+05   -3.40744e+05
    Temperature Pressure (bar)   Constr. rmsd
    2.96946e+02   -1.87642e+02    2.55688e-06

           Step           Time
          20000       40.00000

   Energies (kJ/mol)
           Bond            U-B    Proper Dih.  Improper Dih.      CMAP Dih.
    1.62790e+03    4.52612e+03    2.85290e+03    2.77980e+02   -5.70426e+02
          LJ-14     Coulomb-14        LJ (SR)   Coulomb (SR)   Coul. recip.
    1.48507e+03    1.40211e+04    6.42139e+04   -4.63596e+05    1.17267e+03
 Position Rest.      Potential    Kinetic En.   Total Energy  Conserved En.
    5.25136e+02   -3.73463e+05    6.28440e+04   -3.10619e+05   -3.40731e+05
    Temperature Pressure (bar)   Constr. rmsd
    2.99259e+02   -1.94061e+02    2.28832e-06

           Step           Time
          20500       41.00000

   Energies (kJ/mol)
           Bond            U-B    Proper Dih.  Improper Dih.      CMAP Dih.
    1.47723e+03    4.49493e+03    2.91102e+03    3.09959e+02   -5.55578e+02
          LJ-14     Coulomb-14        LJ (SR)   Coulomb (SR)   Coul. recip.
    1.51610e+03    1.43112e+04    6.44911e+04   -4.63400e+05    1.14886e+03
 Position Rest.      Potential    Kinetic En.   Total Energy  Conserved En.
    5.57864e+02   -3.72737e+05    6.20899e+04   -3.10647e+05   -3.40717e+05
    Temperature Pressure (bar)   Constr. rmsd
    2.95668e+02   -4.55705e+02    2.51504e-06

           Step           Time
          21000       42.00000

   Energies (kJ/mol)
           Bond            U-B    Proper Dih.  Improper Dih.      CMAP Dih.
    1.57985e+03    4.65453e+03    2.81240e+03    2.70001e+02   -5.61076e+02
          LJ-14     Coulomb-14        LJ (SR)   Coulomb (SR)   Coul. recip.
    1.54504e+03    1.41625e+04    6.41899e+04   -4.63611e+05    1.19114e+03
 Position Rest.      Potential    Kinetic En.   Total Energy  Conserved En.
    6.04338e+02   -3.73162e+05    6.32145e+04   -3.09948e+05   -3.40730e+05
    Temperature Pressure (bar)   Constr. rmsd
    3.01024e+02   -2.81362e+02    2.62890e-06

           Step           Time
          21500       43.00000

   Energies (kJ/mol)
           Bond            U-B    Proper Dih.  Improper Dih.      CMAP Dih.
    1.55733e+03    4.76938e+03    2.89256e+03    2.52638e+02   -5.71263e+02
          LJ-14     Coulomb-14        LJ (SR)   Coulomb (SR)   Coul. recip.
    1.44424e+03    1.40866e+04    6.37732e+04   -4.61350e+05    1.20417e+03
 Position Rest.      Potential    Kinetic En.   Total Energy  Conserved En.
    5.60222e+02   -3.71380e+05    6.23370e+04   -3.09043e+05   -3.40723e+05
    Temperature Pressure (bar)   Constr. rmsd
    2.96845e+02   -3.23731e+02    2.56650e-06

           Step           Time
          22000       44.00000

   Energies (kJ/mol)
           Bond            U-B    Proper Dih.  Improper Dih.      CMAP Dih.
    1.56038e+03    4.37519e+03    2.91179e+03    3.09505e+02   -5.79156e+02
          LJ-14     Coulomb-14        LJ (SR)   Coulomb (SR)   Coul. recip.
    1.56930e+03    1.43005e+04    6.28960e+04   -4.61597e+05    1.27964e+03
 Position Rest.      Potential    Kinetic En.   Total Energy  Conserved En.
    6.36199e+02   -3.72337e+05    6.21511e+04   -3.10186e+05   -3.40731e+05
    Temperature Pressure (bar)   Constr. rmsd
    2.95960e+02   -6.54538e+02    2.60922e-06

           Step           Time
          22500       45.00000

   Energies (kJ/mol)
           Bond            U-B    Proper Dih.  Improper Dih.      CMAP Dih.
    1.53516e+03    4.62312e+03    2.84369e+03    3.10676e+02   -5.57466e+02
          LJ-14     Coulomb-14        LJ (SR)   Coulomb (SR)   Coul. recip.
    1.52120e+03    1.40853e+04    6.47022e+04   -4.62561e+05    1.24859e+03
 Position Rest.      Potential    Kinetic En.   Total Energy  Conserved En.
    5.44978e+02   -3.71704e+05    6.18166e+04   -3.09887e+05   -3.40725e+05
    Temperature Pressure (bar)   Constr. rmsd
    2.94367e+02   -1.70054e+02    2.65287e-06

           Step           Time
          23000       46.00000

   Energies (kJ/mol)
           Bond            U-B    Proper Dih.  Improper Dih.      CMAP Dih.
    1.52051e+03    4.49370e+03    2.97100e+03    2.51067e+02   -5.98929e+02
          LJ-14     Coulomb-14        LJ (SR)   Coulomb (SR)   Coul. recip.
    1.51439e+03    1.41868e+04    6.45503e+04   -4.63426e+05    1.19584e+03
 Position Rest.      Potential    Kinetic En.   Total Energy  Conserved En.
    5.83929e+02   -3.72757e+05    6.23404e+04   -3.10417e+05   -3.40725e+05
    Temperature Pressure (bar)   Constr. rmsd
    2.96861e+02   -3.11218e+02    2.78273e-06

           Step           Time
          23500       47.00000

   Energies (kJ/mol)
           Bond            U-B    Proper Dih.  Improper Dih.      CMAP Dih.
    1.57608e+03    4.42541e+03    2.89152e+03    2.34624e+02   -5.72988e+02
          LJ-14     Coulomb-14        LJ (SR)   Coulomb (SR)   Coul. recip.
    1.48263e+03    1.43165e+04    6.36315e+04   -4.62503e+05    1.19287e+03
 Position Rest.      Potential    Kinetic En.   Total Energy  Conserved En.
    5.74556e+02   -3.72751e+05    6.26167e+04   -3.10134e+05   -3.40727e+05
    Temperature Pressure (bar)   Constr. rmsd
    2.98177e+02   -7.65861e+02    2.75052e-06

           Step           Time
          24000       48.00000

   Energies (kJ/mol)
           Bond            U-B    Proper Dih.  Improper Dih.      CMAP Dih.
    1.63295e+03    4.38155e+03    2.96535e+03    2.50767e+02   -5.96190e+02
          LJ-14     Coulomb-14        LJ (SR)   Coulomb (SR)   Coul. recip.
    1.49059e+03    1.41367e+04    6.46942e+04   -4.64242e+05    1.21003e+03
 Position Rest.      Potential    Kinetic En.   Total Energy  Conserved En.
    5.40971e+02   -3.73535e+05    6.25807e+04   -3.10954e+05   -3.40728e+05
    Temperature Pressure (bar)   Constr. rmsd
    2.98005e+02   -4.20394e+02    2.87804e-06

           Step           Time
          24500       49.00000

   Energies (kJ/mol)
           Bond            U-B    Proper Dih.  Improper Dih.      CMAP Dih.
    1.55577e+03    4.54964e+03    2.83280e+03    2.27120e+02   -5.66026e+02
          LJ-14     Coulomb-14        LJ (SR)   Coulomb (SR)   Coul. recip.
    1.53415e+03    1.41902e+04    6.27322e+04   -4.61521e+05    1.11953e+03
 Position Rest.      Potential    Kinetic En.   Total Energy  Conserved En.
    5.41044e+02   -3.72805e+05    6.22943e+04   -3.10511e+05   -3.40713e+05
    Temperature Pressure (bar)   Constr. rmsd
    2.96642e+02   -5.23122e+02    2.26408e-06

           Step           Time
          25000       50.00000

   Energies (kJ/mol)
           Bond            U-B    Proper Dih.  Improper Dih.      CMAP Dih.
    1.67567e+03    4.64843e+03    2.85776e+03    2.30331e+02   -5.58711e+02
          LJ-14     Coulomb-14        LJ (SR)   Coulomb (SR)   Coul. recip.
    1.49668e+03    1.41934e+04    6.21686e+04   -4.60229e+05    1.20638e+03
 Position Rest.      Potential    Kinetic En.   Total Energy  Conserved En.
    5.94407e+02   -3.71716e+05    6.31197e+04   -3.08596e+05   -3.40708e+05
    Temperature Pressure (bar)   Constr. rmsd
    3.00572e+02   -1.31934e+03    2.96403e-06

           Step           Time
          25500       51.00000

   Energies (kJ/mol)
           Bond            U-B    Proper Dih.  Improper Dih.      CMAP Dih.
    1.65174e+03    4.30335e+03    2.85255e+03    2.58848e+02   -5.39912e+02
          LJ-14     Coulomb-14        LJ (SR)   Coulomb (SR)   Coul. recip.
    1.51659e+03    1.41944e+04    6.42394e+04   -4.63222e+05    1.18870e+03
 Position Rest.      Potential    Kinetic En.   Total Energy  Conserved En.
    5.71336e+02   -3.72985e+05    6.19681e+04   -3.11017e+05   -3.40701e+05
    Temperature Pressure (bar)   Constr. rmsd
    2.95089e+02   -4.17470e+02    2.74212e-06

           Step           Time
          26000       52.00000

   Energies (kJ/mol)
           Bond            U-B    Proper Dih.  Improper Dih.      CMAP Dih.
    1.57890e+03    4.64113e+03    2.87887e+03    2.75089e+02   -6.10504e+02
          LJ-14     Coulomb-14        LJ (SR)   Coulomb (SR)   Coul. recip.
    1.55771e+03    1.42595e+04    6.51741e+04   -4.63257e+05    1.23233e+03
 Position Rest.      Potential    Kinetic En.   Total Energy  Conserved En.
    5.65429e+02   -3.71705e+05    6.30895e+04   -3.08615e+05   -3.40697e+05
    Temperature Pressure (bar)   Constr. rmsd
    3.00428e+02   -1.28690e+02    2.83418e-06

           Step           Time
          26500       53.00000

   Energies (kJ/mol)
           Bond            U-B    Proper Dih.  Improper Dih.      CMAP Dih.
    1.52310e+03    4.38415e+03    2.85278e+03    2.64387e+02   -5.95913e+02
          LJ-14     Coulomb-14        LJ (SR)   Coulomb (SR)   Coul. recip.
    1.51286e+03    1.40518e+04    6.40478e+04   -4.62703e+05    1.18088e+03
 Position Rest.      Potential    Kinetic En.   Total Energy  Conserved En.
    5.58455e+02   -3.72923e+05    6.19192e+04   -3.11003e+05   -3.40705e+05
    Temperature Pressure (bar)   Constr. rmsd
    2.94856e+02   -1.95630e+02    2.93969e-06

           Step           Time
          27000       54.00000

   Energies (kJ/mol)
           Bond            U-B    Proper Dih.  Improper Dih.      CMAP Dih.
    1.46956e+03    4.70129e+03    2.87436e+03    2.53424e+02   -5.60656e+02
          LJ-14     Coulomb-14        LJ (SR)   Coulomb (SR)   Coul. recip.
    1.52297e+03    1.42959e+04    6.32854e+04   -4.61448e+05    1.21821e+03
 Position Rest.      Potential    Kinetic En.   Total Energy  Conserved En.
    5.07529e+02   -3.71880e+05    6.19433e+04   -3.09936e+05   -3.40690e+05
    Temperature Pressure (bar)   Constr. rmsd
    2.94971e+02   -4.20726e+02    2.57711e-06

           Step           Time
          27500       55.00000

   Energies (kJ/mol)
           Bond            U-B    Proper Dih.  Improper Dih.      CMAP Dih.
    1.66661e+03    4.64504e+03    2.88305e+03    2.45900e+02   -5.84696e+02
          LJ-14     Coulomb-14        LJ (SR)   Coulomb (SR)   Coul. recip.
    1.44074e+03    1.42582e+04    6.34863e+04   -4.61772e+05    1.17560e+03
 Position Rest.      Potential    Kinetic En.   Total Energy  Conserved En.
    5.59896e+02   -3.71996e+05    6.25473e+04   -3.09448e+05   -3.40711e+05
    Temperature Pressure (bar)   Constr. rmsd
    2.97847e+02   -5.71019e+02    2.71687e-06

           Step           Time
          28000       56.00000

   Energies (kJ/mol)
           Bond            U-B    Proper Dih.  Improper Dih.      CMAP Dih.
    1.55687e+03    4.45169e+03    2.80919e+03    2.60894e+02   -5.97149e+02
          LJ-14     Coulomb-14        LJ (SR)   Coulomb (SR)   Coul. recip.
    1.51722e+03    1.42598e+04    6.41439e+04   -4.63774e+05    1.17963e+03
 Position Rest.      Potential    Kinetic En.   Total Energy  Conserved En.
    5.47943e+02   -3.73645e+05    6.30488e+04   -3.10596e+05   -3.40710e+05
    Temperature Pressure (bar)   Constr. rmsd
    3.00234e+02   -3.42180e+02    2.93517e-06

           Step           Time
          28500       57.00000

   Energies (kJ/mol)
           Bond            U-B    Proper Dih.  Improper Dih.      CMAP Dih.
    1.58354e+03    4.39717e+03    2.91433e+03    2.95230e+02   -5.98475e+02
          LJ-14     Coulomb-14        LJ (SR)   Coulomb (SR)   Coul. recip.
    1.50861e+03    1.43135e+04    6.40880e+04   -4.63383e+05    1.24954e+03
 Position Rest.      Potential    Kinetic En.   Total Energy  Conserved En.
    5.56867e+02   -3.73074e+05    6.22375e+04   -3.10837e+05   -3.40696e+05
    Temperature Pressure (bar)   Constr. rmsd
    2.96371e+02   -4.39487e+02    2.85245e-06

           Step           Time
          29000       58.00000

   Energies (kJ/mol)
           Bond            U-B    Proper Dih.  Improper Dih.      CMAP Dih.
    1.52093e+03    4.52536e+03    2.83292e+03    2.61720e+02   -5.72373e+02
          LJ-14     Coulomb-14        LJ (SR)   Coulomb (SR)   Coul. recip.
    1.51625e+03    1.43203e+04    6.30552e+04   -4.62933e+05    1.24686e+03
 Position Rest.      Potential    Kinetic En.   Total Energy  Conserved En.
    5.63518e+02   -3.73663e+05    6.26681e+04   -3.10994e+05   -3.40696e+05
    Temperature Pressure (bar)   Constr. rmsd
    2.98422e+02   -9.22781e+02    2.73361e-06

           Step           Time
          29500       59.00000

   Energies (kJ/mol)
           Bond            U-B    Proper Dih.  Improper Dih.      CMAP Dih.
    1.58090e+03    4.28521e+03    2.85459e+03    2.49082e+02   -5.54929e+02
          LJ-14     Coulomb-14        LJ (SR)   Coulomb (SR)   Coul. recip.
    1.49989e+03    1.44365e+04    6.45560e+04   -4.64495e+05    1.22704e+03
 Position Rest.      Potential    Kinetic En.   Total Energy  Conserved En.
    5.78341e+02   -3.73782e+05    6.27385e+04   -3.11043e+05   -3.40702e+05
    Temperature Pressure (bar)   Constr. rmsd
    2.98757e+02   -7.32977e+02    2.80741e-06

           Step           Time
          30000       60.00000

   Energies (kJ/mol)
           Bond            U-B    Proper Dih.  Improper Dih.      CMAP Dih.
    1.63425e+03    4.59167e+03    2.82189e+03    2.77214e+02   -5.68015e+02
          LJ-14     Coulomb-14        LJ (SR)   Coulomb (SR)   Coul. recip.
    1.46691e+03    1.41120e+04    6.45650e+04   -4.63882e+05    1.20106e+03
 Position Rest.      Potential    Kinetic En.   Total Energy  Conserved En.
    5.93464e+02   -3.73186e+05    6.22208e+04   -3.10966e+05   -3.40681e+05
    Temperature Pressure (bar)   Constr. rmsd
    2.96292e+02   -5.59181e+02    2.39092e-06

           Step           Time
          30500       61.00000

   Energies (kJ/mol)
           Bond            U-B    Proper Dih.  Improper Dih.      CMAP Dih.
    1.46761e+03    4.44601e+03    2.83136e+03    2.47149e+02   -5.43393e+02
          LJ-14     Coulomb-14        LJ (SR)   Coulomb (SR)   Coul. recip.
    1.54100e+03    1.41526e+04    6.39950e+04   -4.63600e+05    1.22395e+03
 Position Rest.      Potential    Kinetic En.   Total Energy  Conserved En.
    5.97649e+02   -3.73641e+05    6.22341e+04   -3.11407e+05   -3.40701e+05
    Temperature Pressure (bar)   Constr. rmsd
    2.96355e+02   -6.19766e+02    2.55509e-06

           Step           Time
          31000       62.00000

   Energies (kJ/mol)
           Bond            U-B    Proper Dih.  Improper Dih.      CMAP Dih.
    1.62691e+03    4.65481e+03    2.87960e+03    2.58241e+02   -5.78590e+02
          LJ-14     Coulomb-14        LJ (SR)   Coulomb (SR)   Coul. recip.
    1.51226e+03    1.41415e+04    6.35385e+04   -4.62380e+05    1.25648e+03
 Position Rest.      Potential    Kinetic En.   Total Energy  Conserved En.
    6.11711e+02   -3.72479e+05    6.29107e+04   -3.09568e+05   -3.40685e+05
    Temperature Pressure (bar)   Constr. rmsd
    2.99577e+02   -8.14072e+02    2.59432e-06

           Step           Time
          31500       63.00000

   Energies (kJ/mol)
           Bond            U-B    Proper Dih.  Improper Dih.      CMAP Dih.
    1.66725e+03    4.52992e+03    2.78009e+03    2.45123e+02   -5.55468e+02
          LJ-14     Coulomb-14        LJ (SR)   Coulomb (SR)   Coul. recip.
    1.55998e+03    1.41356e+04    6.30962e+04   -4.61759e+05    1.26086e+03
 Position Rest.      Potential    Kinetic En.   Total Energy  Conserved En.
    5.03350e+02   -3.72536e+05    6.26935e+04   -3.09843e+05   -3.40702e+05
    Temperature Pressure (bar)   Constr. rmsd
    2.98543e+02   -5.39671e+02    3.14321e-06

           Step           Time
          32000       64.00000

   Energies (kJ/mol)
           Bond            U-B    Proper Dih.  Improper Dih.      CMAP Dih.
    1.63643e+03    4.56914e+03    2.88259e+03    2.74410e+02   -5.22857e+02
          LJ-14     Coulomb-14        LJ (SR)   Coulomb (SR)   Coul. recip.
    1.56260e+03    1.40482e+04    6.30696e+04   -4.61975e+05    1.22383e+03
 Position Rest.      Potential    Kinetic En.   Total Energy  Conserved En.
    5.30465e+02   -3.72700e+05    6.29539e+04   -3.09746e+05   -3.40674e+05
    Temperature Pressure (bar)   Constr. rmsd
    2.99783e+02   -7.82069e+02    2.65428e-06

           Step           Time
          32500       65.00000

   Energies (kJ/mol)
           Bond            U-B    Proper Dih.  Improper Dih.      CMAP Dih.
    1.56893e+03    4.71277e+03    2.88325e+03    3.07106e+02   -6.09226e+02
          LJ-14     Coulomb-14        LJ (SR)   Coulomb (SR)   Coul. recip.
    1.52357e+03    1.43955e+04    6.36082e+04   -4.62304e+05    1.25543e+03
 Position Rest.      Potential    Kinetic En.   Total Energy  Conserved En.
    5.55126e+02   -3.72103e+05    6.25691e+04   -3.09534e+05   -3.40684e+05
    Temperature Pressure (bar)   Constr. rmsd
    2.97950e+02   -4.86093e+02    2.66145e-06

           Step           Time
          33000       66.00000

   Energies (kJ/mol)
           Bond            U-B    Proper Dih.  Improper Dih.      CMAP Dih.
    1.51941e+03    4.43744e+03    2.87160e+03    2.23123e+02   -5.71049e+02
          LJ-14     Coulomb-14        LJ (SR)   Coulomb (SR)   Coul. recip.
    1.49178e+03    1.39955e+04    6.29097e+04   -4.61551e+05    1.27803e+03
 Position Rest.      Potential    Kinetic En.   Total Energy  Conserved En.
    5.36565e+02   -3.72859e+05    6.16916e+04   -3.11167e+05   -3.40684e+05
    Temperature Pressure (bar)   Constr. rmsd
    2.93772e+02   -7.61581e+02    2.74861e-06

           Step           Time
          33500       67.00000

   Energies (kJ/mol)
           Bond            U-B    Proper Dih.  Improper Dih.      CMAP Dih.
    1.60057e+03    4.54745e+03    2.81168e+03    2.82914e+02   -5.41350e+02
          LJ-14     Coulomb-14        LJ (SR)   Coulomb (SR)   Coul. recip.
    1.53057e+03    1.42704e+04    6.38363e+04   -4.62605e+05    1.23767e+03
 Position Rest.      Potential    Kinetic En.   Total Energy  Conserved En.
    5.70215e+02   -3.72459e+05    6.23950e+04   -3.10064e+05   -3.40670e+05
    Temperature Pressure (bar)   Constr. rmsd
    2.97121e+02   -1.16274e+02    2.76438e-06

           Step           Time
          34000       68.00000

   Energies (kJ/mol)
           Bond            U-B    Proper Dih.  Improper Dih.      CMAP Dih.
    1.58992e+03    4.29598e+03    2.86338e+03    2.51048e+02   -5.80852e+02
          LJ-14     Coulomb-14        LJ (SR)   Coulomb (SR)   Coul. recip.
    1.54029e+03    1.43217e+04    6.39116e+04   -4.63904e+05    1.14005e+03
 Position Rest.      Potential    Kinetic En.   Total Energy  Conserved En.
    5.47516e+02   -3.74023e+05    6.24388e+04   -3.11585e+05   -3.40693e+05
    Temperature Pressure (bar)   Constr. rmsd
    2.97330e+02   -3.74373e+02    2.44445e-06

           Step           Time
          34500       69.00000

   Energies (kJ/mol)
           Bond            U-B    Proper Dih.  Improper Dih.      CMAP Dih.
    1.59759e+03    4.43177e+03    2.80993e+03    3.06314e+02   -6.01207e+02
          LJ-14     Coulomb-14        LJ (SR)   Coulomb (SR)   Coul. recip.
    1.50766e+03    1.44479e+04    6.51100e+04   -4.64598e+05    1.24768e+03
 Position Rest.      Potential    Kinetic En.   Total Energy  Conserved En.
    5.28771e+02   -3.73212e+05    6.27075e+04   -3.10504e+05   -3.40677e+05
    Temperature Pressure (bar)   Constr. rmsd
    2.98610e+02   -3.96137e+01    2.66637e-06

           Step           Time
          35000       70.00000

   Energies (kJ/mol)
           Bond            U-B    Proper Dih.  Improper Dih.      CMAP Dih.
    1.57251e+03    4.54688e+03    2.84138e+03    2.96865e+02   -5.96747e+02
          LJ-14     Coulomb-14        LJ (SR)   Coulomb (SR)   Coul. recip.
    1.51003e+03    1.42959e+04    6.58272e+04   -4.65903e+05    1.24263e+03
 Position Rest.      Potential    Kinetic En.   Total Energy  Conserved En.
    5.83402e+02   -3.73783e+05    6.24864e+04   -3.11297e+05   -3.40675e+05
    Temperature Pressure (bar)   Constr. rmsd
    2.97556e+02   -4.76906e+02    2.50641e-06

           Step           Time
          35500       71.00000

   Energies (kJ/mol)
           Bond            U-B    Proper Dih.  Improper Dih.      CMAP Dih.
    1.54278e+03    4.47145e+03    2.83247e+03    2.48889e+02   -6.05410e+02
          LJ-14     Coulomb-14        LJ (SR)   Coulomb (SR)   Coul. recip.
    1.55622e+03    1.41615e+04    6.49040e+04   -4.64768e+05    1.19199e+03
 Position Rest.      Potential    Kinetic En.   Total Energy  Conserved En.
    6.12569e+02   -3.73852e+05    6.27360e+04   -3.11116e+05   -3.40654e+05
    Temperature Pressure (bar)   Constr. rmsd
    2.98745e+02   -3.68377e+02    2.68452e-06

           Step           Time
          36000       72.00000

   Energies (kJ/mol)
           Bond            U-B    Proper Dih.  Improper Dih.      CMAP Dih.
    1.46081e+03    4.45166e+03    2.94392e+03    2.50830e+02   -5.74300e+02
          LJ-14     Coulomb-14        LJ (SR)   Coulomb (SR)   Coul. recip.
    1.49462e+03    1.43120e+04    6.42993e+04   -4.64350e+05    1.22684e+03
 Position Rest.      Potential    Kinetic En.   Total Energy  Conserved En.
    6.00947e+02   -3.73884e+05    6.25666e+04   -3.11317e+05   -3.40672e+05
    Temperature Pressure (bar)   Constr. rmsd
    2.97938e+02   -6.29539e+02    2.68644e-06

           Step           Time
          36500       73.00000

   Energies (kJ/mol)
           Bond            U-B    Proper Dih.  Improper Dih.      CMAP Dih.
    1.65951e+03    4.55809e+03    2.85228e+03    2.69102e+02   -5.99973e+02
          LJ-14     Coulomb-14        LJ (SR)   Coulomb (SR)   Coul. recip.
    1.46859e+03    1.41163e+04    6.36709e+04   -4.62801e+05    1.22510e+03
 Position Rest.      Potential    Kinetic En.   Total Energy  Conserved En.
    5.60668e+02   -3.73021e+05    6.25356e+04   -3.10485e+05   -3.40662e+05
    Temperature Pressure (bar)   Constr. rmsd
    2.97791e+02   -6.08425e+02    2.72000e-06

           Step           Time
          37000       74.00000

   Energies (kJ/mol)
           Bond            U-B    Proper Dih.  Improper Dih.      CMAP Dih.
    1.53122e+03    4.49964e+03    2.72539e+03    2.43163e+02   -5.51128e+02
          LJ-14     Coulomb-14        LJ (SR)   Coulomb (SR)   Coul. recip.
    1.53016e+03    1.43779e+04    6.33652e+04   -4.62028e+05    1.25170e+03
 Position Rest.      Potential    Kinetic En.   Total Energy  Conserved En.
    5.71340e+02   -3.72483e+05    6.23851e+04   -3.10098e+05   -3.40667e+05
    Temperature Pressure (bar)   Constr. rmsd
    2.97074e+02   -6.59974e+02    2.75545e-06

           Step           Time
          37500       75.00000

   Energies (kJ/mol)
           Bond            U-B    Proper Dih.  Improper Dih.      CMAP Dih.
    1.59806e+03    4.57685e+03    2.79774e+03    2.54899e+02   -6.09506e+02
          LJ-14     Coulomb-14        LJ (SR)   Coulomb (SR)   Coul. recip.
    1.44749e+03    1.41892e+04    6.47624e+04   -4.63125e+05    1.20517e+03
 Position Rest.      Potential    Kinetic En.   Total Energy  Conserved En.
    5.72014e+02   -3.72331e+05    6.31367e+04   -3.09195e+05   -3.40662e+05
    Temperature Pressure (bar)   Constr. rmsd
    3.00653e+02   -7.88793e+02    3.15538e-06

           Step           Time
          38000       76.00000

   Energies (kJ/mol)
           Bond            U-B    Proper Dih.  Improper Dih.      CMAP Dih.
    1.55696e+03    4.60758e+03    2.75649e+03    2.87662e+02   -5.78828e+02
          LJ-14     Coulomb-14        LJ (SR)   Coulomb (SR)   Coul. recip.
    1.49404e+03    1.42291e+04    6.38080e+04   -4.62400e+05    1.23346e+03
 Position Rest.      Potential    Kinetic En.   Total Energy  Conserved En.
    5.39658e+02   -3.72466e+05    6.28202e+04   -3.09646e+05   -3.40670e+05
    Temperature Pressure (bar)   Constr. rmsd
    2.99146e+02   -2.05007e+02    2.81029e-06

           Step           Time
          38500       77.00000

   Energies (kJ/mol)
           Bond            U-B    Proper Dih.  Improper Dih.      CMAP Dih.
    1.61449e+03    4.44490e+03    2.79329e+03    2.77218e+02   -5.57813e+02
          LJ-14     Coulomb-14        LJ (SR)   Coulomb (SR)   Coul. recip.
    1.50256e+03    1.44347e+04    6.53010e+04   -4.65408e+05    1.21740e+03
 Position Rest.      Potential    Kinetic En.   Total Energy  Conserved En.
    5.81514e+02   -3.73798e+05    6.32198e+04   -3.10579e+05   -3.40652e+05
    Temperature Pressure (bar)   Constr. rmsd
    3.01049e+02   -1.33049e+02    2.99384e-06

           Step           Time
          39000       78.00000

   Energies (kJ/mol)
           Bond            U-B    Proper Dih.  Improper Dih.      CMAP Dih.
    1.52092e+03    4.49168e+03    2.74492e+03    2.75323e+02   -6.24582e+02
          LJ-14     Coulomb-14        LJ (SR)   Coulomb (SR)   Coul. recip.
    1.45575e+03    1.44361e+04    6.41147e+04   -4.63316e+05    1.16011e+03
 Position Rest.      Potential    Kinetic En.   Total Energy  Conserved En.
    5.67044e+02   -3.73174e+05    6.20378e+04   -3.11136e+05   -3.40645e+05
    Temperature Pressure (bar)   Constr. rmsd
    2.95420e+02   -6.11944e+02    2.60391e-06

           Step           Time
          39500       79.00000

   Energies (kJ/mol)
           Bond            U-B    Proper Dih.  Improper Dih.      CMAP Dih.
    1.60311e+03    4.40601e+03    2.79724e+03    2.70667e+02   -5.81057e+02
          LJ-14     Coulomb-14        LJ (SR)   Coulomb (SR)   Coul. recip.
    1.50694e+03    1.43572e+04    6.36039e+04   -4.62705e+05    1.13686e+03
 Position Rest.      Potential    Kinetic En.   Total Energy  Conserved En.
    5.39661e+02   -3.73064e+05    6.24709e+04   -3.10594e+05   -3.40647e+05
    Temperature Pressure (bar)   Constr. rmsd
    2.97483e+02   -6.01112e+02    3.09315e-06

           Step           Time
          40000       80.00000

   Energies (kJ/mol)
           Bond            U-B    Proper Dih.  Improper Dih.      CMAP Dih.
    1.51646e+03    4.23706e+03    2.80142e+03    2.19926e+02   -5.61928e+02
          LJ-14     Coulomb-14        LJ (SR)   Coulomb (SR)   Coul. recip.
    1.53501e+03    1.41354e+04    6.41134e+04   -4.63270e+05    1.16681e+03
 Position Rest.      Potential    Kinetic En.   Total Energy  Conserved En.
    5.40962e+02   -3.73566e+05    6.13098e+04   -3.12256e+05   -3.40657e+05
    Temperature Pressure (bar)   Constr. rmsd
    2.91953e+02   -4.73916e+02    2.83666e-06

           Step           Time
          40500       81.00000

   Energies (kJ/mol)
           Bond            U-B    Proper Dih.  Improper Dih.      CMAP Dih.
    1.52306e+03    4.53507e+03    2.80546e+03    2.46759e+02   -5.40677e+02
          LJ-14     Coulomb-14        LJ (SR)   Coulomb (SR)   Coul. recip.
    1.57944e+03    1.42588e+04    6.43887e+04   -4.63589e+05    1.17323e+03
 Position Rest.      Potential    Kinetic En.   Total Energy  Conserved En.
    5.42655e+02   -3.73076e+05    6.31836e+04   -3.09893e+05   -3.40632e+05
    Temperature Pressure (bar)   Constr. rmsd
    3.00877e+02   -5.96446e+02    2.73983e-06

           Step           Time
          41000       82.00000

   Energies (kJ/mol)
           Bond            U-B    Proper Dih.  Improper Dih.      CMAP Dih.
    1.57415e+03    4.53371e+03    2.79925e+03    2.42998e+02   -5.72555e+02
          LJ-14     Coulomb-14        LJ (SR)   Coulomb (SR)   Coul. recip.
    1.49500e+03    1.44151e+04    6.38952e+04   -4.62394e+05    1.22320e+03
 Position Rest.      Potential    Kinetic En.   Total Energy  Conserved En.
    5.17389e+02   -3.72271e+05    6.16555e+04   -3.10615e+05   -3.40620e+05
    Temperature Pressure (bar)   Constr. rmsd
    2.93600e+02   -5.43672e+02    2.47803e-06

           Step           Time
          41500       83.00000

   Energies (kJ/mol)
           Bond            U-B    Proper Dih.  Improper Dih.      CMAP Dih.
    1.60434e+03    4.36406e+03    2.84599e+03    2.98257e+02   -5.53346e+02
          LJ-14     Coulomb-14        LJ (SR)   Coulomb (SR)   Coul. recip.
    1.53214e+03    1.44903e+04    6.42069e+04   -4.62751e+05    1.18982e+03
 Position Rest.      Potential    Kinetic En.   Total Energy  Conserved En.
    5.00415e+02   -3.72272e+05    6.23590e+04   -3.09913e+05   -3.40624e+05
    Temperature Pressure (bar)   Constr. rmsd
    2.96950e+02   -5.62646e+02    2.62620e-06

           Step           Time
          42000       84.00000

   Energies (kJ/mol)
           Bond            U-B    Proper Dih.  Improper Dih.      CMAP Dih.
    1.53236e+03    4.42781e+03    2.78775e+03    2.60877e+02   -5.81586e+02
          LJ-14     Coulomb-14        LJ (SR)   Coulomb (SR)   Coul. recip.
    1.54285e+03    1.42184e+04    6.57222e+04   -4.64846e+05    1.20312e+03
 Position Rest.      Potential    Kinetic En.   Total Energy  Conserved En.
    5.40658e+02   -3.73192e+05    6.18086e+04   -3.11383e+05   -3.40623e+05
    Temperature Pressure (bar)   Constr. rmsd
    2.94329e+02   -3.93862e+02    2.90177e-06

           Step           Time
          42500       85.00000

   Energies (kJ/mol)
           Bond            U-B    Proper Dih.  Improper Dih.      CMAP Dih.
    1.46138e+03    4.52779e+03    2.80660e+03    2.37410e+02   -5.47249e+02
          LJ-14     Coulomb-14        LJ (SR)   Coulomb (SR)   Coul. recip.
    1.51632e+03    1.43464e+04    6.44421e+04   -4.64018e+05    1.16352e+03
 Position Rest.      Potential    Kinetic En.   Total Energy  Conserved En.
    5.05500e+02   -3.73558e+05    6.23866e+04   -3.11172e+05   -3.40621e+05
    Temperature Pressure (bar)   Constr. rmsd
    2.97081e+02   -5.83676e+02    2.66519e-06

           Step           Time
          43000       86.00000

   Energies (kJ/mol)
           Bond            U-B    Proper Dih.  Improper Dih.      CMAP Dih.
    1.67799e+03    4.43656e+03    2.91888e+03    2.76385e+02   -5.91454e+02
          LJ-14     Coulomb-14        LJ (SR)   Coulomb (SR)   Coul. recip.
    1.48634e+03    1.41823e+04    6.44501e+04   -4.63215e+05    1.20168e+03
 Position Rest.      Potential    Kinetic En.   Total Energy  Conserved En.
    5.43955e+02   -3.72632e+05    6.26718e+04   -3.09960e+05   -3.40622e+05
    Temperature Pressure (bar)   Constr. rmsd
    2.98439e+02   -3.68849e+02    2.55230e-06

           Step           Time
          43500       87.00000

   Energies (kJ/mol)
           Bond            U-B    Proper Dih.  Improper Dih.      CMAP Dih.
    1.59781e+03    4.51589e+03    2.82383e+03    2.63573e+02   -5.96241e+02
          LJ-14     Coulomb-14        LJ (SR)   Coulomb (SR)   Coul. recip.
    1.50070e+03    1.40634e+04    6.48716e+04   -4.64956e+05    1.18369e+03
 Position Rest.      Potential    Kinetic En.   Total Energy  Conserved En.
    5.53669e+02   -3.74178e+05    6.25649e+04   -3.11613e+05   -3.40624e+05
    Temperature Pressure (bar)   Constr. rmsd
    2.97930e+02   -9.05573e+01    2.84591e-06

           Step           Time
          44000       88.00000

   Energies (kJ/mol)
           Bond            U-B    Proper Dih.  Improper Dih.      CMAP Dih.
    1.67615e+03    4.51669e+03    2.88346e+03    2.81564e+02   -6.21546e+02
          LJ-14     Coulomb-14        LJ (SR)   Coulomb (SR)   Coul. recip.
    1.54087e+03    1.39386e+04    6.41622e+04   -4.62196e+05    1.20186e+03
 Position Rest.      Potential    Kinetic En.   Total Energy  Conserved En.
    5.23894e+02   -3.72092e+05    6.25381e+04   -3.09554e+05   -3.40620e+05
    Temperature Pressure (bar)   Constr. rmsd
    2.97803e+02   -3.79985e+02    2.71680e-06

           Step           Time
          44500       89.00000

   Energies (kJ/mol)
           Bond            U-B    Proper Dih.  Improper Dih.      CMAP Dih.
    1.68388e+03    4.48652e+03    2.95840e+03    2.72025e+02   -5.75269e+02
          LJ-14     Coulomb-14        LJ (SR)   Coulomb (SR)   Coul. recip.
    1.42982e+03    1.41903e+04    6.40412e+04   -4.63485e+05    1.15898e+03
 Position Rest.      Potential    Kinetic En.   Total Energy  Conserved En.
    5.46579e+02   -3.73292e+05    6.23389e+04   -3.10953e+05   -3.40628e+05
    Temperature Pressure (bar)   Constr. rmsd
    2.96854e+02   -1.08502e+03    2.30412e-06

           Step           Time
          45000       90.00000

   Energies (kJ/mol)
           Bond            U-B    Proper Dih.  Improper Dih.      CMAP Dih.
    1.68142e+03    4.54338e+03    2.81162e+03    2.60525e+02   -5.66825e+02
          LJ-14     Coulomb-14        LJ (SR)   Coulomb (SR)   Coul. recip.
    1.51325e+03    1.42528e+04    6.36616e+04   -4.61913e+05    1.16107e+03
 Position Rest.      Potential    Kinetic En.   Total Energy  Conserved En.
    5.22462e+02   -3.72072e+05    6.33637e+04   -3.08708e+05   -3.40626e+05
    Temperature Pressure (bar)   Constr. rmsd
    3.01734e+02   -4.94172e+02    2.80461e-06

           Step           Time
          45500       91.00000

   Energies (kJ/mol)
           Bond            U-B    Proper Dih.  Improper Dih.      CMAP Dih.
    1.50800e+03    4.41225e+03    2.87193e+03    2.74051e+02   -5.75647e+02
          LJ-14     Coulomb-14        LJ (SR)   Coulomb (SR)   Coul. recip.
    1.53165e+03    1.42573e+04    6.37363e+04   -4.62625e+05    1.21208e+03
 Position Rest.      Potential    Kinetic En.   Total Energy  Conserved En.
    5.56904e+02   -3.72840e+05    6.17405e+04   -3.11100e+05   -3.40609e+05
    Temperature Pressure (bar)   Constr. rmsd
    2.94004e+02   -3.38084e+02    2.76699e-06

           Step           Time
          46000       92.00000

   Energies (kJ/mol)
           Bond            U-B    Proper Dih.  Improper Dih.      CMAP Dih.
    1.58912e+03    4.45169e+03    2.86476e+03    2.66094e+02   -5.78273e+02
          LJ-14     Coulomb-14        LJ (SR)   Coulomb (SR)   Coul. recip.
    1.53926e+03    1.44196e+04    6.33914e+04   -4.62441e+05    1.21944e+03
 Position Rest.      Potential    Kinetic En.   Total Energy  Conserved En.
    5.88330e+02   -3.72690e+05    6.17772e+04   -3.10913e+05   -3.40595e+05
    Temperature Pressure (bar)   Constr. rmsd
    2.94179e+02   -9.01441e+02    2.62140e-06

           Step           Time
          46500       93.00000

   Energies (kJ/mol)
           Bond            U-B    Proper Dih.  Improper Dih.      CMAP Dih.
    1.60880e+03    4.50987e+03    2.85917e+03    2.89805e+02   -5.16852e+02
          LJ-14     Coulomb-14        LJ (SR)   Coulomb (SR)   Coul. recip.
    1.51372e+03    1.42821e+04    6.39294e+04   -4.62122e+05    1.17286e+03
 Position Rest.      Potential    Kinetic En.   Total Energy  Conserved En.
    5.67960e+02   -3.71905e+05    6.28331e+04   -3.09072e+05   -3.40611e+05
    Temperature Pressure (bar)   Constr. rmsd
    2.99208e+02   -3.57749e+02    2.75801e-06

           Step           Time
          47000       94.00000

   Energies (kJ/mol)
           Bond            U-B    Proper Dih.  Improper Dih.      CMAP Dih.
    1.52364e+03    4.44550e+03    2.82368e+03    2.26642e+02   -5.79174e+02
          LJ-14     Coulomb-14        LJ (SR)   Coulomb (SR)   Coul. recip.
    1.52958e+03    1.42107e+04    6.40073e+04   -4.62308e+05    1.29082e+03
 Position Rest.      Potential    Kinetic En.   Total Energy  Conserved En.
    5.33441e+02   -3.72296e+05    6.21405e+04   -3.10156e+05   -3.40620e+05
    Temperature Pressure (bar)   Constr. rmsd
    2.95910e+02   -2.41793e+02    2.71117e-06

           Step           Time
          47500       95.00000

   Energies (kJ/mol)
           Bond            U-B    Proper Dih.  Improper Dih.      CMAP Dih.
    1.65021e+03    4.43542e+03    2.85393e+03    2.69549e+02   -5.55885e+02
          LJ-14     Coulomb-14        LJ (SR)   Coulomb (SR)   Coul. recip.
    1.46235e+03    1.39724e+04    6.39027e+04   -4.62447e+05    1.19246e+03
 Position Rest.      Potential    Kinetic En.   Total Energy  Conserved En.
    5.27231e+02   -3.72737e+05    6.23729e+04   -3.10364e+05   -3.40621e+05
    Temperature Pressure (bar)   Constr. rmsd
    2.97016e+02   -8.14850e+00    2.86669e-06

           Step           Time
          48000       96.00000

   Energies (kJ/mol)
           Bond            U-B    Proper Dih.  Improper Dih.      CMAP Dih.
    1.57085e+03    4.50115e+03    2.86339e+03    2.57511e+02   -5.63589e+02
          LJ-14     Coulomb-14        LJ (SR)   Coulomb (SR)   Coul. recip.
    1.54409e+03    1.43325e+04    6.48196e+04   -4.63764e+05    1.18820e+03
 Position Rest.      Potential    Kinetic En.   Total Energy  Conserved En.
    5.33069e+02   -3.72717e+05    6.23079e+04   -3.10410e+05   -3.40586e+05
    Temperature Pressure (bar)   Constr. rmsd
    2.96707e+02   -2.39949e+02    2.72542e-06

           Step           Time
          48500       97.00000

   Energies (kJ/mol)
           Bond            U-B    Proper Dih.  Improper Dih.      CMAP Dih.
    1.60572e+03    4.49114e+03    2.92896e+03    2.80903e+02   -5.78594e+02
          LJ-14     Coulomb-14        LJ (SR)   Coulomb (SR)   Coul. recip.
    1.54446e+03    1.41479e+04    6.44426e+04   -4.62391e+05    1.11593e+03
 Position Rest.      Potential    Kinetic En.   Total Energy  Conserved En.
    5.11367e+02   -3.71901e+05    6.27736e+04   -3.09127e+05   -3.40594e+05
    Temperature Pressure (bar)   Constr. rmsd
    2.98924e+02   -2.57707e+02    3.08588e-06

           Step           Time
          49000       98.00000

   Energies (kJ/mol)
           Bond            U-B    Proper Dih.  Improper Dih.      CMAP Dih.
    1.57640e+03    4.64063e+03    2.98643e+03    2.54331e+02   -5.90668e+02
          LJ-14     Coulomb-14        LJ (SR)   Coulomb (SR)   Coul. recip.
    1.47862e+03    1.40088e+04    6.35182e+04   -4.61636e+05    1.21092e+03
 Position Rest.      Potential    Kinetic En.   Total Energy  Conserved En.
    5.33105e+02   -3.72019e+05    6.26275e+04   -3.09392e+05   -3.40590e+05
    Temperature Pressure (bar)   Constr. rmsd
    2.98228e+02   -5.08647e+02    2.51145e-06

           Step           Time
          49500       99.00000

   Energies (kJ/mol)
           Bond            U-B    Proper Dih.  Improper Dih.      CMAP Dih.
    1.53629e+03    4.67583e+03    2.86270e+03    2.87349e+02   -5.70806e+02
          LJ-14     Coulomb-14        LJ (SR)   Coulomb (SR)   Coul. recip.
    1.52243e+03    1.41250e+04    6.34734e+04   -4.61880e+05    1.21022e+03
 Position Rest.      Potential    Kinetic En.   Total Energy  Conserved En.
    5.26879e+02   -3.72230e+05    6.23247e+04   -3.09906e+05   -3.40606e+05
    Temperature Pressure (bar)   Constr. rmsd
    2.96786e+02   -2.87453e+02    2.81235e-06

           Step           Time
          50000      100.00000

Writing checkpoint, step 50000 at Thu Apr 21 20:21:22 2022


   Energies (kJ/mol)
           Bond            U-B    Proper Dih.  Improper Dih.      CMAP Dih.
    1.59239e+03    4.44210e+03    2.83084e+03    2.58422e+02   -5.73346e+02
          LJ-14     Coulomb-14        LJ (SR)   Coulomb (SR)   Coul. recip.
    1.50607e+03    1.41594e+04    6.34798e+04   -4.61439e+05    1.21971e+03
 Position Rest.      Potential    Kinetic En.   Total Energy  Conserved En.
    5.21504e+02   -3.72002e+05    6.27906e+04   -3.09211e+05   -3.40604e+05
    Temperature Pressure (bar)   Constr. rmsd
    2.99005e+02   -2.51801e+02    2.46709e-06


Energy conservation over simulation part #1 of length 100 ns, time 0 to 100 ns
  Conserved energy drift: 3.87e-04 kJ/mol/ps per atom


	<======  ###############  ==>
	<====  A V E R A G E S  ====>
	<==  ###############  ======>

	Statistics over 50001 steps using 501 frames

   Energies (kJ/mol)
           Bond            U-B    Proper Dih.  Improper Dih.      CMAP Dih.
    1.58161e+03    4.47615e+03    2.86189e+03    2.63499e+02   -5.77401e+02
          LJ-14     Coulomb-14        LJ (SR)   Coulomb (SR)   Coul. recip.
    1.51741e+03    1.42236e+04    6.40520e+04   -4.62954e+05    1.20849e+03
 Position Rest.      Potential    Kinetic En.   Total Energy  Conserved En.
    5.54656e+02   -3.72792e+05    6.25439e+04   -3.10248e+05   -3.40711e+05
    Temperature Pressure (bar)   Constr. rmsd
    2.97830e+02   -4.64434e+02    0.00000e+00

   Total Virial (kJ/mol)
    2.43752e+04    2.27667e+01    6.92811e+01
    2.29777e+01    2.42882e+04   -5.07642e+01
    6.94425e+01   -5.08766e+01    2.44151e+04

   Pressure (bar)
   -4.64734e+02   -3.75795e+00   -8.68462e+00
   -3.78585e+00   -4.55213e+02    1.01464e+01
   -8.70596e+00    1.01613e+01   -4.73355e+02

      T-ProteinT-Water_and_ions
    2.97809e+02    2.97833e+02


	M E G A - F L O P S   A C C O U N T I N G

 NB=Group-cutoff nonbonded kernels    NxN=N-by-N cluster Verlet kernels
 RF=Reaction-Field  VdW=Van der Waals  QSTab=quadratic-spline table
 W3=SPC/TIP3p  W4=TIP4p (single or pairs)
 V&F=Potential and force  V=Potential only  F=Force only

 Computing:                               M-Number         M-Flops  % Flops
-----------------------------------------------------------------------------
 Pair Search distance check            8667.965996       78011.694     0.1
 NxN Ewald Elec. + LJ [F]            595328.895568    46435653.854    58.3
 NxN Ewald Elec. + LJ [V&F]            6025.324544      777266.866     1.0
 NxN Ewald Elec. [F]                 491927.221136    30007560.489    37.7
 NxN Ewald Elec. [V&F]                 4978.833120      418221.982     0.5
 1,4 nonbonded interactions             271.105422       24399.488     0.0
 Calc Weights                          3711.224223      133604.072     0.2
 Spread Q Bspline                     79172.783424      158345.567     0.2
 Gather F Bspline                     79172.783424      475036.701     0.6
 3D-FFT                              102183.043620      817464.349     1.0
 Solve PME                               80.001600        5120.102     0.0
 Reset In Box                            15.487866          46.464     0.0
 CG-CoM                                  15.512607          46.538     0.0
 Bonds                                   52.251045        3082.812     0.0
 Propers                                227.754555       52155.793     0.1
 Impropers                               16.000320        3328.067     0.0
 Pos. Restr.                             51.201024        2560.051     0.0
 Virial                                  12.417786         223.520     0.0
 Stop-CM                                 12.419982         124.200     0.0
 Calc-Ekin                              247.459482        6681.406     0.0
 Lincs                                   51.903114        3114.187     0.0
 Lincs-Mat                              267.016020        1068.064     0.0
 Constraint-V                          1237.249488       11135.245     0.0
 Constraint-Vir                          11.876706         285.041     0.0
 Settle                                 377.822668      139794.387     0.2
 CMAP                                     6.250125       10625.212     0.0
 Urey-Bradley                           187.853757       34377.238     0.0
-----------------------------------------------------------------------------
 Total                                                79599333.389   100.0
-----------------------------------------------------------------------------


    D O M A I N   D E C O M P O S I T I O N   S T A T I S T I C S

 av. #atoms communicated per step for force:  2 x 0.0


     R E A L   C Y C L E   A N D   T I M E   A C C O U N T I N G

On 1 MPI rank, each using 8 OpenMP threads

 Computing:          Num   Num      Call    Wall time         Giga-Cycles
                     Ranks Threads  Count      (s)         total sum    %
-----------------------------------------------------------------------------
 Domain decomp.         1    8        626       3.614         43.298   0.6
 Neighbor search        1    8        626       9.604        115.071   1.5
 Force                  1    8      50001     545.279       6532.972  84.6
 PME mesh               1    8      50001      64.124        768.267   9.9
 NB X/F buffer ops.     1    8      99376      10.794        129.328   1.7
 Write traj.            1    8        101       0.483          5.782   0.1
 Update                 1    8      50001       3.040         36.420   0.5
 Constraints            1    8      50003       5.906         70.760   0.9
 Rest                                           1.767         21.175   0.3
-----------------------------------------------------------------------------
 Total                                        644.612       7723.072 100.0
-----------------------------------------------------------------------------
 Breakdown of PME mesh computation
-----------------------------------------------------------------------------
 PME spread             1    8      50001      32.411        388.315   5.0
 PME gather             1    8      50001      16.940        202.952   2.6
 PME 3D-FFT             1    8     100002      12.871        154.211   2.0
 PME solve Elec         1    8      50001       1.435         17.191   0.2
-----------------------------------------------------------------------------

               Core t (s)   Wall t (s)        (%)
       Time:     5156.891      644.612      800.0
                 (ns/day)    (hour/ns)
Performance:       13.404        1.791
Finished mdrun on rank 0 Thu Apr 21 20:21:22 2022

