RADIUS   SO4    O1    1.70
RADIUS   SO4    O2    1.70
RADIUS   SO4    O3    1.70
RADIUS   SO4    O4    1.70
   Warning! get_connect12(): An empty ligand connectivity slot found for atom  SG  in residue CYD 179 to atom  SG 
   Warning! get_connect12(): An empty ligand connectivity slot found for atom  SG  in residue CYD 231 to atom  SG 
   Warning! get_connect12(): An empty ligand connectivity slot found for atom  SG  in residue CYD 278 to atom  SG 
   Warning! get_connect12(): An empty ligand connectivity slot found for atom  SG  in residue CYD 342 to atom  SG 
   Warning! get_connect12(): An empty ligand connectivity slot found for atom  SG  in residue CYD 179 to atom  SG 
   Warning! get_connect12(): An empty ligand connectivity slot found for atom  SG  in residue CYD 231 to atom  SG 
   Warning! get_connect12(): An empty ligand connectivity slot found for atom  SG  in residue CYD 278 to atom  SG 
   Warning! get_connect12(): An empty ligand connectivity slot found for atom  SG  in residue CYD 342 to atom  SG 
TORSION  HIS01  ND1  CG   CB   CA   f        0.0         2    180.00
TORSION  HIS01  NE2  CE1  ND1  CG   f        0.0         2    180.00
TORSION  TRP01  CG   CB   CA   N    f        0.0         3      0.00
TORSION  TRP01  CD1  CG   CB   CA   f        0.0         2    180.00
TORSION  TRP01  NE1  CD1  CG   CB   f        0.0         2    180.00
TORSION  TRP01  CE2  CD2  CG   CB   f        0.0         2    180.00
TORSION  TRP01  CZ3  CE3  CD2  CG   f        0.0         2    180.00
TORSION  TRP01  CH2  CZ2  CE2  CD2  f        0.0         2    180.00
TORSION  ASN01  OD1  CG   CB   CA   f        0.0         2    180.00
   Warning! get_connect12(): An empty ligand connectivity slot found for atom  SG  in residue CYD 179 to atom  SG 
TORSION  ASN01  OD1  CG   CB   CA   f        0.0         2    180.00
TORSION  ASN01  OD1  CG   CB   CA   f        0.0         2    180.00
TORSION  GLN01  OE1  CD   CG   CB   f        0.0         2    180.00
TORSION  HIS01  ND1  CG   CB   CA   f        0.0         2    180.00
TORSION  HIS01  NE2  CE1  ND1  CG   f        0.0         2    180.00
   Warning! get_connect12(): An empty ligand connectivity slot found for atom  SG  in residue CYD 231 to atom  SG 
   Warning! get_connect12(): An empty ligand connectivity slot found for atom  SG  in residue CYD 278 to atom  SG 
TORSION  TYR01  CG   CB   CA   N    f        0.0         3      0.00
TORSION  TYR01  CD1  CG   CB   CA   f        0.0         2    180.00
TORSION  TYR01  CE1  CD1  CG   CB   f        0.0         2    180.00
TORSION  TYR01  CE2  CD2  CG   CB   f        0.0         2    180.00
TORSION  TYR01  CZ   CE1  CD1  CG   f        0.0         2    180.00
TORSION  HIS01  ND1  CG   CB   CA   f        0.0         2    180.00
TORSION  HIS01  NE2  CE1  ND1  CG   f        0.0         2    180.00
TORSION  PRO01  N    CD   CG   CB   f        0.0         3      0.00
TORSION  TYR01  CD1  CG   CB   CA   f        0.0         2    180.00
TORSION  TYR01  CE1  CD1  CG   CB   f        0.0         2    180.00
TORSION  TYR01  CE2  CD2  CG   CB   f        0.0         2    180.00
TORSION  TYR01  CZ   CE1  CD1  CG   f        0.0         2    180.00
TORSION  ASN01  OD1  CG   CB   CA   f        0.0         2    180.00
TORSION  PHE01  CG   CB   CA   N    f        0.0         3      0.00
TORSION  PHE01  CD1  CG   CB   CA   f        0.0         2    180.00
TORSION  PHE01  CE1  CD1  CG   CB   f        0.0         2    180.00
TORSION  PHE01  CE2  CD2  CG   CB   f        0.0         2    180.00
TORSION  PHE01  CZ   CE1  CD1  CG   f        0.0         2    180.00
   Warning! get_connect12(): An empty ligand connectivity slot found for atom  SG  in residue CYD 342 to atom  SG 
   Warning! get_connect12(): An empty ligand connectivity slot found for atom  SG  in residue CYD 179 to atom  SG 
   Warning! get_connect12(): An empty ligand connectivity slot found for atom  SG  in residue CYD 231 to atom  SG 
   Warning! get_connect12(): An empty ligand connectivity slot found for atom  SG  in residue CYD 278 to atom  SG 
   Error! get_connect12(): connectivity of atom " N   PRO E0307" is not complete:
          get_connect12(): atom  C   of residue i-1 is not found 
   Warning! get_connect12(): An empty ligand connectivity slot found for atom  SG  in residue CYD 342 to atom  SG 
TORSION  PROBK  CA   N    CD   CG   f        0.0         2    180.00
   Error! get_connect12(): connectivity of atom " N   PRO E0307" is not complete:
          get_connect12(): atom  C   of residue i-1 is not found 
   Error! get_connect12(): connectivity of atom " N   PRO E0307" is not complete:
          get_connect12(): atom  C   of residue i-1 is not found 
   Warning! get_connect12(): An empty ligand connectivity slot found for atom  SG  in residue CYD 179 to atom  SG 
   Warning! get_connect12(): An empty ligand connectivity slot found for atom  SG  in residue CYD 231 to atom  SG 
   Warning! get_connect12(): An empty ligand connectivity slot found for atom  SG  in residue CYD 278 to atom  SG 
   Error! get_connect12(): connectivity of atom " N   PRO E0307" is not complete:
          get_connect12(): atom  C   of residue i-1 is not found 
   Warning! get_connect12(): An empty ligand connectivity slot found for atom  SG  in residue CYD 342 to atom  SG 
   Warning! get_connect12(): An empty ligand connectivity slot found for atom  SG  in residue CYD 179 to atom  SG 
   Warning! get_connect12(): An empty ligand connectivity slot found for atom  SG  in residue CYD 231 to atom  SG 
   Warning! get_connect12(): An empty ligand connectivity slot found for atom  SG  in residue CYD 278 to atom  SG 
   Error! get_connect12(): connectivity of atom " N   PRO E0307" is not complete:
          get_connect12(): atom  C   of residue i-1 is not found 
   Warning! get_connect12(): An empty ligand connectivity slot found for atom  SG  in residue CYD 342 to atom  SG 
   Warning! get_connect12(): An empty ligand connectivity slot found for atom  SG  in residue CYD 179 to atom  SG 
   Warning! get_connect12(): An empty ligand connectivity slot found for atom  SG  in residue CYD 231 to atom  SG 
   Warning! get_connect12(): An empty ligand connectivity slot found for atom  SG  in residue CYD 278 to atom  SG 
   Error! get_connect12(): connectivity of atom " N   PRO E0307" is not complete:
          get_connect12(): atom  C   of residue i-1 is not found 
   Warning! get_connect12(): An empty ligand connectivity slot found for atom  SG  in residue CYD 342 to atom  SG 
CHARGE   PHE01  CB      0.000
CHARGE   PHE01  CG      0.000
CHARGE   PHE01  CD1     0.000
CHARGE   PHE01  CD2     0.000
CHARGE   PHE01  CE1     0.000
CHARGE   PHE01  CE2     0.000
CHARGE   PHE01  CZ      0.000
CHARGE   LYS01  CG      0.000
CHARGE   ASP01  CB      0.000
CHARGE   PRO01  CB      0.000
CHARGE   PRO01  CG      0.000
CHARGE   PRO01  CD      0.000
CHARGE   ARG01  CB      0.000
CHARGE   ARG01  CG      0.000
CHARGE   LEU01  CB      0.000
CHARGE   LEU01  CG      0.000
CHARGE   LEU01  CD1     0.000
CHARGE   LEU01  CD2     0.000
CHARGE   CYS01  CB      0.000
CHARGE   ASN01  CB      0.000
CHARGE   ILE01  CB      0.000
CHARGE   ILE01  CG1     0.000
CHARGE   ILE01  CG2     0.000
CHARGE   ILE01  CD1     0.000
CHARGE   VAL01  CB      0.000
CHARGE   VAL01  CG1     0.000
CHARGE   VAL01  CG2     0.000
CHARGE   GLU01  CB      0.000
CHARGE   GLU01  CG      0.000
CHARGE   GLN01  CB      0.000
CHARGE   GLN01  CG      0.000
CHARGE   ALA01  CB      0.000
CHARGE   MET01  CB      0.000
CHARGE   TRP01  CB      0.000
CHARGE   TRP01  CG      0.000
CHARGE   TRP01  CD1     0.000
CHARGE   TRP01  CD2     0.000
CHARGE   TRP01  NE1     0.000
CHARGE   TRP01  CE2     0.000
CHARGE   TRP01  CE3     0.000
CHARGE   TRP01  CZ2     0.000
CHARGE   TRP01  CZ3     0.000
CHARGE   TRP01  CH2     0.000
CHARGE   CYD01  CB      0.000
CHARGE   CYD01  SG      0.000
   Warning! get_connect12(): An empty ligand connectivity slot found for atom  SG  in residue CYD 179 to atom  SG 
   Warning! get_connect12(): An empty ligand connectivity slot found for atom  SG  in residue CYD 231 to atom  SG 
   Warning! get_connect12(): An empty ligand connectivity slot found for atom  SG  in residue CYD 278 to atom  SG 
   Error! get_connect12(): connectivity of atom " N   PRO E0307" is not complete:
          get_connect12(): atom  C   of residue i-1 is not found 
   Warning! get_connect12(): An empty ligand connectivity slot found for atom  SG  in residue CYD 342 to atom  SG 
Warning, bond length btw  NE2- CD2 in res HIS A0016 is    2.682
Warning, bond length btw  CD2- NE2 in res HIS A0016 is    2.682
Warning, bond length btw  NE1- CE2 in res TRP A0114 is    5.279
Warning, bond length btw  CE2- NE1 in res TRP A0114 is    5.279
Warning, bond length btw  CZ3- CH2 in res TRP A0114 is    5.712
Warning, bond length btw  CH2- CZ3 in res TRP A0114 is    5.712
Warning, bond length btw  NE2- CD2 in res HIS E0213 is    2.682
Warning, bond length btw  CD2- NE2 in res HIS E0213 is    2.682
Warning, bond length btw  CE2- CZ  in res TYR E0281 is    5.675
Warning, bond length btw  CZ - CE2 in res TYR E0281 is    5.675
Warning, bond length btw  NE2- CD2 in res HIS E0293 is    2.682
Warning, bond length btw  CD2- NE2 in res HIS E0293 is    2.682
Warning, bond length btw  CA - C   in res PRO E0307 is    5.438
Warning, bond length btw  CA - CB  in res PRO E0307 is    4.241
Warning, bond length btw  C  - CA  in res PRO E0307 is    5.438
Warning, bond length btw  CB - CA  in res PRO E0307 is    4.241
Warning, bond length btw  CE2- CZ  in res TYR E0308 is    5.676
Warning, bond length btw  CZ - CE2 in res TYR E0308 is    5.676
Warning, bond length btw  CE2- CZ  in res PHE E0334 is    5.676
Warning, bond length btw  CZ - CE2 in res PHE E0334 is    5.676
   Warning! get_connect12(): An empty ligand connectivity slot found for atom  SG  in residue CYD 179 to atom  SG 
   Warning! get_connect12(): An empty ligand connectivity slot found for atom  SG  in residue CYD 231 to atom  SG 
   Warning! get_connect12(): An empty ligand connectivity slot found for atom  SG  in residue CYD 278 to atom  SG 
   Error! get_connect12(): connectivity of atom " N   PRO E0307" is not complete:
          get_connect12(): atom  C   of residue i-1 is not found 
   Warning! get_connect12(): An empty ligand connectivity slot found for atom  SG  in residue CYD 342 to atom  SG 
Warning, bond length btw  NE2- CD2 in res HIS A0016 is    2.682
Warning, bond length btw  CD2- NE2 in res HIS A0016 is    2.682
Warning, bond length btw  NE1- CE2 in res TRP A0114 is    5.279
Warning, bond length btw  CE2- NE1 in res TRP A0114 is    5.279
Warning, bond length btw  CZ3- CH2 in res TRP A0114 is    5.712
Warning, bond length btw  CH2- CZ3 in res TRP A0114 is    5.712
Warning, bond length btw  NE2- CD2 in res HIS E0213 is    2.682
Warning, bond length btw  CD2- NE2 in res HIS E0213 is    2.682
Warning, bond length btw  CE2- CZ  in res TYR E0281 is    5.675
Warning, bond length btw  CZ - CE2 in res TYR E0281 is    5.675
Warning, bond length btw  NE2- CD2 in res HIS E0293 is    2.682
Warning, bond length btw  CD2- NE2 in res HIS E0293 is    2.682
Warning, bond length btw  CA - C   in res PRO E0307 is    5.438
Warning, bond length btw  CA - CB  in res PRO E0307 is    4.241
Warning, bond length btw  C  - CA  in res PRO E0307 is    5.438
Warning, bond length btw  CB - CA  in res PRO E0307 is    4.241
Warning, bond length btw  CE2- CZ  in res TYR E0308 is    5.676
Warning, bond length btw  CZ - CE2 in res TYR E0308 is    5.676
Warning, bond length btw  CE2- CZ  in res PHE E0334 is    5.676
Warning, bond length btw  CZ - CE2 in res PHE E0334 is    5.676
   Warning! get_connect12(): An empty ligand connectivity slot found for atom  SG  in residue CYD 179 to atom  SG 
   Warning! get_connect12(): An empty ligand connectivity slot found for atom  SG  in residue CYD 231 to atom  SG 
   Warning! get_connect12(): An empty ligand connectivity slot found for atom  SG  in residue CYD 278 to atom  SG 
   Error! get_connect12(): connectivity of atom " N   PRO E0307" is not complete:
          get_connect12(): atom  C   of residue i-1 is not found 
   Warning! get_connect12(): An empty ligand connectivity slot found for atom  SG  in residue CYD 342 to atom  SG 
   Warning! get_connect12(): An empty ligand connectivity slot found for atom  SG  in residue CYD 179 to atom  SG 
   Warning! get_connect12(): An empty ligand connectivity slot found for atom  SG  in residue CYD 231 to atom  SG 
   Warning! get_connect12(): An empty ligand connectivity slot found for atom  SG  in residue CYD 278 to atom  SG 
   Error! get_connect12(): connectivity of atom " N   PRO E0307" is not complete:
          get_connect12(): atom  C   of residue i-1 is not found 
   Warning! get_connect12(): An empty ligand connectivity slot found for atom  SG  in residue CYD 342 to atom  SG 
Warning, bond length btw  NE2- CD2 in res HIS A0016 is    2.682
Warning, bond length btw  CD2- NE2 in res HIS A0016 is    2.682
Warning, bond length btw  NE1- CE2 in res TRP A0114 is    5.279
Warning, bond length btw  CE2- NE1 in res TRP A0114 is    5.279
Warning, bond length btw  CZ3- CH2 in res TRP A0114 is    5.712
Warning, bond length btw  CH2- CZ3 in res TRP A0114 is    5.712
Warning, bond length btw  NE2- CD2 in res HIS E0213 is    2.682
Warning, bond length btw  CD2- NE2 in res HIS E0213 is    2.682
Warning, bond length btw  CE2- CZ  in res TYR E0281 is    5.675
Warning, bond length btw  CZ - CE2 in res TYR E0281 is    5.675
Warning, bond length btw  NE2- CD2 in res HIS E0293 is    2.682
Warning, bond length btw  CD2- NE2 in res HIS E0293 is    2.682
Warning, bond length btw  CA - C   in res PRO E0307 is    5.438
Warning, bond length btw  CA - CB  in res PRO E0307 is    4.241
Warning, bond length btw  C  - CA  in res PRO E0307 is    5.438
Warning, bond length btw  CB - CA  in res PRO E0307 is    4.241
Warning, bond length btw  CE2- CZ  in res TYR E0308 is    5.676
Warning, bond length btw  CZ - CE2 in res TYR E0308 is    5.676
Warning, bond length btw  CE2- CZ  in res PHE E0334 is    5.676
Warning, bond length btw  CZ - CE2 in res PHE E0334 is    5.676
   Warning! get_connect12(): An empty ligand connectivity slot found for atom  SG  in residue CYD 179 to atom  SG 
   Warning! get_connect12(): An empty ligand connectivity slot found for atom  SG  in residue CYD 231 to atom  SG 
   Warning! get_connect12(): An empty ligand connectivity slot found for atom  SG  in residue CYD 278 to atom  SG 
   Error! get_connect12(): connectivity of atom " N   PRO E0307" is not complete:
          get_connect12(): atom  C   of residue i-1 is not found 
   Warning! get_connect12(): An empty ligand connectivity slot found for atom  SG  in residue CYD 342 to atom  SG 
Warning, bond length btw  NE2- CD2 in res HIS A0016 is    2.682
Warning, bond length btw  CD2- NE2 in res HIS A0016 is    2.682
Warning, bond length btw  NE1- CE2 in res TRP A0114 is    5.279
Warning, bond length btw  CE2- NE1 in res TRP A0114 is    5.279
Warning, bond length btw  CZ3- CH2 in res TRP A0114 is    5.712
Warning, bond length btw  CH2- CZ3 in res TRP A0114 is    5.712
Warning, bond length btw  NE2- CD2 in res HIS E0213 is    2.682
Warning, bond length btw  CD2- NE2 in res HIS E0213 is    2.682
Warning, bond length btw  CE2- CZ  in res TYR E0281 is    5.675
Warning, bond length btw  CZ - CE2 in res TYR E0281 is    5.675
Warning, bond length btw  NE2- CD2 in res HIS E0293 is    2.682
Warning, bond length btw  CD2- NE2 in res HIS E0293 is    2.682
Warning, bond length btw  CA - C   in res PRO E0307 is    5.438
Warning, bond length btw  CA - CB  in res PRO E0307 is    4.241
Warning, bond length btw  C  - CA  in res PRO E0307 is    5.438
Warning, bond length btw  CB - CA  in res PRO E0307 is    4.241
Warning, bond length btw  CE2- CZ  in res TYR E0308 is    5.676
Warning, bond length btw  CZ - CE2 in res TYR E0308 is    5.676
Warning, bond length btw  CE2- CZ  in res PHE E0334 is    5.676
Warning, bond length btw  CZ - CE2 in res PHE E0334 is    5.676
   Warning! get_connect12(): An empty ligand connectivity slot found for atom  SG  in residue CYD 179 to atom  SG 
   Warning! get_connect12(): An empty ligand connectivity slot found for atom  SG  in residue CYD 231 to atom  SG 
   Warning! get_connect12(): An empty ligand connectivity slot found for atom  SG  in residue CYD 278 to atom  SG 
   Error! get_connect12(): connectivity of atom " N   PRO E0307" is not complete:
          get_connect12(): atom  C   of residue i-1 is not found 
   Warning! get_connect12(): An empty ligand connectivity slot found for atom  SG  in residue CYD 342 to atom  SG 
   Warning! get_connect12(): An empty ligand connectivity slot found for atom  SG  in residue CYD 179 to atom  SG 
   Warning! get_connect12(): An empty ligand connectivity slot found for atom  SG  in residue CYD 231 to atom  SG 
   Warning! get_connect12(): An empty ligand connectivity slot found for atom  SG  in residue CYD 278 to atom  SG 
   Error! get_connect12(): connectivity of atom " N   PRO E0307" is not complete:
          get_connect12(): atom  C   of residue i-1 is not found 
   Warning! get_connect12(): An empty ligand connectivity slot found for atom  SG  in residue CYD 342 to atom  SG 
   Warning! get_connect12(): An empty ligand connectivity slot found for atom  SG  in residue CYD 179 to atom  SG 
   Warning! get_connect12(): An empty ligand connectivity slot found for atom  SG  in residue CYD 231 to atom  SG 
   Warning! get_connect12(): An empty ligand connectivity slot found for atom  SG  in residue CYD 278 to atom  SG 
   Error! get_connect12(): connectivity of atom " N   PRO E0307" is not complete:
          get_connect12(): atom  C   of residue i-1 is not found 
   Warning! get_connect12(): An empty ligand connectivity slot found for atom  SG  in residue CYD 342 to atom  SG 
CHARGE   NTR01  HA      0.000
CHARGE   NTR+1  HA      0.000
CHARGE   HIS01 1HB      0.000
CHARGE   HIS01 2HB      0.000
CHARGE   HIS02 1HB      0.000
CHARGE   HIS02 2HB      0.000
CHARGE   HIS+1 1HB      0.000
CHARGE   HIS+1 2HB      0.000
CHARGE   PHEBK  HA      0.000
CHARGE   PHE01 1HB      0.000
CHARGE   PHE01 2HB      0.000
CHARGE   PHE01  HD1     0.000
CHARGE   PHE01  HD2     0.000
CHARGE   PHE01  HE1     0.000
CHARGE   PHE01  HE2     0.000
CHARGE   PHE01  HZ      0.000
CHARGE   LYSBK  HA      0.000
CHARGE   LYS01 1HB      0.000
CHARGE   LYS01 2HB      0.000
CHARGE   LYS01 1HG      0.000
CHARGE   LYS01 2HG      0.000
CHARGE   LYS01 1HD      0.000
CHARGE   LYS01 2HD      0.000
CHARGE   LYS01 1HE      0.000
CHARGE   LYS01 2HE      0.000
CHARGE   LYS+1 1HB      0.000
CHARGE   LYS+1 2HB      0.000
CHARGE   LYS+1  CG      0.000
CHARGE   LYS+1 1HG      0.000
CHARGE   LYS+1 2HG      0.000
CHARGE   LYS+1 1HD      0.000
CHARGE   LYS+1 2HD      0.000
CHARGE   LYS+1 1HE      0.000
CHARGE   LYS+1 2HE      0.000
CHARGE   ASPBK  HA      0.000
CHARGE   ASP01 1HB      0.000
CHARGE   ASP01 2HB      0.000
CHARGE   ASP02  CB      0.000
CHARGE   ASP02 1HB      0.000
CHARGE   ASP02 2HB      0.000
CHARGE   ASP-1  CB      0.000
CHARGE   ASP-1 1HB      0.000
CHARGE   ASP-1 2HB      0.000
CHARGE   PROBK  HA      0.000
CHARGE   PRO01 1HB      0.000
CHARGE   PRO01 2HB      0.000
CHARGE   PRO01 1HG      0.000
CHARGE   PRO01 2HG      0.000
CHARGE   PRO01 1HD      0.000
CHARGE   PRO01 2HD      0.000
CHARGE   ARGBK  HA      0.000
CHARGE   ARG01 1HB      0.000
CHARGE   ARG01 2HB      0.000
CHARGE   ARG01 1HG      0.000
CHARGE   ARG01 2HG      0.000
CHARGE   ARG01 1HD      0.000
CHARGE   ARG01 2HD      0.000
CHARGE   ARG02  CB      0.000
CHARGE   ARG02 1HB      0.000
CHARGE   ARG02 2HB      0.000
CHARGE   ARG02  CG      0.000
CHARGE   ARG02 1HG      0.000
CHARGE   ARG02 2HG      0.000
CHARGE   ARG02 1HD      0.000
CHARGE   ARG02 2HD      0.000
CHARGE   ARG03  CB      0.000
CHARGE   ARG03 1HB      0.000
CHARGE   ARG03 2HB      0.000
CHARGE   ARG03  CG      0.000
CHARGE   ARG03 1HG      0.000
CHARGE   ARG03 2HG      0.000
CHARGE   ARG03 1HD      0.000
CHARGE   ARG03 2HD      0.000
CHARGE   ARG+1  CB      0.000
CHARGE   ARG+1 1HB      0.000
CHARGE   ARG+1 2HB      0.000
CHARGE   ARG+1  CG      0.000
CHARGE   ARG+1 1HG      0.000
CHARGE   ARG+1 2HG      0.000
CHARGE   ARG+1 1HD      0.000
CHARGE   ARG+1 2HD      0.000
CHARGE   LEUBK  HA      0.000
CHARGE   LEU01 1HB      0.000
CHARGE   LEU01 2HB      0.000
CHARGE   LEU01  HG      0.000
CHARGE   LEU01 1HD1     0.000
CHARGE   LEU01 2HD1     0.000
CHARGE   LEU01 3HD1     0.000
CHARGE   LEU01 1HD2     0.000
CHARGE   LEU01 2HD2     0.000
CHARGE   LEU01 3HD2     0.000
CHARGE   TYRBK  HA      0.000
CHARGE   TYR01 1HB      0.000
CHARGE   TYR01 2HB      0.000
CHARGE   TYR-1 1HB      0.000
CHARGE   TYR-1 2HB      0.000
CHARGE   CYSBK  HA      0.000
CHARGE   CYS01 1HB      0.000
CHARGE   CYS01 2HB      0.000
CHARGE   CYS-1 1HB      0.000
CHARGE   CYS-1 2HB      0.000
CHARGE   ASNBK  HA      0.000
CHARGE   ASN01 1HB      0.000
CHARGE   ASN01 2HB      0.000
CHARGE   GLYBK 1HA      0.000
CHARGE   GLYBK 2HA      0.000
CHARGE   ILEBK  HA      0.000
CHARGE   ILE01  HB      0.000
CHARGE   ILE01 1HG1     0.000
CHARGE   ILE01 2HG1     0.000
CHARGE   ILE01 1HG2     0.000
CHARGE   ILE01 2HG2     0.000
CHARGE   ILE01 3HG2     0.000
CHARGE   ILE01 1HD1     0.000
CHARGE   ILE01 2HD1     0.000
CHARGE   ILE01 3HD1     0.000
CHARGE   HISBK  HA      0.000
CHARGE   VALBK  HA      0.000
CHARGE   VAL01  HB      0.000
CHARGE   VAL01 1HG1     0.000
CHARGE   VAL01 2HG1     0.000
CHARGE   VAL01 3HG1     0.000
CHARGE   VAL01 1HG2     0.000
CHARGE   VAL01 2HG2     0.000
CHARGE   VAL01 3HG2     0.000
CHARGE   GLUBK  HA      0.000
CHARGE   GLU01 1HB      0.000
CHARGE   GLU01 2HB      0.000
CHARGE   GLU01 1HG      0.000
CHARGE   GLU01 2HG      0.000
CHARGE   GLU02  CB      0.000
CHARGE   GLU02 1HB      0.000
CHARGE   GLU02 2HB      0.000
CHARGE   GLU02  CG      0.000
CHARGE   GLU02 1HG      0.000
CHARGE   GLU02 2HG      0.000
CHARGE   GLU-1  CB      0.000
CHARGE   GLU-1 1HB      0.000
CHARGE   GLU-1 2HB      0.000
CHARGE   GLU-1 1HG      0.000
CHARGE   GLU-1 2HG      0.000
CHARGE   SERBK  HA      0.000
CHARGE   SER01 1HB      0.000
CHARGE   SER01 2HB      0.000
CHARGE   GLNBK  HA      0.000
CHARGE   GLN01 1HB      0.000
CHARGE   GLN01 2HB      0.000
CHARGE   GLN01 1HG      0.000
CHARGE   GLN01 2HG      0.000
CHARGE   ALABK  HA      0.000
CHARGE   ALA01 1HB      0.000
CHARGE   ALA01 2HB      0.000
CHARGE   ALA01 3HB      0.000
CHARGE   METBK  HA      0.000
CHARGE   MET01 1HB      0.000
CHARGE   MET01 2HB      0.000
CHARGE   MET01 1HG      0.000
CHARGE   MET01 2HG      0.000
CHARGE   MET01 1HE      0.000
CHARGE   MET01 2HE      0.000
CHARGE   MET01 3HE      0.000
CHARGE   THRBK  HA      0.000
CHARGE   THR01  HB      0.000
CHARGE   THR01 1HG2     0.000
CHARGE   THR01 2HG2     0.000
CHARGE   THR01 3HG2     0.000
CHARGE   TRPBK  HA      0.000
CHARGE   TRP01 1HB      0.000
CHARGE   TRP01 2HB      0.000
CHARGE   TRP01  HD1     0.000
CHARGE   TRP01  HE1     0.000
CHARGE   TRP01  HE3     0.000
CHARGE   TRP01  HZ2     0.000
CHARGE   TRP01  HZ3     0.000
CHARGE   TRP01  HH2     0.000
CHARGE   CYDBK  HA      0.000
CHARGE   CYD01 1HB      0.000
CHARGE   CYD01 2HB      0.000
   Warning! get_connect12(): An empty ligand connectivity slot found for atom  SG  in residue CYD 179 to atom  SG 
   Warning! get_connect12(): An empty ligand connectivity slot found for atom  SG  in residue CYD 231 to atom  SG 
   Warning! get_connect12(): An empty ligand connectivity slot found for atom  SG  in residue CYD 278 to atom  SG 
   Error! get_connect12(): connectivity of atom " N   PRO E0307" is not complete:
          get_connect12(): atom  C   of residue i-1 is not found 
   Warning! get_connect12(): An empty ligand connectivity slot found for atom  SG  in residue CYD 342 to atom  SG 
Warning, bond length btw  NE2- CD2 in res HIS A0016 is    2.682
Warning, bond length btw  CD2- NE2 in res HIS A0016 is    2.682
Warning, bond length btw  NE2- CD2 in res HIS A0016 is    2.682
Warning, bond length btw  CD2- NE2 in res HIS A0016 is    2.682
Warning, bond length btw  NE2- CD2 in res HIS A0016 is    2.682
Warning, bond length btw  CD2- NE2 in res HIS A0016 is    2.682
Warning, bond length btw  NE2- CD2 in res HIS A0016 is    2.682
Warning, bond length btw  CD2- NE2 in res HIS A0016 is    2.682
Warning, bond length btw  NE2- CD2 in res HIS A0016 is    2.682
Warning, bond length btw  CD2- NE2 in res HIS A0016 is    2.682
Warning, bond length btw  NE2- CD2 in res HIS A0016 is    2.682
Warning, bond length btw  CD2- NE2 in res HIS A0016 is    2.682
Warning, bond length btw  NE1- CE2 in res TRP A0114 is    5.279
Warning, bond length btw  CE2- NE1 in res TRP A0114 is    5.279
Warning, bond length btw  CZ3- CH2 in res TRP A0114 is    5.712
Warning, bond length btw  CH2- CZ3 in res TRP A0114 is    5.712
Warning, bond length btw  NE1- CE2 in res TRP A0114 is    5.279
Warning, bond length btw  CE2- NE1 in res TRP A0114 is    5.279
Warning, bond length btw  CZ3- CH2 in res TRP A0114 is    5.712
Warning, bond length btw  CH2- CZ3 in res TRP A0114 is    5.712
Warning, bond length btw  NE2- CD2 in res HIS E0213 is    2.682
Warning, bond length btw  CD2- NE2 in res HIS E0213 is    2.682
Warning, bond length btw  NE2- CD2 in res HIS E0213 is    2.682
Warning, bond length btw  CD2- NE2 in res HIS E0213 is    2.682
Warning, bond length btw  NE2- CD2 in res HIS E0213 is    2.682
Warning, bond length btw  CD2- NE2 in res HIS E0213 is    2.682
Warning, bond length btw  NE2- CD2 in res HIS E0213 is    2.682
Warning, bond length btw  CD2- NE2 in res HIS E0213 is    2.682
Warning, bond length btw  NE2- CD2 in res HIS E0213 is    2.682
Warning, bond length btw  CD2- NE2 in res HIS E0213 is    2.682
Warning, bond length btw  NE2- CD2 in res HIS E0213 is    2.682
Warning, bond length btw  CD2- NE2 in res HIS E0213 is    2.682
Warning, bond length btw  CE2- CZ  in res TYR E0281 is    5.675
Warning, bond length btw  CZ - CE2 in res TYR E0281 is    5.675
Warning, bond length btw  CE2- CZ  in res TYR E0281 is    5.675
Warning, bond length btw  CZ - CE2 in res TYR E0281 is    5.675
Warning, bond length btw  CE2- CZ  in res TYR E0281 is    5.675
Warning, bond length btw  CZ - CE2 in res TYR E0281 is    5.675
Warning, bond length btw  CE2- CZ  in res TYR E0281 is    5.675
Warning, bond length btw  CZ - CE2 in res TYR E0281 is    5.675
Warning, bond length btw  CE2- CZ  in res TYR E0281 is    5.675
Warning, bond length btw  CZ - CE2 in res TYR E0281 is    5.675
Warning, bond length btw  CE2- CZ  in res TYR E0281 is    5.675
Warning, bond length btw  CZ - CE2 in res TYR E0281 is    5.675
Warning, bond length btw  NE2- CD2 in res HIS E0293 is    2.682
Warning, bond length btw  CD2- NE2 in res HIS E0293 is    2.682
Warning, bond length btw  NE2- CD2 in res HIS E0293 is    2.682
Warning, bond length btw  CD2- NE2 in res HIS E0293 is    2.682
Warning, bond length btw  NE2- CD2 in res HIS E0293 is    2.682
Warning, bond length btw  CD2- NE2 in res HIS E0293 is    2.682
Warning, bond length btw  NE2- CD2 in res HIS E0293 is    2.682
Warning, bond length btw  CD2- NE2 in res HIS E0293 is    2.682
Warning, bond length btw  NE2- CD2 in res HIS E0293 is    2.682
Warning, bond length btw  CD2- NE2 in res HIS E0293 is    2.682
Warning, bond length btw  NE2- CD2 in res HIS E0293 is    2.682
Warning, bond length btw  CD2- NE2 in res HIS E0293 is    2.682
Warning, bond length btw  CA - C   in res PRO E0307 is    5.438
Warning, bond length btw  CA - CB  in res PRO E0307 is    4.241
Warning, bond length btw  C  - CA  in res PRO E0307 is    5.438
Warning, bond length btw  CB - CA  in res PRO E0307 is    4.241
Warning, bond length btw  CE2- CZ  in res TYR E0308 is    5.676
Warning, bond length btw  CZ - CE2 in res TYR E0308 is    5.676
Warning, bond length btw  CE2- CZ  in res TYR E0308 is    5.676
Warning, bond length btw  CZ - CE2 in res TYR E0308 is    5.676
Warning, bond length btw  CE2- CZ  in res TYR E0308 is    5.676
Warning, bond length btw  CZ - CE2 in res TYR E0308 is    5.676
Warning, bond length btw  CE2- CZ  in res TYR E0308 is    5.676
Warning, bond length btw  CZ - CE2 in res TYR E0308 is    5.676
Warning, bond length btw  CE2- CZ  in res TYR E0308 is    5.676
Warning, bond length btw  CZ - CE2 in res TYR E0308 is    5.676
Warning, bond length btw  CE2- CZ  in res TYR E0308 is    5.676
Warning, bond length btw  CZ - CE2 in res TYR E0308 is    5.676
Warning, bond length btw  CE2- CZ  in res PHE E0334 is    5.676
Warning, bond length btw  CZ - CE2 in res PHE E0334 is    5.676
Warning, bond length btw  CE2- CZ  in res PHE E0334 is    5.676
Warning, bond length btw  CZ - CE2 in res PHE E0334 is    5.676
   Warning! get_connect12(): An empty ligand connectivity slot found for atom  SG  in residue CYD 179 to atom  SG 
   Warning! get_connect12(): An empty ligand connectivity slot found for atom  SG  in residue CYD 231 to atom  SG 
   Warning! get_connect12(): An empty ligand connectivity slot found for atom  SG  in residue CYD 278 to atom  SG 
   Error! get_connect12(): connectivity of atom " N   PRO E0307" is not complete:
          get_connect12(): atom  C   of residue i-1 is not found 
   Warning! get_connect12(): An empty ligand connectivity slot found for atom  SG  in residue CYD 342 to atom  SG 
   Warning! get_connect12(): An empty ligand connectivity slot found for atom  SG  in residue CYD 179 to atom  SG 
   Warning! get_connect12(): An empty ligand connectivity slot found for atom  SG  in residue CYD 231 to atom  SG 
   Warning! get_connect12(): An empty ligand connectivity slot found for atom  SG  in residue CYD 278 to atom  SG 
   Error! get_connect12(): connectivity of atom " N   PRO E0307" is not complete:
          get_connect12(): atom  C   of residue i-1 is not found 
   Warning! get_connect12(): An empty ligand connectivity slot found for atom  SG  in residue CYD 342 to atom  SG 
   Warning! get_connect12(): An empty ligand connectivity slot found for atom  SG  in residue CYD 179 to atom  SG 
   Warning! get_connect12(): An empty ligand connectivity slot found for atom  SG  in residue CYD 231 to atom  SG 
   Warning! get_connect12(): An empty ligand connectivity slot found for atom  SG  in residue CYD 278 to atom  SG 
   Error! get_connect12(): connectivity of atom " N   PRO E0307" is not complete:
          get_connect12(): atom  C   of residue i-1 is not found 
   Warning! get_connect12(): An empty ligand connectivity slot found for atom  SG  in residue CYD 342 to atom  SG 
   Warning! get_connect12(): An empty ligand connectivity slot found for atom  SG  in residue CYD 179 to atom  SG 
   Warning! get_connect12(): An empty ligand connectivity slot found for atom  SG  in residue CYD 231 to atom  SG 
   Warning! get_connect12(): An empty ligand connectivity slot found for atom  SG  in residue CYD 278 to atom  SG 
   Error! get_connect12(): connectivity of atom " N   PRO E0307" is not complete:
          get_connect12(): atom  C   of residue i-1 is not found 
   Warning! get_connect12(): An empty ligand connectivity slot found for atom  SG  in residue CYD 342 to atom  SG 
 Residue TYR A 111 always clash with Residue LYS A 110
 Residue TYR A 124 always clash with Residue ARG A  81
 Residue SER A 128 always clash with Residue LEU A 126
 Residue THR A 130 always clash with Residue TRP A 114
 Residue GLU E 160 always clash with Residue ARG A 120
 Residue GLU E 163 always clash with Residue ARG A  44
 Residue GLU E 197 always clash with Residue LYS E 199
 Residue TYR E 237 always clash with Residue LYS E 151
 Residue ASP E 273 always clash with Residue ARG E 330
 Residue CTR E 294 always clash with Residue TYR E 308
 Residue TYR E 308 always clash with Residue VAL E 294
 Residue TYR E 308 always clash with Residue CTR E 294
 Residue CTR E 360 always clash with Residue LEU E 360
   Warning! get_connect12(): An empty ligand connectivity slot found for atom  SG  in residue CYD 179 to atom  SG 
   Warning! get_connect12(): An empty ligand connectivity slot found for atom  SG  in residue CYD 231 to atom  SG 
   Warning! get_connect12(): An empty ligand connectivity slot found for atom  SG  in residue CYD 278 to atom  SG 
   Error! get_connect12(): connectivity of atom " N   PRO E0307" is not complete:
          get_connect12(): atom  C   of residue i-1 is not found 
   Warning! get_connect12(): An empty ligand connectivity slot found for atom  SG  in residue CYD 342 to atom  SG 
   Warning! get_connect12(): An empty ligand connectivity slot found for atom  SG  in residue CYD 179 to atom  SG 
   Warning! get_connect12(): An empty ligand connectivity slot found for atom  SG  in residue CYD 231 to atom  SG 
   Warning! get_connect12(): An empty ligand connectivity slot found for atom  SG  in residue CYD 278 to atom  SG 
   Error! get_connect12(): connectivity of atom " N   PRO E0307" is not complete:
          get_connect12(): atom  C   of residue i-1 is not found 
   Warning! get_connect12(): An empty ligand connectivity slot found for atom  SG  in residue CYD 342 to atom  SG 
Warning, bond length btw  NE2- CD2 in res HIS A0016 is    2.682
Warning, bond length btw  CD2- NE2 in res HIS A0016 is    2.682
Warning, bond length btw  NE2- CD2 in res HIS A0016 is    2.682
Warning, bond length btw  CD2- NE2 in res HIS A0016 is    2.682
Warning, bond length btw  NE2- CD2 in res HIS A0016 is    2.682
Warning, bond length btw  CD2- NE2 in res HIS A0016 is    2.682
Warning, bond length btw  NE1- CE2 in res TRP A0114 is    5.279
Warning, bond length btw  CE2- NE1 in res TRP A0114 is    5.279
Warning, bond length btw  CZ3- CH2 in res TRP A0114 is    5.712
Warning, bond length btw  CH2- CZ3 in res TRP A0114 is    5.712
Warning, bond length btw  NE1- CE2 in res TRP A0114 is    5.279
Warning, bond length btw  CE2- NE1 in res TRP A0114 is    5.279
Warning, bond length btw  CZ3- CH2 in res TRP A0114 is    5.712
Warning, bond length btw  CH2- CZ3 in res TRP A0114 is    5.712
Warning, bond length btw  NE2- CD2 in res HIS E0213 is    2.682
Warning, bond length btw  CD2- NE2 in res HIS E0213 is    2.682
Warning, bond length btw  NE2- CD2 in res HIS E0213 is    2.682
Warning, bond length btw  CD2- NE2 in res HIS E0213 is    2.682
Warning, bond length btw  NE2- CD2 in res HIS E0213 is    2.682
Warning, bond length btw  CD2- NE2 in res HIS E0213 is    2.682
Warning, bond length btw  CE2- CZ  in res TYR E0281 is    5.675
Warning, bond length btw  CZ - CE2 in res TYR E0281 is    5.675
Warning, bond length btw  CE2- CZ  in res TYR E0281 is    5.675
Warning, bond length btw  CZ - CE2 in res TYR E0281 is    5.675
Warning, bond length btw  CE2- CZ  in res TYR E0281 is    5.675
Warning, bond length btw  CZ - CE2 in res TYR E0281 is    5.675
Warning, bond length btw  CE2- CZ  in res TYR E0281 is    5.675
Warning, bond length btw  CZ - CE2 in res TYR E0281 is    5.675
Warning, bond length btw  CE2- CZ  in res TYR E0281 is    5.675
Warning, bond length btw  CZ - CE2 in res TYR E0281 is    5.675
Warning, bond length btw  CE2- CZ  in res TYR E0281 is    5.675
Warning, bond length btw  CZ - CE2 in res TYR E0281 is    5.675
Warning, bond length btw  CE2- CZ  in res TYR E0281 is    5.675
Warning, bond length btw  CZ - CE2 in res TYR E0281 is    5.675
Warning, bond length btw  CE2- CZ  in res TYR E0281 is    5.675
Warning, bond length btw  CZ - CE2 in res TYR E0281 is    5.675
Warning, bond length btw  CE2- CZ  in res TYR E0281 is    5.675
Warning, bond length btw  CZ - CE2 in res TYR E0281 is    5.675
Warning, bond length btw  CE2- CZ  in res TYR E0281 is    5.675
Warning, bond length btw  CZ - CE2 in res TYR E0281 is    5.675
Warning, bond length btw  CE2- CZ  in res TYR E0281 is    5.675
Warning, bond length btw  CZ - CE2 in res TYR E0281 is    5.675
Warning, bond length btw  CE2- CZ  in res TYR E0281 is    5.675
Warning, bond length btw  CZ - CE2 in res TYR E0281 is    5.675
Warning, bond length btw  NE2- CD2 in res HIS E0293 is    2.682
Warning, bond length btw  CD2- NE2 in res HIS E0293 is    2.682
Warning, bond length btw  NE2- CD2 in res HIS E0293 is    2.682
Warning, bond length btw  CD2- NE2 in res HIS E0293 is    2.682
Warning, bond length btw  NE2- CD2 in res HIS E0293 is    2.682
Warning, bond length btw  CD2- NE2 in res HIS E0293 is    2.682
Warning, bond length btw  CA - C   in res PRO E0307 is    5.438
Warning, bond length btw  CA - CB  in res PRO E0307 is    4.241
Warning, bond length btw  C  - CA  in res PRO E0307 is    5.438
Warning, bond length btw  CB - CA  in res PRO E0307 is    4.241
Warning, bond length btw  CE2- CZ  in res TYR E0308 is    5.676
Warning, bond length btw  CZ - CE2 in res TYR E0308 is    5.676
Warning, bond length btw  CE2- CZ  in res TYR E0308 is    5.676
Warning, bond length btw  CZ - CE2 in res TYR E0308 is    5.676
Warning, bond length btw  CE2- CZ  in res TYR E0308 is    5.676
Warning, bond length btw  CZ - CE2 in res TYR E0308 is    5.676
Warning, bond length btw  CE2- CZ  in res TYR E0308 is    5.676
Warning, bond length btw  CZ - CE2 in res TYR E0308 is    5.676
Warning, bond length btw  CE2- CZ  in res TYR E0308 is    5.676
Warning, bond length btw  CZ - CE2 in res TYR E0308 is    5.676
Warning, bond length btw  CE2- CZ  in res TYR E0308 is    5.676
Warning, bond length btw  CZ - CE2 in res TYR E0308 is    5.676
Warning, bond length btw  CE2- CZ  in res TYR E0308 is    5.676
Warning, bond length btw  CZ - CE2 in res TYR E0308 is    5.676
Warning, bond length btw  CE2- CZ  in res TYR E0308 is    5.676
Warning, bond length btw  CZ - CE2 in res TYR E0308 is    5.676
Warning, bond length btw  CE2- CZ  in res TYR E0308 is    5.676
Warning, bond length btw  CZ - CE2 in res TYR E0308 is    5.676
Warning, bond length btw  CE2- CZ  in res PHE E0334 is    5.676
Warning, bond length btw  CZ - CE2 in res PHE E0334 is    5.676
Warning, bond length btw  CE2- CZ  in res PHE E0334 is    5.676
Warning, bond length btw  CZ - CE2 in res PHE E0334 is    5.676
   Warning! get_connect12(): An empty ligand connectivity slot found for atom  SG  in residue CYD 179 to atom  SG 
   Warning! get_connect12(): An empty ligand connectivity slot found for atom  SG  in residue CYD 231 to atom  SG 
   Warning! get_connect12(): An empty ligand connectivity slot found for atom  SG  in residue CYD 278 to atom  SG 
   Error! get_connect12(): connectivity of atom " N   PRO E0307" is not complete:
          get_connect12(): atom  C   of residue i-1 is not found 
   Warning! get_connect12(): An empty ligand connectivity slot found for atom  SG  in residue CYD 342 to atom  SG 
Warning, bond length btw  NE2- CD2 in res HIS A0016 is    2.682
Warning, bond length btw  CD2- NE2 in res HIS A0016 is    2.682
Warning, bond length btw  NE2- CD2 in res HIS A0016 is    2.682
Warning, bond length btw  CD2- NE2 in res HIS A0016 is    2.682
Warning, bond length btw  NE2- CD2 in res HIS A0016 is    2.682
Warning, bond length btw  CD2- NE2 in res HIS A0016 is    2.682
Warning, bond length btw  NE1- CE2 in res TRP A0114 is    5.279
Warning, bond length btw  CE2- NE1 in res TRP A0114 is    5.279
Warning, bond length btw  CZ3- CH2 in res TRP A0114 is    5.712
Warning, bond length btw  CH2- CZ3 in res TRP A0114 is    5.712
Warning, bond length btw  NE1- CE2 in res TRP A0114 is    5.279
Warning, bond length btw  CE2- NE1 in res TRP A0114 is    5.279
Warning, bond length btw  CZ3- CH2 in res TRP A0114 is    5.712
Warning, bond length btw  CH2- CZ3 in res TRP A0114 is    5.712
Warning, bond length btw  NE2- CD2 in res HIS E0213 is    2.682
Warning, bond length btw  CD2- NE2 in res HIS E0213 is    2.682
Warning, bond length btw  NE2- CD2 in res HIS E0213 is    2.682
Warning, bond length btw  CD2- NE2 in res HIS E0213 is    2.682
Warning, bond length btw  NE2- CD2 in res HIS E0213 is    2.682
Warning, bond length btw  CD2- NE2 in res HIS E0213 is    2.682
Warning, bond length btw  CE2- CZ  in res TYR E0281 is    5.675
Warning, bond length btw  CZ - CE2 in res TYR E0281 is    5.675
Warning, bond length btw  CE2- CZ  in res TYR E0281 is    5.675
Warning, bond length btw  CZ - CE2 in res TYR E0281 is    5.675
Warning, bond length btw  CE2- CZ  in res TYR E0281 is    5.675
Warning, bond length btw  CZ - CE2 in res TYR E0281 is    5.675
Warning, bond length btw  CE2- CZ  in res TYR E0281 is    5.675
Warning, bond length btw  CZ - CE2 in res TYR E0281 is    5.675
Warning, bond length btw  CE2- CZ  in res TYR E0281 is    5.675
Warning, bond length btw  CZ - CE2 in res TYR E0281 is    5.675
Warning, bond length btw  CE2- CZ  in res TYR E0281 is    5.675
Warning, bond length btw  CZ - CE2 in res TYR E0281 is    5.675
Warning, bond length btw  CE2- CZ  in res TYR E0281 is    5.675
Warning, bond length btw  CZ - CE2 in res TYR E0281 is    5.675
Warning, bond length btw  CE2- CZ  in res TYR E0281 is    5.675
Warning, bond length btw  CZ - CE2 in res TYR E0281 is    5.675
Warning, bond length btw  CE2- CZ  in res TYR E0281 is    5.675
Warning, bond length btw  CZ - CE2 in res TYR E0281 is    5.675
Warning, bond length btw  CE2- CZ  in res TYR E0281 is    5.675
Warning, bond length btw  CZ - CE2 in res TYR E0281 is    5.675
Warning, bond length btw  CE2- CZ  in res TYR E0281 is    5.675
Warning, bond length btw  CZ - CE2 in res TYR E0281 is    5.675
Warning, bond length btw  CE2- CZ  in res TYR E0281 is    5.675
Warning, bond length btw  CZ - CE2 in res TYR E0281 is    5.675
Warning, bond length btw  NE2- CD2 in res HIS E0293 is    2.682
Warning, bond length btw  CD2- NE2 in res HIS E0293 is    2.682
Warning, bond length btw  NE2- CD2 in res HIS E0293 is    2.682
Warning, bond length btw  CD2- NE2 in res HIS E0293 is    2.682
Warning, bond length btw  NE2- CD2 in res HIS E0293 is    2.682
Warning, bond length btw  CD2- NE2 in res HIS E0293 is    2.682
Warning, bond length btw  CA - C   in res PRO E0307 is    5.438
Warning, bond length btw  CA - CB  in res PRO E0307 is    4.241
Warning, bond length btw  C  - CA  in res PRO E0307 is    5.438
Warning, bond length btw  CB - CA  in res PRO E0307 is    4.241
Warning, bond length btw  CE2- CZ  in res TYR E0308 is    5.676
Warning, bond length btw  CZ - CE2 in res TYR E0308 is    5.676
Warning, bond length btw  CE2- CZ  in res TYR E0308 is    5.676
Warning, bond length btw  CZ - CE2 in res TYR E0308 is    5.676
Warning, bond length btw  CE2- CZ  in res TYR E0308 is    5.676
Warning, bond length btw  CZ - CE2 in res TYR E0308 is    5.676
Warning, bond length btw  CE2- CZ  in res TYR E0308 is    5.676
Warning, bond length btw  CZ - CE2 in res TYR E0308 is    5.676
Warning, bond length btw  CE2- CZ  in res TYR E0308 is    5.676
Warning, bond length btw  CZ - CE2 in res TYR E0308 is    5.676
Warning, bond length btw  CE2- CZ  in res TYR E0308 is    5.676
Warning, bond length btw  CZ - CE2 in res TYR E0308 is    5.676
Warning, bond length btw  CE2- CZ  in res TYR E0308 is    5.676
Warning, bond length btw  CZ - CE2 in res TYR E0308 is    5.676
Warning, bond length btw  CE2- CZ  in res TYR E0308 is    5.676
Warning, bond length btw  CZ - CE2 in res TYR E0308 is    5.676
Warning, bond length btw  CE2- CZ  in res TYR E0308 is    5.676
Warning, bond length btw  CZ - CE2 in res TYR E0308 is    5.676
Warning, bond length btw  CE2- CZ  in res PHE E0334 is    5.676
Warning, bond length btw  CZ - CE2 in res PHE E0334 is    5.676
Warning, bond length btw  CE2- CZ  in res PHE E0334 is    5.676
Warning, bond length btw  CZ - CE2 in res PHE E0334 is    5.676
   Warning! get_connect12(): An empty ligand connectivity slot found for atom  SG  in residue CYD 179 to atom  SG 
   Warning! get_connect12(): An empty ligand connectivity slot found for atom  SG  in residue CYD 231 to atom  SG 
   Warning! get_connect12(): An empty ligand connectivity slot found for atom  SG  in residue CYD 278 to atom  SG 
   Error! get_connect12(): connectivity of atom " N   PRO E0307" is not complete:
          get_connect12(): atom  C   of residue i-1 is not found 
   Warning! get_connect12(): An empty ligand connectivity slot found for atom  SG  in residue CYD 342 to atom  SG 
