NTR A0016_ R f 06 S f  0.0 H t 06 M 000
HIS A0016_ R f 06 S f  0.0 H t 06 M 000
PHE A0017_ R f 06 S f  0.0 H t 06 M 000
LYS A0018_ R f 06 S f  0.0 H t 06 M 000
ASP A0019_ R f 06 S f  0.0 H t 06 M 000
PRO A0020_ R f 06 S f  0.0 H t 06 M 000
LYS A0021_ R f 06 S f  0.0 H t 06 M 000
ARG A0022_ R f 06 S f  0.0 H t 06 M 000
LEU A0023_ R f 06 S f  0.0 H t 06 M 000
TYR A0024_ R f 06 S f  0.0 H t 06 M 000
CYS A0025_ R f 06 S f  0.0 H t 06 M 000
LYS A0026_ R f 06 S f  0.0 H t 06 M 000
ASN A0027_ R f 06 S f  0.0 H t 06 M 000
GLY A0028_ R f 06 S f  0.0 H t 06 M 000
GLY A0029_ R f 06 S f  0.0 H t 06 M 000
PHE A0030_ R f 06 S f  0.0 H t 06 M 000
PHE A0031_ R f 06 S f  0.0 H t 06 M 000
LEU A0032_ R f 06 S f  0.0 H t 06 M 000
ARG A0033_ R f 06 S f  0.0 H t 06 M 000
ILE A0034_ R f 06 S f  0.0 H t 06 M 000
HIS A0035_ R f 06 S f  0.0 H t 06 M 000
PRO A0036_ R f 06 S f  0.0 H t 06 M 000
ASP A0037_ R f 06 S f  0.0 H t 06 M 000
GLY A0038_ R f 06 S f  0.0 H t 06 M 000
ARG A0039_ R f 06 S f  0.0 H t 06 M 000
VAL A0040_ R f 06 S f  0.0 H t 06 M 000
ASP A0041_ R f 06 S f  0.0 H t 06 M 000
GLY A0042_ R f 06 S f  0.0 H t 06 M 000
VAL A0043_ R f 06 S f  0.0 H t 06 M 000
ARG A0044_ R f 06 S f  0.0 H t 06 M 000
GLU A0045_ R f 06 S f  0.0 H t 06 M 000
LYS A0046_ R f 06 S f  0.0 H t 06 M 000
SER A0047_ R f 06 S f  0.0 H t 06 M 000
ASP A0048_ R f 06 S f  0.0 H t 06 M 000
PRO A0049_ R f 06 S f  0.0 H t 06 M 000
HIS A0050_ R f 06 S f  0.0 H t 06 M 000
ILE A0051_ R f 06 S f  0.0 H t 06 M 000
LYS A0052_ R f 06 S f  0.0 H t 06 M 000
LEU A0053_ R f 06 S f  0.0 H t 06 M 000
GLN A0054_ R f 06 S f  0.0 H t 06 M 000
LEU A0055_ R f 06 S f  0.0 H t 06 M 000
GLN A0056_ R f 06 S f  0.0 H t 06 M 000
ALA A0057_ R f 06 S f  0.0 H t 06 M 000
GLU A0058_ R f 06 S f  0.0 H t 06 M 000
GLU A0059_ R f 06 S f  0.0 H t 06 M 000
ARG A0060_ R f 06 S f  0.0 H t 06 M 000
GLY A0061_ R f 06 S f  0.0 H t 06 M 000
VAL A0062_ R f 06 S f  0.0 H t 06 M 000
VAL A0063_ R f 06 S f  0.0 H t 06 M 000
SER A0064_ R f 06 S f  0.0 H t 06 M 000
ILE A0065_ R f 06 S f  0.0 H t 06 M 000
LYS A0066_ R f 06 S f  0.0 H t 06 M 000
GLY A0067_ R f 06 S f  0.0 H t 06 M 000
VAL A0068_ R f 06 S f  0.0 H t 06 M 000
SER A0069_ R f 06 S f  0.0 H t 06 M 000
ALA A0070_ R f 06 S f  0.0 H t 06 M 000
ASN A0071_ R f 06 S f  0.0 H t 06 M 000
ARG A0072_ R f 06 S f  0.0 H t 06 M 000
TYR A0073_ R f 06 S f  0.0 H t 06 M 000
LEU A0074_ R f 06 S f  0.0 H t 06 M 000
ALA A0075_ R f 06 S f  0.0 H t 06 M 000
MET A0076_ R f 06 S f  0.0 H t 06 M 000
LYS A0077_ R f 06 S f  0.0 H t 06 M 000
GLU A0078_ R f 06 S f  0.0 H t 06 M 000
ASP A0079_ R f 06 S f  0.0 H t 06 M 000
GLY A0080_ R f 06 S f  0.0 H t 06 M 000
ARG A0081_ R f 06 S f  0.0 H t 06 M 000
LEU A0082_ R f 06 S f  0.0 H t 06 M 000
LEU A0083_ R f 06 S f  0.0 H t 06 M 000
ALA A0084_ R f 06 S f  0.0 H t 06 M 000
SER A0085_ R f 06 S f  0.0 H t 06 M 000
LYS A0086_ R f 06 S f  0.0 H t 06 M 000
SER A0087_ R f 06 S f  0.0 H t 06 M 000
VAL A0088_ R f 06 S f  0.0 H t 06 M 000
THR A0089_ R f 06 S f  0.0 H t 06 M 000
ASP A0090_ R f 06 S f  0.0 H t 06 M 000
GLU A0091_ R f 06 S f  0.0 H t 06 M 000
CYS A0092_ R f 06 S f  0.0 H t 06 M 000
PHE A0093_ R f 06 S f  0.0 H t 06 M 000
PHE A0094_ R f 06 S f  0.0 H t 06 M 000
PHE A0095_ R f 06 S f  0.0 H t 06 M 000
GLU A0096_ R f 06 S f  0.0 H t 06 M 000
ARG A0097_ R f 06 S f  0.0 H t 06 M 000
LEU A0098_ R f 06 S f  0.0 H t 06 M 000
GLU A0099_ R f 06 S f  0.0 H t 06 M 000
SER A0100_ R f 06 S f  0.0 H t 06 M 000
ASN A0101_ R f 06 S f  0.0 H t 06 M 000
ASN A0102_ R f 06 S f  0.0 H t 06 M 000
TYR A0103_ R f 06 S f  0.0 H t 06 M 000
ASN A0104_ R f 06 S f  0.0 H t 06 M 000
THR A0105_ R f 06 S f  0.0 H t 06 M 000
TYR A0106_ R f 06 S f  0.0 H t 06 M 000
ARG A0107_ R f 06 S f  0.0 H t 06 M 000
SER A0108_ R f 06 S f  0.0 H t 06 M 000
ARG A0109_ R f 06 S f  0.0 H t 06 M 000
LYS A0110_ R f 06 S f  0.0 H t 06 M 000
TYR A0111_ R f 06 S f  0.0 H t 06 M 000
THR A0112_ R f 06 S f  0.0 H t 06 M 000
SER A0113_ R f 06 S f  0.0 H t 06 M 000
TRP A0114_ R f 06 S f  0.0 H t 06 M 000
TYR A0115_ R f 06 S f  0.0 H t 06 M 000
VAL A0116_ R f 06 S f  0.0 H t 06 M 000
ALA A0117_ R f 06 S f  0.0 H t 06 M 000
LEU A0118_ R f 06 S f  0.0 H t 06 M 000
LYS A0119_ R f 06 S f  0.0 H t 06 M 000
ARG A0120_ R f 06 S f  0.0 H t 06 M 000
THR A0121_ R f 06 S f  0.0 H t 06 M 000
GLY A0122_ R f 06 S f  0.0 H t 06 M 000
GLN A0123_ R f 06 S f  0.0 H t 06 M 000
TYR A0124_ R f 06 S f  0.0 H t 06 M 000
LYS A0125_ R f 06 S f  0.0 H t 06 M 000
LEU A0126_ R f 06 S f  0.0 H t 06 M 000
GLY A0127_ R f 06 S f  0.0 H t 06 M 000
SER A0128_ R f 06 S f  0.0 H t 06 M 000
LYS A0129_ R f 06 S f  0.0 H t 06 M 000
THR A0130_ R f 06 S f  0.0 H t 06 M 000
GLY A0131_ R f 06 S f  0.0 H t 06 M 000
PRO A0132_ R f 06 S f  0.0 H t 06 M 000
GLY A0133_ R f 06 S f  0.0 H t 06 M 000
GLN A0134_ R f 06 S f  0.0 H t 06 M 000
LYS A0135_ R f 06 S f  0.0 H t 06 M 000
ALA A0136_ R f 06 S f  0.0 H t 06 M 000
ILE A0137_ R f 06 S f  0.0 H t 06 M 000
LEU A0138_ R f 06 S f  0.0 H t 06 M 000
PHE A0139_ R f 06 S f  0.0 H t 06 M 000
LEU A0140_ R f 06 S f  0.0 H t 06 M 000
PRO A0141_ R f 06 S f  0.0 H t 06 M 000
MET A0142_ R f 06 S f  0.0 H t 06 M 000
SER A0143_ R f 06 S f  0.0 H t 06 M 000
ALA A0144_ R f 06 S f  0.0 H t 06 M 000
LYS A0145_ R f 06 S f  0.0 H t 06 M 000
CTR A0145_ R f 06 S f  0.0 H t 06 M 000
NTR E0150_ R f 06 S f  0.0 H t 06 M 000
ASN E0150_ R f 06 S f  0.0 H t 06 M 000
LYS E0151_ R f 06 S f  0.0 H t 06 M 000
ARG E0152_ R f 06 S f  0.0 H t 06 M 000
ALA E0153_ R f 06 S f  0.0 H t 06 M 000
PRO E0154_ R f 06 S f  0.0 H t 06 M 000
TYR E0155_ R f 06 S f  0.0 H t 06 M 000
TRP E0156_ R f 06 S f  0.0 H t 06 M 000
THR E0157_ R f 06 S f  0.0 H t 06 M 000
ASN E0158_ R f 06 S f  0.0 H t 06 M 000
THR E0159_ R f 06 S f  0.0 H t 06 M 000
GLU E0160_ R f 06 S f  0.0 H t 06 M 000
LYS E0161_ R f 06 S f  0.0 H t 06 M 000
MET E0162_ R f 06 S f  0.0 H t 06 M 000
GLU E0163_ R f 06 S f  0.0 H t 06 M 000
LYS E0164_ R f 06 S f  0.0 H t 06 M 000
ARG E0165_ R f 06 S f  0.0 H t 06 M 000
LEU E0166_ R f 06 S f  0.0 H t 06 M 000
HIS E0167_ R f 06 S f  0.0 H t 06 M 000
ALA E0168_ R f 06 S f  0.0 H t 06 M 000
VAL E0169_ R f 06 S f  0.0 H t 06 M 000
PRO E0170_ R f 06 S f  0.0 H t 06 M 000
ALA E0171_ R f 06 S f  0.0 H t 06 M 000
ALA E0172_ R f 06 S f  0.0 H t 06 M 000
ASN E0173_ R f 06 S f  0.0 H t 06 M 000
THR E0174_ R f 06 S f  0.0 H t 06 M 000
VAL E0175_ R f 06 S f  0.0 H t 06 M 000
LYS E0176_ R f 06 S f  0.0 H t 06 M 000
PHE E0177_ R f 06 S f  0.0 H t 06 M 000
ARG E0178_ R f 06 S f  0.0 H t 06 M 000
CYD E0179_ R f 06 S f  0.0 H t 06 M 000
PRO E0180_ R f 06 S f  0.0 H t 06 M 000
ALA E0181_ R f 06 S f  0.0 H t 06 M 000
GLY E0182_ R f 06 S f  0.0 H t 06 M 000
GLY E0183_ R f 06 S f  0.0 H t 06 M 000
ASN E0184_ R f 06 S f  0.0 H t 06 M 000
PRO E0185_ R f 06 S f  0.0 H t 06 M 000
MET E0186_ R f 06 S f  0.0 H t 06 M 000
PRO E0187_ R f 06 S f  0.0 H t 06 M 000
THR E0188_ R f 06 S f  0.0 H t 06 M 000
MET E0189_ R f 06 S f  0.0 H t 06 M 000
ARG E0190_ R f 06 S f  0.0 H t 06 M 000
TRP E0191_ R f 06 S f  0.0 H t 06 M 000
LEU E0192_ R f 06 S f  0.0 H t 06 M 000
LYS E0193_ R f 06 S f  0.0 H t 06 M 000
ASN E0194_ R f 06 S f  0.0 H t 06 M 000
GLY E0195_ R f 06 S f  0.0 H t 06 M 000
LYS E0196_ R f 06 S f  0.0 H t 06 M 000
GLU E0197_ R f 06 S f  0.0 H t 06 M 000
PHE E0198_ R f 06 S f  0.0 H t 06 M 000
LYS E0199_ R f 06 S f  0.0 H t 06 M 000
GLN E0200_ R f 06 S f  0.0 H t 06 M 000
GLU E0201_ R f 06 S f  0.0 H t 06 M 000
HIS E0202_ R f 06 S f  0.0 H t 06 M 000
ARG E0203_ R f 06 S f  0.0 H t 06 M 000
ILE E0204_ R f 06 S f  0.0 H t 06 M 000
GLY E0205_ R f 06 S f  0.0 H t 06 M 000
GLY E0206_ R f 06 S f  0.0 H t 06 M 000
TYR E0207_ R f 06 S f  0.0 H t 06 M 000
LYS E0208_ R f 06 S f  0.0 H t 06 M 000
VAL E0209_ R f 06 S f  0.0 H t 06 M 000
ARG E0210_ R f 06 S f  0.0 H t 06 M 000
ASN E0211_ R f 06 S f  0.0 H t 06 M 000
GLN E0212_ R f 06 S f  0.0 H t 06 M 000
HIS E0213_ R f 06 S f  0.0 H t 06 M 000
TRP E0214_ R f 06 S f  0.0 H t 06 M 000
SER E0215_ R f 06 S f  0.0 H t 06 M 000
LEU E0216_ R f 06 S f  0.0 H t 06 M 000
ILE E0217_ R f 06 S f  0.0 H t 06 M 000
MET E0218_ R f 06 S f  0.0 H t 06 M 000
GLU E0219_ R f 06 S f  0.0 H t 06 M 000
SER E0220_ R f 06 S f  0.0 H t 06 M 000
VAL E0221_ R f 06 S f  0.0 H t 06 M 000
VAL E0222_ R f 06 S f  0.0 H t 06 M 000
PRO E0223_ R f 06 S f  0.0 H t 06 M 000
SER E0224_ R f 06 S f  0.0 H t 06 M 000
ASP E0225_ R f 06 S f  0.0 H t 06 M 000
LYS E0226_ R f 06 S f  0.0 H t 06 M 000
GLY E0227_ R f 06 S f  0.0 H t 06 M 000
ASN E0228_ R f 06 S f  0.0 H t 06 M 000
TYR E0229_ R f 06 S f  0.0 H t 06 M 000
THR E0230_ R f 06 S f  0.0 H t 06 M 000
CYD E0231_ R f 06 S f  0.0 H t 06 M 000
VAL E0232_ R f 06 S f  0.0 H t 06 M 000
VAL E0233_ R f 06 S f  0.0 H t 06 M 000
GLU E0234_ R f 06 S f  0.0 H t 06 M 000
ASN E0235_ R f 06 S f  0.0 H t 06 M 000
GLU E0236_ R f 06 S f  0.0 H t 06 M 000
TYR E0237_ R f 06 S f  0.0 H t 06 M 000
GLY E0238_ R f 06 S f  0.0 H t 06 M 000
SER E0239_ R f 06 S f  0.0 H t 06 M 000
ILE E0240_ R f 06 S f  0.0 H t 06 M 000
ASN E0241_ R f 06 S f  0.0 H t 06 M 000
HIS E0242_ R f 06 S f  0.0 H t 06 M 000
THR E0243_ R f 06 S f  0.0 H t 06 M 000
TYR E0244_ R f 06 S f  0.0 H t 06 M 000
HIS E0245_ R f 06 S f  0.0 H t 06 M 000
LEU E0246_ R f 06 S f  0.0 H t 06 M 000
ASP E0247_ R f 06 S f  0.0 H t 06 M 000
VAL E0248_ R f 06 S f  0.0 H t 06 M 000
VAL E0249_ R f 06 S f  0.0 H t 06 M 000
GLU E0250_ R f 06 S f  0.0 H t 06 M 000
ARG E0251_ R f 06 S f  0.0 H t 06 M 000
SER E0252_ R f 06 S f  0.0 H t 06 M 000
PRO E0253_ R f 06 S f  0.0 H t 06 M 000
HIS E0254_ R f 06 S f  0.0 H t 06 M 000
ARG E0255_ R f 06 S f  0.0 H t 06 M 000
PRO E0256_ R f 06 S f  0.0 H t 06 M 000
ILE E0257_ R f 06 S f  0.0 H t 06 M 000
LEU E0258_ R f 06 S f  0.0 H t 06 M 000
GLN E0259_ R f 06 S f  0.0 H t 06 M 000
ALA E0260_ R f 06 S f  0.0 H t 06 M 000
GLY E0261_ R f 06 S f  0.0 H t 06 M 000
LEU E0262_ R f 06 S f  0.0 H t 06 M 000
PRO E0263_ R f 06 S f  0.0 H t 06 M 000
ALA E0264_ R f 06 S f  0.0 H t 06 M 000
ASN E0265_ R f 06 S f  0.0 H t 06 M 000
ALA E0266_ R f 06 S f  0.0 H t 06 M 000
SER E0267_ R f 06 S f  0.0 H t 06 M 000
CTR E0267_ R f 06 S f  0.0 H t 06 M 000
NTR E0273_ R f 06 S f  0.0 H t 06 M 000
ASP E0273_ R f 06 S f  0.0 H t 06 M 000
VAL E0274_ R f 06 S f  0.0 H t 06 M 000
GLU E0275_ R f 06 S f  0.0 H t 06 M 000
PHE E0276_ R f 06 S f  0.0 H t 06 M 000
VAL E0277_ R f 06 S f  0.0 H t 06 M 000
CYD E0278_ R f 06 S f  0.0 H t 06 M 000
LYS E0279_ R f 06 S f  0.0 H t 06 M 000
VAL E0280_ R f 06 S f  0.0 H t 06 M 000
TYR E0281_ R f 06 S f  0.0 H t 06 M 000
SER E0282_ R f 06 S f  0.0 H t 06 M 000
ASP E0283_ R f 06 S f  0.0 H t 06 M 000
ALA E0284_ R f 06 S f  0.0 H t 06 M 000
GLN E0285_ R f 06 S f  0.0 H t 06 M 000
PRO E0286_ R f 06 S f  0.0 H t 06 M 000
HIS E0287_ R f 06 S f  0.0 H t 06 M 000
ILE E0288_ R f 06 S f  0.0 H t 06 M 000
GLN E0289_ R f 06 S f  0.0 H t 06 M 000
TRP E0290_ R f 06 S f  0.0 H t 06 M 000
ILE E0291_ R f 06 S f  0.0 H t 06 M 000
LYS E0292_ R f 06 S f  0.0 H t 06 M 000
HIS E0293_ R f 06 S f  0.0 H t 06 M 000
VAL E0294_ R f 06 S f  0.0 H t 06 M 000
CTR E0294_ R f 06 S f  0.0 H t 06 M 000
NTR E0307_ R f 06 S f  0.0 H t 06 M 000
PRO E0307_ R f 06 S f  0.0 H t 06 M 000
TYR E0308_ R f 06 S f  0.0 H t 06 M 000
LEU E0309_ R f 06 S f  0.0 H t 06 M 000
LYS E0310_ R f 06 S f  0.0 H t 06 M 000
VAL E0311_ R f 06 S f  0.0 H t 06 M 000
LEU E0312_ R f 06 S f  0.0 H t 06 M 000
LYS E0313_ R f 06 S f  0.0 H t 06 M 000
ALA E0314_ R f 06 S f  0.0 H t 06 M 000
ALA E0315_ R f 06 S f  0.0 H t 06 M 000
GLY E0316_ R f 06 S f  0.0 H t 06 M 000
VAL E0317_ R f 06 S f  0.0 H t 06 M 000
ASN E0318_ R f 06 S f  0.0 H t 06 M 000
THR E0319_ R f 06 S f  0.0 H t 06 M 000
THR E0320_ R f 06 S f  0.0 H t 06 M 000
ASP E0321_ R f 06 S f  0.0 H t 06 M 000
LYS E0322_ R f 06 S f  0.0 H t 06 M 000
GLU E0323_ R f 06 S f  0.0 H t 06 M 000
ILE E0324_ R f 06 S f  0.0 H t 06 M 000
GLU E0325_ R f 06 S f  0.0 H t 06 M 000
VAL E0326_ R f 06 S f  0.0 H t 06 M 000
LEU E0327_ R f 06 S f  0.0 H t 06 M 000
TYR E0328_ R f 06 S f  0.0 H t 06 M 000
ILE E0329_ R f 06 S f  0.0 H t 06 M 000
ARG E0330_ R f 06 S f  0.0 H t 06 M 000
ASN E0331_ R f 06 S f  0.0 H t 06 M 000
VAL E0332_ R f 06 S f  0.0 H t 06 M 000
THR E0333_ R f 06 S f  0.0 H t 06 M 000
PHE E0334_ R f 06 S f  0.0 H t 06 M 000
GLU E0335_ R f 06 S f  0.0 H t 06 M 000
ASP E0336_ R f 06 S f  0.0 H t 06 M 000
ALA E0337_ R f 06 S f  0.0 H t 06 M 000
GLY E0338_ R f 06 S f  0.0 H t 06 M 000
GLU E0339_ R f 06 S f  0.0 H t 06 M 000
TYR E0340_ R f 06 S f  0.0 H t 06 M 000
THR E0341_ R f 06 S f  0.0 H t 06 M 000
CYD E0342_ R f 06 S f  0.0 H t 06 M 000
LEU E0343_ R f 06 S f  0.0 H t 06 M 000
ALA E0344_ R f 06 S f  0.0 H t 06 M 000
GLY E0345_ R f 06 S f  0.0 H t 06 M 000
ASN E0346_ R f 06 S f  0.0 H t 06 M 000
SER E0347_ R f 06 S f  0.0 H t 06 M 000
ILE E0348_ R f 06 S f  0.0 H t 06 M 000
GLY E0349_ R f 06 S f  0.0 H t 06 M 000
ILE E0350_ R f 06 S f  0.0 H t 06 M 000
SER E0351_ R f 06 S f  0.0 H t 06 M 000
PHE E0352_ R f 06 S f  0.0 H t 06 M 000
HIS E0353_ R f 06 S f  0.0 H t 06 M 000
SER E0354_ R f 06 S f  0.0 H t 06 M 000
ALA E0355_ R f 06 S f  0.0 H t 06 M 000
TRP E0356_ R f 06 S f  0.0 H t 06 M 000
LEU E0357_ R f 06 S f  0.0 H t 06 M 000
THR E0358_ R f 06 S f  0.0 H t 06 M 000
VAL E0359_ R f 06 S f  0.0 H t 06 M 000
LEU E0360_ R f 06 S f  0.0 H t 06 M 000
CTR E0360_ R f 06 S f  0.0 H t 06 M 000
