RADIUS   SO4    O1    1.70
RADIUS   SO4    O2    1.70
RADIUS   SO4    O3    1.70
RADIUS   SO4    O4    1.70
RADIUS   EDO    C1    1.70
RADIUS   EDO    O1    1.70
RADIUS   EDO    C2    1.70
RADIUS   EDO    O2    1.70
RADIUS   XOJ    C     1.70
RADIUS   XOJ    N     1.70
RADIUS   XOJ    O     1.70
RADIUS   XOJ    C1    1.70
RADIUS   XOJ    N1    1.70
RADIUS   XOJ    O1    1.70
RADIUS   XOJ    C2    1.70
RADIUS   XOJ    N2    1.70
RADIUS   XOJ    O2    1.70
RADIUS   XOJ    C3    1.70
RADIUS   XOJ    N3    1.70
RADIUS   XOJ    C4    1.70
RADIUS   XOJ    N4    1.70
RADIUS   XOJ    C5    1.70
RADIUS   XOJ    N5    1.70
RADIUS   XOJ    C6    1.70
RADIUS   XOJ    N6    1.70
RADIUS   XOJ    C7    1.70
RADIUS   XOJ    C8    1.70
RADIUS   XOJ    C9    1.70
RADIUS   XOJ    C10   1.70
RADIUS   XOJ    C11   1.70
RADIUS   XOJ    C12   1.70
RADIUS   XOJ    C13   1.70
RADIUS   XOJ    C14   1.70
RADIUS   XOJ    C15   1.70
RADIUS   XOJ    C16   1.70
RADIUS   XOJ    C17   1.70
RADIUS   XOJ    C18   1.70
RADIUS   XOJ    C19   1.70
RADIUS   XOJ    C20   1.70
RADIUS   XOJ    C21   1.70
RADIUS   XOJ    C22   1.70
RADIUS   XOJ    C23   1.70
RADIUS   XOJ    C24   1.70
RADIUS   XOJ    C25   1.70
RADIUS   XOJ    C26   1.70
TORSION  PHE01  CG   CB   CA   N    f        0.0         3      0.00
TORSION  PHE01  CD1  CG   CB   CA   f        0.0         2    180.00
TORSION  PHE01  CE1  CD1  CG   CB   f        0.0         2    180.00
TORSION  PHE01  CE2  CD2  CG   CB   f        0.0         2    180.00
TORSION  PHE01  CZ   CE1  CD1  CG   f        0.0         2    180.00
TORSION  TYR01  CG   CB   CA   N    f        0.0         3      0.00
TORSION  TYR01  CD1  CG   CB   CA   f        0.0         2    180.00
TORSION  TYR01  CE1  CD1  CG   CB   f        0.0         2    180.00
TORSION  TYR01  CE2  CD2  CG   CB   f        0.0         2    180.00
TORSION  TYR01  CZ   CE1  CD1  CG   f        0.0         2    180.00
TORSION  ASN01  OD1  CG   CB   CA   f        0.0         2    180.00
TORSION  ASN01  OD1  CG   CB   CA   f        0.0         2    180.00
TORSION  GLN01  OE1  CD   CG   CB   f        0.0         2    180.00
TORSION  NTG01 1H    N    CA   C    f        0.0         2    180.00
TORSION  PRO01  N    CD   CG   CB   f        0.0         3      0.00
TORSION  ASN01  OD1  CG   CB   CA   f        0.0         2    180.00
TORSION  GLN01  OE1  CD   CG   CB   f        0.0         2    180.00
TORSION  ASN01  OD1  CG   CB   CA   f        0.0         2    180.00
TORSION  GLN01  OE1  CD   CG   CB   f        0.0         2    180.00
   Error! get_connect12(): connectivity of atom " N   PRO B0505" is not complete:
          get_connect12(): atom  C   of residue i-1 is not found 
TORSION  PROBK  CA   N    CD   CG   f        0.0         2    180.00
   Error! get_connect12(): connectivity of atom " N   PRO B0505" is not complete:
          get_connect12(): atom  C   of residue i-1 is not found 
   Error! get_connect12(): connectivity of atom " N   PRO B0505" is not complete:
          get_connect12(): atom  C   of residue i-1 is not found 
   Error! get_connect12(): connectivity of atom " N   PRO B0505" is not complete:
          get_connect12(): atom  C   of residue i-1 is not found 
   Error! get_connect12(): connectivity of atom " N   PRO B0505" is not complete:
          get_connect12(): atom  C   of residue i-1 is not found 
   Error! get_connect12(): connectivity of atom " N   PRO B0505" is not complete:
          get_connect12(): atom  C   of residue i-1 is not found 
CHARGE   GLU01  CB      0.000
CHARGE   GLU01  CG      0.000
CHARGE   LEU01  CB      0.000
CHARGE   LEU01  CG      0.000
CHARGE   LEU01  CD1     0.000
CHARGE   LEU01  CD2     0.000
CHARGE   PRO01  CB      0.000
CHARGE   PRO01  CG      0.000
CHARGE   PRO01  CD      0.000
CHARGE   ASP01  CB      0.000
CHARGE   ARG01  CB      0.000
CHARGE   ARG01  CG      0.000
CHARGE   TRP01  CB      0.000
CHARGE   TRP01  CG      0.000
CHARGE   TRP01  CD1     0.000
CHARGE   TRP01  CD2     0.000
CHARGE   TRP01  NE1     0.000
CHARGE   TRP01  CE2     0.000
CHARGE   TRP01  CE3     0.000
CHARGE   TRP01  CZ2     0.000
CHARGE   TRP01  CZ3     0.000
CHARGE   TRP01  CH2     0.000
CHARGE   VAL01  CB      0.000
CHARGE   VAL01  CG1     0.000
CHARGE   VAL01  CG2     0.000
CHARGE   LYS01  CG      0.000
CHARGE   PHE01  CB      0.000
CHARGE   PHE01  CG      0.000
CHARGE   PHE01  CD1     0.000
CHARGE   PHE01  CD2     0.000
CHARGE   PHE01  CE1     0.000
CHARGE   PHE01  CE2     0.000
CHARGE   PHE01  CZ      0.000
CHARGE   GLN01  CB      0.000
CHARGE   GLN01  CG      0.000
CHARGE   ALA01  CB      0.000
CHARGE   ILE01  CB      0.000
CHARGE   ILE01  CG1     0.000
CHARGE   ILE01  CG2     0.000
CHARGE   ILE01  CD1     0.000
CHARGE   ASN01  CB      0.000
CHARGE   MET01  CB      0.000
CHARGE   CYS01  CB      0.000
CHARGE   EDOBK  C1      0.000
CHARGE   EDOBK  O1      0.000
CHARGE   EDOBK  C2      0.000
CHARGE   EDOBK  O2      0.000
CHARGE   XOJBK  C       0.000
CHARGE   XOJBK  N       0.000
CHARGE   XOJBK  O       0.000
CHARGE   XOJBK  C1      0.000
CHARGE   XOJBK  N1      0.000
CHARGE   XOJBK  O1      0.000
CHARGE   XOJBK  C2      0.000
CHARGE   XOJBK  N2      0.000
CHARGE   XOJBK  O2      0.000
CHARGE   XOJBK  C3      0.000
CHARGE   XOJBK  N3      0.000
CHARGE   XOJBK  C4      0.000
CHARGE   XOJBK  N4      0.000
CHARGE   XOJBK  C5      0.000
CHARGE   XOJBK  N5      0.000
CHARGE   XOJBK  C6      0.000
CHARGE   XOJBK  N6      0.000
CHARGE   XOJBK  C7      0.000
CHARGE   XOJBK  C8      0.000
CHARGE   XOJBK  C9      0.000
CHARGE   XOJBK  C10     0.000
CHARGE   XOJBK  C11     0.000
CHARGE   XOJBK  C12     0.000
CHARGE   XOJBK  C13     0.000
CHARGE   XOJBK  C14     0.000
CHARGE   XOJBK  C15     0.000
CHARGE   XOJBK  C16     0.000
CHARGE   XOJBK  C17     0.000
CHARGE   XOJBK  C18     0.000
CHARGE   XOJBK  C19     0.000
CHARGE   XOJBK  C20     0.000
CHARGE   XOJBK  C21     0.000
CHARGE   XOJBK  C22     0.000
CHARGE   XOJBK  C23     0.000
CHARGE   XOJBK  C24     0.000
CHARGE   XOJBK  C25     0.000
CHARGE   XOJBK  C26     0.000
   Error! get_connect12(): connectivity of atom " N   PRO B0505" is not complete:
          get_connect12(): atom  C   of residue i-1 is not found 
Warning, bond length btw  CE2- CZ  in res PHE A0489 is    5.676
Warning, bond length btw  CZ - CE2 in res PHE A0489 is    5.676
Warning, bond length btw  CE2- CZ  in res TYR A0585 is    5.676
Warning, bond length btw  CZ - CE2 in res TYR A0585 is    5.676
Warning, bond length btw  CA - C   in res PRO B0505 is    6.172
Warning, bond length btw  CA - CB  in res PRO B0505 is    4.262
Warning, bond length btw  C  - CA  in res PRO B0505 is    6.172
Warning, bond length btw  CB - CA  in res PRO B0505 is    4.262
   Error! get_connect12(): connectivity of atom " N   PRO B0505" is not complete:
          get_connect12(): atom  C   of residue i-1 is not found 
Warning, bond length btw  CE2- CZ  in res PHE A0489 is    5.676
Warning, bond length btw  CZ - CE2 in res PHE A0489 is    5.676
Warning, bond length btw  CE2- CZ  in res TYR A0585 is    5.676
Warning, bond length btw  CZ - CE2 in res TYR A0585 is    5.676
Warning, bond length btw  CA - C   in res PRO B0505 is    6.172
Warning, bond length btw  CA - CB  in res PRO B0505 is    4.262
Warning, bond length btw  C  - CA  in res PRO B0505 is    6.172
Warning, bond length btw  CB - CA  in res PRO B0505 is    4.262
   Error! get_connect12(): connectivity of atom " N   PRO B0505" is not complete:
          get_connect12(): atom  C   of residue i-1 is not found 
   Error! get_connect12(): connectivity of atom " N   PRO B0505" is not complete:
          get_connect12(): atom  C   of residue i-1 is not found 
Warning, bond length btw  CE2- CZ  in res PHE A0489 is    5.676
Warning, bond length btw  CZ - CE2 in res PHE A0489 is    5.676
Warning, bond length btw  CE2- CZ  in res TYR A0585 is    5.676
Warning, bond length btw  CZ - CE2 in res TYR A0585 is    5.676
Warning, bond length btw  CA - C   in res PRO B0505 is    6.172
Warning, bond length btw  CA - CB  in res PRO B0505 is    4.262
Warning, bond length btw  C  - CA  in res PRO B0505 is    6.172
Warning, bond length btw  CB - CA  in res PRO B0505 is    4.262
   Error! get_connect12(): connectivity of atom " N   PRO B0505" is not complete:
          get_connect12(): atom  C   of residue i-1 is not found 
Warning, bond length btw  CE2- CZ  in res PHE A0489 is    5.676
Warning, bond length btw  CZ - CE2 in res PHE A0489 is    5.676
Warning, bond length btw  CE2- CZ  in res TYR A0585 is    5.676
Warning, bond length btw  CZ - CE2 in res TYR A0585 is    5.676
Warning, bond length btw  CA - C   in res PRO B0505 is    6.172
Warning, bond length btw  CA - CB  in res PRO B0505 is    4.262
Warning, bond length btw  C  - CA  in res PRO B0505 is    6.172
Warning, bond length btw  CB - CA  in res PRO B0505 is    4.262
   Error! get_connect12(): connectivity of atom " N   PRO B0505" is not complete:
          get_connect12(): atom  C   of residue i-1 is not found 
TORSION  NTG01 1H    N    CA   C    f        0.0         2    180.00
TORSION  NTG+1 1H    N    CA   C    f        0.0         3      0.00
   Error! get_connect12(): connectivity of atom " N   PRO B0505" is not complete:
          get_connect12(): atom  C   of residue i-1 is not found 
   Error! get_connect12(): connectivity of atom " N   PRO B0505" is not complete:
          get_connect12(): atom  C   of residue i-1 is not found 
CHARGE   NTR01  HA      0.000
CHARGE   NTR+1  HA      0.000
CHARGE   GLU01 1HB      0.000
CHARGE   GLU01 2HB      0.000
CHARGE   GLU01 1HG      0.000
CHARGE   GLU01 2HG      0.000
CHARGE   GLU02  CB      0.000
CHARGE   GLU02 1HB      0.000
CHARGE   GLU02 2HB      0.000
CHARGE   GLU02  CG      0.000
CHARGE   GLU02 1HG      0.000
CHARGE   GLU02 2HG      0.000
CHARGE   GLU-1  CB      0.000
CHARGE   GLU-1 1HB      0.000
CHARGE   GLU-1 2HB      0.000
CHARGE   GLU-1 1HG      0.000
CHARGE   GLU-1 2HG      0.000
CHARGE   LEUBK  HA      0.000
CHARGE   LEU01 1HB      0.000
CHARGE   LEU01 2HB      0.000
CHARGE   LEU01  HG      0.000
CHARGE   LEU01 1HD1     0.000
CHARGE   LEU01 2HD1     0.000
CHARGE   LEU01 3HD1     0.000
CHARGE   LEU01 1HD2     0.000
CHARGE   LEU01 2HD2     0.000
CHARGE   LEU01 3HD2     0.000
CHARGE   PROBK  HA      0.000
CHARGE   PRO01 1HB      0.000
CHARGE   PRO01 2HB      0.000
CHARGE   PRO01 1HG      0.000
CHARGE   PRO01 2HG      0.000
CHARGE   PRO01 1HD      0.000
CHARGE   PRO01 2HD      0.000
CHARGE   GLUBK  HA      0.000
CHARGE   ASPBK  HA      0.000
CHARGE   ASP01 1HB      0.000
CHARGE   ASP01 2HB      0.000
CHARGE   ASP02  CB      0.000
CHARGE   ASP02 1HB      0.000
CHARGE   ASP02 2HB      0.000
CHARGE   ASP-1  CB      0.000
CHARGE   ASP-1 1HB      0.000
CHARGE   ASP-1 2HB      0.000
CHARGE   ARGBK  HA      0.000
CHARGE   ARG01 1HB      0.000
CHARGE   ARG01 2HB      0.000
CHARGE   ARG01 1HG      0.000
CHARGE   ARG01 2HG      0.000
CHARGE   ARG01 1HD      0.000
CHARGE   ARG01 2HD      0.000
CHARGE   ARG02  CB      0.000
CHARGE   ARG02 1HB      0.000
CHARGE   ARG02 2HB      0.000
CHARGE   ARG02  CG      0.000
CHARGE   ARG02 1HG      0.000
CHARGE   ARG02 2HG      0.000
CHARGE   ARG02 1HD      0.000
CHARGE   ARG02 2HD      0.000
CHARGE   ARG03  CB      0.000
CHARGE   ARG03 1HB      0.000
CHARGE   ARG03 2HB      0.000
CHARGE   ARG03  CG      0.000
CHARGE   ARG03 1HG      0.000
CHARGE   ARG03 2HG      0.000
CHARGE   ARG03 1HD      0.000
CHARGE   ARG03 2HD      0.000
CHARGE   ARG+1  CB      0.000
CHARGE   ARG+1 1HB      0.000
CHARGE   ARG+1 2HB      0.000
CHARGE   ARG+1  CG      0.000
CHARGE   ARG+1 1HG      0.000
CHARGE   ARG+1 2HG      0.000
CHARGE   ARG+1 1HD      0.000
CHARGE   ARG+1 2HD      0.000
CHARGE   TRPBK  HA      0.000
CHARGE   TRP01 1HB      0.000
CHARGE   TRP01 2HB      0.000
CHARGE   TRP01  HD1     0.000
CHARGE   TRP01  HE1     0.000
CHARGE   TRP01  HE3     0.000
CHARGE   TRP01  HZ2     0.000
CHARGE   TRP01  HZ3     0.000
CHARGE   TRP01  HH2     0.000
CHARGE   VALBK  HA      0.000
CHARGE   VAL01  HB      0.000
CHARGE   VAL01 1HG1     0.000
CHARGE   VAL01 2HG1     0.000
CHARGE   VAL01 3HG1     0.000
CHARGE   VAL01 1HG2     0.000
CHARGE   VAL01 2HG2     0.000
CHARGE   VAL01 3HG2     0.000
CHARGE   GLYBK 1HA      0.000
CHARGE   GLYBK 2HA      0.000
CHARGE   LYSBK  HA      0.000
CHARGE   LYS01 1HB      0.000
CHARGE   LYS01 2HB      0.000
CHARGE   LYS01 1HG      0.000
CHARGE   LYS01 2HG      0.000
CHARGE   LYS01 1HD      0.000
CHARGE   LYS01 2HD      0.000
CHARGE   LYS01 1HE      0.000
CHARGE   LYS01 2HE      0.000
CHARGE   LYS+1 1HB      0.000
CHARGE   LYS+1 2HB      0.000
CHARGE   LYS+1  CG      0.000
CHARGE   LYS+1 1HG      0.000
CHARGE   LYS+1 2HG      0.000
CHARGE   LYS+1 1HD      0.000
CHARGE   LYS+1 2HD      0.000
CHARGE   LYS+1 1HE      0.000
CHARGE   LYS+1 2HE      0.000
CHARGE   PHE01 1HB      0.000
CHARGE   PHE01 2HB      0.000
CHARGE   PHE01  HD1     0.000
CHARGE   PHE01  HD2     0.000
CHARGE   PHE01  HE1     0.000
CHARGE   PHE01  HE2     0.000
CHARGE   PHE01  HZ      0.000
CHARGE   GLNBK  HA      0.000
CHARGE   GLN01 1HB      0.000
CHARGE   GLN01 2HB      0.000
CHARGE   GLN01 1HG      0.000
CHARGE   GLN01 2HG      0.000
CHARGE   ALABK  HA      0.000
CHARGE   ALA01 1HB      0.000
CHARGE   ALA01 2HB      0.000
CHARGE   ALA01 3HB      0.000
CHARGE   ILEBK  HA      0.000
CHARGE   ILE01  HB      0.000
CHARGE   ILE01 1HG1     0.000
CHARGE   ILE01 2HG1     0.000
CHARGE   ILE01 1HG2     0.000
CHARGE   ILE01 2HG2     0.000
CHARGE   ILE01 3HG2     0.000
CHARGE   ILE01 1HD1     0.000
CHARGE   ILE01 2HD1     0.000
CHARGE   ILE01 3HD1     0.000
CHARGE   ASNBK  HA      0.000
CHARGE   ASN01 1HB      0.000
CHARGE   ASN01 2HB      0.000
CHARGE   THRBK  HA      0.000
CHARGE   THR01  HB      0.000
CHARGE   THR01 1HG2     0.000
CHARGE   THR01 2HG2     0.000
CHARGE   THR01 3HG2     0.000
CHARGE   METBK  HA      0.000
CHARGE   MET01 1HB      0.000
CHARGE   MET01 2HB      0.000
CHARGE   MET01 1HG      0.000
CHARGE   MET01 2HG      0.000
CHARGE   MET01 1HE      0.000
CHARGE   MET01 2HE      0.000
CHARGE   MET01 3HE      0.000
CHARGE   SERBK  HA      0.000
CHARGE   SER01 1HB      0.000
CHARGE   SER01 2HB      0.000
CHARGE   HISBK  HA      0.000
CHARGE   HIS01 1HB      0.000
CHARGE   HIS01 2HB      0.000
CHARGE   HIS02 1HB      0.000
CHARGE   HIS02 2HB      0.000
CHARGE   HIS+1 1HB      0.000
CHARGE   HIS+1 2HB      0.000
CHARGE   CYSBK  HA      0.000
CHARGE   CYS01 1HB      0.000
CHARGE   CYS01 2HB      0.000
CHARGE   CYS-1 1HB      0.000
CHARGE   CYS-1 2HB      0.000
CHARGE   TYRBK  HA      0.000
CHARGE   TYR01 1HB      0.000
CHARGE   TYR01 2HB      0.000
CHARGE   TYR-1 1HB      0.000
CHARGE   TYR-1 2HB      0.000
CHARGE   PHEBK  HA      0.000
CHARGE   NTG01 1HA      0.000
CHARGE   NTG01 2HA      0.000
CHARGE   NTG+1 1HA      0.000
CHARGE   NTG+1 2HA      0.000
   Error! get_connect12(): connectivity of atom " N   PRO B0505" is not complete:
          get_connect12(): atom  C   of residue i-1 is not found 
Warning, bond length btw  CE2- CZ  in res PHE A0489 is    5.676
Warning, bond length btw  CZ - CE2 in res PHE A0489 is    5.676
Warning, bond length btw  CE2- CZ  in res PHE A0489 is    5.676
Warning, bond length btw  CZ - CE2 in res PHE A0489 is    5.676
Warning, bond length btw  CE2- CZ  in res TYR A0585 is    5.676
Warning, bond length btw  CZ - CE2 in res TYR A0585 is    5.676
Warning, bond length btw  CE2- CZ  in res TYR A0585 is    5.676
Warning, bond length btw  CZ - CE2 in res TYR A0585 is    5.676
Warning, bond length btw  CE2- CZ  in res TYR A0585 is    5.676
Warning, bond length btw  CZ - CE2 in res TYR A0585 is    5.676
Warning, bond length btw  CE2- CZ  in res TYR A0585 is    5.676
Warning, bond length btw  CZ - CE2 in res TYR A0585 is    5.676
Warning, bond length btw  CE2- CZ  in res TYR A0585 is    5.676
Warning, bond length btw  CZ - CE2 in res TYR A0585 is    5.676
Warning, bond length btw  CE2- CZ  in res TYR A0585 is    5.676
Warning, bond length btw  CZ - CE2 in res TYR A0585 is    5.676
Warning, bond length btw  CA - C   in res PRO B0505 is    6.172
Warning, bond length btw  CA - CB  in res PRO B0505 is    4.262
Warning, bond length btw  C  - CA  in res PRO B0505 is    6.172
Warning, bond length btw  CB - CA  in res PRO B0505 is    4.262
   Error! get_connect12(): connectivity of atom " N   PRO B0505" is not complete:
          get_connect12(): atom  C   of residue i-1 is not found 
TORSION  NTG01 1H    N    CA   C    f        0.0         2    180.00
   Error! get_connect12(): connectivity of atom " N   PRO B0505" is not complete:
          get_connect12(): atom  C   of residue i-1 is not found 
   Error! get_connect12(): connectivity of atom " N   PRO B0505" is not complete:
          get_connect12(): atom  C   of residue i-1 is not found 
   Error! get_connect12(): connectivity of atom " N   PRO B0505" is not complete:
          get_connect12(): atom  C   of residue i-1 is not found 
 Residue CTR A 486 always clash with Residue PHE A 489
 Residue GLU B 462 always clash with Residue GLU B 522
 Residue GLU B 522 always clash with Residue GLU B 462
   Error! get_connect12(): connectivity of atom " N   PRO B0505" is not complete:
          get_connect12(): atom  C   of residue i-1 is not found 
   Error! get_connect12(): connectivity of atom " N   PRO B0505" is not complete:
          get_connect12(): atom  C   of residue i-1 is not found 
Warning, bond length btw  CE2- CZ  in res PHE A0489 is    5.676
Warning, bond length btw  CZ - CE2 in res PHE A0489 is    5.676
Warning, bond length btw  CE2- CZ  in res PHE A0489 is    5.676
Warning, bond length btw  CZ - CE2 in res PHE A0489 is    5.676
Warning, bond length btw  CE2- CZ  in res TYR A0585 is    5.676
Warning, bond length btw  CZ - CE2 in res TYR A0585 is    5.676
Warning, bond length btw  CE2- CZ  in res TYR A0585 is    5.676
Warning, bond length btw  CZ - CE2 in res TYR A0585 is    5.676
Warning, bond length btw  CE2- CZ  in res TYR A0585 is    5.676
Warning, bond length btw  CZ - CE2 in res TYR A0585 is    5.676
Warning, bond length btw  CE2- CZ  in res TYR A0585 is    5.676
Warning, bond length btw  CZ - CE2 in res TYR A0585 is    5.676
Warning, bond length btw  CE2- CZ  in res TYR A0585 is    5.676
Warning, bond length btw  CZ - CE2 in res TYR A0585 is    5.676
Warning, bond length btw  CE2- CZ  in res TYR A0585 is    5.676
Warning, bond length btw  CZ - CE2 in res TYR A0585 is    5.676
Warning, bond length btw  CE2- CZ  in res TYR A0585 is    5.676
Warning, bond length btw  CZ - CE2 in res TYR A0585 is    5.676
Warning, bond length btw  CE2- CZ  in res TYR A0585 is    5.676
Warning, bond length btw  CZ - CE2 in res TYR A0585 is    5.676
Warning, bond length btw  CE2- CZ  in res TYR A0585 is    5.676
Warning, bond length btw  CZ - CE2 in res TYR A0585 is    5.676
Warning, bond length btw  CE2- CZ  in res TYR A0585 is    5.676
Warning, bond length btw  CZ - CE2 in res TYR A0585 is    5.676
Warning, bond length btw  CA - C   in res PRO B0505 is    6.172
Warning, bond length btw  CA - CB  in res PRO B0505 is    4.262
Warning, bond length btw  C  - CA  in res PRO B0505 is    6.172
Warning, bond length btw  CB - CA  in res PRO B0505 is    4.262
   Error! get_connect12(): connectivity of atom " N   PRO B0505" is not complete:
          get_connect12(): atom  C   of residue i-1 is not found 
Warning, bond length btw  CE2- CZ  in res PHE A0489 is    5.676
Warning, bond length btw  CZ - CE2 in res PHE A0489 is    5.676
Warning, bond length btw  CE2- CZ  in res PHE A0489 is    5.676
Warning, bond length btw  CZ - CE2 in res PHE A0489 is    5.676
Warning, bond length btw  CE2- CZ  in res TYR A0585 is    5.676
Warning, bond length btw  CZ - CE2 in res TYR A0585 is    5.676
Warning, bond length btw  CE2- CZ  in res TYR A0585 is    5.676
Warning, bond length btw  CZ - CE2 in res TYR A0585 is    5.676
Warning, bond length btw  CE2- CZ  in res TYR A0585 is    5.676
Warning, bond length btw  CZ - CE2 in res TYR A0585 is    5.676
Warning, bond length btw  CE2- CZ  in res TYR A0585 is    5.676
Warning, bond length btw  CZ - CE2 in res TYR A0585 is    5.676
Warning, bond length btw  CE2- CZ  in res TYR A0585 is    5.676
Warning, bond length btw  CZ - CE2 in res TYR A0585 is    5.676
Warning, bond length btw  CE2- CZ  in res TYR A0585 is    5.676
Warning, bond length btw  CZ - CE2 in res TYR A0585 is    5.676
Warning, bond length btw  CE2- CZ  in res TYR A0585 is    5.676
Warning, bond length btw  CZ - CE2 in res TYR A0585 is    5.676
Warning, bond length btw  CE2- CZ  in res TYR A0585 is    5.676
Warning, bond length btw  CZ - CE2 in res TYR A0585 is    5.676
Warning, bond length btw  CE2- CZ  in res TYR A0585 is    5.676
Warning, bond length btw  CZ - CE2 in res TYR A0585 is    5.676
Warning, bond length btw  CE2- CZ  in res TYR A0585 is    5.676
Warning, bond length btw  CZ - CE2 in res TYR A0585 is    5.676
Warning, bond length btw  CA - C   in res PRO B0505 is    6.172
Warning, bond length btw  CA - CB  in res PRO B0505 is    4.262
Warning, bond length btw  C  - CA  in res PRO B0505 is    6.172
Warning, bond length btw  CB - CA  in res PRO B0505 is    4.262
   Error! get_connect12(): connectivity of atom " N   PRO B0505" is not complete:
          get_connect12(): atom  C   of residue i-1 is not found 
