NTR A0464_ R f 06 S f  0.0 H t 06 M 000
GLU A0464_ R f 06 S f  0.0 H t 06 M 000
LEU A0465_ R f 06 S f  0.0 H t 06 M 000
PRO A0466_ R f 06 S f  0.0 H t 06 M 000
GLU A0467_ R f 06 S f  0.0 H t 06 M 000
ASP A0468_ R f 06 S f  0.0 H t 06 M 000
PRO A0469_ R f 06 S f  0.0 H t 06 M 000
ARG A0470_ R f 06 S f  0.0 H t 06 M 000
TRP A0471_ R f 06 S f  0.0 H t 06 M 000
GLU A0472_ R f 06 S f  0.0 H t 06 M 000
LEU A0473_ R f 06 S f  0.0 H t 06 M 000
PRO A0474_ R f 06 S f  0.0 H t 06 M 000
ARG A0475_ R f 06 S f  0.0 H t 06 M 000
ASP A0476_ R f 06 S f  0.0 H t 06 M 000
ARG A0477_ R f 06 S f  0.0 H t 06 M 000
LEU A0478_ R f 06 S f  0.0 H t 06 M 000
VAL A0479_ R f 06 S f  0.0 H t 06 M 000
LEU A0480_ R f 06 S f  0.0 H t 06 M 000
GLY A0481_ R f 06 S f  0.0 H t 06 M 000
LYS A0482_ R f 06 S f  0.0 H t 06 M 000
PRO A0483_ R f 06 S f  0.0 H t 06 M 000
LEU A0484_ R f 06 S f  0.0 H t 06 M 000
GLY A0485_ R f 06 S f  0.0 H t 06 M 000
GLU A0486_ R f 06 S f  0.0 H t 06 M 000
CTR A0486_ R f 06 S f  0.0 H t 06 M 000
NTR A0489_ R f 06 S f  0.0 H t 06 M 000
PHE A0489_ R f 06 S f  0.0 H t 06 M 000
GLY A0490_ R f 06 S f  0.0 H t 06 M 000
GLN A0491_ R f 06 S f  0.0 H t 06 M 000
VAL A0492_ R f 06 S f  0.0 H t 06 M 000
VAL A0493_ R f 06 S f  0.0 H t 06 M 000
LEU A0494_ R f 06 S f  0.0 H t 06 M 000
ALA A0495_ R f 06 S f  0.0 H t 06 M 000
GLU A0496_ R f 06 S f  0.0 H t 06 M 000
ALA A0497_ R f 06 S f  0.0 H t 06 M 000
ILE A0498_ R f 06 S f  0.0 H t 06 M 000
GLY A0499_ R f 06 S f  0.0 H t 06 M 000
LEU A0500_ R f 06 S f  0.0 H t 06 M 000
ASP A0501_ R f 06 S f  0.0 H t 06 M 000
LYS A0502_ R f 06 S f  0.0 H t 06 M 000
ASP A0503_ R f 06 S f  0.0 H t 06 M 000
LYS A0504_ R f 06 S f  0.0 H t 06 M 000
PRO A0505_ R f 06 S f  0.0 H t 06 M 000
ASN A0506_ R f 06 S f  0.0 H t 06 M 000
ARG A0507_ R f 06 S f  0.0 H t 06 M 000
VAL A0508_ R f 06 S f  0.0 H t 06 M 000
THR A0509_ R f 06 S f  0.0 H t 06 M 000
LYS A0510_ R f 06 S f  0.0 H t 06 M 000
VAL A0511_ R f 06 S f  0.0 H t 06 M 000
ALA A0512_ R f 06 S f  0.0 H t 06 M 000
VAL A0513_ R f 06 S f  0.0 H t 06 M 000
LYS A0514_ R f 06 S f  0.0 H t 06 M 000
MET A0515_ R f 06 S f  0.0 H t 06 M 000
LEU A0516_ R f 06 S f  0.0 H t 06 M 000
LYS A0517_ R f 06 S f  0.0 H t 06 M 000
SER A0518_ R f 06 S f  0.0 H t 06 M 000
ASP A0519_ R f 06 S f  0.0 H t 06 M 000
ALA A0520_ R f 06 S f  0.0 H t 06 M 000
THR A0521_ R f 06 S f  0.0 H t 06 M 000
GLU A0522_ R f 06 S f  0.0 H t 06 M 000
LYS A0523_ R f 06 S f  0.0 H t 06 M 000
ASP A0524_ R f 06 S f  0.0 H t 06 M 000
LEU A0525_ R f 06 S f  0.0 H t 06 M 000
SER A0526_ R f 06 S f  0.0 H t 06 M 000
ASP A0527_ R f 06 S f  0.0 H t 06 M 000
LEU A0528_ R f 06 S f  0.0 H t 06 M 000
ILE A0529_ R f 06 S f  0.0 H t 06 M 000
SER A0530_ R f 06 S f  0.0 H t 06 M 000
GLU A0531_ R f 06 S f  0.0 H t 06 M 000
MET A0532_ R f 06 S f  0.0 H t 06 M 000
GLU A0533_ R f 06 S f  0.0 H t 06 M 000
MET A0534_ R f 06 S f  0.0 H t 06 M 000
MET A0535_ R f 06 S f  0.0 H t 06 M 000
LYS A0536_ R f 06 S f  0.0 H t 06 M 000
MET A0537_ R f 06 S f  0.0 H t 06 M 000
ILE A0538_ R f 06 S f  0.0 H t 06 M 000
GLY A0539_ R f 06 S f  0.0 H t 06 M 000
LYS A0540_ R f 06 S f  0.0 H t 06 M 000
HIS A0541_ R f 06 S f  0.0 H t 06 M 000
LYS A0542_ R f 06 S f  0.0 H t 06 M 000
ASN A0543_ R f 06 S f  0.0 H t 06 M 000
ILE A0544_ R f 06 S f  0.0 H t 06 M 000
ILE A0545_ R f 06 S f  0.0 H t 06 M 000
ASN A0546_ R f 06 S f  0.0 H t 06 M 000
LEU A0547_ R f 06 S f  0.0 H t 06 M 000
LEU A0548_ R f 06 S f  0.0 H t 06 M 000
GLY A0549_ R f 06 S f  0.0 H t 06 M 000
ALA A0550_ R f 06 S f  0.0 H t 06 M 000
CYS A0551_ R f 06 S f  0.0 H t 06 M 000
THR A0552_ R f 06 S f  0.0 H t 06 M 000
GLN A0553_ R f 06 S f  0.0 H t 06 M 000
ASP A0554_ R f 06 S f  0.0 H t 06 M 000
GLY A0555_ R f 06 S f  0.0 H t 06 M 000
PRO A0556_ R f 06 S f  0.0 H t 06 M 000
LEU A0557_ R f 06 S f  0.0 H t 06 M 000
TYR A0558_ R f 06 S f  0.0 H t 06 M 000
VAL A0559_ R f 06 S f  0.0 H t 06 M 000
ILE A0560_ R f 06 S f  0.0 H t 06 M 000
VAL A0561_ R f 06 S f  0.0 H t 06 M 000
GLU A0562_ R f 06 S f  0.0 H t 06 M 000
TYR A0563_ R f 06 S f  0.0 H t 06 M 000
ALA A0564_ R f 06 S f  0.0 H t 06 M 000
SER A0565_ R f 06 S f  0.0 H t 06 M 000
LYS A0566_ R f 06 S f  0.0 H t 06 M 000
GLY A0567_ R f 06 S f  0.0 H t 06 M 000
ASN A0568_ R f 06 S f  0.0 H t 06 M 000
LEU A0569_ R f 06 S f  0.0 H t 06 M 000
ARG A0570_ R f 06 S f  0.0 H t 06 M 000
GLU A0571_ R f 06 S f  0.0 H t 06 M 000
TYR A0572_ R f 06 S f  0.0 H t 06 M 000
LEU A0573_ R f 06 S f  0.0 H t 06 M 000
GLN A0574_ R f 06 S f  0.0 H t 06 M 000
ALA A0575_ R f 06 S f  0.0 H t 06 M 000
ARG A0576_ R f 06 S f  0.0 H t 06 M 000
ARG A0577_ R f 06 S f  0.0 H t 06 M 000
PRO A0578_ R f 06 S f  0.0 H t 06 M 000
PRO A0579_ R f 06 S f  0.0 H t 06 M 000
GLY A0580_ R f 06 S f  0.0 H t 06 M 000
LEU A0581_ R f 06 S f  0.0 H t 06 M 000
GLU A0582_ R f 06 S f  0.0 H t 06 M 000
TYR A0583_ R f 06 S f  0.0 H t 06 M 000
SER A0584_ R f 06 S f  0.0 H t 06 M 000
TYR A0585_ R f 06 S f  0.0 H t 06 M 000
ASN A0586_ R f 06 S f  0.0 H t 06 M 000
PRO A0587_ R f 06 S f  0.0 H t 06 M 000
SER A0588_ R f 06 S f  0.0 H t 06 M 000
HIS A0589_ R f 06 S f  0.0 H t 06 M 000
ASN A0590_ R f 06 S f  0.0 H t 06 M 000
PRO A0591_ R f 06 S f  0.0 H t 06 M 000
GLU A0592_ R f 06 S f  0.0 H t 06 M 000
GLU A0593_ R f 06 S f  0.0 H t 06 M 000
GLN A0594_ R f 06 S f  0.0 H t 06 M 000
LEU A0595_ R f 06 S f  0.0 H t 06 M 000
SER A0596_ R f 06 S f  0.0 H t 06 M 000
SER A0597_ R f 06 S f  0.0 H t 06 M 000
LYS A0598_ R f 06 S f  0.0 H t 06 M 000
ASP A0599_ R f 06 S f  0.0 H t 06 M 000
LEU A0600_ R f 06 S f  0.0 H t 06 M 000
VAL A0601_ R f 06 S f  0.0 H t 06 M 000
SER A0602_ R f 06 S f  0.0 H t 06 M 000
CYS A0603_ R f 06 S f  0.0 H t 06 M 000
ALA A0604_ R f 06 S f  0.0 H t 06 M 000
TYR A0605_ R f 06 S f  0.0 H t 06 M 000
GLN A0606_ R f 06 S f  0.0 H t 06 M 000
VAL A0607_ R f 06 S f  0.0 H t 06 M 000
ALA A0608_ R f 06 S f  0.0 H t 06 M 000
ARG A0609_ R f 06 S f  0.0 H t 06 M 000
GLY A0610_ R f 06 S f  0.0 H t 06 M 000
MET A0611_ R f 06 S f  0.0 H t 06 M 000
GLU A0612_ R f 06 S f  0.0 H t 06 M 000
TYR A0613_ R f 06 S f  0.0 H t 06 M 000
LEU A0614_ R f 06 S f  0.0 H t 06 M 000
ALA A0615_ R f 06 S f  0.0 H t 06 M 000
SER A0616_ R f 06 S f  0.0 H t 06 M 000
LYS A0617_ R f 06 S f  0.0 H t 06 M 000
LYS A0618_ R f 06 S f  0.0 H t 06 M 000
CYS A0619_ R f 06 S f  0.0 H t 06 M 000
ILE A0620_ R f 06 S f  0.0 H t 06 M 000
HIS A0621_ R f 06 S f  0.0 H t 06 M 000
ARG A0622_ R f 06 S f  0.0 H t 06 M 000
ASP A0623_ R f 06 S f  0.0 H t 06 M 000
LEU A0624_ R f 06 S f  0.0 H t 06 M 000
ALA A0625_ R f 06 S f  0.0 H t 06 M 000
ALA A0626_ R f 06 S f  0.0 H t 06 M 000
ARG A0627_ R f 06 S f  0.0 H t 06 M 000
ASN A0628_ R f 06 S f  0.0 H t 06 M 000
VAL A0629_ R f 06 S f  0.0 H t 06 M 000
LEU A0630_ R f 06 S f  0.0 H t 06 M 000
VAL A0631_ R f 06 S f  0.0 H t 06 M 000
THR A0632_ R f 06 S f  0.0 H t 06 M 000
GLU A0633_ R f 06 S f  0.0 H t 06 M 000
ASP A0634_ R f 06 S f  0.0 H t 06 M 000
ASN A0635_ R f 06 S f  0.0 H t 06 M 000
VAL A0636_ R f 06 S f  0.0 H t 06 M 000
MET A0637_ R f 06 S f  0.0 H t 06 M 000
LYS A0638_ R f 06 S f  0.0 H t 06 M 000
ILE A0639_ R f 06 S f  0.0 H t 06 M 000
ALA A0640_ R f 06 S f  0.0 H t 06 M 000
ASP A0641_ R f 06 S f  0.0 H t 06 M 000
PHE A0642_ R f 06 S f  0.0 H t 06 M 000
GLY A0643_ R f 06 S f  0.0 H t 06 M 000
LEU A0644_ R f 06 S f  0.0 H t 06 M 000
CTR A0644_ R f 06 S f  0.0 H t 06 M 000
NTR A0651_ R f 06 S f  0.0 H t 06 M 000
ILE A0651_ R f 06 S f  0.0 H t 06 M 000
ASP A0652_ R f 06 S f  0.0 H t 06 M 000
TYR A0653_ R f 06 S f  0.0 H t 06 M 000
TYR A0654_ R f 06 S f  0.0 H t 06 M 000
LYS A0655_ R f 06 S f  0.0 H t 06 M 000
LYS A0656_ R f 06 S f  0.0 H t 06 M 000
THR A0657_ R f 06 S f  0.0 H t 06 M 000
THR A0658_ R f 06 S f  0.0 H t 06 M 000
ASN A0659_ R f 06 S f  0.0 H t 06 M 000
GLY A0660_ R f 06 S f  0.0 H t 06 M 000
ARG A0661_ R f 06 S f  0.0 H t 06 M 000
LEU A0662_ R f 06 S f  0.0 H t 06 M 000
PRO A0663_ R f 06 S f  0.0 H t 06 M 000
VAL A0664_ R f 06 S f  0.0 H t 06 M 000
LYS A0665_ R f 06 S f  0.0 H t 06 M 000
TRP A0666_ R f 06 S f  0.0 H t 06 M 000
MET A0667_ R f 06 S f  0.0 H t 06 M 000
ALA A0668_ R f 06 S f  0.0 H t 06 M 000
PRO A0669_ R f 06 S f  0.0 H t 06 M 000
GLU A0670_ R f 06 S f  0.0 H t 06 M 000
ALA A0671_ R f 06 S f  0.0 H t 06 M 000
LEU A0672_ R f 06 S f  0.0 H t 06 M 000
PHE A0673_ R f 06 S f  0.0 H t 06 M 000
ASP A0674_ R f 06 S f  0.0 H t 06 M 000
ARG A0675_ R f 06 S f  0.0 H t 06 M 000
ILE A0676_ R f 06 S f  0.0 H t 06 M 000
TYR A0677_ R f 06 S f  0.0 H t 06 M 000
THR A0678_ R f 06 S f  0.0 H t 06 M 000
HIS A0679_ R f 06 S f  0.0 H t 06 M 000
GLN A0680_ R f 06 S f  0.0 H t 06 M 000
SER A0681_ R f 06 S f  0.0 H t 06 M 000
ASP A0682_ R f 06 S f  0.0 H t 06 M 000
VAL A0683_ R f 06 S f  0.0 H t 06 M 000
TRP A0684_ R f 06 S f  0.0 H t 06 M 000
SER A0685_ R f 06 S f  0.0 H t 06 M 000
PHE A0686_ R f 06 S f  0.0 H t 06 M 000
GLY A0687_ R f 06 S f  0.0 H t 06 M 000
VAL A0688_ R f 06 S f  0.0 H t 06 M 000
LEU A0689_ R f 06 S f  0.0 H t 06 M 000
LEU A0690_ R f 06 S f  0.0 H t 06 M 000
TRP A0691_ R f 06 S f  0.0 H t 06 M 000
GLU A0692_ R f 06 S f  0.0 H t 06 M 000
ILE A0693_ R f 06 S f  0.0 H t 06 M 000
PHE A0694_ R f 06 S f  0.0 H t 06 M 000
THR A0695_ R f 06 S f  0.0 H t 06 M 000
LEU A0696_ R f 06 S f  0.0 H t 06 M 000
GLY A0697_ R f 06 S f  0.0 H t 06 M 000
GLY A0698_ R f 06 S f  0.0 H t 06 M 000
SER A0699_ R f 06 S f  0.0 H t 06 M 000
PRO A0700_ R f 06 S f  0.0 H t 06 M 000
TYR A0701_ R f 06 S f  0.0 H t 06 M 000
PRO A0702_ R f 06 S f  0.0 H t 06 M 000
GLY A0703_ R f 06 S f  0.0 H t 06 M 000
VAL A0704_ R f 06 S f  0.0 H t 06 M 000
PRO A0705_ R f 06 S f  0.0 H t 06 M 000
VAL A0706_ R f 06 S f  0.0 H t 06 M 000
GLU A0707_ R f 06 S f  0.0 H t 06 M 000
GLU A0708_ R f 06 S f  0.0 H t 06 M 000
LEU A0709_ R f 06 S f  0.0 H t 06 M 000
PHE A0710_ R f 06 S f  0.0 H t 06 M 000
LYS A0711_ R f 06 S f  0.0 H t 06 M 000
LEU A0712_ R f 06 S f  0.0 H t 06 M 000
LEU A0713_ R f 06 S f  0.0 H t 06 M 000
LYS A0714_ R f 06 S f  0.0 H t 06 M 000
GLU A0715_ R f 06 S f  0.0 H t 06 M 000
GLY A0716_ R f 06 S f  0.0 H t 06 M 000
HIS A0717_ R f 06 S f  0.0 H t 06 M 000
ARG A0718_ R f 06 S f  0.0 H t 06 M 000
MET A0719_ R f 06 S f  0.0 H t 06 M 000
ASP A0720_ R f 06 S f  0.0 H t 06 M 000
LYS A0721_ R f 06 S f  0.0 H t 06 M 000
PRO A0722_ R f 06 S f  0.0 H t 06 M 000
SER A0723_ R f 06 S f  0.0 H t 06 M 000
ASN A0724_ R f 06 S f  0.0 H t 06 M 000
CYS A0725_ R f 06 S f  0.0 H t 06 M 000
THR A0726_ R f 06 S f  0.0 H t 06 M 000
ASN A0727_ R f 06 S f  0.0 H t 06 M 000
GLU A0728_ R f 06 S f  0.0 H t 06 M 000
LEU A0729_ R f 06 S f  0.0 H t 06 M 000
TYR A0730_ R f 06 S f  0.0 H t 06 M 000
MET A0731_ R f 06 S f  0.0 H t 06 M 000
MET A0732_ R f 06 S f  0.0 H t 06 M 000
MET A0733_ R f 06 S f  0.0 H t 06 M 000
ARG A0734_ R f 06 S f  0.0 H t 06 M 000
ASP A0735_ R f 06 S f  0.0 H t 06 M 000
CYS A0736_ R f 06 S f  0.0 H t 06 M 000
TRP A0737_ R f 06 S f  0.0 H t 06 M 000
HIS A0738_ R f 06 S f  0.0 H t 06 M 000
ALA A0739_ R f 06 S f  0.0 H t 06 M 000
VAL A0740_ R f 06 S f  0.0 H t 06 M 000
PRO A0741_ R f 06 S f  0.0 H t 06 M 000
SER A0742_ R f 06 S f  0.0 H t 06 M 000
GLN A0743_ R f 06 S f  0.0 H t 06 M 000
ARG A0744_ R f 06 S f  0.0 H t 06 M 000
PRO A0745_ R f 06 S f  0.0 H t 06 M 000
THR A0746_ R f 06 S f  0.0 H t 06 M 000
PHE A0747_ R f 06 S f  0.0 H t 06 M 000
LYS A0748_ R f 06 S f  0.0 H t 06 M 000
GLN A0749_ R f 06 S f  0.0 H t 06 M 000
LEU A0750_ R f 06 S f  0.0 H t 06 M 000
VAL A0751_ R f 06 S f  0.0 H t 06 M 000
GLU A0752_ R f 06 S f  0.0 H t 06 M 000
ASP A0753_ R f 06 S f  0.0 H t 06 M 000
LEU A0754_ R f 06 S f  0.0 H t 06 M 000
ASP A0755_ R f 06 S f  0.0 H t 06 M 000
ARG A0756_ R f 06 S f  0.0 H t 06 M 000
ILE A0757_ R f 06 S f  0.0 H t 06 M 000
VAL A0758_ R f 06 S f  0.0 H t 06 M 000
ALA A0759_ R f 06 S f  0.0 H t 06 M 000
LEU A0760_ R f 06 S f  0.0 H t 06 M 000
THR A0761_ R f 06 S f  0.0 H t 06 M 000
SER A0762_ R f 06 S f  0.0 H t 06 M 000
ASN A0763_ R f 06 S f  0.0 H t 06 M 000
GLN A0764_ R f 06 S f  0.0 H t 06 M 000
GLU A0765_ R f 06 S f  0.0 H t 06 M 000
CTR A0765_ R f 06 S f  0.0 H t 06 M 000
SO4 A1766_ R f 06 S f  0.0 H t 06 M 000
EDO A1770_ R f 06 S f  0.0 H t 06 M 000
EDO A1771_ R f 06 S f  0.0 H t 06 M 000
EDO A1772_ R f 06 S f  0.0 H t 06 M 000
EDO A1773_ R f 06 S f  0.0 H t 06 M 000
XOJ A1774_ R f 06 S f  0.0 H t 06 M 000
EDO A1776_ R f 06 S f  0.0 H t 06 M 000
NTG B0459_ R f 06 S f  0.0 H t 06 M 000
GLY B0459_ R f 06 S f  0.0 H t 06 M 000
ALA B0460_ R f 06 S f  0.0 H t 06 M 000
SER B0461_ R f 06 S f  0.0 H t 06 M 000
GLU B0462_ R f 06 S f  0.0 H t 06 M 000
TYR B0463_ R f 06 S f  0.0 H t 06 M 000
GLU B0464_ R f 06 S f  0.0 H t 06 M 000
LEU B0465_ R f 06 S f  0.0 H t 06 M 000
PRO B0466_ R f 06 S f  0.0 H t 06 M 000
GLU B0467_ R f 06 S f  0.0 H t 06 M 000
ASP B0468_ R f 06 S f  0.0 H t 06 M 000
PRO B0469_ R f 06 S f  0.0 H t 06 M 000
ARG B0470_ R f 06 S f  0.0 H t 06 M 000
TRP B0471_ R f 06 S f  0.0 H t 06 M 000
GLU B0472_ R f 06 S f  0.0 H t 06 M 000
LEU B0473_ R f 06 S f  0.0 H t 06 M 000
PRO B0474_ R f 06 S f  0.0 H t 06 M 000
ARG B0475_ R f 06 S f  0.0 H t 06 M 000
ASP B0476_ R f 06 S f  0.0 H t 06 M 000
ARG B0477_ R f 06 S f  0.0 H t 06 M 000
LEU B0478_ R f 06 S f  0.0 H t 06 M 000
VAL B0479_ R f 06 S f  0.0 H t 06 M 000
LEU B0480_ R f 06 S f  0.0 H t 06 M 000
GLY B0481_ R f 06 S f  0.0 H t 06 M 000
LYS B0482_ R f 06 S f  0.0 H t 06 M 000
PRO B0483_ R f 06 S f  0.0 H t 06 M 000
LEU B0484_ R f 06 S f  0.0 H t 06 M 000
GLY B0485_ R f 06 S f  0.0 H t 06 M 000
GLU B0486_ R f 06 S f  0.0 H t 06 M 000
GLY B0487_ R f 06 S f  0.0 H t 06 M 000
ALA B0488_ R f 06 S f  0.0 H t 06 M 000
PHE B0489_ R f 06 S f  0.0 H t 06 M 000
GLY B0490_ R f 06 S f  0.0 H t 06 M 000
GLN B0491_ R f 06 S f  0.0 H t 06 M 000
VAL B0492_ R f 06 S f  0.0 H t 06 M 000
VAL B0493_ R f 06 S f  0.0 H t 06 M 000
LEU B0494_ R f 06 S f  0.0 H t 06 M 000
ALA B0495_ R f 06 S f  0.0 H t 06 M 000
GLU B0496_ R f 06 S f  0.0 H t 06 M 000
ALA B0497_ R f 06 S f  0.0 H t 06 M 000
ILE B0498_ R f 06 S f  0.0 H t 06 M 000
GLY B0499_ R f 06 S f  0.0 H t 06 M 000
LEU B0500_ R f 06 S f  0.0 H t 06 M 000
ASP B0501_ R f 06 S f  0.0 H t 06 M 000
CTR B0501_ R f 06 S f  0.0 H t 06 M 000
NTR B0505_ R f 06 S f  0.0 H t 06 M 000
PRO B0505_ R f 06 S f  0.0 H t 06 M 000
ASN B0506_ R f 06 S f  0.0 H t 06 M 000
ARG B0507_ R f 06 S f  0.0 H t 06 M 000
VAL B0508_ R f 06 S f  0.0 H t 06 M 000
THR B0509_ R f 06 S f  0.0 H t 06 M 000
LYS B0510_ R f 06 S f  0.0 H t 06 M 000
VAL B0511_ R f 06 S f  0.0 H t 06 M 000
ALA B0512_ R f 06 S f  0.0 H t 06 M 000
VAL B0513_ R f 06 S f  0.0 H t 06 M 000
LYS B0514_ R f 06 S f  0.0 H t 06 M 000
MET B0515_ R f 06 S f  0.0 H t 06 M 000
LEU B0516_ R f 06 S f  0.0 H t 06 M 000
LYS B0517_ R f 06 S f  0.0 H t 06 M 000
SER B0518_ R f 06 S f  0.0 H t 06 M 000
ASP B0519_ R f 06 S f  0.0 H t 06 M 000
ALA B0520_ R f 06 S f  0.0 H t 06 M 000
THR B0521_ R f 06 S f  0.0 H t 06 M 000
GLU B0522_ R f 06 S f  0.0 H t 06 M 000
LYS B0523_ R f 06 S f  0.0 H t 06 M 000
ASP B0524_ R f 06 S f  0.0 H t 06 M 000
LEU B0525_ R f 06 S f  0.0 H t 06 M 000
SER B0526_ R f 06 S f  0.0 H t 06 M 000
ASP B0527_ R f 06 S f  0.0 H t 06 M 000
LEU B0528_ R f 06 S f  0.0 H t 06 M 000
ILE B0529_ R f 06 S f  0.0 H t 06 M 000
SER B0530_ R f 06 S f  0.0 H t 06 M 000
GLU B0531_ R f 06 S f  0.0 H t 06 M 000
MET B0532_ R f 06 S f  0.0 H t 06 M 000
GLU B0533_ R f 06 S f  0.0 H t 06 M 000
MET B0534_ R f 06 S f  0.0 H t 06 M 000
MET B0535_ R f 06 S f  0.0 H t 06 M 000
LYS B0536_ R f 06 S f  0.0 H t 06 M 000
MET B0537_ R f 06 S f  0.0 H t 06 M 000
ILE B0538_ R f 06 S f  0.0 H t 06 M 000
GLY B0539_ R f 06 S f  0.0 H t 06 M 000
LYS B0540_ R f 06 S f  0.0 H t 06 M 000
HIS B0541_ R f 06 S f  0.0 H t 06 M 000
LYS B0542_ R f 06 S f  0.0 H t 06 M 000
ASN B0543_ R f 06 S f  0.0 H t 06 M 000
ILE B0544_ R f 06 S f  0.0 H t 06 M 000
ILE B0545_ R f 06 S f  0.0 H t 06 M 000
ASN B0546_ R f 06 S f  0.0 H t 06 M 000
LEU B0547_ R f 06 S f  0.0 H t 06 M 000
LEU B0548_ R f 06 S f  0.0 H t 06 M 000
GLY B0549_ R f 06 S f  0.0 H t 06 M 000
ALA B0550_ R f 06 S f  0.0 H t 06 M 000
CYS B0551_ R f 06 S f  0.0 H t 06 M 000
THR B0552_ R f 06 S f  0.0 H t 06 M 000
GLN B0553_ R f 06 S f  0.0 H t 06 M 000
ASP B0554_ R f 06 S f  0.0 H t 06 M 000
GLY B0555_ R f 06 S f  0.0 H t 06 M 000
PRO B0556_ R f 06 S f  0.0 H t 06 M 000
LEU B0557_ R f 06 S f  0.0 H t 06 M 000
TYR B0558_ R f 06 S f  0.0 H t 06 M 000
VAL B0559_ R f 06 S f  0.0 H t 06 M 000
ILE B0560_ R f 06 S f  0.0 H t 06 M 000
VAL B0561_ R f 06 S f  0.0 H t 06 M 000
GLU B0562_ R f 06 S f  0.0 H t 06 M 000
TYR B0563_ R f 06 S f  0.0 H t 06 M 000
ALA B0564_ R f 06 S f  0.0 H t 06 M 000
SER B0565_ R f 06 S f  0.0 H t 06 M 000
LYS B0566_ R f 06 S f  0.0 H t 06 M 000
GLY B0567_ R f 06 S f  0.0 H t 06 M 000
ASN B0568_ R f 06 S f  0.0 H t 06 M 000
LEU B0569_ R f 06 S f  0.0 H t 06 M 000
ARG B0570_ R f 06 S f  0.0 H t 06 M 000
GLU B0571_ R f 06 S f  0.0 H t 06 M 000
TYR B0572_ R f 06 S f  0.0 H t 06 M 000
LEU B0573_ R f 06 S f  0.0 H t 06 M 000
GLN B0574_ R f 06 S f  0.0 H t 06 M 000
ALA B0575_ R f 06 S f  0.0 H t 06 M 000
ARG B0576_ R f 06 S f  0.0 H t 06 M 000
ARG B0577_ R f 06 S f  0.0 H t 06 M 000
PRO B0578_ R f 06 S f  0.0 H t 06 M 000
PRO B0579_ R f 06 S f  0.0 H t 06 M 000
CTR B0579_ R f 06 S f  0.0 H t 06 M 000
NTR B0593_ R f 06 S f  0.0 H t 06 M 000
GLU B0593_ R f 06 S f  0.0 H t 06 M 000
GLN B0594_ R f 06 S f  0.0 H t 06 M 000
LEU B0595_ R f 06 S f  0.0 H t 06 M 000
SER B0596_ R f 06 S f  0.0 H t 06 M 000
SER B0597_ R f 06 S f  0.0 H t 06 M 000
LYS B0598_ R f 06 S f  0.0 H t 06 M 000
ASP B0599_ R f 06 S f  0.0 H t 06 M 000
LEU B0600_ R f 06 S f  0.0 H t 06 M 000
VAL B0601_ R f 06 S f  0.0 H t 06 M 000
SER B0602_ R f 06 S f  0.0 H t 06 M 000
CYS B0603_ R f 06 S f  0.0 H t 06 M 000
ALA B0604_ R f 06 S f  0.0 H t 06 M 000
TYR B0605_ R f 06 S f  0.0 H t 06 M 000
GLN B0606_ R f 06 S f  0.0 H t 06 M 000
VAL B0607_ R f 06 S f  0.0 H t 06 M 000
ALA B0608_ R f 06 S f  0.0 H t 06 M 000
ARG B0609_ R f 06 S f  0.0 H t 06 M 000
GLY B0610_ R f 06 S f  0.0 H t 06 M 000
MET B0611_ R f 06 S f  0.0 H t 06 M 000
GLU B0612_ R f 06 S f  0.0 H t 06 M 000
TYR B0613_ R f 06 S f  0.0 H t 06 M 000
LEU B0614_ R f 06 S f  0.0 H t 06 M 000
ALA B0615_ R f 06 S f  0.0 H t 06 M 000
SER B0616_ R f 06 S f  0.0 H t 06 M 000
LYS B0617_ R f 06 S f  0.0 H t 06 M 000
LYS B0618_ R f 06 S f  0.0 H t 06 M 000
CYS B0619_ R f 06 S f  0.0 H t 06 M 000
ILE B0620_ R f 06 S f  0.0 H t 06 M 000
HIS B0621_ R f 06 S f  0.0 H t 06 M 000
ARG B0622_ R f 06 S f  0.0 H t 06 M 000
ASP B0623_ R f 06 S f  0.0 H t 06 M 000
LEU B0624_ R f 06 S f  0.0 H t 06 M 000
ALA B0625_ R f 06 S f  0.0 H t 06 M 000
ALA B0626_ R f 06 S f  0.0 H t 06 M 000
ARG B0627_ R f 06 S f  0.0 H t 06 M 000
ASN B0628_ R f 06 S f  0.0 H t 06 M 000
VAL B0629_ R f 06 S f  0.0 H t 06 M 000
LEU B0630_ R f 06 S f  0.0 H t 06 M 000
VAL B0631_ R f 06 S f  0.0 H t 06 M 000
THR B0632_ R f 06 S f  0.0 H t 06 M 000
GLU B0633_ R f 06 S f  0.0 H t 06 M 000
ASP B0634_ R f 06 S f  0.0 H t 06 M 000
ASN B0635_ R f 06 S f  0.0 H t 06 M 000
VAL B0636_ R f 06 S f  0.0 H t 06 M 000
MET B0637_ R f 06 S f  0.0 H t 06 M 000
LYS B0638_ R f 06 S f  0.0 H t 06 M 000
ILE B0639_ R f 06 S f  0.0 H t 06 M 000
ALA B0640_ R f 06 S f  0.0 H t 06 M 000
ASP B0641_ R f 06 S f  0.0 H t 06 M 000
PHE B0642_ R f 06 S f  0.0 H t 06 M 000
GLY B0643_ R f 06 S f  0.0 H t 06 M 000
LEU B0644_ R f 06 S f  0.0 H t 06 M 000
ALA B0645_ R f 06 S f  0.0 H t 06 M 000
CTR B0645_ R f 06 S f  0.0 H t 06 M 000
NTR B0651_ R f 06 S f  0.0 H t 06 M 000
ILE B0651_ R f 06 S f  0.0 H t 06 M 000
ASP B0652_ R f 06 S f  0.0 H t 06 M 000
TYR B0653_ R f 06 S f  0.0 H t 06 M 000
TYR B0654_ R f 06 S f  0.0 H t 06 M 000
LYS B0655_ R f 06 S f  0.0 H t 06 M 000
LYS B0656_ R f 06 S f  0.0 H t 06 M 000
THR B0657_ R f 06 S f  0.0 H t 06 M 000
THR B0658_ R f 06 S f  0.0 H t 06 M 000
ASN B0659_ R f 06 S f  0.0 H t 06 M 000
GLY B0660_ R f 06 S f  0.0 H t 06 M 000
ARG B0661_ R f 06 S f  0.0 H t 06 M 000
LEU B0662_ R f 06 S f  0.0 H t 06 M 000
PRO B0663_ R f 06 S f  0.0 H t 06 M 000
VAL B0664_ R f 06 S f  0.0 H t 06 M 000
LYS B0665_ R f 06 S f  0.0 H t 06 M 000
TRP B0666_ R f 06 S f  0.0 H t 06 M 000
MET B0667_ R f 06 S f  0.0 H t 06 M 000
ALA B0668_ R f 06 S f  0.0 H t 06 M 000
PRO B0669_ R f 06 S f  0.0 H t 06 M 000
GLU B0670_ R f 06 S f  0.0 H t 06 M 000
ALA B0671_ R f 06 S f  0.0 H t 06 M 000
LEU B0672_ R f 06 S f  0.0 H t 06 M 000
PHE B0673_ R f 06 S f  0.0 H t 06 M 000
ASP B0674_ R f 06 S f  0.0 H t 06 M 000
ARG B0675_ R f 06 S f  0.0 H t 06 M 000
ILE B0676_ R f 06 S f  0.0 H t 06 M 000
TYR B0677_ R f 06 S f  0.0 H t 06 M 000
THR B0678_ R f 06 S f  0.0 H t 06 M 000
HIS B0679_ R f 06 S f  0.0 H t 06 M 000
GLN B0680_ R f 06 S f  0.0 H t 06 M 000
SER B0681_ R f 06 S f  0.0 H t 06 M 000
ASP B0682_ R f 06 S f  0.0 H t 06 M 000
VAL B0683_ R f 06 S f  0.0 H t 06 M 000
TRP B0684_ R f 06 S f  0.0 H t 06 M 000
SER B0685_ R f 06 S f  0.0 H t 06 M 000
PHE B0686_ R f 06 S f  0.0 H t 06 M 000
GLY B0687_ R f 06 S f  0.0 H t 06 M 000
VAL B0688_ R f 06 S f  0.0 H t 06 M 000
LEU B0689_ R f 06 S f  0.0 H t 06 M 000
LEU B0690_ R f 06 S f  0.0 H t 06 M 000
TRP B0691_ R f 06 S f  0.0 H t 06 M 000
GLU B0692_ R f 06 S f  0.0 H t 06 M 000
ILE B0693_ R f 06 S f  0.0 H t 06 M 000
PHE B0694_ R f 06 S f  0.0 H t 06 M 000
THR B0695_ R f 06 S f  0.0 H t 06 M 000
LEU B0696_ R f 06 S f  0.0 H t 06 M 000
GLY B0697_ R f 06 S f  0.0 H t 06 M 000
GLY B0698_ R f 06 S f  0.0 H t 06 M 000
SER B0699_ R f 06 S f  0.0 H t 06 M 000
PRO B0700_ R f 06 S f  0.0 H t 06 M 000
TYR B0701_ R f 06 S f  0.0 H t 06 M 000
PRO B0702_ R f 06 S f  0.0 H t 06 M 000
GLY B0703_ R f 06 S f  0.0 H t 06 M 000
VAL B0704_ R f 06 S f  0.0 H t 06 M 000
PRO B0705_ R f 06 S f  0.0 H t 06 M 000
VAL B0706_ R f 06 S f  0.0 H t 06 M 000
GLU B0707_ R f 06 S f  0.0 H t 06 M 000
GLU B0708_ R f 06 S f  0.0 H t 06 M 000
LEU B0709_ R f 06 S f  0.0 H t 06 M 000
PHE B0710_ R f 06 S f  0.0 H t 06 M 000
LYS B0711_ R f 06 S f  0.0 H t 06 M 000
LEU B0712_ R f 06 S f  0.0 H t 06 M 000
LEU B0713_ R f 06 S f  0.0 H t 06 M 000
LYS B0714_ R f 06 S f  0.0 H t 06 M 000
GLU B0715_ R f 06 S f  0.0 H t 06 M 000
GLY B0716_ R f 06 S f  0.0 H t 06 M 000
HIS B0717_ R f 06 S f  0.0 H t 06 M 000
ARG B0718_ R f 06 S f  0.0 H t 06 M 000
MET B0719_ R f 06 S f  0.0 H t 06 M 000
ASP B0720_ R f 06 S f  0.0 H t 06 M 000
LYS B0721_ R f 06 S f  0.0 H t 06 M 000
PRO B0722_ R f 06 S f  0.0 H t 06 M 000
SER B0723_ R f 06 S f  0.0 H t 06 M 000
ASN B0724_ R f 06 S f  0.0 H t 06 M 000
CYS B0725_ R f 06 S f  0.0 H t 06 M 000
THR B0726_ R f 06 S f  0.0 H t 06 M 000
ASN B0727_ R f 06 S f  0.0 H t 06 M 000
GLU B0728_ R f 06 S f  0.0 H t 06 M 000
LEU B0729_ R f 06 S f  0.0 H t 06 M 000
TYR B0730_ R f 06 S f  0.0 H t 06 M 000
MET B0731_ R f 06 S f  0.0 H t 06 M 000
MET B0732_ R f 06 S f  0.0 H t 06 M 000
MET B0733_ R f 06 S f  0.0 H t 06 M 000
ARG B0734_ R f 06 S f  0.0 H t 06 M 000
ASP B0735_ R f 06 S f  0.0 H t 06 M 000
CYS B0736_ R f 06 S f  0.0 H t 06 M 000
TRP B0737_ R f 06 S f  0.0 H t 06 M 000
HIS B0738_ R f 06 S f  0.0 H t 06 M 000
ALA B0739_ R f 06 S f  0.0 H t 06 M 000
VAL B0740_ R f 06 S f  0.0 H t 06 M 000
PRO B0741_ R f 06 S f  0.0 H t 06 M 000
SER B0742_ R f 06 S f  0.0 H t 06 M 000
GLN B0743_ R f 06 S f  0.0 H t 06 M 000
ARG B0744_ R f 06 S f  0.0 H t 06 M 000
PRO B0745_ R f 06 S f  0.0 H t 06 M 000
THR B0746_ R f 06 S f  0.0 H t 06 M 000
PHE B0747_ R f 06 S f  0.0 H t 06 M 000
LYS B0748_ R f 06 S f  0.0 H t 06 M 000
GLN B0749_ R f 06 S f  0.0 H t 06 M 000
LEU B0750_ R f 06 S f  0.0 H t 06 M 000
VAL B0751_ R f 06 S f  0.0 H t 06 M 000
GLU B0752_ R f 06 S f  0.0 H t 06 M 000
ASP B0753_ R f 06 S f  0.0 H t 06 M 000
LEU B0754_ R f 06 S f  0.0 H t 06 M 000
ASP B0755_ R f 06 S f  0.0 H t 06 M 000
ARG B0756_ R f 06 S f  0.0 H t 06 M 000
ILE B0757_ R f 06 S f  0.0 H t 06 M 000
VAL B0758_ R f 06 S f  0.0 H t 06 M 000
ALA B0759_ R f 06 S f  0.0 H t 06 M 000
LEU B0760_ R f 06 S f  0.0 H t 06 M 000
THR B0761_ R f 06 S f  0.0 H t 06 M 000
SER B0762_ R f 06 S f  0.0 H t 06 M 000
ASN B0763_ R f 06 S f  0.0 H t 06 M 000
GLN B0764_ R f 06 S f  0.0 H t 06 M 000
GLU B0765_ R f 06 S f  0.0 H t 06 M 000
CTR B0765_ R f 06 S f  0.0 H t 06 M 000
SO4 B1766_ R f 06 S f  0.0 H t 06 M 000
EDO B1767_ R f 06 S f  0.0 H t 06 M 000
EDO B1768_ R f 06 S f  0.0 H t 06 M 000
EDO B1769_ R f 06 S f  0.0 H t 06 M 000
EDO B1770_ R f 06 S f  0.0 H t 06 M 000
EDO B1771_ R f 06 S f  0.0 H t 06 M 000
XOJ B1772_ R f 06 S f  0.0 H t 06 M 000
