RADIUS   SO4    O1    1.70
RADIUS   SO4    O2    1.70
RADIUS   SO4    O3    1.70
RADIUS   SO4    O4    1.70
RADIUS   AA2    N1    1.70
RADIUS   AA2    C2    1.70
RADIUS   AA2    N3    1.70
RADIUS   AA2    C4    1.70
RADIUS   AA2    C5    1.70
RADIUS   AA2    C6    1.70
RADIUS   AA2    C7    1.70
RADIUS   AA2    C8    1.70
RADIUS   AA2    C9    1.70
RADIUS   AA2    C10   1.70
RADIUS   AA2    C11   1.70
RADIUS   AA2    C12   1.70
RADIUS   AA2    C13   1.70
RADIUS   AA2    C14   1.70
RADIUS   AA2    C15   1.70
RADIUS   AA2    C16   1.70
RADIUS   AA2    C17   1.70
RADIUS   AA2    C18   1.70
RADIUS   AA2    N19   1.70
RADIUS   AA2   CL20   1.70
RADIUS   AA2    C21   1.70
RADIUS   AA2    C22   1.70
RADIUS   AA2    C23   1.70
RADIUS   AA2    N24   1.70
RADIUS   AA2    C25   1.70
RADIUS   AA2    C26   1.70
RADIUS   AA2    N27   1.70
RADIUS   AA2    C28   1.70
RADIUS   AA2    C29   1.70
RADIUS   AA2    O30   1.70
RADIUS   AA2    C31   1.70
RADIUS   AA2    C32   1.70
   Error! get_connect12(): connectivity of atom " CA  CYSBK A0491" is not complete
          get_connect12(): atom  CB  in the same residue is not found
   Error! get_connect12(): connectivity of atom " CA  GLNBK A0597" is not complete
          get_connect12(): atom  CB  in the same residue is not found
   Error! get_connect12(): connectivity of atom " CA  CYSBK A0491" is not complete
          get_connect12(): atom  CB  in the same residue is not found
   Error! get_connect12(): connectivity of atom " CA  GLNBK A0597" is not complete
          get_connect12(): atom  CB  in the same residue is not found
   Error! get_connect12(): connectivity of atom " CA  CYSBK A0491" is not complete
          get_connect12(): atom  CB  in the same residue is not found
   Error! get_connect12(): connectivity of atom " CA  CYSBK A0491" is not complete
          get_connect12(): atom  CB  in the same residue is not found
TORSION  PHE01  CG   CB   CA   N    f        0.0         3      0.00
TORSION  PHE01  CD1  CG   CB   CA   f        0.0         2    180.00
TORSION  PHE01  CE1  CD1  CG   CB   f        0.0         2    180.00
TORSION  PHE01  CE2  CD2  CG   CB   f        0.0         2    180.00
TORSION  PHE01  CZ   CE1  CD1  CG   f        0.0         2    180.00
   Error! get_connect12(): connectivity of atom " CA  GLNBK A0597" is not complete
          get_connect12(): atom  CB  in the same residue is not found
   Error! get_connect12(): connectivity of atom " CA  GLNBK A0597" is not complete
          get_connect12(): atom  CB  in the same residue is not found
TORSION  THRBK  CA   N    C    CA   f        0.0         2    180.00
   Error! get_connect12(): connectivity of atom " CA  THRBK A0765" is not complete
          get_connect12(): atom  CB  in the same residue is not found
TORSION  THRBK  C    CA   N    C    f        0.0         3      0.00
   Error! get_connect12(): connectivity of atom " CA  THRBK A0765" is not complete
          get_connect12(): atom  CB  in the same residue is not found
   Error! get_connect12(): connectivity of atom " C   THR A0765" is not complete:
          get_connect12(): atom  N   of residue i+1 is not found 
TORSION  THRBK  O    C    CA   N    f        0.0         2    180.00
   Error! get_connect12(): connectivity of atom " CA  THRBK A0765" is not complete
          get_connect12(): atom  CB  in the same residue is not found
   Error! get_connect12(): connectivity of atom " C   THR A0765" is not complete:
          get_connect12(): atom  N   of residue i+1 is not found 
   Error! get_connect12(): connectivity of atom " CA  CYSBK A0491" is not complete
          get_connect12(): atom  CB  in the same residue is not found
   Error! get_connect12(): connectivity of atom " CA  GLNBK A0597" is not complete
          get_connect12(): atom  CB  in the same residue is not found
   Error! get_connect12(): connectivity of atom " CA  THRBK A0765" is not complete
          get_connect12(): atom  CB  in the same residue is not found
   Error! get_connect12(): connectivity of atom " C   THR A0765" is not complete:
          get_connect12(): atom  N   of residue i+1 is not found 
   Error! get_connect12(): connectivity of atom " CA  CYSBK A0491" is not complete
          get_connect12(): atom  CB  in the same residue is not found
   Error! get_connect12(): connectivity of atom " CA  GLNBK A0597" is not complete
          get_connect12(): atom  CB  in the same residue is not found
   Error! get_connect12(): connectivity of atom " CA  THRBK A0765" is not complete
          get_connect12(): atom  CB  in the same residue is not found
   Error! get_connect12(): connectivity of atom " C   THR A0765" is not complete:
          get_connect12(): atom  N   of residue i+1 is not found 
   Error! get_connect12(): connectivity of atom " CA  CYSBK A0491" is not complete
          get_connect12(): atom  CB  in the same residue is not found
   Error! get_connect12(): connectivity of atom " CA  GLNBK A0597" is not complete
          get_connect12(): atom  CB  in the same residue is not found
   Error! get_connect12(): connectivity of atom " CA  THRBK A0765" is not complete
          get_connect12(): atom  CB  in the same residue is not found
   Error! get_connect12(): connectivity of atom " C   THR A0765" is not complete:
          get_connect12(): atom  N   of residue i+1 is not found 
CHARGE   GLU01  CB      0.000
CHARGE   GLU01  CG      0.000
CHARGE   LEU01  CB      0.000
CHARGE   LEU01  CG      0.000
CHARGE   LEU01  CD1     0.000
CHARGE   LEU01  CD2     0.000
CHARGE   PRO01  CB      0.000
CHARGE   PRO01  CG      0.000
CHARGE   PRO01  CD      0.000
CHARGE   ASP01  CB      0.000
CHARGE   LYS01  CG      0.000
CHARGE   TRP01  CB      0.000
CHARGE   TRP01  CG      0.000
CHARGE   TRP01  CD1     0.000
CHARGE   TRP01  CD2     0.000
CHARGE   TRP01  NE1     0.000
CHARGE   TRP01  CE2     0.000
CHARGE   TRP01  CE3     0.000
CHARGE   TRP01  CZ2     0.000
CHARGE   TRP01  CZ3     0.000
CHARGE   TRP01  CH2     0.000
CHARGE   PHE01  CB      0.000
CHARGE   PHE01  CG      0.000
CHARGE   PHE01  CD1     0.000
CHARGE   PHE01  CD2     0.000
CHARGE   PHE01  CE1     0.000
CHARGE   PHE01  CE2     0.000
CHARGE   PHE01  CZ      0.000
CHARGE   ARG01  CB      0.000
CHARGE   ARG01  CG      0.000
CHARGE   GLN01  CB      0.000
CHARGE   GLN01  CG      0.000
CHARGE   VAL01  CB      0.000
CHARGE   VAL01  CG1     0.000
CHARGE   VAL01  CG2     0.000
CHARGE   MET01  CB      0.000
CHARGE   ALA01  CB      0.000
CHARGE   ILE01  CB      0.000
CHARGE   ILE01  CG1     0.000
CHARGE   ILE01  CG2     0.000
CHARGE   ILE01  CD1     0.000
CHARGE   ASN01  CB      0.000
CHARGE   CYS01  CB      0.000
CHARGE   AA2BK  N1      0.000
CHARGE   AA2BK  C2      0.000
CHARGE   AA2BK  N3      0.000
CHARGE   AA2BK  C4      0.000
CHARGE   AA2BK  C5      0.000
CHARGE   AA2BK  C6      0.000
CHARGE   AA2BK  C7      0.000
CHARGE   AA2BK  C8      0.000
CHARGE   AA2BK  C9      0.000
CHARGE   AA2BK  C10     0.000
CHARGE   AA2BK  C11     0.000
CHARGE   AA2BK  C12     0.000
CHARGE   AA2BK  C13     0.000
CHARGE   AA2BK  C14     0.000
CHARGE   AA2BK  C15     0.000
CHARGE   AA2BK  C16     0.000
CHARGE   AA2BK  C17     0.000
CHARGE   AA2BK  C18     0.000
CHARGE   AA2BK  N19     0.000
CHARGE   AA2BK CL20     0.000
CHARGE   AA2BK  C21     0.000
CHARGE   AA2BK  C22     0.000
CHARGE   AA2BK  C23     0.000
CHARGE   AA2BK  N24     0.000
CHARGE   AA2BK  C25     0.000
CHARGE   AA2BK  C26     0.000
CHARGE   AA2BK  N27     0.000
CHARGE   AA2BK  C28     0.000
CHARGE   AA2BK  C29     0.000
CHARGE   AA2BK  O30     0.000
CHARGE   AA2BK  C31     0.000
CHARGE   AA2BK  C32     0.000
   Error! get_connect12(): connectivity of atom " CA  CYSBK A0491" is not complete
          get_connect12(): atom  CB  in the same residue is not found
   Error! get_connect12(): connectivity of atom " CA  GLNBK A0597" is not complete
          get_connect12(): atom  CB  in the same residue is not found
   Error! get_connect12(): connectivity of atom " CA  THRBK A0765" is not complete
          get_connect12(): atom  CB  in the same residue is not found
   Error! get_connect12(): connectivity of atom " C   THR A0765" is not complete:
          get_connect12(): atom  N   of residue i+1 is not found 
Warning, bond length btw  CE2- CZ  in res PHE A0492 is    5.676
Warning, bond length btw  CZ - CE2 in res PHE A0492 is    5.676
   Error! get_connect12(): connectivity of atom " CA  CYSBK A0491" is not complete
          get_connect12(): atom  CB  in the same residue is not found
   Error! get_connect12(): connectivity of atom " CA  GLNBK A0597" is not complete
          get_connect12(): atom  CB  in the same residue is not found
   Error! get_connect12(): connectivity of atom " CA  THRBK A0765" is not complete
          get_connect12(): atom  CB  in the same residue is not found
   Error! get_connect12(): connectivity of atom " C   THR A0765" is not complete:
          get_connect12(): atom  N   of residue i+1 is not found 
Warning, bond length btw  CE2- CZ  in res PHE A0492 is    5.676
Warning, bond length btw  CZ - CE2 in res PHE A0492 is    5.676
   Error! get_connect12(): connectivity of atom " CA  CYSBK A0491" is not complete
          get_connect12(): atom  CB  in the same residue is not found
   Error! get_connect12(): connectivity of atom " CA  GLNBK A0597" is not complete
          get_connect12(): atom  CB  in the same residue is not found
   Error! get_connect12(): connectivity of atom " CA  THRBK A0765" is not complete
          get_connect12(): atom  CB  in the same residue is not found
   Error! get_connect12(): connectivity of atom " C   THR A0765" is not complete:
          get_connect12(): atom  N   of residue i+1 is not found 
   Error! get_connect12(): connectivity of atom " CA  CYSBK A0491" is not complete
          get_connect12(): atom  CB  in the same residue is not found
   Error! get_connect12(): connectivity of atom " CA  GLNBK A0597" is not complete
          get_connect12(): atom  CB  in the same residue is not found
   Error! get_connect12(): connectivity of atom " CA  THRBK A0765" is not complete
          get_connect12(): atom  CB  in the same residue is not found
   Error! get_connect12(): connectivity of atom " C   THR A0765" is not complete:
          get_connect12(): atom  N   of residue i+1 is not found 
Warning, bond length btw  CE2- CZ  in res PHE A0492 is    5.676
Warning, bond length btw  CZ - CE2 in res PHE A0492 is    5.676
   Error! get_connect12(): connectivity of atom " CA  CYSBK A0491" is not complete
          get_connect12(): atom  CB  in the same residue is not found
   Error! get_connect12(): connectivity of atom " CA  GLNBK A0597" is not complete
          get_connect12(): atom  CB  in the same residue is not found
   Error! get_connect12(): connectivity of atom " CA  THRBK A0765" is not complete
          get_connect12(): atom  CB  in the same residue is not found
   Error! get_connect12(): connectivity of atom " C   THR A0765" is not complete:
          get_connect12(): atom  N   of residue i+1 is not found 
Warning, bond length btw  CE2- CZ  in res PHE A0492 is    5.676
Warning, bond length btw  CZ - CE2 in res PHE A0492 is    5.676
   Error! get_connect12(): connectivity of atom " CA  CYSBK A0491" is not complete
          get_connect12(): atom  CB  in the same residue is not found
   Error! get_connect12(): connectivity of atom " CA  GLNBK A0597" is not complete
          get_connect12(): atom  CB  in the same residue is not found
   Error! get_connect12(): connectivity of atom " CA  THRBK A0765" is not complete
          get_connect12(): atom  CB  in the same residue is not found
   Error! get_connect12(): connectivity of atom " C   THR A0765" is not complete:
          get_connect12(): atom  N   of residue i+1 is not found 
   Error! get_connect12(): connectivity of atom " CA  CYSBK A0491" is not complete
          get_connect12(): atom  CB  in the same residue is not found
   Error! get_connect12(): connectivity of atom " CA  CYSBK A0491" is not complete
          get_connect12(): atom  CB  in the same residue is not found
   Error! get_connect12(): connectivity of atom " CA  GLNBK A0597" is not complete
          get_connect12(): atom  CB  in the same residue is not found
   Error! get_connect12(): connectivity of atom " CA  GLNBK A0597" is not complete
          get_connect12(): atom  CB  in the same residue is not found
   Error! get_connect12(): connectivity of atom " CA  THRBK A0765" is not complete
          get_connect12(): atom  CB  in the same residue is not found
   Error! get_connect12(): connectivity of atom " C   THR A0765" is not complete:
          get_connect12(): atom  N   of residue i+1 is not found 
   Error! get_connect12(): connectivity of atom " CA  THRBK A0765" is not complete
          get_connect12(): atom  CB  in the same residue is not found
   Error! get_connect12(): connectivity of atom " C   THR A0765" is not complete:
          get_connect12(): atom  N   of residue i+1 is not found 
   Error! get_connect12(): connectivity of atom " CA  CYSBK A0491" is not complete
          get_connect12(): atom  CB  in the same residue is not found
   Error! get_connect12(): connectivity of atom " CA  GLNBK A0597" is not complete
          get_connect12(): atom  CB  in the same residue is not found
   Error! get_connect12(): connectivity of atom " CA  THRBK A0765" is not complete
          get_connect12(): atom  CB  in the same residue is not found
   Error! get_connect12(): connectivity of atom " C   THR A0765" is not complete:
          get_connect12(): atom  N   of residue i+1 is not found 
CHARGE   NTR01  HA      0.000
CHARGE   NTR+1  HA      0.000
CHARGE   GLU01 1HB      0.000
CHARGE   GLU01 2HB      0.000
CHARGE   GLU01 1HG      0.000
CHARGE   GLU01 2HG      0.000
CHARGE   GLU02  CB      0.000
CHARGE   GLU02 1HB      0.000
CHARGE   GLU02 2HB      0.000
CHARGE   GLU02  CG      0.000
CHARGE   GLU02 1HG      0.000
CHARGE   GLU02 2HG      0.000
CHARGE   GLU-1  CB      0.000
CHARGE   GLU-1 1HB      0.000
CHARGE   GLU-1 2HB      0.000
CHARGE   GLU-1 1HG      0.000
CHARGE   GLU-1 2HG      0.000
CHARGE   LEUBK  HA      0.000
CHARGE   LEU01 1HB      0.000
CHARGE   LEU01 2HB      0.000
CHARGE   LEU01  HG      0.000
CHARGE   LEU01 1HD1     0.000
CHARGE   LEU01 2HD1     0.000
CHARGE   LEU01 3HD1     0.000
CHARGE   LEU01 1HD2     0.000
CHARGE   LEU01 2HD2     0.000
CHARGE   LEU01 3HD2     0.000
CHARGE   PROBK  HA      0.000
CHARGE   PRO01 1HB      0.000
CHARGE   PRO01 2HB      0.000
CHARGE   PRO01 1HG      0.000
CHARGE   PRO01 2HG      0.000
CHARGE   PRO01 1HD      0.000
CHARGE   PRO01 2HD      0.000
CHARGE   GLUBK  HA      0.000
CHARGE   ASPBK  HA      0.000
CHARGE   ASP01 1HB      0.000
CHARGE   ASP01 2HB      0.000
CHARGE   ASP02  CB      0.000
CHARGE   ASP02 1HB      0.000
CHARGE   ASP02 2HB      0.000
CHARGE   ASP-1  CB      0.000
CHARGE   ASP-1 1HB      0.000
CHARGE   ASP-1 2HB      0.000
CHARGE   LYSBK  HA      0.000
CHARGE   LYS01 1HB      0.000
CHARGE   LYS01 2HB      0.000
CHARGE   LYS01 1HG      0.000
CHARGE   LYS01 2HG      0.000
CHARGE   LYS01 1HD      0.000
CHARGE   LYS01 2HD      0.000
CHARGE   LYS01 1HE      0.000
CHARGE   LYS01 2HE      0.000
CHARGE   LYS+1 1HB      0.000
CHARGE   LYS+1 2HB      0.000
CHARGE   LYS+1  CG      0.000
CHARGE   LYS+1 1HG      0.000
CHARGE   LYS+1 2HG      0.000
CHARGE   LYS+1 1HD      0.000
CHARGE   LYS+1 2HD      0.000
CHARGE   LYS+1 1HE      0.000
CHARGE   LYS+1 2HE      0.000
CHARGE   TRPBK  HA      0.000
CHARGE   TRP01 1HB      0.000
CHARGE   TRP01 2HB      0.000
CHARGE   TRP01  HD1     0.000
CHARGE   TRP01  HE1     0.000
CHARGE   TRP01  HE3     0.000
CHARGE   TRP01  HZ2     0.000
CHARGE   TRP01  HZ3     0.000
CHARGE   TRP01  HH2     0.000
CHARGE   PHEBK  HA      0.000
CHARGE   PHE01 1HB      0.000
CHARGE   PHE01 2HB      0.000
CHARGE   PHE01  HD1     0.000
CHARGE   PHE01  HD2     0.000
CHARGE   PHE01  HE1     0.000
CHARGE   PHE01  HE2     0.000
CHARGE   PHE01  HZ      0.000
CHARGE   ARGBK  HA      0.000
CHARGE   ARG01 1HB      0.000
CHARGE   ARG01 2HB      0.000
CHARGE   ARG01 1HG      0.000
CHARGE   ARG01 2HG      0.000
CHARGE   ARG01 1HD      0.000
CHARGE   ARG01 2HD      0.000
CHARGE   ARG02  CB      0.000
CHARGE   ARG02 1HB      0.000
CHARGE   ARG02 2HB      0.000
CHARGE   ARG02  CG      0.000
CHARGE   ARG02 1HG      0.000
CHARGE   ARG02 2HG      0.000
CHARGE   ARG02 1HD      0.000
CHARGE   ARG02 2HD      0.000
CHARGE   ARG03  CB      0.000
CHARGE   ARG03 1HB      0.000
CHARGE   ARG03 2HB      0.000
CHARGE   ARG03  CG      0.000
CHARGE   ARG03 1HG      0.000
CHARGE   ARG03 2HG      0.000
CHARGE   ARG03 1HD      0.000
CHARGE   ARG03 2HD      0.000
CHARGE   ARG+1  CB      0.000
CHARGE   ARG+1 1HB      0.000
CHARGE   ARG+1 2HB      0.000
CHARGE   ARG+1  CG      0.000
CHARGE   ARG+1 1HG      0.000
CHARGE   ARG+1 2HG      0.000
CHARGE   ARG+1 1HD      0.000
CHARGE   ARG+1 2HD      0.000
CHARGE   THRBK  HA      0.000
CHARGE   THR01  HB      0.000
CHARGE   THR01 1HG2     0.000
CHARGE   THR01 2HG2     0.000
CHARGE   THR01 3HG2     0.000
CHARGE   GLYBK 1HA      0.000
CHARGE   GLYBK 2HA      0.000
CHARGE   CYSBK  HA      0.000
CHARGE   GLNBK  HA      0.000
CHARGE   GLN01 1HB      0.000
CHARGE   GLN01 2HB      0.000
CHARGE   GLN01 1HG      0.000
CHARGE   GLN01 2HG      0.000
CHARGE   VALBK  HA      0.000
CHARGE   VAL01  HB      0.000
CHARGE   VAL01 1HG1     0.000
CHARGE   VAL01 2HG1     0.000
CHARGE   VAL01 3HG1     0.000
CHARGE   VAL01 1HG2     0.000
CHARGE   VAL01 2HG2     0.000
CHARGE   VAL01 3HG2     0.000
CHARGE   METBK  HA      0.000
CHARGE   MET01 1HB      0.000
CHARGE   MET01 2HB      0.000
CHARGE   MET01 1HG      0.000
CHARGE   MET01 2HG      0.000
CHARGE   MET01 1HE      0.000
CHARGE   MET01 2HE      0.000
CHARGE   MET01 3HE      0.000
CHARGE   ALABK  HA      0.000
CHARGE   ALA01 1HB      0.000
CHARGE   ALA01 2HB      0.000
CHARGE   ALA01 3HB      0.000
CHARGE   ILEBK  HA      0.000
CHARGE   ILE01  HB      0.000
CHARGE   ILE01 1HG1     0.000
CHARGE   ILE01 2HG1     0.000
CHARGE   ILE01 1HG2     0.000
CHARGE   ILE01 2HG2     0.000
CHARGE   ILE01 3HG2     0.000
CHARGE   ILE01 1HD1     0.000
CHARGE   ILE01 2HD1     0.000
CHARGE   ILE01 3HD1     0.000
CHARGE   SERBK  HA      0.000
CHARGE   SER01 1HB      0.000
CHARGE   SER01 2HB      0.000
CHARGE   HISBK  HA      0.000
CHARGE   HIS01 1HB      0.000
CHARGE   HIS01 2HB      0.000
CHARGE   HIS02 1HB      0.000
CHARGE   HIS02 2HB      0.000
CHARGE   HIS+1 1HB      0.000
CHARGE   HIS+1 2HB      0.000
CHARGE   ASNBK  HA      0.000
CHARGE   ASN01 1HB      0.000
CHARGE   ASN01 2HB      0.000
CHARGE   CYS01 1HB      0.000
CHARGE   CYS01 2HB      0.000
CHARGE   CYS-1 1HB      0.000
CHARGE   CYS-1 2HB      0.000
CHARGE   TYRBK  HA      0.000
CHARGE   TYR01 1HB      0.000
CHARGE   TYR01 2HB      0.000
CHARGE   TYR-1 1HB      0.000
CHARGE   TYR-1 2HB      0.000
   Error! get_connect12(): connectivity of atom " CA  CYSBK A0491" is not complete
          get_connect12(): atom  CB  in the same residue is not found
   Error! get_connect12(): connectivity of atom " CA  GLNBK A0597" is not complete
          get_connect12(): atom  CB  in the same residue is not found
   Error! get_connect12(): connectivity of atom " CA  THRBK A0765" is not complete
          get_connect12(): atom  CB  in the same residue is not found
   Error! get_connect12(): connectivity of atom " C   THR A0765" is not complete:
          get_connect12(): atom  N   of residue i+1 is not found 
Warning, bond length btw  CE2- CZ  in res PHE A0492 is    5.676
Warning, bond length btw  CZ - CE2 in res PHE A0492 is    5.676
Warning, bond length btw  CE2- CZ  in res PHE A0492 is    5.676
Warning, bond length btw  CZ - CE2 in res PHE A0492 is    5.676
   Error! get_connect12(): connectivity of atom " CA  CYSBK A0491" is not complete
          get_connect12(): atom  CB  in the same residue is not found
   Error! get_connect12(): connectivity of atom " CA  GLNBK A0597" is not complete
          get_connect12(): atom  CB  in the same residue is not found
   Error! get_connect12(): connectivity of atom " CA  THRBK A0765" is not complete
          get_connect12(): atom  CB  in the same residue is not found
   Error! get_connect12(): connectivity of atom " C   THR A0765" is not complete:
          get_connect12(): atom  N   of residue i+1 is not found 
   Error! get_connect12(): connectivity of atom " CA  CYSBK A0491" is not complete
          get_connect12(): atom  CB  in the same residue is not found
   Error! get_connect12(): connectivity of atom " CA  CYSBK A0491" is not complete
          get_connect12(): atom  CB  in the same residue is not found
   Error! get_connect12(): connectivity of atom " CA  GLNBK A0597" is not complete
          get_connect12(): atom  CB  in the same residue is not found
   Error! get_connect12(): connectivity of atom " CA  GLNBK A0597" is not complete
          get_connect12(): atom  CB  in the same residue is not found
   Error! get_connect12(): connectivity of atom " CA  THRBK A0765" is not complete
          get_connect12(): atom  CB  in the same residue is not found
   Error! get_connect12(): connectivity of atom " C   THR A0765" is not complete:
          get_connect12(): atom  N   of residue i+1 is not found 
   Error! get_connect12(): connectivity of atom " CA  THRBK A0765" is not complete
          get_connect12(): atom  CB  in the same residue is not found
   Error! get_connect12(): connectivity of atom " C   THR A0765" is not complete:
          get_connect12(): atom  N   of residue i+1 is not found 
   Error! get_connect12(): connectivity of atom " CA  CYSBK A0491" is not complete
          get_connect12(): atom  CB  in the same residue is not found
   Error! get_connect12(): connectivity of atom " CA  GLNBK A0597" is not complete
          get_connect12(): atom  CB  in the same residue is not found
   Error! get_connect12(): connectivity of atom " CA  THRBK A0765" is not complete
          get_connect12(): atom  CB  in the same residue is not found
   Error! get_connect12(): connectivity of atom " C   THR A0765" is not complete:
          get_connect12(): atom  N   of residue i+1 is not found 
   Error! get_connect12(): connectivity of atom " CA  CYSBK A0491" is not complete
          get_connect12(): atom  CB  in the same residue is not found
   Error! get_connect12(): connectivity of atom " CA  GLNBK A0597" is not complete
          get_connect12(): atom  CB  in the same residue is not found
   Error! get_connect12(): connectivity of atom " CA  THRBK A0765" is not complete
          get_connect12(): atom  CB  in the same residue is not found
   Error! get_connect12(): connectivity of atom " C   THR A0765" is not complete:
          get_connect12(): atom  N   of residue i+1 is not found 
 Residue CTR A 503 always clash with Residue LYS A 507
 Residue ASP A 527 always clash with Residue PHE A 492
 Residue ASP A 530 always clash with Residue PHE A 492
   Error! get_connect12(): connectivity of atom " CA  CYSBK A0491" is not complete
          get_connect12(): atom  CB  in the same residue is not found
   Error! get_connect12(): connectivity of atom " CA  GLNBK A0597" is not complete
          get_connect12(): atom  CB  in the same residue is not found
   Error! get_connect12(): connectivity of atom " CA  THRBK A0765" is not complete
          get_connect12(): atom  CB  in the same residue is not found
   Error! get_connect12(): connectivity of atom " C   THR A0765" is not complete:
          get_connect12(): atom  N   of residue i+1 is not found 
   Error! get_connect12(): connectivity of atom " CA  CYSBK A0491" is not complete
          get_connect12(): atom  CB  in the same residue is not found
   Error! get_connect12(): connectivity of atom " CA  GLNBK A0597" is not complete
          get_connect12(): atom  CB  in the same residue is not found
   Error! get_connect12(): connectivity of atom " CA  THRBK A0765" is not complete
          get_connect12(): atom  CB  in the same residue is not found
   Error! get_connect12(): connectivity of atom " C   THR A0765" is not complete:
          get_connect12(): atom  N   of residue i+1 is not found 
Warning, bond length btw  CE2- CZ  in res PHE A0492 is    5.676
Warning, bond length btw  CZ - CE2 in res PHE A0492 is    5.676
Warning, bond length btw  CE2- CZ  in res PHE A0492 is    5.677
Warning, bond length btw  CZ - CE2 in res PHE A0492 is    5.677
   Error! get_connect12(): connectivity of atom " CA  CYSBK A0491" is not complete
          get_connect12(): atom  CB  in the same residue is not found
   Error! get_connect12(): connectivity of atom " CA  GLNBK A0597" is not complete
          get_connect12(): atom  CB  in the same residue is not found
   Error! get_connect12(): connectivity of atom " CA  THRBK A0765" is not complete
          get_connect12(): atom  CB  in the same residue is not found
   Error! get_connect12(): connectivity of atom " C   THR A0765" is not complete:
          get_connect12(): atom  N   of residue i+1 is not found 
Warning, bond length btw  CE2- CZ  in res PHE A0492 is    5.676
Warning, bond length btw  CZ - CE2 in res PHE A0492 is    5.676
Warning, bond length btw  CE2- CZ  in res PHE A0492 is    5.677
Warning, bond length btw  CZ - CE2 in res PHE A0492 is    5.677
   Error! get_connect12(): connectivity of atom " CA  CYSBK A0491" is not complete
          get_connect12(): atom  CB  in the same residue is not found
   Error! get_connect12(): connectivity of atom " CA  GLNBK A0597" is not complete
          get_connect12(): atom  CB  in the same residue is not found
   Error! get_connect12(): connectivity of atom " CA  THRBK A0765" is not complete
          get_connect12(): atom  CB  in the same residue is not found
   Error! get_connect12(): connectivity of atom " C   THR A0765" is not complete:
          get_connect12(): atom  N   of residue i+1 is not found 
