NTR A0467_ R f 06 S f  0.0 H t 06 M 000
GLU A0467_ R f 06 S f  0.0 H t 06 M 000
LEU A0468_ R f 06 S f  0.0 H t 06 M 000
PRO A0469_ R f 06 S f  0.0 H t 06 M 000
GLU A0470_ R f 06 S f  0.0 H t 06 M 000
ASP A0471_ R f 06 S f  0.0 H t 06 M 000
PRO A0472_ R f 06 S f  0.0 H t 06 M 000
LYS A0473_ R f 06 S f  0.0 H t 06 M 000
TRP A0474_ R f 06 S f  0.0 H t 06 M 000
GLU A0475_ R f 06 S f  0.0 H t 06 M 000
PHE A0476_ R f 06 S f  0.0 H t 06 M 000
PRO A0477_ R f 06 S f  0.0 H t 06 M 000
ARG A0478_ R f 06 S f  0.0 H t 06 M 000
ASP A0479_ R f 06 S f  0.0 H t 06 M 000
LYS A0480_ R f 06 S f  0.0 H t 06 M 000
LEU A0481_ R f 06 S f  0.0 H t 06 M 000
THR A0482_ R f 06 S f  0.0 H t 06 M 000
LEU A0483_ R f 06 S f  0.0 H t 06 M 000
GLY A0484_ R f 06 S f  0.0 H t 06 M 000
LYS A0485_ R f 06 S f  0.0 H t 06 M 000
PRO A0486_ R f 06 S f  0.0 H t 06 M 000
LEU A0487_ R f 06 S f  0.0 H t 06 M 000
GLY A0488_ R f 06 S f  0.0 H t 06 M 000
GLU A0489_ R f 06 S f  0.0 H t 06 M 000
GLY A0490_ R f 06 S f  0.0 H t 06 M 000
CYS A0491_ R f 06 S f  0.0 H t 06 M 000
PHE A0492_ R f 06 S f  0.0 H t 06 M 000
GLY A0493_ R f 06 S f  0.0 H t 06 M 000
GLN A0494_ R f 06 S f  0.0 H t 06 M 000
VAL A0495_ R f 06 S f  0.0 H t 06 M 000
VAL A0496_ R f 06 S f  0.0 H t 06 M 000
MET A0497_ R f 06 S f  0.0 H t 06 M 000
ALA A0498_ R f 06 S f  0.0 H t 06 M 000
GLU A0499_ R f 06 S f  0.0 H t 06 M 000
ALA A0500_ R f 06 S f  0.0 H t 06 M 000
VAL A0501_ R f 06 S f  0.0 H t 06 M 000
GLY A0502_ R f 06 S f  0.0 H t 06 M 000
ILE A0503_ R f 06 S f  0.0 H t 06 M 000
CTR A0503_ R f 06 S f  0.0 H t 06 M 000
NTR A0507_ R f 06 S f  0.0 H t 06 M 000
LYS A0507_ R f 06 S f  0.0 H t 06 M 000
PRO A0508_ R f 06 S f  0.0 H t 06 M 000
LYS A0509_ R f 06 S f  0.0 H t 06 M 000
GLU A0510_ R f 06 S f  0.0 H t 06 M 000
ALA A0511_ R f 06 S f  0.0 H t 06 M 000
VAL A0512_ R f 06 S f  0.0 H t 06 M 000
THR A0513_ R f 06 S f  0.0 H t 06 M 000
VAL A0514_ R f 06 S f  0.0 H t 06 M 000
ALA A0515_ R f 06 S f  0.0 H t 06 M 000
VAL A0516_ R f 06 S f  0.0 H t 06 M 000
LYS A0517_ R f 06 S f  0.0 H t 06 M 000
MET A0518_ R f 06 S f  0.0 H t 06 M 000
LEU A0519_ R f 06 S f  0.0 H t 06 M 000
LYS A0520_ R f 06 S f  0.0 H t 06 M 000
ASP A0521_ R f 06 S f  0.0 H t 06 M 000
ASP A0522_ R f 06 S f  0.0 H t 06 M 000
ALA A0523_ R f 06 S f  0.0 H t 06 M 000
THR A0524_ R f 06 S f  0.0 H t 06 M 000
GLU A0525_ R f 06 S f  0.0 H t 06 M 000
LYS A0526_ R f 06 S f  0.0 H t 06 M 000
ASP A0527_ R f 06 S f  0.0 H t 06 M 000
LEU A0528_ R f 06 S f  0.0 H t 06 M 000
SER A0529_ R f 06 S f  0.0 H t 06 M 000
ASP A0530_ R f 06 S f  0.0 H t 06 M 000
LEU A0531_ R f 06 S f  0.0 H t 06 M 000
VAL A0532_ R f 06 S f  0.0 H t 06 M 000
SER A0533_ R f 06 S f  0.0 H t 06 M 000
GLU A0534_ R f 06 S f  0.0 H t 06 M 000
MET A0535_ R f 06 S f  0.0 H t 06 M 000
GLU A0536_ R f 06 S f  0.0 H t 06 M 000
MET A0537_ R f 06 S f  0.0 H t 06 M 000
MET A0538_ R f 06 S f  0.0 H t 06 M 000
LYS A0539_ R f 06 S f  0.0 H t 06 M 000
MET A0540_ R f 06 S f  0.0 H t 06 M 000
ILE A0541_ R f 06 S f  0.0 H t 06 M 000
GLY A0542_ R f 06 S f  0.0 H t 06 M 000
LYS A0543_ R f 06 S f  0.0 H t 06 M 000
HIS A0544_ R f 06 S f  0.0 H t 06 M 000
LYS A0545_ R f 06 S f  0.0 H t 06 M 000
ASN A0546_ R f 06 S f  0.0 H t 06 M 000
ILE A0547_ R f 06 S f  0.0 H t 06 M 000
ILE A0548_ R f 06 S f  0.0 H t 06 M 000
ASN A0549_ R f 06 S f  0.0 H t 06 M 000
LEU A0550_ R f 06 S f  0.0 H t 06 M 000
LEU A0551_ R f 06 S f  0.0 H t 06 M 000
GLY A0552_ R f 06 S f  0.0 H t 06 M 000
ALA A0553_ R f 06 S f  0.0 H t 06 M 000
CYS A0554_ R f 06 S f  0.0 H t 06 M 000
THR A0555_ R f 06 S f  0.0 H t 06 M 000
GLN A0556_ R f 06 S f  0.0 H t 06 M 000
ASP A0557_ R f 06 S f  0.0 H t 06 M 000
GLY A0558_ R f 06 S f  0.0 H t 06 M 000
PRO A0559_ R f 06 S f  0.0 H t 06 M 000
LEU A0560_ R f 06 S f  0.0 H t 06 M 000
TYR A0561_ R f 06 S f  0.0 H t 06 M 000
VAL A0562_ R f 06 S f  0.0 H t 06 M 000
ILE A0563_ R f 06 S f  0.0 H t 06 M 000
VAL A0564_ R f 06 S f  0.0 H t 06 M 000
GLU A0565_ R f 06 S f  0.0 H t 06 M 000
TYR A0566_ R f 06 S f  0.0 H t 06 M 000
ALA A0567_ R f 06 S f  0.0 H t 06 M 000
SER A0568_ R f 06 S f  0.0 H t 06 M 000
LYS A0569_ R f 06 S f  0.0 H t 06 M 000
GLY A0570_ R f 06 S f  0.0 H t 06 M 000
ASN A0571_ R f 06 S f  0.0 H t 06 M 000
LEU A0572_ R f 06 S f  0.0 H t 06 M 000
ARG A0573_ R f 06 S f  0.0 H t 06 M 000
GLU A0574_ R f 06 S f  0.0 H t 06 M 000
TYR A0575_ R f 06 S f  0.0 H t 06 M 000
LEU A0576_ R f 06 S f  0.0 H t 06 M 000
ARG A0577_ R f 06 S f  0.0 H t 06 M 000
ALA A0578_ R f 06 S f  0.0 H t 06 M 000
ARG A0579_ R f 06 S f  0.0 H t 06 M 000
ARG A0580_ R f 06 S f  0.0 H t 06 M 000
CTR A0580_ R f 06 S f  0.0 H t 06 M 000
NTR A0596_ R f 06 S f  0.0 H t 06 M 000
GLU A0596_ R f 06 S f  0.0 H t 06 M 000
GLN A0597_ R f 06 S f  0.0 H t 06 M 000
MET A0598_ R f 06 S f  0.0 H t 06 M 000
THR A0599_ R f 06 S f  0.0 H t 06 M 000
PHE A0600_ R f 06 S f  0.0 H t 06 M 000
LYS A0601_ R f 06 S f  0.0 H t 06 M 000
ASP A0602_ R f 06 S f  0.0 H t 06 M 000
LEU A0603_ R f 06 S f  0.0 H t 06 M 000
VAL A0604_ R f 06 S f  0.0 H t 06 M 000
SER A0605_ R f 06 S f  0.0 H t 06 M 000
CYS A0606_ R f 06 S f  0.0 H t 06 M 000
THR A0607_ R f 06 S f  0.0 H t 06 M 000
TYR A0608_ R f 06 S f  0.0 H t 06 M 000
GLN A0609_ R f 06 S f  0.0 H t 06 M 000
LEU A0610_ R f 06 S f  0.0 H t 06 M 000
ALA A0611_ R f 06 S f  0.0 H t 06 M 000
ARG A0612_ R f 06 S f  0.0 H t 06 M 000
GLY A0613_ R f 06 S f  0.0 H t 06 M 000
MET A0614_ R f 06 S f  0.0 H t 06 M 000
GLU A0615_ R f 06 S f  0.0 H t 06 M 000
TYR A0616_ R f 06 S f  0.0 H t 06 M 000
LEU A0617_ R f 06 S f  0.0 H t 06 M 000
ALA A0618_ R f 06 S f  0.0 H t 06 M 000
SER A0619_ R f 06 S f  0.0 H t 06 M 000
GLN A0620_ R f 06 S f  0.0 H t 06 M 000
LYS A0621_ R f 06 S f  0.0 H t 06 M 000
CYS A0622_ R f 06 S f  0.0 H t 06 M 000
ILE A0623_ R f 06 S f  0.0 H t 06 M 000
HIS A0624_ R f 06 S f  0.0 H t 06 M 000
ARG A0625_ R f 06 S f  0.0 H t 06 M 000
ASP A0626_ R f 06 S f  0.0 H t 06 M 000
LEU A0627_ R f 06 S f  0.0 H t 06 M 000
ALA A0628_ R f 06 S f  0.0 H t 06 M 000
ALA A0629_ R f 06 S f  0.0 H t 06 M 000
ARG A0630_ R f 06 S f  0.0 H t 06 M 000
ASN A0631_ R f 06 S f  0.0 H t 06 M 000
VAL A0632_ R f 06 S f  0.0 H t 06 M 000
LEU A0633_ R f 06 S f  0.0 H t 06 M 000
VAL A0634_ R f 06 S f  0.0 H t 06 M 000
THR A0635_ R f 06 S f  0.0 H t 06 M 000
GLU A0636_ R f 06 S f  0.0 H t 06 M 000
ASN A0637_ R f 06 S f  0.0 H t 06 M 000
ASN A0638_ R f 06 S f  0.0 H t 06 M 000
VAL A0639_ R f 06 S f  0.0 H t 06 M 000
MET A0640_ R f 06 S f  0.0 H t 06 M 000
LYS A0641_ R f 06 S f  0.0 H t 06 M 000
ILE A0642_ R f 06 S f  0.0 H t 06 M 000
ALA A0643_ R f 06 S f  0.0 H t 06 M 000
ASP A0644_ R f 06 S f  0.0 H t 06 M 000
PHE A0645_ R f 06 S f  0.0 H t 06 M 000
GLY A0646_ R f 06 S f  0.0 H t 06 M 000
LEU A0647_ R f 06 S f  0.0 H t 06 M 000
ALA A0648_ R f 06 S f  0.0 H t 06 M 000
ARG A0649_ R f 06 S f  0.0 H t 06 M 000
ASP A0650_ R f 06 S f  0.0 H t 06 M 000
ILE A0651_ R f 06 S f  0.0 H t 06 M 000
ASN A0652_ R f 06 S f  0.0 H t 06 M 000
ASN A0653_ R f 06 S f  0.0 H t 06 M 000
ILE A0654_ R f 06 S f  0.0 H t 06 M 000
ASP A0655_ R f 06 S f  0.0 H t 06 M 000
TYR A0656_ R f 06 S f  0.0 H t 06 M 000
TYR A0657_ R f 06 S f  0.0 H t 06 M 000
LYS A0658_ R f 06 S f  0.0 H t 06 M 000
LYS A0659_ R f 06 S f  0.0 H t 06 M 000
THR A0660_ R f 06 S f  0.0 H t 06 M 000
THR A0661_ R f 06 S f  0.0 H t 06 M 000
ASN A0662_ R f 06 S f  0.0 H t 06 M 000
GLY A0663_ R f 06 S f  0.0 H t 06 M 000
ARG A0664_ R f 06 S f  0.0 H t 06 M 000
LEU A0665_ R f 06 S f  0.0 H t 06 M 000
PRO A0666_ R f 06 S f  0.0 H t 06 M 000
VAL A0667_ R f 06 S f  0.0 H t 06 M 000
LYS A0668_ R f 06 S f  0.0 H t 06 M 000
TRP A0669_ R f 06 S f  0.0 H t 06 M 000
MET A0670_ R f 06 S f  0.0 H t 06 M 000
ALA A0671_ R f 06 S f  0.0 H t 06 M 000
PRO A0672_ R f 06 S f  0.0 H t 06 M 000
GLU A0673_ R f 06 S f  0.0 H t 06 M 000
ALA A0674_ R f 06 S f  0.0 H t 06 M 000
LEU A0675_ R f 06 S f  0.0 H t 06 M 000
PHE A0676_ R f 06 S f  0.0 H t 06 M 000
ASP A0677_ R f 06 S f  0.0 H t 06 M 000
ARG A0678_ R f 06 S f  0.0 H t 06 M 000
VAL A0679_ R f 06 S f  0.0 H t 06 M 000
TYR A0680_ R f 06 S f  0.0 H t 06 M 000
THR A0681_ R f 06 S f  0.0 H t 06 M 000
HIS A0682_ R f 06 S f  0.0 H t 06 M 000
GLN A0683_ R f 06 S f  0.0 H t 06 M 000
SER A0684_ R f 06 S f  0.0 H t 06 M 000
ASP A0685_ R f 06 S f  0.0 H t 06 M 000
VAL A0686_ R f 06 S f  0.0 H t 06 M 000
TRP A0687_ R f 06 S f  0.0 H t 06 M 000
SER A0688_ R f 06 S f  0.0 H t 06 M 000
PHE A0689_ R f 06 S f  0.0 H t 06 M 000
GLY A0690_ R f 06 S f  0.0 H t 06 M 000
VAL A0691_ R f 06 S f  0.0 H t 06 M 000
LEU A0692_ R f 06 S f  0.0 H t 06 M 000
MET A0693_ R f 06 S f  0.0 H t 06 M 000
TRP A0694_ R f 06 S f  0.0 H t 06 M 000
GLU A0695_ R f 06 S f  0.0 H t 06 M 000
ILE A0696_ R f 06 S f  0.0 H t 06 M 000
PHE A0697_ R f 06 S f  0.0 H t 06 M 000
THR A0698_ R f 06 S f  0.0 H t 06 M 000
LEU A0699_ R f 06 S f  0.0 H t 06 M 000
GLY A0700_ R f 06 S f  0.0 H t 06 M 000
GLY A0701_ R f 06 S f  0.0 H t 06 M 000
SER A0702_ R f 06 S f  0.0 H t 06 M 000
PRO A0703_ R f 06 S f  0.0 H t 06 M 000
TYR A0704_ R f 06 S f  0.0 H t 06 M 000
PRO A0705_ R f 06 S f  0.0 H t 06 M 000
GLY A0706_ R f 06 S f  0.0 H t 06 M 000
ILE A0707_ R f 06 S f  0.0 H t 06 M 000
PRO A0708_ R f 06 S f  0.0 H t 06 M 000
VAL A0709_ R f 06 S f  0.0 H t 06 M 000
GLU A0710_ R f 06 S f  0.0 H t 06 M 000
GLU A0711_ R f 06 S f  0.0 H t 06 M 000
LEU A0712_ R f 06 S f  0.0 H t 06 M 000
PHE A0713_ R f 06 S f  0.0 H t 06 M 000
LYS A0714_ R f 06 S f  0.0 H t 06 M 000
LEU A0715_ R f 06 S f  0.0 H t 06 M 000
LEU A0716_ R f 06 S f  0.0 H t 06 M 000
LYS A0717_ R f 06 S f  0.0 H t 06 M 000
GLU A0718_ R f 06 S f  0.0 H t 06 M 000
GLY A0719_ R f 06 S f  0.0 H t 06 M 000
HIS A0720_ R f 06 S f  0.0 H t 06 M 000
ARG A0721_ R f 06 S f  0.0 H t 06 M 000
MET A0722_ R f 06 S f  0.0 H t 06 M 000
ASP A0723_ R f 06 S f  0.0 H t 06 M 000
LYS A0724_ R f 06 S f  0.0 H t 06 M 000
PRO A0725_ R f 06 S f  0.0 H t 06 M 000
ALA A0726_ R f 06 S f  0.0 H t 06 M 000
ASN A0727_ R f 06 S f  0.0 H t 06 M 000
CYS A0728_ R f 06 S f  0.0 H t 06 M 000
THR A0729_ R f 06 S f  0.0 H t 06 M 000
ASN A0730_ R f 06 S f  0.0 H t 06 M 000
GLU A0731_ R f 06 S f  0.0 H t 06 M 000
LEU A0732_ R f 06 S f  0.0 H t 06 M 000
TYR A0733_ R f 06 S f  0.0 H t 06 M 000
MET A0734_ R f 06 S f  0.0 H t 06 M 000
MET A0735_ R f 06 S f  0.0 H t 06 M 000
MET A0736_ R f 06 S f  0.0 H t 06 M 000
ARG A0737_ R f 06 S f  0.0 H t 06 M 000
ASP A0738_ R f 06 S f  0.0 H t 06 M 000
CYS A0739_ R f 06 S f  0.0 H t 06 M 000
TRP A0740_ R f 06 S f  0.0 H t 06 M 000
HIS A0741_ R f 06 S f  0.0 H t 06 M 000
ALA A0742_ R f 06 S f  0.0 H t 06 M 000
VAL A0743_ R f 06 S f  0.0 H t 06 M 000
PRO A0744_ R f 06 S f  0.0 H t 06 M 000
SER A0745_ R f 06 S f  0.0 H t 06 M 000
GLN A0746_ R f 06 S f  0.0 H t 06 M 000
ARG A0747_ R f 06 S f  0.0 H t 06 M 000
PRO A0748_ R f 06 S f  0.0 H t 06 M 000
THR A0749_ R f 06 S f  0.0 H t 06 M 000
PHE A0750_ R f 06 S f  0.0 H t 06 M 000
LYS A0751_ R f 06 S f  0.0 H t 06 M 000
GLN A0752_ R f 06 S f  0.0 H t 06 M 000
LEU A0753_ R f 06 S f  0.0 H t 06 M 000
VAL A0754_ R f 06 S f  0.0 H t 06 M 000
GLU A0755_ R f 06 S f  0.0 H t 06 M 000
ASP A0756_ R f 06 S f  0.0 H t 06 M 000
LEU A0757_ R f 06 S f  0.0 H t 06 M 000
ASP A0758_ R f 06 S f  0.0 H t 06 M 000
ARG A0759_ R f 06 S f  0.0 H t 06 M 000
ILE A0760_ R f 06 S f  0.0 H t 06 M 000
LEU A0761_ R f 06 S f  0.0 H t 06 M 000
THR A0762_ R f 06 S f  0.0 H t 06 M 000
LEU A0763_ R f 06 S f  0.0 H t 06 M 000
THR A0764_ R f 06 S f  0.0 H t 06 M 000
THR A0765_ R f 06 S f  0.0 H t 06 M 000
AA2 A0789_ R f 06 S f  0.0 H t 06 M 000
