NTR A0002_ R f 06 S f  0.0 H t 06 M 000
PRO A0002_ R f 06 S f  0.0 H t 06 M 000
THR A0003_ R f 06 S f  0.0 H t 06 M 000
VAL A0004_ R f 06 S f  0.0 H t 06 M 000
GLU A0005_ R f 06 S f  0.0 H t 06 M 000
GLU A0006_ R f 06 S f  0.0 H t 06 M 000
LEU A0007_ R f 06 S f  0.0 H t 06 M 000
TYR A0008_ R f 06 S f  0.0 H t 06 M 000
ARG A0009_ R f 06 S f  0.0 H t 06 M 000
ASN A0010_ R f 06 S f  0.0 H t 06 M 000
TYR A0011_ R f 06 S f  0.0 H t 06 M 000
GLY A0012_ R f 06 S f  0.0 H t 06 M 000
ILE A0013_ R f 06 S f  0.0 H t 06 M 000
LEU A0014_ R f 06 S f  0.0 H t 06 M 000
ALA A0015_ R f 06 S f  0.0 H t 06 M 000
ASP A0016_ R f 06 S f  0.0 H t 06 M 000
ALA A0017_ R f 06 S f  0.0 H t 06 M 000
THR A0018_ R f 06 S f  0.0 H t 06 M 000
GLU A0019_ R f 06 S f  0.0 H t 06 M 000
GLN A0020_ R f 06 S f  0.0 H t 06 M 000
VAL A0021_ R f 06 S f  0.0 H t 06 M 000
GLY A0022_ R f 06 S f  0.0 H t 06 M 000
GLN A0023_ R f 06 S f  0.0 H t 06 M 000
HIS A0024_ R f 06 S f  0.0 H t 06 M 000
LYS A0025_ R f 06 S f  0.0 H t 06 M 000
ASP A0026_ R f 06 S f  0.0 H t 06 M 000
ALA A0027_ R f 06 S f  0.0 H t 06 M 000
TYR A0028_ R f 06 S f  0.0 H t 06 M 000
GLN A0029_ R f 06 S f  0.0 H t 06 M 000
VAL A0030_ R f 06 S f  0.0 H t 06 M 000
ILE A0031_ R f 06 S f  0.0 H t 06 M 000
LEU A0032_ R f 06 S f  0.0 H t 06 M 000
ASP A0033_ R f 06 S f  0.0 H t 06 M 000
GLY A0034_ R f 06 S f  0.0 H t 06 M 000
VAL A0035_ R f 06 S f  0.0 H t 06 M 000
LYS A0036_ R f 06 S f  0.0 H t 06 M 000
GLY A0037_ R f 06 S f  0.0 H t 06 M 000
GLY A0038_ R f 06 S f  0.0 H t 06 M 000
THR A0039_ R f 06 S f  0.0 H t 06 M 000
LYS A0040_ R f 06 S f  0.0 H t 06 M 000
GLU A0041_ R f 06 S f  0.0 H t 06 M 000
LYS A0042_ R f 06 S f  0.0 H t 06 M 000
ARG A0043_ R f 06 S f  0.0 H t 06 M 000
LEU A0044_ R f 06 S f  0.0 H t 06 M 000
ALA A0045_ R f 06 S f  0.0 H t 06 M 000
ALA A0046_ R f 06 S f  0.0 H t 06 M 000
GLN A0047_ R f 06 S f  0.0 H t 06 M 000
PHE A0048_ R f 06 S f  0.0 H t 06 M 000
ILE A0049_ R f 06 S f  0.0 H t 06 M 000
PRO A0050_ R f 06 S f  0.0 H t 06 M 000
LYS A0051_ R f 06 S f  0.0 H t 06 M 000
PHE A0052_ R f 06 S f  0.0 H t 06 M 000
PHE A0053_ R f 06 S f  0.0 H t 06 M 000
LYS A0054_ R f 06 S f  0.0 H t 06 M 000
HIS A0055_ R f 06 S f  0.0 H t 06 M 000
PHE A0056_ R f 06 S f  0.0 H t 06 M 000
PRO A0057_ R f 06 S f  0.0 H t 06 M 000
GLU A0058_ R f 06 S f  0.0 H t 06 M 000
LEU A0059_ R f 06 S f  0.0 H t 06 M 000
ALA A0060_ R f 06 S f  0.0 H t 06 M 000
ASP A0061_ R f 06 S f  0.0 H t 06 M 000
SER A0062_ R f 06 S f  0.0 H t 06 M 000
ALA A0063_ R f 06 S f  0.0 H t 06 M 000
ILE A0064_ R f 06 S f  0.0 H t 06 M 000
ASN A0065_ R f 06 S f  0.0 H t 06 M 000
ALA A0066_ R f 06 S f  0.0 H t 06 M 000
GLN A0067_ R f 06 S f  0.0 H t 06 M 000
LEU A0068_ R f 06 S f  0.0 H t 06 M 000
ASP A0069_ R f 06 S f  0.0 H t 06 M 000
LEU A0070_ R f 06 S f  0.0 H t 06 M 000
CYS A0071_ R f 06 S f  0.0 H t 06 M 000
GLU A0072_ R f 06 S f  0.0 H t 06 M 000
ASP A0073_ R f 06 S f  0.0 H t 06 M 000
GLU A0074_ R f 06 S f  0.0 H t 06 M 000
ASP A0075_ R f 06 S f  0.0 H t 06 M 000
VAL A0076_ R f 06 S f  0.0 H t 06 M 000
SER A0077_ R f 06 S f  0.0 H t 06 M 000
ILE A0078_ R f 06 S f  0.0 H t 06 M 000
ARG A0079_ R f 06 S f  0.0 H t 06 M 000
ARG A0080_ R f 06 S f  0.0 H t 06 M 000
GLN A0081_ R f 06 S f  0.0 H t 06 M 000
ALA A0082_ R f 06 S f  0.0 H t 06 M 000
ILE A0083_ R f 06 S f  0.0 H t 06 M 000
LYS A0084_ R f 06 S f  0.0 H t 06 M 000
GLU A0085_ R f 06 S f  0.0 H t 06 M 000
LEU A0086_ R f 06 S f  0.0 H t 06 M 000
PRO A0087_ R f 06 S f  0.0 H t 06 M 000
GLN A0088_ R f 06 S f  0.0 H t 06 M 000
PHE A0089_ R f 06 S f  0.0 H t 06 M 000
ALA A0090_ R f 06 S f  0.0 H t 06 M 000
THR A0091_ R f 06 S f  0.0 H t 06 M 000
GLY A0092_ R f 06 S f  0.0 H t 06 M 000
GLU A0093_ R f 06 S f  0.0 H t 06 M 000
ASN A0094_ R f 06 S f  0.0 H t 06 M 000
LEU A0095_ R f 06 S f  0.0 H t 06 M 000
PRO A0096_ R f 06 S f  0.0 H t 06 M 000
ARG A0097_ R f 06 S f  0.0 H t 06 M 000
VAL A0098_ R f 06 S f  0.0 H t 06 M 000
ALA A0099_ R f 06 S f  0.0 H t 06 M 000
ASP A0100_ R f 06 S f  0.0 H t 06 M 000
ILE A0101_ R f 06 S f  0.0 H t 06 M 000
LEU A0102_ R f 06 S f  0.0 H t 06 M 000
THR A0103_ R f 06 S f  0.0 H t 06 M 000
GLN A0104_ R f 06 S f  0.0 H t 06 M 000
LEU A0105_ R f 06 S f  0.0 H t 06 M 000
LEU A0106_ R f 06 S f  0.0 H t 06 M 000
GLN A0107_ R f 06 S f  0.0 H t 06 M 000
THR A0108_ R f 06 S f  0.0 H t 06 M 000
ASP A0109_ R f 06 S f  0.0 H t 06 M 000
ASP A0110_ R f 06 S f  0.0 H t 06 M 000
SER A0111_ R f 06 S f  0.0 H t 06 M 000
ALA A0112_ R f 06 S f  0.0 H t 06 M 000
GLU A0113_ R f 06 S f  0.0 H t 06 M 000
PHE A0114_ R f 06 S f  0.0 H t 06 M 000
ASN A0115_ R f 06 S f  0.0 H t 06 M 000
LEU A0116_ R f 06 S f  0.0 H t 06 M 000
VAL A0117_ R f 06 S f  0.0 H t 06 M 000
ASN A0118_ R f 06 S f  0.0 H t 06 M 000
ASN A0119_ R f 06 S f  0.0 H t 06 M 000
ALA A0120_ R f 06 S f  0.0 H t 06 M 000
LEU A0121_ R f 06 S f  0.0 H t 06 M 000
LEU A0122_ R f 06 S f  0.0 H t 06 M 000
SER A0123_ R f 06 S f  0.0 H t 06 M 000
ILE A0124_ R f 06 S f  0.0 H t 06 M 000
PHE A0125_ R f 06 S f  0.0 H t 06 M 000
LYS A0126_ R f 06 S f  0.0 H t 06 M 000
MET A0127_ R f 06 S f  0.0 H t 06 M 000
ASP A0128_ R f 06 S f  0.0 H t 06 M 000
ALA A0129_ R f 06 S f  0.0 H t 06 M 000
LYS A0130_ R f 06 S f  0.0 H t 06 M 000
GLY A0131_ R f 06 S f  0.0 H t 06 M 000
THR A0132_ R f 06 S f  0.0 H t 06 M 000
LEU A0133_ R f 06 S f  0.0 H t 06 M 000
GLY A0134_ R f 06 S f  0.0 H t 06 M 000
GLY A0135_ R f 06 S f  0.0 H t 06 M 000
LEU A0136_ R f 06 S f  0.0 H t 06 M 000
PHE A0137_ R f 06 S f  0.0 H t 06 M 000
SER A0138_ R f 06 S f  0.0 H t 06 M 000
GLN A0139_ R f 06 S f  0.0 H t 06 M 000
ILE A0140_ R f 06 S f  0.0 H t 06 M 000
LEU A0141_ R f 06 S f  0.0 H t 06 M 000
GLN A0142_ R f 06 S f  0.0 H t 06 M 000
GLY A0143_ R f 06 S f  0.0 H t 06 M 000
GLU A0144_ R f 06 S f  0.0 H t 06 M 000
ASP A0145_ R f 06 S f  0.0 H t 06 M 000
ILE A0146_ R f 06 S f  0.0 H t 06 M 000
VAL A0147_ R f 06 S f  0.0 H t 06 M 000
ARG A0148_ R f 06 S f  0.0 H t 06 M 000
GLU A0149_ R f 06 S f  0.0 H t 06 M 000
ARG A0150_ R f 06 S f  0.0 H t 06 M 000
ALA A0151_ R f 06 S f  0.0 H t 06 M 000
ILE A0152_ R f 06 S f  0.0 H t 06 M 000
LYS A0153_ R f 06 S f  0.0 H t 06 M 000
PHE A0154_ R f 06 S f  0.0 H t 06 M 000
LEU A0155_ R f 06 S f  0.0 H t 06 M 000
SER A0156_ R f 06 S f  0.0 H t 06 M 000
THR A0157_ R f 06 S f  0.0 H t 06 M 000
LYS A0158_ R f 06 S f  0.0 H t 06 M 000
LEU A0159_ R f 06 S f  0.0 H t 06 M 000
LYS A0160_ R f 06 S f  0.0 H t 06 M 000
THR A0161_ R f 06 S f  0.0 H t 06 M 000
LEU A0162_ R f 06 S f  0.0 H t 06 M 000
PRO A0163_ R f 06 S f  0.0 H t 06 M 000
ASP A0164_ R f 06 S f  0.0 H t 06 M 000
GLU A0165_ R f 06 S f  0.0 H t 06 M 000
VAL A0166_ R f 06 S f  0.0 H t 06 M 000
LEU A0167_ R f 06 S f  0.0 H t 06 M 000
THR A0168_ R f 06 S f  0.0 H t 06 M 000
LYS A0169_ R f 06 S f  0.0 H t 06 M 000
GLU A0170_ R f 06 S f  0.0 H t 06 M 000
VAL A0171_ R f 06 S f  0.0 H t 06 M 000
GLU A0172_ R f 06 S f  0.0 H t 06 M 000
GLU A0173_ R f 06 S f  0.0 H t 06 M 000
LEU A0174_ R f 06 S f  0.0 H t 06 M 000
ILE A0175_ R f 06 S f  0.0 H t 06 M 000
LEU A0176_ R f 06 S f  0.0 H t 06 M 000
THR A0177_ R f 06 S f  0.0 H t 06 M 000
GLU A0178_ R f 06 S f  0.0 H t 06 M 000
SER A0179_ R f 06 S f  0.0 H t 06 M 000
LYS A0180_ R f 06 S f  0.0 H t 06 M 000
LYS A0181_ R f 06 S f  0.0 H t 06 M 000
VAL A0182_ R f 06 S f  0.0 H t 06 M 000
LEU A0183_ R f 06 S f  0.0 H t 06 M 000
GLU A0184_ R f 06 S f  0.0 H t 06 M 000
ASP A0185_ R f 06 S f  0.0 H t 06 M 000
VAL A0186_ R f 06 S f  0.0 H t 06 M 000
THR A0187_ R f 06 S f  0.0 H t 06 M 000
GLY A0188_ R f 06 S f  0.0 H t 06 M 000
GLU A0189_ R f 06 S f  0.0 H t 06 M 000
GLU A0190_ R f 06 S f  0.0 H t 06 M 000
PHE A0191_ R f 06 S f  0.0 H t 06 M 000
VAL A0192_ R f 06 S f  0.0 H t 06 M 000
LEU A0193_ R f 06 S f  0.0 H t 06 M 000
PHE A0194_ R f 06 S f  0.0 H t 06 M 000
MET A0195_ R f 06 S f  0.0 H t 06 M 000
LYS A0196_ R f 06 S f  0.0 H t 06 M 000
ILE A0197_ R f 06 S f  0.0 H t 06 M 000
LEU A0198_ R f 06 S f  0.0 H t 06 M 000
SER A0199_ R f 06 S f  0.0 H t 06 M 000
GLY A0200_ R f 06 S f  0.0 H t 06 M 000
LEU A0201_ R f 06 S f  0.0 H t 06 M 000
LYS A0202_ R f 06 S f  0.0 H t 06 M 000
SER A0203_ R f 06 S f  0.0 H t 06 M 000
LEU A0204_ R f 06 S f  0.0 H t 06 M 000
GLN A0205_ R f 06 S f  0.0 H t 06 M 000
THR A0206_ R f 06 S f  0.0 H t 06 M 000
VAL A0207_ R f 06 S f  0.0 H t 06 M 000
SER A0208_ R f 06 S f  0.0 H t 06 M 000
GLY A0209_ R f 06 S f  0.0 H t 06 M 000
ARG A0210_ R f 06 S f  0.0 H t 06 M 000
GLN A0211_ R f 06 S f  0.0 H t 06 M 000
GLN A0212_ R f 06 S f  0.0 H t 06 M 000
LEU A0213_ R f 06 S f  0.0 H t 06 M 000
VAL A0214_ R f 06 S f  0.0 H t 06 M 000
GLU A0215_ R f 06 S f  0.0 H t 06 M 000
LEU A0216_ R f 06 S f  0.0 H t 06 M 000
VAL A0217_ R f 06 S f  0.0 H t 06 M 000
ALA A0218_ R f 06 S f  0.0 H t 06 M 000
GLU A0219_ R f 06 S f  0.0 H t 06 M 000
GLN A0220_ R f 06 S f  0.0 H t 06 M 000
ALA A0221_ R f 06 S f  0.0 H t 06 M 000
ASP A0222_ R f 06 S f  0.0 H t 06 M 000
LEU A0223_ R f 06 S f  0.0 H t 06 M 000
GLU A0224_ R f 06 S f  0.0 H t 06 M 000
GLN A0225_ R f 06 S f  0.0 H t 06 M 000
THR A0226_ R f 06 S f  0.0 H t 06 M 000
PHE A0227_ R f 06 S f  0.0 H t 06 M 000
ASN A0228_ R f 06 S f  0.0 H t 06 M 000
PRO A0229_ R f 06 S f  0.0 H t 06 M 000
SER A0230_ R f 06 S f  0.0 H t 06 M 000
ASP A0231_ R f 06 S f  0.0 H t 06 M 000
PRO A0232_ R f 06 S f  0.0 H t 06 M 000
ASP A0233_ R f 06 S f  0.0 H t 06 M 000
CYS A0234_ R f 06 S f  0.0 H t 06 M 000
VAL A0235_ R f 06 S f  0.0 H t 06 M 000
ASP A0236_ R f 06 S f  0.0 H t 06 M 000
ARG A0237_ R f 06 S f  0.0 H t 06 M 000
LEU A0238_ R f 06 S f  0.0 H t 06 M 000
LEU A0239_ R f 06 S f  0.0 H t 06 M 000
GLN A0240_ R f 06 S f  0.0 H t 06 M 000
CYS A0241_ R f 06 S f  0.0 H t 06 M 000
THR A0242_ R f 06 S f  0.0 H t 06 M 000
ARG A0243_ R f 06 S f  0.0 H t 06 M 000
GLN A0244_ R f 06 S f  0.0 H t 06 M 000
ALA A0245_ R f 06 S f  0.0 H t 06 M 000
VAL A0246_ R f 06 S f  0.0 H t 06 M 000
PRO A0247_ R f 06 S f  0.0 H t 06 M 000
LEU A0248_ R f 06 S f  0.0 H t 06 M 000
PHE A0249_ R f 06 S f  0.0 H t 06 M 000
SER A0250_ R f 06 S f  0.0 H t 06 M 000
LYS A0251_ R f 06 S f  0.0 H t 06 M 000
ASN A0252_ R f 06 S f  0.0 H t 06 M 000
VAL A0253_ R f 06 S f  0.0 H t 06 M 000
HIS A0254_ R f 06 S f  0.0 H t 06 M 000
SER A0255_ R f 06 S f  0.0 H t 06 M 000
THR A0256_ R f 06 S f  0.0 H t 06 M 000
ARG A0257_ R f 06 S f  0.0 H t 06 M 000
PHE A0258_ R f 06 S f  0.0 H t 06 M 000
VAL A0259_ R f 06 S f  0.0 H t 06 M 000
THR A0260_ R f 06 S f  0.0 H t 06 M 000
TYR A0261_ R f 06 S f  0.0 H t 06 M 000
PHE A0262_ R f 06 S f  0.0 H t 06 M 000
CYS A0263_ R f 06 S f  0.0 H t 06 M 000
GLU A0264_ R f 06 S f  0.0 H t 06 M 000
GLN A0265_ R f 06 S f  0.0 H t 06 M 000
VAL A0266_ R f 06 S f  0.0 H t 06 M 000
LEU A0267_ R f 06 S f  0.0 H t 06 M 000
PRO A0268_ R f 06 S f  0.0 H t 06 M 000
ASN A0269_ R f 06 S f  0.0 H t 06 M 000
LEU A0270_ R f 06 S f  0.0 H t 06 M 000
GLY A0271_ R f 06 S f  0.0 H t 06 M 000
THR A0272_ R f 06 S f  0.0 H t 06 M 000
LEU A0273_ R f 06 S f  0.0 H t 06 M 000
THR A0274_ R f 06 S f  0.0 H t 06 M 000
THR A0275_ R f 06 S f  0.0 H t 06 M 000
PRO A0276_ R f 06 S f  0.0 H t 06 M 000
VAL A0277_ R f 06 S f  0.0 H t 06 M 000
GLU A0278_ R f 06 S f  0.0 H t 06 M 000
GLY A0279_ R f 06 S f  0.0 H t 06 M 000
LEU A0280_ R f 06 S f  0.0 H t 06 M 000
ASP A0281_ R f 06 S f  0.0 H t 06 M 000
ILE A0282_ R f 06 S f  0.0 H t 06 M 000
GLN A0283_ R f 06 S f  0.0 H t 06 M 000
LEU A0284_ R f 06 S f  0.0 H t 06 M 000
GLU A0285_ R f 06 S f  0.0 H t 06 M 000
VAL A0286_ R f 06 S f  0.0 H t 06 M 000
LEU A0287_ R f 06 S f  0.0 H t 06 M 000
LYS A0288_ R f 06 S f  0.0 H t 06 M 000
LEU A0289_ R f 06 S f  0.0 H t 06 M 000
LEU A0290_ R f 06 S f  0.0 H t 06 M 000
ALA A0291_ R f 06 S f  0.0 H t 06 M 000
GLU A0292_ R f 06 S f  0.0 H t 06 M 000
MET A0293_ R f 06 S f  0.0 H t 06 M 000
SER A0294_ R f 06 S f  0.0 H t 06 M 000
SER A0295_ R f 06 S f  0.0 H t 06 M 000
PHE A0296_ R f 06 S f  0.0 H t 06 M 000
CYS A0297_ R f 06 S f  0.0 H t 06 M 000
GLY A0298_ R f 06 S f  0.0 H t 06 M 000
ASP A0299_ R f 06 S f  0.0 H t 06 M 000
MET A0300_ R f 06 S f  0.0 H t 06 M 000
GLU A0301_ R f 06 S f  0.0 H t 06 M 000
LYS A0302_ R f 06 S f  0.0 H t 06 M 000
LEU A0303_ R f 06 S f  0.0 H t 06 M 000
GLU A0304_ R f 06 S f  0.0 H t 06 M 000
THR A0305_ R f 06 S f  0.0 H t 06 M 000
ASN A0306_ R f 06 S f  0.0 H t 06 M 000
LEU A0307_ R f 06 S f  0.0 H t 06 M 000
ARG A0308_ R f 06 S f  0.0 H t 06 M 000
LYS A0309_ R f 06 S f  0.0 H t 06 M 000
LEU A0310_ R f 06 S f  0.0 H t 06 M 000
PHE A0311_ R f 06 S f  0.0 H t 06 M 000
ASP A0312_ R f 06 S f  0.0 H t 06 M 000
LYS A0313_ R f 06 S f  0.0 H t 06 M 000
LEU A0314_ R f 06 S f  0.0 H t 06 M 000
LEU A0315_ R f 06 S f  0.0 H t 06 M 000
GLU A0316_ R f 06 S f  0.0 H t 06 M 000
TYR A0317_ R f 06 S f  0.0 H t 06 M 000
MET A0318_ R f 06 S f  0.0 H t 06 M 000
PRO A0319_ R f 06 S f  0.0 H t 06 M 000
LEU A0320_ R f 06 S f  0.0 H t 06 M 000
PRO A0321_ R f 06 S f  0.0 H t 06 M 000
PRO A0322_ R f 06 S f  0.0 H t 06 M 000
CTR A0322_ R f 06 S f  0.0 H t 06 M 000
NTR A0336_ R f 06 S f  0.0 H t 06 M 000
PRO A0336_ R f 06 S f  0.0 H t 06 M 000
LYS A0337_ R f 06 S f  0.0 H t 06 M 000
LEU A0338_ R f 06 S f  0.0 H t 06 M 000
GLN A0339_ R f 06 S f  0.0 H t 06 M 000
PHE A0340_ R f 06 S f  0.0 H t 06 M 000
SER A0341_ R f 06 S f  0.0 H t 06 M 000
TYR A0342_ R f 06 S f  0.0 H t 06 M 000
VAL A0343_ R f 06 S f  0.0 H t 06 M 000
GLU A0344_ R f 06 S f  0.0 H t 06 M 000
CYS A0345_ R f 06 S f  0.0 H t 06 M 000
LEU A0346_ R f 06 S f  0.0 H t 06 M 000
LEU A0347_ R f 06 S f  0.0 H t 06 M 000
TYR A0348_ R f 06 S f  0.0 H t 06 M 000
SER A0349_ R f 06 S f  0.0 H t 06 M 000
PHE A0350_ R f 06 S f  0.0 H t 06 M 000
HIS A0351_ R f 06 S f  0.0 H t 06 M 000
GLN A0352_ R f 06 S f  0.0 H t 06 M 000
LEU A0353_ R f 06 S f  0.0 H t 06 M 000
GLY A0354_ R f 06 S f  0.0 H t 06 M 000
ARG A0355_ R f 06 S f  0.0 H t 06 M 000
LYS A0356_ R f 06 S f  0.0 H t 06 M 000
LEU A0357_ R f 06 S f  0.0 H t 06 M 000
PRO A0358_ R f 06 S f  0.0 H t 06 M 000
ASP A0359_ R f 06 S f  0.0 H t 06 M 000
PHE A0360_ R f 06 S f  0.0 H t 06 M 000
LEU A0361_ R f 06 S f  0.0 H t 06 M 000
THR A0362_ R f 06 S f  0.0 H t 06 M 000
ALA A0363_ R f 06 S f  0.0 H t 06 M 000
LYS A0364_ R f 06 S f  0.0 H t 06 M 000
LEU A0365_ R f 06 S f  0.0 H t 06 M 000
ASN A0366_ R f 06 S f  0.0 H t 06 M 000
ALA A0367_ R f 06 S f  0.0 H t 06 M 000
GLU A0368_ R f 06 S f  0.0 H t 06 M 000
LYS A0369_ R f 06 S f  0.0 H t 06 M 000
LEU A0370_ R f 06 S f  0.0 H t 06 M 000
LYS A0371_ R f 06 S f  0.0 H t 06 M 000
ASP A0372_ R f 06 S f  0.0 H t 06 M 000
PHE A0373_ R f 06 S f  0.0 H t 06 M 000
LYS A0374_ R f 06 S f  0.0 H t 06 M 000
ILE A0375_ R f 06 S f  0.0 H t 06 M 000
ARG A0376_ R f 06 S f  0.0 H t 06 M 000
LEU A0377_ R f 06 S f  0.0 H t 06 M 000
GLN A0378_ R f 06 S f  0.0 H t 06 M 000
TYR A0379_ R f 06 S f  0.0 H t 06 M 000
PHE A0380_ R f 06 S f  0.0 H t 06 M 000
ALA A0381_ R f 06 S f  0.0 H t 06 M 000
ARG A0382_ R f 06 S f  0.0 H t 06 M 000
GLY A0383_ R f 06 S f  0.0 H t 06 M 000
LEU A0384_ R f 06 S f  0.0 H t 06 M 000
GLN A0385_ R f 06 S f  0.0 H t 06 M 000
VAL A0386_ R f 06 S f  0.0 H t 06 M 000
TYR A0387_ R f 06 S f  0.0 H t 06 M 000
ILE A0388_ R f 06 S f  0.0 H t 06 M 000
ARG A0389_ R f 06 S f  0.0 H t 06 M 000
GLN A0390_ R f 06 S f  0.0 H t 06 M 000
LEU A0391_ R f 06 S f  0.0 H t 06 M 000
ARG A0392_ R f 06 S f  0.0 H t 06 M 000
LEU A0393_ R f 06 S f  0.0 H t 06 M 000
ALA A0394_ R f 06 S f  0.0 H t 06 M 000
LEU A0395_ R f 06 S f  0.0 H t 06 M 000
GLN A0396_ R f 06 S f  0.0 H t 06 M 000
CTR A0396_ R f 06 S f  0.0 H t 06 M 000
NTG A0400_ R f 06 S f  0.0 H t 06 M 000
GLY A0400_ R f 06 S f  0.0 H t 06 M 000
GLU A0401_ R f 06 S f  0.0 H t 06 M 000
ALA A0402_ R f 06 S f  0.0 H t 06 M 000
LEU A0403_ R f 06 S f  0.0 H t 06 M 000
LYS A0404_ R f 06 S f  0.0 H t 06 M 000
THR A0405_ R f 06 S f  0.0 H t 06 M 000
GLU A0406_ R f 06 S f  0.0 H t 06 M 000
GLU A0407_ R f 06 S f  0.0 H t 06 M 000
ASN A0408_ R f 06 S f  0.0 H t 06 M 000
LYS A0409_ R f 06 S f  0.0 H t 06 M 000
ILE A0410_ R f 06 S f  0.0 H t 06 M 000
LYS A0411_ R f 06 S f  0.0 H t 06 M 000
VAL A0412_ R f 06 S f  0.0 H t 06 M 000
VAL A0413_ R f 06 S f  0.0 H t 06 M 000
ALA A0414_ R f 06 S f  0.0 H t 06 M 000
LEU A0415_ R f 06 S f  0.0 H t 06 M 000
LYS A0416_ R f 06 S f  0.0 H t 06 M 000
ILE A0417_ R f 06 S f  0.0 H t 06 M 000
THR A0418_ R f 06 S f  0.0 H t 06 M 000
ASN A0419_ R f 06 S f  0.0 H t 06 M 000
ASN A0420_ R f 06 S f  0.0 H t 06 M 000
ILE A0421_ R f 06 S f  0.0 H t 06 M 000
ASN A0422_ R f 06 S f  0.0 H t 06 M 000
VAL A0423_ R f 06 S f  0.0 H t 06 M 000
LEU A0424_ R f 06 S f  0.0 H t 06 M 000
ILE A0425_ R f 06 S f  0.0 H t 06 M 000
LYS A0426_ R f 06 S f  0.0 H t 06 M 000
ASP A0427_ R f 06 S f  0.0 H t 06 M 000
LEU A0428_ R f 06 S f  0.0 H t 06 M 000
PHE A0429_ R f 06 S f  0.0 H t 06 M 000
HIS A0430_ R f 06 S f  0.0 H t 06 M 000
ILE A0431_ R f 06 S f  0.0 H t 06 M 000
PRO A0432_ R f 06 S f  0.0 H t 06 M 000
PRO A0433_ R f 06 S f  0.0 H t 06 M 000
SER A0434_ R f 06 S f  0.0 H t 06 M 000
TYR A0435_ R f 06 S f  0.0 H t 06 M 000
LYS A0436_ R f 06 S f  0.0 H t 06 M 000
SER A0437_ R f 06 S f  0.0 H t 06 M 000
THR A0438_ R f 06 S f  0.0 H t 06 M 000
VAL A0439_ R f 06 S f  0.0 H t 06 M 000
THR A0440_ R f 06 S f  0.0 H t 06 M 000
LEU A0441_ R f 06 S f  0.0 H t 06 M 000
SER A0442_ R f 06 S f  0.0 H t 06 M 000
TRP A0443_ R f 06 S f  0.0 H t 06 M 000
LYS A0444_ R f 06 S f  0.0 H t 06 M 000
PRO A0445_ R f 06 S f  0.0 H t 06 M 000
VAL A0446_ R f 06 S f  0.0 H t 06 M 000
CTR A0446_ R f 06 S f  0.0 H t 06 M 000
NTR B0161_ R f 06 S f  0.0 H t 06 M 000
ASP B0161_ R f 06 S f  0.0 H t 06 M 000
PRO B0162_ R f 06 S f  0.0 H t 06 M 000
LYS B0163_ R f 06 S f  0.0 H t 06 M 000
ARG B0164_ R f 06 S f  0.0 H t 06 M 000
LEU B0165_ R f 06 S f  0.0 H t 06 M 000
TYR B0166_ R f 06 S f  0.0 H t 06 M 000
CYS B0167_ R f 06 S f  0.0 H t 06 M 000
LYS B0168_ R f 06 S f  0.0 H t 06 M 000
ASN B0169_ R f 06 S f  0.0 H t 06 M 000
GLY B0170_ R f 06 S f  0.0 H t 06 M 000
GLY B0171_ R f 06 S f  0.0 H t 06 M 000
PHE B0172_ R f 06 S f  0.0 H t 06 M 000
PHE B0173_ R f 06 S f  0.0 H t 06 M 000
LEU B0174_ R f 06 S f  0.0 H t 06 M 000
ARG B0175_ R f 06 S f  0.0 H t 06 M 000
ILE B0176_ R f 06 S f  0.0 H t 06 M 000
HIS B0177_ R f 06 S f  0.0 H t 06 M 000
PRO B0178_ R f 06 S f  0.0 H t 06 M 000
ASP B0179_ R f 06 S f  0.0 H t 06 M 000
GLY B0180_ R f 06 S f  0.0 H t 06 M 000
ARG B0181_ R f 06 S f  0.0 H t 06 M 000
VAL B0182_ R f 06 S f  0.0 H t 06 M 000
ASP B0183_ R f 06 S f  0.0 H t 06 M 000
GLY B0184_ R f 06 S f  0.0 H t 06 M 000
VAL B0185_ R f 06 S f  0.0 H t 06 M 000
ARG B0186_ R f 06 S f  0.0 H t 06 M 000
GLU B0187_ R f 06 S f  0.0 H t 06 M 000
LYS B0188_ R f 06 S f  0.0 H t 06 M 000
SER B0189_ R f 06 S f  0.0 H t 06 M 000
ASP B0190_ R f 06 S f  0.0 H t 06 M 000
PRO B0191_ R f 06 S f  0.0 H t 06 M 000
HIS B0192_ R f 06 S f  0.0 H t 06 M 000
ILE B0193_ R f 06 S f  0.0 H t 06 M 000
LYS B0194_ R f 06 S f  0.0 H t 06 M 000
LEU B0195_ R f 06 S f  0.0 H t 06 M 000
GLN B0196_ R f 06 S f  0.0 H t 06 M 000
LEU B0197_ R f 06 S f  0.0 H t 06 M 000
GLN B0198_ R f 06 S f  0.0 H t 06 M 000
ALA B0199_ R f 06 S f  0.0 H t 06 M 000
GLU B0200_ R f 06 S f  0.0 H t 06 M 000
GLU B0201_ R f 06 S f  0.0 H t 06 M 000
ARG B0202_ R f 06 S f  0.0 H t 06 M 000
GLY B0203_ R f 06 S f  0.0 H t 06 M 000
VAL B0204_ R f 06 S f  0.0 H t 06 M 000
VAL B0205_ R f 06 S f  0.0 H t 06 M 000
SER B0206_ R f 06 S f  0.0 H t 06 M 000
ILE B0207_ R f 06 S f  0.0 H t 06 M 000
LYS B0208_ R f 06 S f  0.0 H t 06 M 000
GLY B0209_ R f 06 S f  0.0 H t 06 M 000
VAL B0210_ R f 06 S f  0.0 H t 06 M 000
SER B0211_ R f 06 S f  0.0 H t 06 M 000
ALA B0212_ R f 06 S f  0.0 H t 06 M 000
ASN B0213_ R f 06 S f  0.0 H t 06 M 000
ARG B0214_ R f 06 S f  0.0 H t 06 M 000
TYR B0215_ R f 06 S f  0.0 H t 06 M 000
LEU B0216_ R f 06 S f  0.0 H t 06 M 000
ALA B0217_ R f 06 S f  0.0 H t 06 M 000
MET B0218_ R f 06 S f  0.0 H t 06 M 000
LYS B0219_ R f 06 S f  0.0 H t 06 M 000
GLU B0220_ R f 06 S f  0.0 H t 06 M 000
ASP B0221_ R f 06 S f  0.0 H t 06 M 000
GLY B0222_ R f 06 S f  0.0 H t 06 M 000
ARG B0223_ R f 06 S f  0.0 H t 06 M 000
LEU B0224_ R f 06 S f  0.0 H t 06 M 000
LEU B0225_ R f 06 S f  0.0 H t 06 M 000
ALA B0226_ R f 06 S f  0.0 H t 06 M 000
SER B0227_ R f 06 S f  0.0 H t 06 M 000
LYS B0228_ R f 06 S f  0.0 H t 06 M 000
SER B0229_ R f 06 S f  0.0 H t 06 M 000
VAL B0230_ R f 06 S f  0.0 H t 06 M 000
THR B0231_ R f 06 S f  0.0 H t 06 M 000
ASP B0232_ R f 06 S f  0.0 H t 06 M 000
GLU B0233_ R f 06 S f  0.0 H t 06 M 000
CYS B0234_ R f 06 S f  0.0 H t 06 M 000
PHE B0235_ R f 06 S f  0.0 H t 06 M 000
PHE B0236_ R f 06 S f  0.0 H t 06 M 000
PHE B0237_ R f 06 S f  0.0 H t 06 M 000
GLU B0238_ R f 06 S f  0.0 H t 06 M 000
ARG B0239_ R f 06 S f  0.0 H t 06 M 000
LEU B0240_ R f 06 S f  0.0 H t 06 M 000
GLU B0241_ R f 06 S f  0.0 H t 06 M 000
SER B0242_ R f 06 S f  0.0 H t 06 M 000
ASN B0243_ R f 06 S f  0.0 H t 06 M 000
ASN B0244_ R f 06 S f  0.0 H t 06 M 000
TYR B0245_ R f 06 S f  0.0 H t 06 M 000
ASN B0246_ R f 06 S f  0.0 H t 06 M 000
THR B0247_ R f 06 S f  0.0 H t 06 M 000
TYR B0248_ R f 06 S f  0.0 H t 06 M 000
ARG B0249_ R f 06 S f  0.0 H t 06 M 000
SER B0250_ R f 06 S f  0.0 H t 06 M 000
ARG B0251_ R f 06 S f  0.0 H t 06 M 000
LYS B0252_ R f 06 S f  0.0 H t 06 M 000
TYR B0253_ R f 06 S f  0.0 H t 06 M 000
THR B0254_ R f 06 S f  0.0 H t 06 M 000
SER B0255_ R f 06 S f  0.0 H t 06 M 000
TRP B0256_ R f 06 S f  0.0 H t 06 M 000
TYR B0257_ R f 06 S f  0.0 H t 06 M 000
VAL B0258_ R f 06 S f  0.0 H t 06 M 000
ALA B0259_ R f 06 S f  0.0 H t 06 M 000
LEU B0260_ R f 06 S f  0.0 H t 06 M 000
LYS B0261_ R f 06 S f  0.0 H t 06 M 000
ARG B0262_ R f 06 S f  0.0 H t 06 M 000
THR B0263_ R f 06 S f  0.0 H t 06 M 000
GLY B0264_ R f 06 S f  0.0 H t 06 M 000
GLN B0265_ R f 06 S f  0.0 H t 06 M 000
TYR B0266_ R f 06 S f  0.0 H t 06 M 000
LYS B0267_ R f 06 S f  0.0 H t 06 M 000
LEU B0268_ R f 06 S f  0.0 H t 06 M 000
GLY B0269_ R f 06 S f  0.0 H t 06 M 000
SER B0270_ R f 06 S f  0.0 H t 06 M 000
LYS B0271_ R f 06 S f  0.0 H t 06 M 000
THR B0272_ R f 06 S f  0.0 H t 06 M 000
GLY B0273_ R f 06 S f  0.0 H t 06 M 000
PRO B0274_ R f 06 S f  0.0 H t 06 M 000
GLY B0275_ R f 06 S f  0.0 H t 06 M 000
GLN B0276_ R f 06 S f  0.0 H t 06 M 000
LYS B0277_ R f 06 S f  0.0 H t 06 M 000
ALA B0278_ R f 06 S f  0.0 H t 06 M 000
ILE B0279_ R f 06 S f  0.0 H t 06 M 000
LEU B0280_ R f 06 S f  0.0 H t 06 M 000
PHE B0281_ R f 06 S f  0.0 H t 06 M 000
LEU B0282_ R f 06 S f  0.0 H t 06 M 000
PRO B0283_ R f 06 S f  0.0 H t 06 M 000
MET B0284_ R f 06 S f  0.0 H t 06 M 000
SER B0285_ R f 06 S f  0.0 H t 06 M 000
ALA B0286_ R f 06 S f  0.0 H t 06 M 000
CTR B0286_ R f 06 S f  0.0 H t 06 M 000
