NTR A0010_ R f 06 S f  0.0 H t 06 M 000
LYS A0010_ R f 06 S f  0.0 H t 06 M 000
PRO A0011_ R f 06 S f  0.0 H t 06 M 000
LYS A0012_ R f 06 S f  0.0 H t 06 M 000
LEU A0013_ R f 06 S f  0.0 H t 06 M 000
LEU A0014_ R f 06 S f  0.0 H t 06 M 000
TYR A0015_ R f 06 S f  0.0 H t 06 M 000
CYS A0016_ R f 06 S f  0.0 H t 06 M 000
SER A0017_ R f 06 S f  0.0 H t 06 M 000
ASN A0018_ R f 06 S f  0.0 H t 06 M 000
GLY A0019_ R f 06 S f  0.0 H t 06 M 000
GLY A0020_ R f 06 S f  0.0 H t 06 M 000
HIS A0021_ R f 06 S f  0.0 H t 06 M 000
PHE A0022_ R f 06 S f  0.0 H t 06 M 000
LEU A0023_ R f 06 S f  0.0 H t 06 M 000
ARG A0024_ R f 06 S f  0.0 H t 06 M 000
ILE A0025_ R f 06 S f  0.0 H t 06 M 000
LEU A0026_ R f 06 S f  0.0 H t 06 M 000
PRO A0027_ R f 06 S f  0.0 H t 06 M 000
ASP A0028_ R f 06 S f  0.0 H t 06 M 000
GLY A0029_ R f 06 S f  0.0 H t 06 M 000
THR A0030_ R f 06 S f  0.0 H t 06 M 000
VAL A0031_ R f 06 S f  0.0 H t 06 M 000
ASP A0032_ R f 06 S f  0.0 H t 06 M 000
GLY A0033_ R f 06 S f  0.0 H t 06 M 000
THR A0034_ R f 06 S f  0.0 H t 06 M 000
ARG A0035_ R f 06 S f  0.0 H t 06 M 000
ASP A0036_ R f 06 S f  0.0 H t 06 M 000
ARG A0037_ R f 06 S f  0.0 H t 06 M 000
SER A0038_ R f 06 S f  0.0 H t 06 M 000
ASP A0039_ R f 06 S f  0.0 H t 06 M 000
GLN A0040_ R f 06 S f  0.0 H t 06 M 000
HIS A0041_ R f 06 S f  0.0 H t 06 M 000
ILE A0042_ R f 06 S f  0.0 H t 06 M 000
GLN A0043_ R f 06 S f  0.0 H t 06 M 000
LEU A0044_ R f 06 S f  0.0 H t 06 M 000
GLN A0045_ R f 06 S f  0.0 H t 06 M 000
LEU A0046_ R f 06 S f  0.0 H t 06 M 000
SER A0047_ R f 06 S f  0.0 H t 06 M 000
ALA A0048_ R f 06 S f  0.0 H t 06 M 000
GLU A0049_ R f 06 S f  0.0 H t 06 M 000
SER A0050_ R f 06 S f  0.0 H t 06 M 000
VAL A0051_ R f 06 S f  0.0 H t 06 M 000
GLY A0052_ R f 06 S f  0.0 H t 06 M 000
GLU A0053_ R f 06 S f  0.0 H t 06 M 000
VAL A0054_ R f 06 S f  0.0 H t 06 M 000
TYR A0055_ R f 06 S f  0.0 H t 06 M 000
ILE A0056_ R f 06 S f  0.0 H t 06 M 000
LYS A0057_ R f 06 S f  0.0 H t 06 M 000
SER A0058_ R f 06 S f  0.0 H t 06 M 000
THR A0059_ R f 06 S f  0.0 H t 06 M 000
GLU A0060_ R f 06 S f  0.0 H t 06 M 000
THR A0061_ R f 06 S f  0.0 H t 06 M 000
GLY A0062_ R f 06 S f  0.0 H t 06 M 000
GLN A0063_ R f 06 S f  0.0 H t 06 M 000
TYR A0064_ R f 06 S f  0.0 H t 06 M 000
LEU A0065_ R f 06 S f  0.0 H t 06 M 000
ALA A0066_ R f 06 S f  0.0 H t 06 M 000
MET A0067_ R f 06 S f  0.0 H t 06 M 000
ASP A0068_ R f 06 S f  0.0 H t 06 M 000
THR A0069_ R f 06 S f  0.0 H t 06 M 000
ASP A0070_ R f 06 S f  0.0 H t 06 M 000
GLY A0071_ R f 06 S f  0.0 H t 06 M 000
LEU A0072_ R f 06 S f  0.0 H t 06 M 000
LEU A0073_ R f 06 S f  0.0 H t 06 M 000
TYR A0074_ R f 06 S f  0.0 H t 06 M 000
GLY A0075_ R f 06 S f  0.0 H t 06 M 000
SER A0076_ R f 06 S f  0.0 H t 06 M 000
GLN A0077_ R f 06 S f  0.0 H t 06 M 000
THR A0078_ R f 06 S f  0.0 H t 06 M 000
PRO A0079_ R f 06 S f  0.0 H t 06 M 000
ASN A0080_ R f 06 S f  0.0 H t 06 M 000
GLU A0081_ R f 06 S f  0.0 H t 06 M 000
GLU A0082_ R f 06 S f  0.0 H t 06 M 000
CYS A0083_ R f 06 S f  0.0 H t 06 M 000
LEU A0084_ R f 06 S f  0.0 H t 06 M 000
PHE A0085_ R f 06 S f  0.0 H t 06 M 000
LEU A0086_ R f 06 S f  0.0 H t 06 M 000
GLU A0087_ R f 06 S f  0.0 H t 06 M 000
ARG A0088_ R f 06 S f  0.0 H t 06 M 000
LEU A0089_ R f 06 S f  0.0 H t 06 M 000
GLU A0090_ R f 06 S f  0.0 H t 06 M 000
GLU A0091_ R f 06 S f  0.0 H t 06 M 000
ASN A0092_ R f 06 S f  0.0 H t 06 M 000
HIS A0093_ R f 06 S f  0.0 H t 06 M 000
TYR A0094_ R f 06 S f  0.0 H t 06 M 000
ASN A0095_ R f 06 S f  0.0 H t 06 M 000
THR A0096_ R f 06 S f  0.0 H t 06 M 000
TYR A0097_ R f 06 S f  0.0 H t 06 M 000
ILE A0098_ R f 06 S f  0.0 H t 06 M 000
SER A0099_ R f 06 S f  0.0 H t 06 M 000
LYS A0100_ R f 06 S f  0.0 H t 06 M 000
LYS A0101_ R f 06 S f  0.0 H t 06 M 000
HIS A0102_ R f 06 S f  0.0 H t 06 M 000
ALA A0103_ R f 06 S f  0.0 H t 06 M 000
GLU A0104_ R f 06 S f  0.0 H t 06 M 000
LYS A0105_ R f 06 S f  0.0 H t 06 M 000
ASN A0106_ R f 06 S f  0.0 H t 06 M 000
TRP A0107_ R f 06 S f  0.0 H t 06 M 000
PHE A0108_ R f 06 S f  0.0 H t 06 M 000
VAL A0109_ R f 06 S f  0.0 H t 06 M 000
GLY A0110_ R f 06 S f  0.0 H t 06 M 000
LEU A0111_ R f 06 S f  0.0 H t 06 M 000
LYS A0112_ R f 06 S f  0.0 H t 06 M 000
LYS A0113_ R f 06 S f  0.0 H t 06 M 000
ASN A0114_ R f 06 S f  0.0 H t 06 M 000
GLY A0115_ R f 06 S f  0.0 H t 06 M 000
SER A0116_ R f 06 S f  0.0 H t 06 M 000
CYS A0117_ R f 06 S f  0.0 H t 06 M 000
LYS A0118_ R f 06 S f  0.0 H t 06 M 000
ARG A0119_ R f 06 S f  0.0 H t 06 M 000
GLY A0120_ R f 06 S f  0.0 H t 06 M 000
PRO A0121_ R f 06 S f  0.0 H t 06 M 000
ARG A0122_ R f 06 S f  0.0 H t 06 M 000
THR A0123_ R f 06 S f  0.0 H t 06 M 000
HIS A0124_ R f 06 S f  0.0 H t 06 M 000
TYR A0125_ R f 06 S f  0.0 H t 06 M 000
GLY A0126_ R f 06 S f  0.0 H t 06 M 000
GLN A0127_ R f 06 S f  0.0 H t 06 M 000
LYS A0128_ R f 06 S f  0.0 H t 06 M 000
ALA A0129_ R f 06 S f  0.0 H t 06 M 000
ILE A0130_ R f 06 S f  0.0 H t 06 M 000
LEU A0131_ R f 06 S f  0.0 H t 06 M 000
PHE A0132_ R f 06 S f  0.0 H t 06 M 000
LEU A0133_ R f 06 S f  0.0 H t 06 M 000
PRO A0134_ R f 06 S f  0.0 H t 06 M 000
LEU A0135_ R f 06 S f  0.0 H t 06 M 000
PRO A0136_ R f 06 S f  0.0 H t 06 M 000
VAL A0137_ R f 06 S f  0.0 H t 06 M 000
SER A0138_ R f 06 S f  0.0 H t 06 M 000
CTR A0138_ R f 06 S f  0.0 H t 06 M 000
NTR B0010_ R f 06 S f  0.0 H t 06 M 000
LYS B0010_ R f 06 S f  0.0 H t 06 M 000
PRO B0011_ R f 06 S f  0.0 H t 06 M 000
LYS B0012_ R f 06 S f  0.0 H t 06 M 000
LEU B0013_ R f 06 S f  0.0 H t 06 M 000
LEU B0014_ R f 06 S f  0.0 H t 06 M 000
TYR B0015_ R f 06 S f  0.0 H t 06 M 000
CYS B0016_ R f 06 S f  0.0 H t 06 M 000
SER B0017_ R f 06 S f  0.0 H t 06 M 000
ASN B0018_ R f 06 S f  0.0 H t 06 M 000
GLY B0019_ R f 06 S f  0.0 H t 06 M 000
GLY B0020_ R f 06 S f  0.0 H t 06 M 000
HIS B0021_ R f 06 S f  0.0 H t 06 M 000
PHE B0022_ R f 06 S f  0.0 H t 06 M 000
LEU B0023_ R f 06 S f  0.0 H t 06 M 000
ARG B0024_ R f 06 S f  0.0 H t 06 M 000
ILE B0025_ R f 06 S f  0.0 H t 06 M 000
LEU B0026_ R f 06 S f  0.0 H t 06 M 000
PRO B0027_ R f 06 S f  0.0 H t 06 M 000
ASP B0028_ R f 06 S f  0.0 H t 06 M 000
GLY B0029_ R f 06 S f  0.0 H t 06 M 000
THR B0030_ R f 06 S f  0.0 H t 06 M 000
VAL B0031_ R f 06 S f  0.0 H t 06 M 000
ASP B0032_ R f 06 S f  0.0 H t 06 M 000
GLY B0033_ R f 06 S f  0.0 H t 06 M 000
THR B0034_ R f 06 S f  0.0 H t 06 M 000
ARG B0035_ R f 06 S f  0.0 H t 06 M 000
ASP B0036_ R f 06 S f  0.0 H t 06 M 000
ARG B0037_ R f 06 S f  0.0 H t 06 M 000
SER B0038_ R f 06 S f  0.0 H t 06 M 000
ASP B0039_ R f 06 S f  0.0 H t 06 M 000
GLN B0040_ R f 06 S f  0.0 H t 06 M 000
HIS B0041_ R f 06 S f  0.0 H t 06 M 000
ILE B0042_ R f 06 S f  0.0 H t 06 M 000
GLN B0043_ R f 06 S f  0.0 H t 06 M 000
LEU B0044_ R f 06 S f  0.0 H t 06 M 000
GLN B0045_ R f 06 S f  0.0 H t 06 M 000
LEU B0046_ R f 06 S f  0.0 H t 06 M 000
SER B0047_ R f 06 S f  0.0 H t 06 M 000
ALA B0048_ R f 06 S f  0.0 H t 06 M 000
GLU B0049_ R f 06 S f  0.0 H t 06 M 000
SER B0050_ R f 06 S f  0.0 H t 06 M 000
VAL B0051_ R f 06 S f  0.0 H t 06 M 000
GLY B0052_ R f 06 S f  0.0 H t 06 M 000
GLU B0053_ R f 06 S f  0.0 H t 06 M 000
VAL B0054_ R f 06 S f  0.0 H t 06 M 000
TYR B0055_ R f 06 S f  0.0 H t 06 M 000
ILE B0056_ R f 06 S f  0.0 H t 06 M 000
LYS B0057_ R f 06 S f  0.0 H t 06 M 000
SER B0058_ R f 06 S f  0.0 H t 06 M 000
THR B0059_ R f 06 S f  0.0 H t 06 M 000
GLU B0060_ R f 06 S f  0.0 H t 06 M 000
THR B0061_ R f 06 S f  0.0 H t 06 M 000
GLY B0062_ R f 06 S f  0.0 H t 06 M 000
GLN B0063_ R f 06 S f  0.0 H t 06 M 000
TYR B0064_ R f 06 S f  0.0 H t 06 M 000
LEU B0065_ R f 06 S f  0.0 H t 06 M 000
ALA B0066_ R f 06 S f  0.0 H t 06 M 000
MET B0067_ R f 06 S f  0.0 H t 06 M 000
ASP B0068_ R f 06 S f  0.0 H t 06 M 000
THR B0069_ R f 06 S f  0.0 H t 06 M 000
ASP B0070_ R f 06 S f  0.0 H t 06 M 000
GLY B0071_ R f 06 S f  0.0 H t 06 M 000
LEU B0072_ R f 06 S f  0.0 H t 06 M 000
LEU B0073_ R f 06 S f  0.0 H t 06 M 000
TYR B0074_ R f 06 S f  0.0 H t 06 M 000
GLY B0075_ R f 06 S f  0.0 H t 06 M 000
SER B0076_ R f 06 S f  0.0 H t 06 M 000
GLN B0077_ R f 06 S f  0.0 H t 06 M 000
THR B0078_ R f 06 S f  0.0 H t 06 M 000
PRO B0079_ R f 06 S f  0.0 H t 06 M 000
ASN B0080_ R f 06 S f  0.0 H t 06 M 000
GLU B0081_ R f 06 S f  0.0 H t 06 M 000
GLU B0082_ R f 06 S f  0.0 H t 06 M 000
CYS B0083_ R f 06 S f  0.0 H t 06 M 000
LEU B0084_ R f 06 S f  0.0 H t 06 M 000
PHE B0085_ R f 06 S f  0.0 H t 06 M 000
LEU B0086_ R f 06 S f  0.0 H t 06 M 000
GLU B0087_ R f 06 S f  0.0 H t 06 M 000
ARG B0088_ R f 06 S f  0.0 H t 06 M 000
LEU B0089_ R f 06 S f  0.0 H t 06 M 000
GLU B0090_ R f 06 S f  0.0 H t 06 M 000
GLU B0091_ R f 06 S f  0.0 H t 06 M 000
ASN B0092_ R f 06 S f  0.0 H t 06 M 000
HIS B0093_ R f 06 S f  0.0 H t 06 M 000
TYR B0094_ R f 06 S f  0.0 H t 06 M 000
ASN B0095_ R f 06 S f  0.0 H t 06 M 000
THR B0096_ R f 06 S f  0.0 H t 06 M 000
TYR B0097_ R f 06 S f  0.0 H t 06 M 000
ILE B0098_ R f 06 S f  0.0 H t 06 M 000
SER B0099_ R f 06 S f  0.0 H t 06 M 000
LYS B0100_ R f 06 S f  0.0 H t 06 M 000
LYS B0101_ R f 06 S f  0.0 H t 06 M 000
HIS B0102_ R f 06 S f  0.0 H t 06 M 000
ALA B0103_ R f 06 S f  0.0 H t 06 M 000
GLU B0104_ R f 06 S f  0.0 H t 06 M 000
LYS B0105_ R f 06 S f  0.0 H t 06 M 000
ASN B0106_ R f 06 S f  0.0 H t 06 M 000
TRP B0107_ R f 06 S f  0.0 H t 06 M 000
PHE B0108_ R f 06 S f  0.0 H t 06 M 000
VAL B0109_ R f 06 S f  0.0 H t 06 M 000
GLY B0110_ R f 06 S f  0.0 H t 06 M 000
LEU B0111_ R f 06 S f  0.0 H t 06 M 000
LYS B0112_ R f 06 S f  0.0 H t 06 M 000
LYS B0113_ R f 06 S f  0.0 H t 06 M 000
ASN B0114_ R f 06 S f  0.0 H t 06 M 000
GLY B0115_ R f 06 S f  0.0 H t 06 M 000
SER B0116_ R f 06 S f  0.0 H t 06 M 000
CYS B0117_ R f 06 S f  0.0 H t 06 M 000
LYS B0118_ R f 06 S f  0.0 H t 06 M 000
ARG B0119_ R f 06 S f  0.0 H t 06 M 000
GLY B0120_ R f 06 S f  0.0 H t 06 M 000
PRO B0121_ R f 06 S f  0.0 H t 06 M 000
ARG B0122_ R f 06 S f  0.0 H t 06 M 000
THR B0123_ R f 06 S f  0.0 H t 06 M 000
HIS B0124_ R f 06 S f  0.0 H t 06 M 000
TYR B0125_ R f 06 S f  0.0 H t 06 M 000
GLY B0126_ R f 06 S f  0.0 H t 06 M 000
GLN B0127_ R f 06 S f  0.0 H t 06 M 000
LYS B0128_ R f 06 S f  0.0 H t 06 M 000
ALA B0129_ R f 06 S f  0.0 H t 06 M 000
ILE B0130_ R f 06 S f  0.0 H t 06 M 000
LEU B0131_ R f 06 S f  0.0 H t 06 M 000
PHE B0132_ R f 06 S f  0.0 H t 06 M 000
LEU B0133_ R f 06 S f  0.0 H t 06 M 000
PRO B0134_ R f 06 S f  0.0 H t 06 M 000
LEU B0135_ R f 06 S f  0.0 H t 06 M 000
PRO B0136_ R f 06 S f  0.0 H t 06 M 000
VAL B0137_ R f 06 S f  0.0 H t 06 M 000
SER B0138_ R f 06 S f  0.0 H t 06 M 000
CTR B0138_ R f 06 S f  0.0 H t 06 M 000
NTR C0011_ R f 06 S f  0.0 H t 06 M 000
PRO C0011_ R f 06 S f  0.0 H t 06 M 000
LYS C0012_ R f 06 S f  0.0 H t 06 M 000
LEU C0013_ R f 06 S f  0.0 H t 06 M 000
LEU C0014_ R f 06 S f  0.0 H t 06 M 000
TYR C0015_ R f 06 S f  0.0 H t 06 M 000
CYS C0016_ R f 06 S f  0.0 H t 06 M 000
SER C0017_ R f 06 S f  0.0 H t 06 M 000
ASN C0018_ R f 06 S f  0.0 H t 06 M 000
GLY C0019_ R f 06 S f  0.0 H t 06 M 000
GLY C0020_ R f 06 S f  0.0 H t 06 M 000
HIS C0021_ R f 06 S f  0.0 H t 06 M 000
PHE C0022_ R f 06 S f  0.0 H t 06 M 000
LEU C0023_ R f 06 S f  0.0 H t 06 M 000
ARG C0024_ R f 06 S f  0.0 H t 06 M 000
ILE C0025_ R f 06 S f  0.0 H t 06 M 000
LEU C0026_ R f 06 S f  0.0 H t 06 M 000
PRO C0027_ R f 06 S f  0.0 H t 06 M 000
ASP C0028_ R f 06 S f  0.0 H t 06 M 000
GLY C0029_ R f 06 S f  0.0 H t 06 M 000
THR C0030_ R f 06 S f  0.0 H t 06 M 000
VAL C0031_ R f 06 S f  0.0 H t 06 M 000
ASP C0032_ R f 06 S f  0.0 H t 06 M 000
GLY C0033_ R f 06 S f  0.0 H t 06 M 000
THR C0034_ R f 06 S f  0.0 H t 06 M 000
ARG C0035_ R f 06 S f  0.0 H t 06 M 000
ASP C0036_ R f 06 S f  0.0 H t 06 M 000
ARG C0037_ R f 06 S f  0.0 H t 06 M 000
SER C0038_ R f 06 S f  0.0 H t 06 M 000
ASP C0039_ R f 06 S f  0.0 H t 06 M 000
GLN C0040_ R f 06 S f  0.0 H t 06 M 000
HIS C0041_ R f 06 S f  0.0 H t 06 M 000
ILE C0042_ R f 06 S f  0.0 H t 06 M 000
GLN C0043_ R f 06 S f  0.0 H t 06 M 000
LEU C0044_ R f 06 S f  0.0 H t 06 M 000
GLN C0045_ R f 06 S f  0.0 H t 06 M 000
LEU C0046_ R f 06 S f  0.0 H t 06 M 000
SER C0047_ R f 06 S f  0.0 H t 06 M 000
ALA C0048_ R f 06 S f  0.0 H t 06 M 000
GLU C0049_ R f 06 S f  0.0 H t 06 M 000
SER C0050_ R f 06 S f  0.0 H t 06 M 000
VAL C0051_ R f 06 S f  0.0 H t 06 M 000
GLY C0052_ R f 06 S f  0.0 H t 06 M 000
GLU C0053_ R f 06 S f  0.0 H t 06 M 000
VAL C0054_ R f 06 S f  0.0 H t 06 M 000
TYR C0055_ R f 06 S f  0.0 H t 06 M 000
ILE C0056_ R f 06 S f  0.0 H t 06 M 000
LYS C0057_ R f 06 S f  0.0 H t 06 M 000
SER C0058_ R f 06 S f  0.0 H t 06 M 000
THR C0059_ R f 06 S f  0.0 H t 06 M 000
GLU C0060_ R f 06 S f  0.0 H t 06 M 000
THR C0061_ R f 06 S f  0.0 H t 06 M 000
GLY C0062_ R f 06 S f  0.0 H t 06 M 000
GLN C0063_ R f 06 S f  0.0 H t 06 M 000
TYR C0064_ R f 06 S f  0.0 H t 06 M 000
LEU C0065_ R f 06 S f  0.0 H t 06 M 000
ALA C0066_ R f 06 S f  0.0 H t 06 M 000
MET C0067_ R f 06 S f  0.0 H t 06 M 000
ASP C0068_ R f 06 S f  0.0 H t 06 M 000
THR C0069_ R f 06 S f  0.0 H t 06 M 000
ASP C0070_ R f 06 S f  0.0 H t 06 M 000
GLY C0071_ R f 06 S f  0.0 H t 06 M 000
LEU C0072_ R f 06 S f  0.0 H t 06 M 000
LEU C0073_ R f 06 S f  0.0 H t 06 M 000
TYR C0074_ R f 06 S f  0.0 H t 06 M 000
GLY C0075_ R f 06 S f  0.0 H t 06 M 000
SER C0076_ R f 06 S f  0.0 H t 06 M 000
GLN C0077_ R f 06 S f  0.0 H t 06 M 000
THR C0078_ R f 06 S f  0.0 H t 06 M 000
PRO C0079_ R f 06 S f  0.0 H t 06 M 000
ASN C0080_ R f 06 S f  0.0 H t 06 M 000
GLU C0081_ R f 06 S f  0.0 H t 06 M 000
GLU C0082_ R f 06 S f  0.0 H t 06 M 000
CYS C0083_ R f 06 S f  0.0 H t 06 M 000
LEU C0084_ R f 06 S f  0.0 H t 06 M 000
PHE C0085_ R f 06 S f  0.0 H t 06 M 000
LEU C0086_ R f 06 S f  0.0 H t 06 M 000
GLU C0087_ R f 06 S f  0.0 H t 06 M 000
ARG C0088_ R f 06 S f  0.0 H t 06 M 000
LEU C0089_ R f 06 S f  0.0 H t 06 M 000
GLU C0090_ R f 06 S f  0.0 H t 06 M 000
GLU C0091_ R f 06 S f  0.0 H t 06 M 000
ASN C0092_ R f 06 S f  0.0 H t 06 M 000
HIS C0093_ R f 06 S f  0.0 H t 06 M 000
TYR C0094_ R f 06 S f  0.0 H t 06 M 000
ASN C0095_ R f 06 S f  0.0 H t 06 M 000
THR C0096_ R f 06 S f  0.0 H t 06 M 000
TYR C0097_ R f 06 S f  0.0 H t 06 M 000
ILE C0098_ R f 06 S f  0.0 H t 06 M 000
SER C0099_ R f 06 S f  0.0 H t 06 M 000
LYS C0100_ R f 06 S f  0.0 H t 06 M 000
LYS C0101_ R f 06 S f  0.0 H t 06 M 000
HIS C0102_ R f 06 S f  0.0 H t 06 M 000
ALA C0103_ R f 06 S f  0.0 H t 06 M 000
GLU C0104_ R f 06 S f  0.0 H t 06 M 000
LYS C0105_ R f 06 S f  0.0 H t 06 M 000
ASN C0106_ R f 06 S f  0.0 H t 06 M 000
TRP C0107_ R f 06 S f  0.0 H t 06 M 000
PHE C0108_ R f 06 S f  0.0 H t 06 M 000
VAL C0109_ R f 06 S f  0.0 H t 06 M 000
GLY C0110_ R f 06 S f  0.0 H t 06 M 000
LEU C0111_ R f 06 S f  0.0 H t 06 M 000
LYS C0112_ R f 06 S f  0.0 H t 06 M 000
LYS C0113_ R f 06 S f  0.0 H t 06 M 000
ASN C0114_ R f 06 S f  0.0 H t 06 M 000
GLY C0115_ R f 06 S f  0.0 H t 06 M 000
SER C0116_ R f 06 S f  0.0 H t 06 M 000
CYS C0117_ R f 06 S f  0.0 H t 06 M 000
LYS C0118_ R f 06 S f  0.0 H t 06 M 000
ARG C0119_ R f 06 S f  0.0 H t 06 M 000
GLY C0120_ R f 06 S f  0.0 H t 06 M 000
PRO C0121_ R f 06 S f  0.0 H t 06 M 000
ARG C0122_ R f 06 S f  0.0 H t 06 M 000
THR C0123_ R f 06 S f  0.0 H t 06 M 000
HIS C0124_ R f 06 S f  0.0 H t 06 M 000
TYR C0125_ R f 06 S f  0.0 H t 06 M 000
GLY C0126_ R f 06 S f  0.0 H t 06 M 000
GLN C0127_ R f 06 S f  0.0 H t 06 M 000
LYS C0128_ R f 06 S f  0.0 H t 06 M 000
ALA C0129_ R f 06 S f  0.0 H t 06 M 000
ILE C0130_ R f 06 S f  0.0 H t 06 M 000
LEU C0131_ R f 06 S f  0.0 H t 06 M 000
PHE C0132_ R f 06 S f  0.0 H t 06 M 000
LEU C0133_ R f 06 S f  0.0 H t 06 M 000
PRO C0134_ R f 06 S f  0.0 H t 06 M 000
LEU C0135_ R f 06 S f  0.0 H t 06 M 000
PRO C0136_ R f 06 S f  0.0 H t 06 M 000
VAL C0137_ R f 06 S f  0.0 H t 06 M 000
CTR C0137_ R f 06 S f  0.0 H t 06 M 000
NTR D0011_ R f 06 S f  0.0 H t 06 M 000
PRO D0011_ R f 06 S f  0.0 H t 06 M 000
LYS D0012_ R f 06 S f  0.0 H t 06 M 000
LEU D0013_ R f 06 S f  0.0 H t 06 M 000
LEU D0014_ R f 06 S f  0.0 H t 06 M 000
TYR D0015_ R f 06 S f  0.0 H t 06 M 000
CYS D0016_ R f 06 S f  0.0 H t 06 M 000
SER D0017_ R f 06 S f  0.0 H t 06 M 000
ASN D0018_ R f 06 S f  0.0 H t 06 M 000
GLY D0019_ R f 06 S f  0.0 H t 06 M 000
GLY D0020_ R f 06 S f  0.0 H t 06 M 000
HIS D0021_ R f 06 S f  0.0 H t 06 M 000
PHE D0022_ R f 06 S f  0.0 H t 06 M 000
LEU D0023_ R f 06 S f  0.0 H t 06 M 000
ARG D0024_ R f 06 S f  0.0 H t 06 M 000
ILE D0025_ R f 06 S f  0.0 H t 06 M 000
LEU D0026_ R f 06 S f  0.0 H t 06 M 000
PRO D0027_ R f 06 S f  0.0 H t 06 M 000
ASP D0028_ R f 06 S f  0.0 H t 06 M 000
GLY D0029_ R f 06 S f  0.0 H t 06 M 000
THR D0030_ R f 06 S f  0.0 H t 06 M 000
VAL D0031_ R f 06 S f  0.0 H t 06 M 000
ASP D0032_ R f 06 S f  0.0 H t 06 M 000
GLY D0033_ R f 06 S f  0.0 H t 06 M 000
THR D0034_ R f 06 S f  0.0 H t 06 M 000
ARG D0035_ R f 06 S f  0.0 H t 06 M 000
ASP D0036_ R f 06 S f  0.0 H t 06 M 000
ARG D0037_ R f 06 S f  0.0 H t 06 M 000
SER D0038_ R f 06 S f  0.0 H t 06 M 000
ASP D0039_ R f 06 S f  0.0 H t 06 M 000
GLN D0040_ R f 06 S f  0.0 H t 06 M 000
HIS D0041_ R f 06 S f  0.0 H t 06 M 000
ILE D0042_ R f 06 S f  0.0 H t 06 M 000
GLN D0043_ R f 06 S f  0.0 H t 06 M 000
LEU D0044_ R f 06 S f  0.0 H t 06 M 000
GLN D0045_ R f 06 S f  0.0 H t 06 M 000
LEU D0046_ R f 06 S f  0.0 H t 06 M 000
SER D0047_ R f 06 S f  0.0 H t 06 M 000
ALA D0048_ R f 06 S f  0.0 H t 06 M 000
GLU D0049_ R f 06 S f  0.0 H t 06 M 000
SER D0050_ R f 06 S f  0.0 H t 06 M 000
VAL D0051_ R f 06 S f  0.0 H t 06 M 000
GLY D0052_ R f 06 S f  0.0 H t 06 M 000
GLU D0053_ R f 06 S f  0.0 H t 06 M 000
VAL D0054_ R f 06 S f  0.0 H t 06 M 000
TYR D0055_ R f 06 S f  0.0 H t 06 M 000
ILE D0056_ R f 06 S f  0.0 H t 06 M 000
LYS D0057_ R f 06 S f  0.0 H t 06 M 000
SER D0058_ R f 06 S f  0.0 H t 06 M 000
THR D0059_ R f 06 S f  0.0 H t 06 M 000
GLU D0060_ R f 06 S f  0.0 H t 06 M 000
THR D0061_ R f 06 S f  0.0 H t 06 M 000
GLY D0062_ R f 06 S f  0.0 H t 06 M 000
GLN D0063_ R f 06 S f  0.0 H t 06 M 000
TYR D0064_ R f 06 S f  0.0 H t 06 M 000
LEU D0065_ R f 06 S f  0.0 H t 06 M 000
ALA D0066_ R f 06 S f  0.0 H t 06 M 000
MET D0067_ R f 06 S f  0.0 H t 06 M 000
ASP D0068_ R f 06 S f  0.0 H t 06 M 000
THR D0069_ R f 06 S f  0.0 H t 06 M 000
ASP D0070_ R f 06 S f  0.0 H t 06 M 000
GLY D0071_ R f 06 S f  0.0 H t 06 M 000
LEU D0072_ R f 06 S f  0.0 H t 06 M 000
LEU D0073_ R f 06 S f  0.0 H t 06 M 000
TYR D0074_ R f 06 S f  0.0 H t 06 M 000
GLY D0075_ R f 06 S f  0.0 H t 06 M 000
SER D0076_ R f 06 S f  0.0 H t 06 M 000
GLN D0077_ R f 06 S f  0.0 H t 06 M 000
THR D0078_ R f 06 S f  0.0 H t 06 M 000
PRO D0079_ R f 06 S f  0.0 H t 06 M 000
ASN D0080_ R f 06 S f  0.0 H t 06 M 000
GLU D0081_ R f 06 S f  0.0 H t 06 M 000
GLU D0082_ R f 06 S f  0.0 H t 06 M 000
CYS D0083_ R f 06 S f  0.0 H t 06 M 000
LEU D0084_ R f 06 S f  0.0 H t 06 M 000
PHE D0085_ R f 06 S f  0.0 H t 06 M 000
LEU D0086_ R f 06 S f  0.0 H t 06 M 000
GLU D0087_ R f 06 S f  0.0 H t 06 M 000
ARG D0088_ R f 06 S f  0.0 H t 06 M 000
LEU D0089_ R f 06 S f  0.0 H t 06 M 000
GLU D0090_ R f 06 S f  0.0 H t 06 M 000
GLU D0091_ R f 06 S f  0.0 H t 06 M 000
ASN D0092_ R f 06 S f  0.0 H t 06 M 000
HIS D0093_ R f 06 S f  0.0 H t 06 M 000
TYR D0094_ R f 06 S f  0.0 H t 06 M 000
ASN D0095_ R f 06 S f  0.0 H t 06 M 000
THR D0096_ R f 06 S f  0.0 H t 06 M 000
TYR D0097_ R f 06 S f  0.0 H t 06 M 000
ILE D0098_ R f 06 S f  0.0 H t 06 M 000
SER D0099_ R f 06 S f  0.0 H t 06 M 000
LYS D0100_ R f 06 S f  0.0 H t 06 M 000
LYS D0101_ R f 06 S f  0.0 H t 06 M 000
HIS D0102_ R f 06 S f  0.0 H t 06 M 000
ALA D0103_ R f 06 S f  0.0 H t 06 M 000
GLU D0104_ R f 06 S f  0.0 H t 06 M 000
LYS D0105_ R f 06 S f  0.0 H t 06 M 000
ASN D0106_ R f 06 S f  0.0 H t 06 M 000
TRP D0107_ R f 06 S f  0.0 H t 06 M 000
PHE D0108_ R f 06 S f  0.0 H t 06 M 000
VAL D0109_ R f 06 S f  0.0 H t 06 M 000
GLY D0110_ R f 06 S f  0.0 H t 06 M 000
LEU D0111_ R f 06 S f  0.0 H t 06 M 000
LYS D0112_ R f 06 S f  0.0 H t 06 M 000
LYS D0113_ R f 06 S f  0.0 H t 06 M 000
ASN D0114_ R f 06 S f  0.0 H t 06 M 000
GLY D0115_ R f 06 S f  0.0 H t 06 M 000
SER D0116_ R f 06 S f  0.0 H t 06 M 000
CYS D0117_ R f 06 S f  0.0 H t 06 M 000
LYS D0118_ R f 06 S f  0.0 H t 06 M 000
ARG D0119_ R f 06 S f  0.0 H t 06 M 000
GLY D0120_ R f 06 S f  0.0 H t 06 M 000
PRO D0121_ R f 06 S f  0.0 H t 06 M 000
ARG D0122_ R f 06 S f  0.0 H t 06 M 000
THR D0123_ R f 06 S f  0.0 H t 06 M 000
HIS D0124_ R f 06 S f  0.0 H t 06 M 000
TYR D0125_ R f 06 S f  0.0 H t 06 M 000
GLY D0126_ R f 06 S f  0.0 H t 06 M 000
GLN D0127_ R f 06 S f  0.0 H t 06 M 000
LYS D0128_ R f 06 S f  0.0 H t 06 M 000
ALA D0129_ R f 06 S f  0.0 H t 06 M 000
ILE D0130_ R f 06 S f  0.0 H t 06 M 000
LEU D0131_ R f 06 S f  0.0 H t 06 M 000
PHE D0132_ R f 06 S f  0.0 H t 06 M 000
LEU D0133_ R f 06 S f  0.0 H t 06 M 000
PRO D0134_ R f 06 S f  0.0 H t 06 M 000
LEU D0135_ R f 06 S f  0.0 H t 06 M 000
PRO D0136_ R f 06 S f  0.0 H t 06 M 000
VAL D0137_ R f 06 S f  0.0 H t 06 M 000
SER D0138_ R f 06 S f  0.0 H t 06 M 000
CTR D0138_ R f 06 S f  0.0 H t 06 M 000
