===========================================================
<<< MCCE Multi-Conformation Continuum Electrostatics >>>   
-----------------------------------------------------------
Version:        2.7                                        
Home Page:      http://pka.engr.ccny.cuny.edu/~mcce        
Support:        jmao@ccny.cuny.edu                         
Developed by:   Junjun Mao, Yifan Song, Marilyn Gunner     
===========================================================
Last Updates:                                              
   03/23/2011  Two coding enhancement added to MCCE2.3     
               In memory parameter loading                 
               energy lookup table in text, non-0 only     
===========================================================
Step 0. Loading parameters
   Load run control file "run.prm"...
   Done

   Tentatively load local param file "new.tpl"...   No such file, ignore.
   Done

   Load parameters from directory "/home/sabsr3/mcce/param08" ... 
   Done

   Load linear free energy correction parameters from "/home/sabsr3/mcce/extra.tpl".../home/sabsr3/mcce/extra.tpl
   File loaded.
   Done

Step 0 Done.

Step 1. Test and format structral file
   Read pdb file "prot.pdb"...
   Done

   Read name rule file "/home/sabsr3/mcce/name.txt"...
   Done

   Rename residue and atom names...
   Done

   Identify NTR and CTR...
      Labeling "LYS A  10" as NTR
      Labeling "LYS B  10" as NTR
      Labeling "PRO C  11" as NTR
      Labeling "PRO D  11" as NTR
      Labeling "SER A 138" as CTR
      Labeling "SER B 138" as CTR
      Labeling "VAL C 137" as CTR
      Labeling "SER D 138" as CTR
   Done

   Label backbone, sidechain and altLoc conformers...
   Done

   Load pdb lines into data structure...
   Done

   Strip water molecules with SAS >   5%...
   Warning! assign_rad(): missing parameter(s), default value is used and saved in debug.log.
        4 water/salt molecules were stripped off in this round
        0 water/salt molecules were stripped off in this round
   Total deleted HOH = 4.
   Done

   Check missing heavy atoms and complete altLoc conformers...
   Missing heavy atom  N   of conf LYSBK in "LYS A  10".
   Missing heavy atom  CA  of conf LYSBK in "LYS A  10".
   Missing heavy atom  CG  of conf LYS01 in "LYS A  10".
   Missing heavy atom  CD  of conf LYS01 in "LYS A  10".
   Missing heavy atom  CE  of conf LYS01 in "LYS A  10".
   Missing heavy atom  NZ  of conf LYS01 in "LYS A  10".
   Missing heavy atom  CG  of conf GLN01 in "GLN A  40".
   Missing heavy atom  CD  of conf GLN01 in "GLN A  40".
   Missing heavy atom  OE1 of conf GLN01 in "GLN A  40".
   Missing heavy atom  NE2 of conf GLN01 in "GLN A  40".
   Missing heavy atom  C   of conf SERBK in "SER A 138".
   Missing heavy atom  O   of conf SERBK in "SER A 138".
   Missing heavy atom  OG  of conf SER01 in "SER A 138".
   Missing heavy atom  OXT of conf CTR01 in "CTR A 138".
   Missing heavy atom  N   of conf LYSBK in "LYS B  10".
   Missing heavy atom  CA  of conf LYSBK in "LYS B  10".
   Missing heavy atom  CG  of conf LYS01 in "LYS B  10".
   Missing heavy atom  CD  of conf LYS01 in "LYS B  10".
   Missing heavy atom  CE  of conf LYS01 in "LYS B  10".
   Missing heavy atom  NZ  of conf LYS01 in "LYS B  10".
   Missing heavy atom  OG  of conf SER01 in "SER B  47".
   Missing heavy atom  C   of conf SERBK in "SER B 138".
   Missing heavy atom  O   of conf SERBK in "SER B 138".
   Missing heavy atom  OG  of conf SER01 in "SER B 138".
   Missing heavy atom  OXT of conf CTR01 in "CTR B 138".
   Missing heavy atom  N   of conf PROBK in "PRO C  11".
   Missing heavy atom  CA  of conf PROBK in "PRO C  11".
   Missing heavy atom  OG  of conf SER01 in "SER C  47".
   Missing heavy atom  C   of conf VALBK in "VAL C 137".
   Missing heavy atom  O   of conf VALBK in "VAL C 137".
   Missing heavy atom  OXT of conf CTR01 in "CTR C 137".
   Missing heavy atom  N   of conf PROBK in "PRO D  11".
   Missing heavy atom  CA  of conf PROBK in "PRO D  11".
   Missing heavy atom  CG  of conf GLN01 in "GLN D  40".
   Missing heavy atom  CD  of conf GLN01 in "GLN D  40".
   Missing heavy atom  OE1 of conf GLN01 in "GLN D  40".
   Missing heavy atom  NE2 of conf GLN01 in "GLN D  40".
   Missing heavy atom  OG  of conf SER01 in "SER D  47".
   Missing heavy atom  OG  of conf SER01 in "SER D  50".
   Missing heavy atom  CG1 of conf VAL01 in "VAL D 137".
   Missing heavy atom  CG2 of conf VAL01 in "VAL D 137".
   Missing heavy atom  C   of conf SERBK in "SER D 138".
   Missing heavy atom  O   of conf SERBK in "SER D 138".
   Missing heavy atom  OG  of conf SER01 in "SER D 138".
   Missing heavy atom  OXT of conf CTR01 in "CTR D 138".
   Missing heavy atoms detected.
   Ignore warning messages if they are in the terminal residues
   Done

   Find distance clash (<2.000)...
   d= 1.52: " CA  NTR A  10" to " CB  LYS A  10"
   d= 1.52: " CA  NTR B  10" to " CB  LYS B  10"
   d= 1.53: " CA  NTR C  11" to " CB  PRO C  11"
   d= 1.48: " N   NTR C  11" to " CD  PRO C  11"
   d= 1.53: " CA  NTR D  11" to " CB  PRO D  11"
   d= 1.49: " N   NTR D  11" to " CD  PRO D  11"
   Done

   Make connectivity network ...
   Done.

    Warning! May add heavy atom  CG  onto residue "LYS A0010"
    Warning! May add heavy atom  CD  onto residue "LYS A0010"
    Warning! May add heavy atom  CE  onto residue "LYS A0010"
    Warning! May add heavy atom  NZ  onto residue "LYS A0010"
    Warning! May add heavy atom  CG  onto residue "GLN A0040"
    Warning! May add heavy atom  CD  onto residue "GLN A0040"
    Warning! May add heavy atom  OE1 onto residue "GLN A0040"
    Warning! May add heavy atom  NE2 onto residue "GLN A0040"
    Warning! May add heavy atom  OG  onto residue "SER A0138"
    Warning! May add heavy atom  OXT onto residue "CTR A0138"
    Warning! May add heavy atom  CG  onto residue "LYS B0010"
    Warning! May add heavy atom  CD  onto residue "LYS B0010"
    Warning! May add heavy atom  CE  onto residue "LYS B0010"
    Warning! May add heavy atom  NZ  onto residue "LYS B0010"
    Warning! May add heavy atom  OG  onto residue "SER B0047"
    Warning! May add heavy atom  OG  onto residue "SER B0138"
    Warning! May add heavy atom  OXT onto residue "CTR B0138"
    Warning! May add heavy atom  OG  onto residue "SER C0047"
    Warning! May add heavy atom  OXT onto residue "CTR C0137"
    Warning! May add heavy atom  CG  onto residue "GLN D0040"
    Warning! May add heavy atom  CD  onto residue "GLN D0040"
    Warning! May add heavy atom  OE1 onto residue "GLN D0040"
    Warning! May add heavy atom  NE2 onto residue "GLN D0040"
    Warning! May add heavy atom  OG  onto residue "SER D0047"
    Warning! May add heavy atom  OG  onto residue "SER D0050"
    Warning! May add heavy atom  CG1 onto residue "VAL D0137"
    Warning! May add heavy atom  CG2 onto residue "VAL D0137"
    Warning! May add heavy atom  OG  onto residue "SER D0138"
    Warning! May add heavy atom  OXT onto residue "CTR D0138"
   3 TORSION parameters were guessed and recorded in file debug.log.
   Modify and put them into a param file to have the full control.
   2 TORSION parameters were guessed and recorded in file debug.log.
   Modify and put them into a param file to have the full control.
   Total time for step1 (premcce) is 0 seconds.

   Output files:
      step1_out.pdb         will be the input of step 2.
      head1.lst             rotamer making control file for step 2
      acc.atm               atom solvent accessible surface
      acc.res               residue solvent accessible surface
      head1.lst             rotamer making instruction, used in step2

Step 1 Done.

Step 2. Make multi side chain conformers
   Load step 1 output file step1_out.pdb...
   Done

   Rotamer statistics is dynamically updated in file "rot_stat"

   Remove redundant heavy atom conformers in step1_out.pdb
   0 conformers were deleted.
   Done


   Relax crystal water..
   Done

   Prepare for rotamer making ...
   Deleting H atoms...4031 H atoms were deleted.
   Assigning radii.
   Estimating Solvent Accessible Surface (SAS).
   Done.

   Swap atoms...
   Done



   Delete duplicate conformers ... 0 conformers deleted.
   Done

   Prune rotamers by self VDW potential...
   Creating connectivity table...
   Computing self VDW potential. It may take a while...
   Warning! assign_crg(): missing parameter(s), default value is used and saved in debug.log.
   Pruning rotamers...4 rotamers deleted.
   Done


   Tuning exposed rotamers...
   Done


   Repack side chains 5000 times, remove inaccessible conformers...
   Computing pairwise LJ potential. This may take a while.
      Estimated time on AMD 1.6GHz is 8 seconds.
      Actual time is 0
   Repacking in progress, see progress.log for details...
   Done


   Skip writing heavy atome rotamer pdb file hvrot.pdb
   Making ionization conformers...
   Done


   Add H atoms...
   Done


   Relaxation...
   Start setting up for relaxation.
   Warning! assign_crg(): missing parameter(s), default value is used and saved in debug.log.
   Setup for relaxation done.
   Start relaxation.
   Done

   Optimizing hydroxyl and water...
