NTR A0016_ R f 06 S f  0.0 H t 06 M 000
HIS A0016_ R f 06 S f  0.0 H t 06 M 000
PHE A0017_ R f 06 S f  0.0 H t 06 M 000
LYS A0018_ R f 06 S f  0.0 H t 06 M 000
ASP A0019_ R f 06 S f  0.0 H t 06 M 000
PRO A0020_ R f 06 S f  0.0 H t 06 M 000
LYS A0021_ R f 06 S f  0.0 H t 06 M 000
ARG A0022_ R f 06 S f  0.0 H t 06 M 000
LEU A0023_ R f 06 S f  0.0 H t 06 M 000
TYR A0024_ R f 06 S f  0.0 H t 06 M 000
CYS A0025_ R f 06 S f  0.0 H t 06 M 000
LYS A0026_ R f 06 S f  0.0 H t 06 M 000
ASN A0027_ R f 06 S f  0.0 H t 06 M 000
GLY A0028_ R f 06 S f  0.0 H t 06 M 000
GLY A0029_ R f 06 S f  0.0 H t 06 M 000
PHE A0030_ R f 06 S f  0.0 H t 06 M 000
PHE A0031_ R f 06 S f  0.0 H t 06 M 000
LEU A0032_ R f 06 S f  0.0 H t 06 M 000
ARG A0033_ R f 06 S f  0.0 H t 06 M 000
ILE A0034_ R f 06 S f  0.0 H t 06 M 000
HIS A0035_ R f 06 S f  0.0 H t 06 M 000
PRO A0036_ R f 06 S f  0.0 H t 06 M 000
ASP A0037_ R f 06 S f  0.0 H t 06 M 000
GLY A0038_ R f 06 S f  0.0 H t 06 M 000
ARG A0039_ R f 06 S f  0.0 H t 06 M 000
VAL A0040_ R f 06 S f  0.0 H t 06 M 000
ASP A0041_ R f 06 S f  0.0 H t 06 M 000
GLY A0042_ R f 06 S f  0.0 H t 06 M 000
VAL A0043_ R f 06 S f  0.0 H t 06 M 000
ARG A0044_ R f 06 S f  0.0 H t 06 M 000
GLU A0045_ R f 06 S f  0.0 H t 06 M 000
LYS A0046_ R f 06 S f  0.0 H t 06 M 000
SER A0047_ R f 06 S f  0.0 H t 06 M 000
ASP A0048_ R f 06 S f  0.0 H t 06 M 000
PRO A0049_ R f 06 S f  0.0 H t 06 M 000
HIS A0050_ R f 06 S f  0.0 H t 06 M 000
ILE A0051_ R f 06 S f  0.0 H t 06 M 000
LYS A0052_ R f 06 S f  0.0 H t 06 M 000
LEU A0053_ R f 06 S f  0.0 H t 06 M 000
GLN A0054_ R f 06 S f  0.0 H t 06 M 000
LEU A0055_ R f 06 S f  0.0 H t 06 M 000
GLN A0056_ R f 06 S f  0.0 H t 06 M 000
ALA A0057_ R f 06 S f  0.0 H t 06 M 000
GLU A0058_ R f 06 S f  0.0 H t 06 M 000
GLU A0059_ R f 06 S f  0.0 H t 06 M 000
ARG A0060_ R f 06 S f  0.0 H t 06 M 000
GLY A0061_ R f 06 S f  0.0 H t 06 M 000
VAL A0062_ R f 06 S f  0.0 H t 06 M 000
VAL A0063_ R f 06 S f  0.0 H t 06 M 000
SER A0064_ R f 06 S f  0.0 H t 06 M 000
ILE A0065_ R f 06 S f  0.0 H t 06 M 000
LYS A0066_ R f 06 S f  0.0 H t 06 M 000
GLY A0067_ R f 06 S f  0.0 H t 06 M 000
VAL A0068_ R f 06 S f  0.0 H t 06 M 000
SER A0069_ R f 06 S f  0.0 H t 06 M 000
ALA A0070_ R f 06 S f  0.0 H t 06 M 000
ASN A0071_ R f 06 S f  0.0 H t 06 M 000
ARG A0072_ R f 06 S f  0.0 H t 06 M 000
TYR A0073_ R f 06 S f  0.0 H t 06 M 000
LEU A0074_ R f 06 S f  0.0 H t 06 M 000
ALA A0075_ R f 06 S f  0.0 H t 06 M 000
MET A0076_ R f 06 S f  0.0 H t 06 M 000
LYS A0077_ R f 06 S f  0.0 H t 06 M 000
GLU A0078_ R f 06 S f  0.0 H t 06 M 000
ASP A0079_ R f 06 S f  0.0 H t 06 M 000
GLY A0080_ R f 06 S f  0.0 H t 06 M 000
ARG A0081_ R f 06 S f  0.0 H t 06 M 000
LEU A0082_ R f 06 S f  0.0 H t 06 M 000
LEU A0083_ R f 06 S f  0.0 H t 06 M 000
ALA A0084_ R f 06 S f  0.0 H t 06 M 000
SER A0085_ R f 06 S f  0.0 H t 06 M 000
LYS A0086_ R f 06 S f  0.0 H t 06 M 000
SER A0087_ R f 06 S f  0.0 H t 06 M 000
VAL A0088_ R f 06 S f  0.0 H t 06 M 000
THR A0089_ R f 06 S f  0.0 H t 06 M 000
ASP A0090_ R f 06 S f  0.0 H t 06 M 000
GLU A0091_ R f 06 S f  0.0 H t 06 M 000
CYS A0092_ R f 06 S f  0.0 H t 06 M 000
PHE A0093_ R f 06 S f  0.0 H t 06 M 000
PHE A0094_ R f 06 S f  0.0 H t 06 M 000
PHE A0095_ R f 06 S f  0.0 H t 06 M 000
GLU A0096_ R f 06 S f  0.0 H t 06 M 000
ARG A0097_ R f 06 S f  0.0 H t 06 M 000
LEU A0098_ R f 06 S f  0.0 H t 06 M 000
GLU A0099_ R f 06 S f  0.0 H t 06 M 000
SER A0100_ R f 06 S f  0.0 H t 06 M 000
ASN A0101_ R f 06 S f  0.0 H t 06 M 000
ASN A0102_ R f 06 S f  0.0 H t 06 M 000
TYR A0103_ R f 06 S f  0.0 H t 06 M 000
ASN A0104_ R f 06 S f  0.0 H t 06 M 000
THR A0105_ R f 06 S f  0.0 H t 06 M 000
TYR A0106_ R f 06 S f  0.0 H t 06 M 000
ARG A0107_ R f 06 S f  0.0 H t 06 M 000
SER A0108_ R f 06 S f  0.0 H t 06 M 000
ARG A0109_ R f 06 S f  0.0 H t 06 M 000
LYS A0110_ R f 06 S f  0.0 H t 06 M 000
TYR A0111_ R f 06 S f  0.0 H t 06 M 000
THR A0112_ R f 06 S f  0.0 H t 06 M 000
SER A0113_ R f 06 S f  0.0 H t 06 M 000
TRP A0114_ R f 06 S f  0.0 H t 06 M 000
TYR A0115_ R f 06 S f  0.0 H t 06 M 000
VAL A0116_ R f 06 S f  0.0 H t 06 M 000
ALA A0117_ R f 06 S f  0.0 H t 06 M 000
LEU A0118_ R f 06 S f  0.0 H t 06 M 000
LYS A0119_ R f 06 S f  0.0 H t 06 M 000
ARG A0120_ R f 06 S f  0.0 H t 06 M 000
THR A0121_ R f 06 S f  0.0 H t 06 M 000
GLY A0122_ R f 06 S f  0.0 H t 06 M 000
GLN A0123_ R f 06 S f  0.0 H t 06 M 000
TYR A0124_ R f 06 S f  0.0 H t 06 M 000
LYS A0125_ R f 06 S f  0.0 H t 06 M 000
LEU A0126_ R f 06 S f  0.0 H t 06 M 000
GLY A0127_ R f 06 S f  0.0 H t 06 M 000
SER A0128_ R f 06 S f  0.0 H t 06 M 000
LYS A0129_ R f 06 S f  0.0 H t 06 M 000
THR A0130_ R f 06 S f  0.0 H t 06 M 000
GLY A0131_ R f 06 S f  0.0 H t 06 M 000
PRO A0132_ R f 06 S f  0.0 H t 06 M 000
GLY A0133_ R f 06 S f  0.0 H t 06 M 000
GLN A0134_ R f 06 S f  0.0 H t 06 M 000
LYS A0135_ R f 06 S f  0.0 H t 06 M 000
ALA A0136_ R f 06 S f  0.0 H t 06 M 000
ILE A0137_ R f 06 S f  0.0 H t 06 M 000
LEU A0138_ R f 06 S f  0.0 H t 06 M 000
PHE A0139_ R f 06 S f  0.0 H t 06 M 000
LEU A0140_ R f 06 S f  0.0 H t 06 M 000
PRO A0141_ R f 06 S f  0.0 H t 06 M 000
MET A0142_ R f 06 S f  0.0 H t 06 M 000
SER A0143_ R f 06 S f  0.0 H t 06 M 000
ALA A0144_ R f 06 S f  0.0 H t 06 M 000
LYS A0145_ R f 06 S f  0.0 H t 06 M 000
CTR A0145_ R f 06 S f  0.0 H t 06 M 000
NTR B0016_ R f 06 S f  0.0 H t 06 M 000
HIS B0016_ R f 06 S f  0.0 H t 06 M 000
PHE B0017_ R f 06 S f  0.0 H t 06 M 000
LYS B0018_ R f 06 S f  0.0 H t 06 M 000
ASP B0019_ R f 06 S f  0.0 H t 06 M 000
PRO B0020_ R f 06 S f  0.0 H t 06 M 000
LYS B0021_ R f 06 S f  0.0 H t 06 M 000
ARG B0022_ R f 06 S f  0.0 H t 06 M 000
LEU B0023_ R f 06 S f  0.0 H t 06 M 000
TYR B0024_ R f 06 S f  0.0 H t 06 M 000
CYS B0025_ R f 06 S f  0.0 H t 06 M 000
LYS B0026_ R f 06 S f  0.0 H t 06 M 000
ASN B0027_ R f 06 S f  0.0 H t 06 M 000
GLY B0028_ R f 06 S f  0.0 H t 06 M 000
GLY B0029_ R f 06 S f  0.0 H t 06 M 000
PHE B0030_ R f 06 S f  0.0 H t 06 M 000
PHE B0031_ R f 06 S f  0.0 H t 06 M 000
LEU B0032_ R f 06 S f  0.0 H t 06 M 000
ARG B0033_ R f 06 S f  0.0 H t 06 M 000
ILE B0034_ R f 06 S f  0.0 H t 06 M 000
HIS B0035_ R f 06 S f  0.0 H t 06 M 000
PRO B0036_ R f 06 S f  0.0 H t 06 M 000
ASP B0037_ R f 06 S f  0.0 H t 06 M 000
GLY B0038_ R f 06 S f  0.0 H t 06 M 000
ARG B0039_ R f 06 S f  0.0 H t 06 M 000
VAL B0040_ R f 06 S f  0.0 H t 06 M 000
ASP B0041_ R f 06 S f  0.0 H t 06 M 000
GLY B0042_ R f 06 S f  0.0 H t 06 M 000
VAL B0043_ R f 06 S f  0.0 H t 06 M 000
ARG B0044_ R f 06 S f  0.0 H t 06 M 000
GLU B0045_ R f 06 S f  0.0 H t 06 M 000
LYS B0046_ R f 06 S f  0.0 H t 06 M 000
SER B0047_ R f 06 S f  0.0 H t 06 M 000
ASP B0048_ R f 06 S f  0.0 H t 06 M 000
PRO B0049_ R f 06 S f  0.0 H t 06 M 000
HIS B0050_ R f 06 S f  0.0 H t 06 M 000
ILE B0051_ R f 06 S f  0.0 H t 06 M 000
LYS B0052_ R f 06 S f  0.0 H t 06 M 000
LEU B0053_ R f 06 S f  0.0 H t 06 M 000
GLN B0054_ R f 06 S f  0.0 H t 06 M 000
LEU B0055_ R f 06 S f  0.0 H t 06 M 000
GLN B0056_ R f 06 S f  0.0 H t 06 M 000
ALA B0057_ R f 06 S f  0.0 H t 06 M 000
GLU B0058_ R f 06 S f  0.0 H t 06 M 000
GLU B0059_ R f 06 S f  0.0 H t 06 M 000
ARG B0060_ R f 06 S f  0.0 H t 06 M 000
GLY B0061_ R f 06 S f  0.0 H t 06 M 000
VAL B0062_ R f 06 S f  0.0 H t 06 M 000
VAL B0063_ R f 06 S f  0.0 H t 06 M 000
SER B0064_ R f 06 S f  0.0 H t 06 M 000
ILE B0065_ R f 06 S f  0.0 H t 06 M 000
LYS B0066_ R f 06 S f  0.0 H t 06 M 000
GLY B0067_ R f 06 S f  0.0 H t 06 M 000
VAL B0068_ R f 06 S f  0.0 H t 06 M 000
SER B0069_ R f 06 S f  0.0 H t 06 M 000
ALA B0070_ R f 06 S f  0.0 H t 06 M 000
ASN B0071_ R f 06 S f  0.0 H t 06 M 000
ARG B0072_ R f 06 S f  0.0 H t 06 M 000
TYR B0073_ R f 06 S f  0.0 H t 06 M 000
LEU B0074_ R f 06 S f  0.0 H t 06 M 000
ALA B0075_ R f 06 S f  0.0 H t 06 M 000
MET B0076_ R f 06 S f  0.0 H t 06 M 000
LYS B0077_ R f 06 S f  0.0 H t 06 M 000
GLU B0078_ R f 06 S f  0.0 H t 06 M 000
ASP B0079_ R f 06 S f  0.0 H t 06 M 000
GLY B0080_ R f 06 S f  0.0 H t 06 M 000
ARG B0081_ R f 06 S f  0.0 H t 06 M 000
LEU B0082_ R f 06 S f  0.0 H t 06 M 000
LEU B0083_ R f 06 S f  0.0 H t 06 M 000
ALA B0084_ R f 06 S f  0.0 H t 06 M 000
SER B0085_ R f 06 S f  0.0 H t 06 M 000
LYS B0086_ R f 06 S f  0.0 H t 06 M 000
SER B0087_ R f 06 S f  0.0 H t 06 M 000
VAL B0088_ R f 06 S f  0.0 H t 06 M 000
THR B0089_ R f 06 S f  0.0 H t 06 M 000
ASP B0090_ R f 06 S f  0.0 H t 06 M 000
GLU B0091_ R f 06 S f  0.0 H t 06 M 000
CYS B0092_ R f 06 S f  0.0 H t 06 M 000
PHE B0093_ R f 06 S f  0.0 H t 06 M 000
PHE B0094_ R f 06 S f  0.0 H t 06 M 000
PHE B0095_ R f 06 S f  0.0 H t 06 M 000
GLU B0096_ R f 06 S f  0.0 H t 06 M 000
ARG B0097_ R f 06 S f  0.0 H t 06 M 000
LEU B0098_ R f 06 S f  0.0 H t 06 M 000
GLU B0099_ R f 06 S f  0.0 H t 06 M 000
SER B0100_ R f 06 S f  0.0 H t 06 M 000
ASN B0101_ R f 06 S f  0.0 H t 06 M 000
ASN B0102_ R f 06 S f  0.0 H t 06 M 000
TYR B0103_ R f 06 S f  0.0 H t 06 M 000
ASN B0104_ R f 06 S f  0.0 H t 06 M 000
THR B0105_ R f 06 S f  0.0 H t 06 M 000
TYR B0106_ R f 06 S f  0.0 H t 06 M 000
ARG B0107_ R f 06 S f  0.0 H t 06 M 000
SER B0108_ R f 06 S f  0.0 H t 06 M 000
ARG B0109_ R f 06 S f  0.0 H t 06 M 000
LYS B0110_ R f 06 S f  0.0 H t 06 M 000
TYR B0111_ R f 06 S f  0.0 H t 06 M 000
THR B0112_ R f 06 S f  0.0 H t 06 M 000
SER B0113_ R f 06 S f  0.0 H t 06 M 000
TRP B0114_ R f 06 S f  0.0 H t 06 M 000
TYR B0115_ R f 06 S f  0.0 H t 06 M 000
VAL B0116_ R f 06 S f  0.0 H t 06 M 000
ALA B0117_ R f 06 S f  0.0 H t 06 M 000
LEU B0118_ R f 06 S f  0.0 H t 06 M 000
LYS B0119_ R f 06 S f  0.0 H t 06 M 000
ARG B0120_ R f 06 S f  0.0 H t 06 M 000
THR B0121_ R f 06 S f  0.0 H t 06 M 000
GLY B0122_ R f 06 S f  0.0 H t 06 M 000
GLN B0123_ R f 06 S f  0.0 H t 06 M 000
TYR B0124_ R f 06 S f  0.0 H t 06 M 000
LYS B0125_ R f 06 S f  0.0 H t 06 M 000
LEU B0126_ R f 06 S f  0.0 H t 06 M 000
GLY B0127_ R f 06 S f  0.0 H t 06 M 000
SER B0128_ R f 06 S f  0.0 H t 06 M 000
LYS B0129_ R f 06 S f  0.0 H t 06 M 000
THR B0130_ R f 06 S f  0.0 H t 06 M 000
GLY B0131_ R f 06 S f  0.0 H t 06 M 000
PRO B0132_ R f 06 S f  0.0 H t 06 M 000
GLY B0133_ R f 06 S f  0.0 H t 06 M 000
GLN B0134_ R f 06 S f  0.0 H t 06 M 000
LYS B0135_ R f 06 S f  0.0 H t 06 M 000
ALA B0136_ R f 06 S f  0.0 H t 06 M 000
ILE B0137_ R f 06 S f  0.0 H t 06 M 000
LEU B0138_ R f 06 S f  0.0 H t 06 M 000
PHE B0139_ R f 06 S f  0.0 H t 06 M 000
LEU B0140_ R f 06 S f  0.0 H t 06 M 000
PRO B0141_ R f 06 S f  0.0 H t 06 M 000
MET B0142_ R f 06 S f  0.0 H t 06 M 000
SER B0143_ R f 06 S f  0.0 H t 06 M 000
ALA B0144_ R f 06 S f  0.0 H t 06 M 000
LYS B0145_ R f 06 S f  0.0 H t 06 M 000
CTR B0145_ R f 06 S f  0.0 H t 06 M 000
NTR C0016_ R f 06 S f  0.0 H t 06 M 000
HIS C0016_ R f 06 S f  0.0 H t 06 M 000
PHE C0017_ R f 06 S f  0.0 H t 06 M 000
LYS C0018_ R f 06 S f  0.0 H t 06 M 000
ASP C0019_ R f 06 S f  0.0 H t 06 M 000
PRO C0020_ R f 06 S f  0.0 H t 06 M 000
LYS C0021_ R f 06 S f  0.0 H t 06 M 000
ARG C0022_ R f 06 S f  0.0 H t 06 M 000
LEU C0023_ R f 06 S f  0.0 H t 06 M 000
TYR C0024_ R f 06 S f  0.0 H t 06 M 000
CYS C0025_ R f 06 S f  0.0 H t 06 M 000
LYS C0026_ R f 06 S f  0.0 H t 06 M 000
ASN C0027_ R f 06 S f  0.0 H t 06 M 000
GLY C0028_ R f 06 S f  0.0 H t 06 M 000
GLY C0029_ R f 06 S f  0.0 H t 06 M 000
PHE C0030_ R f 06 S f  0.0 H t 06 M 000
PHE C0031_ R f 06 S f  0.0 H t 06 M 000
LEU C0032_ R f 06 S f  0.0 H t 06 M 000
ARG C0033_ R f 06 S f  0.0 H t 06 M 000
ILE C0034_ R f 06 S f  0.0 H t 06 M 000
HIS C0035_ R f 06 S f  0.0 H t 06 M 000
PRO C0036_ R f 06 S f  0.0 H t 06 M 000
ASP C0037_ R f 06 S f  0.0 H t 06 M 000
GLY C0038_ R f 06 S f  0.0 H t 06 M 000
ARG C0039_ R f 06 S f  0.0 H t 06 M 000
VAL C0040_ R f 06 S f  0.0 H t 06 M 000
ASP C0041_ R f 06 S f  0.0 H t 06 M 000
GLY C0042_ R f 06 S f  0.0 H t 06 M 000
VAL C0043_ R f 06 S f  0.0 H t 06 M 000
ARG C0044_ R f 06 S f  0.0 H t 06 M 000
GLU C0045_ R f 06 S f  0.0 H t 06 M 000
LYS C0046_ R f 06 S f  0.0 H t 06 M 000
SER C0047_ R f 06 S f  0.0 H t 06 M 000
ASP C0048_ R f 06 S f  0.0 H t 06 M 000
PRO C0049_ R f 06 S f  0.0 H t 06 M 000
HIS C0050_ R f 06 S f  0.0 H t 06 M 000
ILE C0051_ R f 06 S f  0.0 H t 06 M 000
LYS C0052_ R f 06 S f  0.0 H t 06 M 000
LEU C0053_ R f 06 S f  0.0 H t 06 M 000
GLN C0054_ R f 06 S f  0.0 H t 06 M 000
LEU C0055_ R f 06 S f  0.0 H t 06 M 000
GLN C0056_ R f 06 S f  0.0 H t 06 M 000
ALA C0057_ R f 06 S f  0.0 H t 06 M 000
GLU C0058_ R f 06 S f  0.0 H t 06 M 000
GLU C0059_ R f 06 S f  0.0 H t 06 M 000
ARG C0060_ R f 06 S f  0.0 H t 06 M 000
GLY C0061_ R f 06 S f  0.0 H t 06 M 000
VAL C0062_ R f 06 S f  0.0 H t 06 M 000
VAL C0063_ R f 06 S f  0.0 H t 06 M 000
SER C0064_ R f 06 S f  0.0 H t 06 M 000
ILE C0065_ R f 06 S f  0.0 H t 06 M 000
LYS C0066_ R f 06 S f  0.0 H t 06 M 000
GLY C0067_ R f 06 S f  0.0 H t 06 M 000
VAL C0068_ R f 06 S f  0.0 H t 06 M 000
SER C0069_ R f 06 S f  0.0 H t 06 M 000
ALA C0070_ R f 06 S f  0.0 H t 06 M 000
ASN C0071_ R f 06 S f  0.0 H t 06 M 000
ARG C0072_ R f 06 S f  0.0 H t 06 M 000
TYR C0073_ R f 06 S f  0.0 H t 06 M 000
LEU C0074_ R f 06 S f  0.0 H t 06 M 000
ALA C0075_ R f 06 S f  0.0 H t 06 M 000
MET C0076_ R f 06 S f  0.0 H t 06 M 000
LYS C0077_ R f 06 S f  0.0 H t 06 M 000
GLU C0078_ R f 06 S f  0.0 H t 06 M 000
ASP C0079_ R f 06 S f  0.0 H t 06 M 000
GLY C0080_ R f 06 S f  0.0 H t 06 M 000
ARG C0081_ R f 06 S f  0.0 H t 06 M 000
LEU C0082_ R f 06 S f  0.0 H t 06 M 000
LEU C0083_ R f 06 S f  0.0 H t 06 M 000
ALA C0084_ R f 06 S f  0.0 H t 06 M 000
SER C0085_ R f 06 S f  0.0 H t 06 M 000
LYS C0086_ R f 06 S f  0.0 H t 06 M 000
SER C0087_ R f 06 S f  0.0 H t 06 M 000
VAL C0088_ R f 06 S f  0.0 H t 06 M 000
THR C0089_ R f 06 S f  0.0 H t 06 M 000
ASP C0090_ R f 06 S f  0.0 H t 06 M 000
GLU C0091_ R f 06 S f  0.0 H t 06 M 000
CYS C0092_ R f 06 S f  0.0 H t 06 M 000
PHE C0093_ R f 06 S f  0.0 H t 06 M 000
PHE C0094_ R f 06 S f  0.0 H t 06 M 000
PHE C0095_ R f 06 S f  0.0 H t 06 M 000
GLU C0096_ R f 06 S f  0.0 H t 06 M 000
ARG C0097_ R f 06 S f  0.0 H t 06 M 000
LEU C0098_ R f 06 S f  0.0 H t 06 M 000
GLU C0099_ R f 06 S f  0.0 H t 06 M 000
SER C0100_ R f 06 S f  0.0 H t 06 M 000
ASN C0101_ R f 06 S f  0.0 H t 06 M 000
ASN C0102_ R f 06 S f  0.0 H t 06 M 000
TYR C0103_ R f 06 S f  0.0 H t 06 M 000
ASN C0104_ R f 06 S f  0.0 H t 06 M 000
THR C0105_ R f 06 S f  0.0 H t 06 M 000
TYR C0106_ R f 06 S f  0.0 H t 06 M 000
ARG C0107_ R f 06 S f  0.0 H t 06 M 000
SER C0108_ R f 06 S f  0.0 H t 06 M 000
ARG C0109_ R f 06 S f  0.0 H t 06 M 000
LYS C0110_ R f 06 S f  0.0 H t 06 M 000
TYR C0111_ R f 06 S f  0.0 H t 06 M 000
THR C0112_ R f 06 S f  0.0 H t 06 M 000
SER C0113_ R f 06 S f  0.0 H t 06 M 000
TRP C0114_ R f 06 S f  0.0 H t 06 M 000
TYR C0115_ R f 06 S f  0.0 H t 06 M 000
VAL C0116_ R f 06 S f  0.0 H t 06 M 000
ALA C0117_ R f 06 S f  0.0 H t 06 M 000
LEU C0118_ R f 06 S f  0.0 H t 06 M 000
LYS C0119_ R f 06 S f  0.0 H t 06 M 000
ARG C0120_ R f 06 S f  0.0 H t 06 M 000
THR C0121_ R f 06 S f  0.0 H t 06 M 000
GLY C0122_ R f 06 S f  0.0 H t 06 M 000
GLN C0123_ R f 06 S f  0.0 H t 06 M 000
TYR C0124_ R f 06 S f  0.0 H t 06 M 000
LYS C0125_ R f 06 S f  0.0 H t 06 M 000
LEU C0126_ R f 06 S f  0.0 H t 06 M 000
GLY C0127_ R f 06 S f  0.0 H t 06 M 000
SER C0128_ R f 06 S f  0.0 H t 06 M 000
LYS C0129_ R f 06 S f  0.0 H t 06 M 000
THR C0130_ R f 06 S f  0.0 H t 06 M 000
GLY C0131_ R f 06 S f  0.0 H t 06 M 000
PRO C0132_ R f 06 S f  0.0 H t 06 M 000
GLY C0133_ R f 06 S f  0.0 H t 06 M 000
GLN C0134_ R f 06 S f  0.0 H t 06 M 000
LYS C0135_ R f 06 S f  0.0 H t 06 M 000
ALA C0136_ R f 06 S f  0.0 H t 06 M 000
ILE C0137_ R f 06 S f  0.0 H t 06 M 000
LEU C0138_ R f 06 S f  0.0 H t 06 M 000
PHE C0139_ R f 06 S f  0.0 H t 06 M 000
LEU C0140_ R f 06 S f  0.0 H t 06 M 000
PRO C0141_ R f 06 S f  0.0 H t 06 M 000
MET C0142_ R f 06 S f  0.0 H t 06 M 000
SER C0143_ R f 06 S f  0.0 H t 06 M 000
ALA C0144_ R f 06 S f  0.0 H t 06 M 000
LYS C0145_ R f 06 S f  0.0 H t 06 M 000
CTR C0145_ R f 06 S f  0.0 H t 06 M 000
NTR D0016_ R f 06 S f  0.0 H t 06 M 000
HIS D0016_ R f 06 S f  0.0 H t 06 M 000
PHE D0017_ R f 06 S f  0.0 H t 06 M 000
LYS D0018_ R f 06 S f  0.0 H t 06 M 000
ASP D0019_ R f 06 S f  0.0 H t 06 M 000
PRO D0020_ R f 06 S f  0.0 H t 06 M 000
LYS D0021_ R f 06 S f  0.0 H t 06 M 000
ARG D0022_ R f 06 S f  0.0 H t 06 M 000
LEU D0023_ R f 06 S f  0.0 H t 06 M 000
TYR D0024_ R f 06 S f  0.0 H t 06 M 000
CYS D0025_ R f 06 S f  0.0 H t 06 M 000
LYS D0026_ R f 06 S f  0.0 H t 06 M 000
ASN D0027_ R f 06 S f  0.0 H t 06 M 000
GLY D0028_ R f 06 S f  0.0 H t 06 M 000
GLY D0029_ R f 06 S f  0.0 H t 06 M 000
PHE D0030_ R f 06 S f  0.0 H t 06 M 000
PHE D0031_ R f 06 S f  0.0 H t 06 M 000
LEU D0032_ R f 06 S f  0.0 H t 06 M 000
ARG D0033_ R f 06 S f  0.0 H t 06 M 000
ILE D0034_ R f 06 S f  0.0 H t 06 M 000
HIS D0035_ R f 06 S f  0.0 H t 06 M 000
PRO D0036_ R f 06 S f  0.0 H t 06 M 000
ASP D0037_ R f 06 S f  0.0 H t 06 M 000
GLY D0038_ R f 06 S f  0.0 H t 06 M 000
ARG D0039_ R f 06 S f  0.0 H t 06 M 000
VAL D0040_ R f 06 S f  0.0 H t 06 M 000
ASP D0041_ R f 06 S f  0.0 H t 06 M 000
GLY D0042_ R f 06 S f  0.0 H t 06 M 000
VAL D0043_ R f 06 S f  0.0 H t 06 M 000
ARG D0044_ R f 06 S f  0.0 H t 06 M 000
GLU D0045_ R f 06 S f  0.0 H t 06 M 000
LYS D0046_ R f 06 S f  0.0 H t 06 M 000
SER D0047_ R f 06 S f  0.0 H t 06 M 000
ASP D0048_ R f 06 S f  0.0 H t 06 M 000
PRO D0049_ R f 06 S f  0.0 H t 06 M 000
HIS D0050_ R f 06 S f  0.0 H t 06 M 000
ILE D0051_ R f 06 S f  0.0 H t 06 M 000
LYS D0052_ R f 06 S f  0.0 H t 06 M 000
LEU D0053_ R f 06 S f  0.0 H t 06 M 000
GLN D0054_ R f 06 S f  0.0 H t 06 M 000
LEU D0055_ R f 06 S f  0.0 H t 06 M 000
GLN D0056_ R f 06 S f  0.0 H t 06 M 000
ALA D0057_ R f 06 S f  0.0 H t 06 M 000
GLU D0058_ R f 06 S f  0.0 H t 06 M 000
GLU D0059_ R f 06 S f  0.0 H t 06 M 000
ARG D0060_ R f 06 S f  0.0 H t 06 M 000
GLY D0061_ R f 06 S f  0.0 H t 06 M 000
VAL D0062_ R f 06 S f  0.0 H t 06 M 000
VAL D0063_ R f 06 S f  0.0 H t 06 M 000
SER D0064_ R f 06 S f  0.0 H t 06 M 000
ILE D0065_ R f 06 S f  0.0 H t 06 M 000
LYS D0066_ R f 06 S f  0.0 H t 06 M 000
GLY D0067_ R f 06 S f  0.0 H t 06 M 000
VAL D0068_ R f 06 S f  0.0 H t 06 M 000
SER D0069_ R f 06 S f  0.0 H t 06 M 000
ALA D0070_ R f 06 S f  0.0 H t 06 M 000
ASN D0071_ R f 06 S f  0.0 H t 06 M 000
ARG D0072_ R f 06 S f  0.0 H t 06 M 000
TYR D0073_ R f 06 S f  0.0 H t 06 M 000
LEU D0074_ R f 06 S f  0.0 H t 06 M 000
ALA D0075_ R f 06 S f  0.0 H t 06 M 000
MET D0076_ R f 06 S f  0.0 H t 06 M 000
LYS D0077_ R f 06 S f  0.0 H t 06 M 000
GLU D0078_ R f 06 S f  0.0 H t 06 M 000
ASP D0079_ R f 06 S f  0.0 H t 06 M 000
GLY D0080_ R f 06 S f  0.0 H t 06 M 000
ARG D0081_ R f 06 S f  0.0 H t 06 M 000
LEU D0082_ R f 06 S f  0.0 H t 06 M 000
LEU D0083_ R f 06 S f  0.0 H t 06 M 000
ALA D0084_ R f 06 S f  0.0 H t 06 M 000
SER D0085_ R f 06 S f  0.0 H t 06 M 000
LYS D0086_ R f 06 S f  0.0 H t 06 M 000
SER D0087_ R f 06 S f  0.0 H t 06 M 000
VAL D0088_ R f 06 S f  0.0 H t 06 M 000
THR D0089_ R f 06 S f  0.0 H t 06 M 000
ASP D0090_ R f 06 S f  0.0 H t 06 M 000
GLU D0091_ R f 06 S f  0.0 H t 06 M 000
CYS D0092_ R f 06 S f  0.0 H t 06 M 000
PHE D0093_ R f 06 S f  0.0 H t 06 M 000
PHE D0094_ R f 06 S f  0.0 H t 06 M 000
PHE D0095_ R f 06 S f  0.0 H t 06 M 000
GLU D0096_ R f 06 S f  0.0 H t 06 M 000
ARG D0097_ R f 06 S f  0.0 H t 06 M 000
LEU D0098_ R f 06 S f  0.0 H t 06 M 000
GLU D0099_ R f 06 S f  0.0 H t 06 M 000
SER D0100_ R f 06 S f  0.0 H t 06 M 000
ASN D0101_ R f 06 S f  0.0 H t 06 M 000
ASN D0102_ R f 06 S f  0.0 H t 06 M 000
TYR D0103_ R f 06 S f  0.0 H t 06 M 000
ASN D0104_ R f 06 S f  0.0 H t 06 M 000
THR D0105_ R f 06 S f  0.0 H t 06 M 000
TYR D0106_ R f 06 S f  0.0 H t 06 M 000
ARG D0107_ R f 06 S f  0.0 H t 06 M 000
SER D0108_ R f 06 S f  0.0 H t 06 M 000
ARG D0109_ R f 06 S f  0.0 H t 06 M 000
LYS D0110_ R f 06 S f  0.0 H t 06 M 000
TYR D0111_ R f 06 S f  0.0 H t 06 M 000
THR D0112_ R f 06 S f  0.0 H t 06 M 000
SER D0113_ R f 06 S f  0.0 H t 06 M 000
TRP D0114_ R f 06 S f  0.0 H t 06 M 000
TYR D0115_ R f 06 S f  0.0 H t 06 M 000
VAL D0116_ R f 06 S f  0.0 H t 06 M 000
ALA D0117_ R f 06 S f  0.0 H t 06 M 000
LEU D0118_ R f 06 S f  0.0 H t 06 M 000
LYS D0119_ R f 06 S f  0.0 H t 06 M 000
ARG D0120_ R f 06 S f  0.0 H t 06 M 000
THR D0121_ R f 06 S f  0.0 H t 06 M 000
GLY D0122_ R f 06 S f  0.0 H t 06 M 000
GLN D0123_ R f 06 S f  0.0 H t 06 M 000
TYR D0124_ R f 06 S f  0.0 H t 06 M 000
LYS D0125_ R f 06 S f  0.0 H t 06 M 000
LEU D0126_ R f 06 S f  0.0 H t 06 M 000
GLY D0127_ R f 06 S f  0.0 H t 06 M 000
SER D0128_ R f 06 S f  0.0 H t 06 M 000
LYS D0129_ R f 06 S f  0.0 H t 06 M 000
THR D0130_ R f 06 S f  0.0 H t 06 M 000
GLY D0131_ R f 06 S f  0.0 H t 06 M 000
PRO D0132_ R f 06 S f  0.0 H t 06 M 000
GLY D0133_ R f 06 S f  0.0 H t 06 M 000
GLN D0134_ R f 06 S f  0.0 H t 06 M 000
LYS D0135_ R f 06 S f  0.0 H t 06 M 000
ALA D0136_ R f 06 S f  0.0 H t 06 M 000
ILE D0137_ R f 06 S f  0.0 H t 06 M 000
LEU D0138_ R f 06 S f  0.0 H t 06 M 000
PHE D0139_ R f 06 S f  0.0 H t 06 M 000
LEU D0140_ R f 06 S f  0.0 H t 06 M 000
PRO D0141_ R f 06 S f  0.0 H t 06 M 000
MET D0142_ R f 06 S f  0.0 H t 06 M 000
SER D0143_ R f 06 S f  0.0 H t 06 M 000
ALA D0144_ R f 06 S f  0.0 H t 06 M 000
LYS D0145_ R f 06 S f  0.0 H t 06 M 000
CTR D0145_ R f 06 S f  0.0 H t 06 M 000
NTR E0150_ R f 06 S f  0.0 H t 06 M 000
ASN E0150_ R f 06 S f  0.0 H t 06 M 000
LYS E0151_ R f 06 S f  0.0 H t 06 M 000
ARG E0152_ R f 06 S f  0.0 H t 06 M 000
ALA E0153_ R f 06 S f  0.0 H t 06 M 000
PRO E0154_ R f 06 S f  0.0 H t 06 M 000
TYR E0155_ R f 06 S f  0.0 H t 06 M 000
TRP E0156_ R f 06 S f  0.0 H t 06 M 000
THR E0157_ R f 06 S f  0.0 H t 06 M 000
ASN E0158_ R f 06 S f  0.0 H t 06 M 000
THR E0159_ R f 06 S f  0.0 H t 06 M 000
GLU E0160_ R f 06 S f  0.0 H t 06 M 000
LYS E0161_ R f 06 S f  0.0 H t 06 M 000
MET E0162_ R f 06 S f  0.0 H t 06 M 000
GLU E0163_ R f 06 S f  0.0 H t 06 M 000
LYS E0164_ R f 06 S f  0.0 H t 06 M 000
ARG E0165_ R f 06 S f  0.0 H t 06 M 000
LEU E0166_ R f 06 S f  0.0 H t 06 M 000
HIS E0167_ R f 06 S f  0.0 H t 06 M 000
ALA E0168_ R f 06 S f  0.0 H t 06 M 000
VAL E0169_ R f 06 S f  0.0 H t 06 M 000
PRO E0170_ R f 06 S f  0.0 H t 06 M 000
ALA E0171_ R f 06 S f  0.0 H t 06 M 000
ALA E0172_ R f 06 S f  0.0 H t 06 M 000
ASN E0173_ R f 06 S f  0.0 H t 06 M 000
THR E0174_ R f 06 S f  0.0 H t 06 M 000
VAL E0175_ R f 06 S f  0.0 H t 06 M 000
LYS E0176_ R f 06 S f  0.0 H t 06 M 000
PHE E0177_ R f 06 S f  0.0 H t 06 M 000
ARG E0178_ R f 06 S f  0.0 H t 06 M 000
CYD E0179_ R f 06 S f  0.0 H t 06 M 000
PRO E0180_ R f 06 S f  0.0 H t 06 M 000
ALA E0181_ R f 06 S f  0.0 H t 06 M 000
GLY E0182_ R f 06 S f  0.0 H t 06 M 000
GLY E0183_ R f 06 S f  0.0 H t 06 M 000
ASN E0184_ R f 06 S f  0.0 H t 06 M 000
PRO E0185_ R f 06 S f  0.0 H t 06 M 000
MET E0186_ R f 06 S f  0.0 H t 06 M 000
PRO E0187_ R f 06 S f  0.0 H t 06 M 000
THR E0188_ R f 06 S f  0.0 H t 06 M 000
MET E0189_ R f 06 S f  0.0 H t 06 M 000
ARG E0190_ R f 06 S f  0.0 H t 06 M 000
TRP E0191_ R f 06 S f  0.0 H t 06 M 000
LEU E0192_ R f 06 S f  0.0 H t 06 M 000
LYS E0193_ R f 06 S f  0.0 H t 06 M 000
ASN E0194_ R f 06 S f  0.0 H t 06 M 000
GLY E0195_ R f 06 S f  0.0 H t 06 M 000
LYS E0196_ R f 06 S f  0.0 H t 06 M 000
GLU E0197_ R f 06 S f  0.0 H t 06 M 000
PHE E0198_ R f 06 S f  0.0 H t 06 M 000
LYS E0199_ R f 06 S f  0.0 H t 06 M 000
GLN E0200_ R f 06 S f  0.0 H t 06 M 000
GLU E0201_ R f 06 S f  0.0 H t 06 M 000
HIS E0202_ R f 06 S f  0.0 H t 06 M 000
ARG E0203_ R f 06 S f  0.0 H t 06 M 000
ILE E0204_ R f 06 S f  0.0 H t 06 M 000
GLY E0205_ R f 06 S f  0.0 H t 06 M 000
GLY E0206_ R f 06 S f  0.0 H t 06 M 000
TYR E0207_ R f 06 S f  0.0 H t 06 M 000
LYS E0208_ R f 06 S f  0.0 H t 06 M 000
VAL E0209_ R f 06 S f  0.0 H t 06 M 000
ARG E0210_ R f 06 S f  0.0 H t 06 M 000
ASN E0211_ R f 06 S f  0.0 H t 06 M 000
GLN E0212_ R f 06 S f  0.0 H t 06 M 000
HIS E0213_ R f 06 S f  0.0 H t 06 M 000
TRP E0214_ R f 06 S f  0.0 H t 06 M 000
SER E0215_ R f 06 S f  0.0 H t 06 M 000
LEU E0216_ R f 06 S f  0.0 H t 06 M 000
ILE E0217_ R f 06 S f  0.0 H t 06 M 000
MET E0218_ R f 06 S f  0.0 H t 06 M 000
GLU E0219_ R f 06 S f  0.0 H t 06 M 000
SER E0220_ R f 06 S f  0.0 H t 06 M 000
VAL E0221_ R f 06 S f  0.0 H t 06 M 000
VAL E0222_ R f 06 S f  0.0 H t 06 M 000
PRO E0223_ R f 06 S f  0.0 H t 06 M 000
SER E0224_ R f 06 S f  0.0 H t 06 M 000
ASP E0225_ R f 06 S f  0.0 H t 06 M 000
LYS E0226_ R f 06 S f  0.0 H t 06 M 000
GLY E0227_ R f 06 S f  0.0 H t 06 M 000
ASN E0228_ R f 06 S f  0.0 H t 06 M 000
TYR E0229_ R f 06 S f  0.0 H t 06 M 000
THR E0230_ R f 06 S f  0.0 H t 06 M 000
CYD E0231_ R f 06 S f  0.0 H t 06 M 000
VAL E0232_ R f 06 S f  0.0 H t 06 M 000
VAL E0233_ R f 06 S f  0.0 H t 06 M 000
GLU E0234_ R f 06 S f  0.0 H t 06 M 000
ASN E0235_ R f 06 S f  0.0 H t 06 M 000
GLU E0236_ R f 06 S f  0.0 H t 06 M 000
TYR E0237_ R f 06 S f  0.0 H t 06 M 000
GLY E0238_ R f 06 S f  0.0 H t 06 M 000
SER E0239_ R f 06 S f  0.0 H t 06 M 000
ILE E0240_ R f 06 S f  0.0 H t 06 M 000
ASN E0241_ R f 06 S f  0.0 H t 06 M 000
HIS E0242_ R f 06 S f  0.0 H t 06 M 000
THR E0243_ R f 06 S f  0.0 H t 06 M 000
TYR E0244_ R f 06 S f  0.0 H t 06 M 000
HIS E0245_ R f 06 S f  0.0 H t 06 M 000
LEU E0246_ R f 06 S f  0.0 H t 06 M 000
ASP E0247_ R f 06 S f  0.0 H t 06 M 000
VAL E0248_ R f 06 S f  0.0 H t 06 M 000
VAL E0249_ R f 06 S f  0.0 H t 06 M 000
GLU E0250_ R f 06 S f  0.0 H t 06 M 000
ARG E0251_ R f 06 S f  0.0 H t 06 M 000
SER E0252_ R f 06 S f  0.0 H t 06 M 000
PRO E0253_ R f 06 S f  0.0 H t 06 M 000
HIS E0254_ R f 06 S f  0.0 H t 06 M 000
ARG E0255_ R f 06 S f  0.0 H t 06 M 000
PRO E0256_ R f 06 S f  0.0 H t 06 M 000
ILE E0257_ R f 06 S f  0.0 H t 06 M 000
LEU E0258_ R f 06 S f  0.0 H t 06 M 000
GLN E0259_ R f 06 S f  0.0 H t 06 M 000
ALA E0260_ R f 06 S f  0.0 H t 06 M 000
GLY E0261_ R f 06 S f  0.0 H t 06 M 000
LEU E0262_ R f 06 S f  0.0 H t 06 M 000
PRO E0263_ R f 06 S f  0.0 H t 06 M 000
ALA E0264_ R f 06 S f  0.0 H t 06 M 000
ASN E0265_ R f 06 S f  0.0 H t 06 M 000
ALA E0266_ R f 06 S f  0.0 H t 06 M 000
SER E0267_ R f 06 S f  0.0 H t 06 M 000
CTR E0267_ R f 06 S f  0.0 H t 06 M 000
NTR E0273_ R f 06 S f  0.0 H t 06 M 000
ASP E0273_ R f 06 S f  0.0 H t 06 M 000
VAL E0274_ R f 06 S f  0.0 H t 06 M 000
GLU E0275_ R f 06 S f  0.0 H t 06 M 000
PHE E0276_ R f 06 S f  0.0 H t 06 M 000
VAL E0277_ R f 06 S f  0.0 H t 06 M 000
CYD E0278_ R f 06 S f  0.0 H t 06 M 000
LYS E0279_ R f 06 S f  0.0 H t 06 M 000
VAL E0280_ R f 06 S f  0.0 H t 06 M 000
TYR E0281_ R f 06 S f  0.0 H t 06 M 000
SER E0282_ R f 06 S f  0.0 H t 06 M 000
ASP E0283_ R f 06 S f  0.0 H t 06 M 000
ALA E0284_ R f 06 S f  0.0 H t 06 M 000
GLN E0285_ R f 06 S f  0.0 H t 06 M 000
PRO E0286_ R f 06 S f  0.0 H t 06 M 000
HIS E0287_ R f 06 S f  0.0 H t 06 M 000
ILE E0288_ R f 06 S f  0.0 H t 06 M 000
GLN E0289_ R f 06 S f  0.0 H t 06 M 000
TRP E0290_ R f 06 S f  0.0 H t 06 M 000
ILE E0291_ R f 06 S f  0.0 H t 06 M 000
LYS E0292_ R f 06 S f  0.0 H t 06 M 000
HIS E0293_ R f 06 S f  0.0 H t 06 M 000
VAL E0294_ R f 06 S f  0.0 H t 06 M 000
CTR E0294_ R f 06 S f  0.0 H t 06 M 000
NTR E0307_ R f 06 S f  0.0 H t 06 M 000
PRO E0307_ R f 06 S f  0.0 H t 06 M 000
TYR E0308_ R f 06 S f  0.0 H t 06 M 000
LEU E0309_ R f 06 S f  0.0 H t 06 M 000
LYS E0310_ R f 06 S f  0.0 H t 06 M 000
VAL E0311_ R f 06 S f  0.0 H t 06 M 000
LEU E0312_ R f 06 S f  0.0 H t 06 M 000
LYS E0313_ R f 06 S f  0.0 H t 06 M 000
ALA E0314_ R f 06 S f  0.0 H t 06 M 000
ALA E0315_ R f 06 S f  0.0 H t 06 M 000
GLY E0316_ R f 06 S f  0.0 H t 06 M 000
VAL E0317_ R f 06 S f  0.0 H t 06 M 000
ASN E0318_ R f 06 S f  0.0 H t 06 M 000
THR E0319_ R f 06 S f  0.0 H t 06 M 000
THR E0320_ R f 06 S f  0.0 H t 06 M 000
ASP E0321_ R f 06 S f  0.0 H t 06 M 000
LYS E0322_ R f 06 S f  0.0 H t 06 M 000
GLU E0323_ R f 06 S f  0.0 H t 06 M 000
ILE E0324_ R f 06 S f  0.0 H t 06 M 000
GLU E0325_ R f 06 S f  0.0 H t 06 M 000
VAL E0326_ R f 06 S f  0.0 H t 06 M 000
LEU E0327_ R f 06 S f  0.0 H t 06 M 000
TYR E0328_ R f 06 S f  0.0 H t 06 M 000
ILE E0329_ R f 06 S f  0.0 H t 06 M 000
ARG E0330_ R f 06 S f  0.0 H t 06 M 000
ASN E0331_ R f 06 S f  0.0 H t 06 M 000
VAL E0332_ R f 06 S f  0.0 H t 06 M 000
THR E0333_ R f 06 S f  0.0 H t 06 M 000
PHE E0334_ R f 06 S f  0.0 H t 06 M 000
GLU E0335_ R f 06 S f  0.0 H t 06 M 000
ASP E0336_ R f 06 S f  0.0 H t 06 M 000
ALA E0337_ R f 06 S f  0.0 H t 06 M 000
GLY E0338_ R f 06 S f  0.0 H t 06 M 000
GLU E0339_ R f 06 S f  0.0 H t 06 M 000
TYR E0340_ R f 06 S f  0.0 H t 06 M 000
THR E0341_ R f 06 S f  0.0 H t 06 M 000
CYD E0342_ R f 06 S f  0.0 H t 06 M 000
LEU E0343_ R f 06 S f  0.0 H t 06 M 000
ALA E0344_ R f 06 S f  0.0 H t 06 M 000
GLY E0345_ R f 06 S f  0.0 H t 06 M 000
ASN E0346_ R f 06 S f  0.0 H t 06 M 000
SER E0347_ R f 06 S f  0.0 H t 06 M 000
ILE E0348_ R f 06 S f  0.0 H t 06 M 000
GLY E0349_ R f 06 S f  0.0 H t 06 M 000
ILE E0350_ R f 06 S f  0.0 H t 06 M 000
SER E0351_ R f 06 S f  0.0 H t 06 M 000
PHE E0352_ R f 06 S f  0.0 H t 06 M 000
HIS E0353_ R f 06 S f  0.0 H t 06 M 000
SER E0354_ R f 06 S f  0.0 H t 06 M 000
ALA E0355_ R f 06 S f  0.0 H t 06 M 000
TRP E0356_ R f 06 S f  0.0 H t 06 M 000
LEU E0357_ R f 06 S f  0.0 H t 06 M 000
THR E0358_ R f 06 S f  0.0 H t 06 M 000
VAL E0359_ R f 06 S f  0.0 H t 06 M 000
LEU E0360_ R f 06 S f  0.0 H t 06 M 000
CTR E0360_ R f 06 S f  0.0 H t 06 M 000
NTR F0150_ R f 06 S f  0.0 H t 06 M 000
ASN F0150_ R f 06 S f  0.0 H t 06 M 000
LYS F0151_ R f 06 S f  0.0 H t 06 M 000
ARG F0152_ R f 06 S f  0.0 H t 06 M 000
ALA F0153_ R f 06 S f  0.0 H t 06 M 000
PRO F0154_ R f 06 S f  0.0 H t 06 M 000
TYR F0155_ R f 06 S f  0.0 H t 06 M 000
TRP F0156_ R f 06 S f  0.0 H t 06 M 000
THR F0157_ R f 06 S f  0.0 H t 06 M 000
ASN F0158_ R f 06 S f  0.0 H t 06 M 000
THR F0159_ R f 06 S f  0.0 H t 06 M 000
GLU F0160_ R f 06 S f  0.0 H t 06 M 000
LYS F0161_ R f 06 S f  0.0 H t 06 M 000
MET F0162_ R f 06 S f  0.0 H t 06 M 000
GLU F0163_ R f 06 S f  0.0 H t 06 M 000
LYS F0164_ R f 06 S f  0.0 H t 06 M 000
ARG F0165_ R f 06 S f  0.0 H t 06 M 000
LEU F0166_ R f 06 S f  0.0 H t 06 M 000
HIS F0167_ R f 06 S f  0.0 H t 06 M 000
ALA F0168_ R f 06 S f  0.0 H t 06 M 000
VAL F0169_ R f 06 S f  0.0 H t 06 M 000
PRO F0170_ R f 06 S f  0.0 H t 06 M 000
ALA F0171_ R f 06 S f  0.0 H t 06 M 000
ALA F0172_ R f 06 S f  0.0 H t 06 M 000
ASN F0173_ R f 06 S f  0.0 H t 06 M 000
THR F0174_ R f 06 S f  0.0 H t 06 M 000
VAL F0175_ R f 06 S f  0.0 H t 06 M 000
LYS F0176_ R f 06 S f  0.0 H t 06 M 000
PHE F0177_ R f 06 S f  0.0 H t 06 M 000
ARG F0178_ R f 06 S f  0.0 H t 06 M 000
CYD F0179_ R f 06 S f  0.0 H t 06 M 000
PRO F0180_ R f 06 S f  0.0 H t 06 M 000
ALA F0181_ R f 06 S f  0.0 H t 06 M 000
GLY F0182_ R f 06 S f  0.0 H t 06 M 000
GLY F0183_ R f 06 S f  0.0 H t 06 M 000
ASN F0184_ R f 06 S f  0.0 H t 06 M 000
PRO F0185_ R f 06 S f  0.0 H t 06 M 000
MET F0186_ R f 06 S f  0.0 H t 06 M 000
PRO F0187_ R f 06 S f  0.0 H t 06 M 000
THR F0188_ R f 06 S f  0.0 H t 06 M 000
MET F0189_ R f 06 S f  0.0 H t 06 M 000
ARG F0190_ R f 06 S f  0.0 H t 06 M 000
TRP F0191_ R f 06 S f  0.0 H t 06 M 000
LEU F0192_ R f 06 S f  0.0 H t 06 M 000
LYS F0193_ R f 06 S f  0.0 H t 06 M 000
ASN F0194_ R f 06 S f  0.0 H t 06 M 000
GLY F0195_ R f 06 S f  0.0 H t 06 M 000
LYS F0196_ R f 06 S f  0.0 H t 06 M 000
GLU F0197_ R f 06 S f  0.0 H t 06 M 000
PHE F0198_ R f 06 S f  0.0 H t 06 M 000
LYS F0199_ R f 06 S f  0.0 H t 06 M 000
GLN F0200_ R f 06 S f  0.0 H t 06 M 000
GLU F0201_ R f 06 S f  0.0 H t 06 M 000
HIS F0202_ R f 06 S f  0.0 H t 06 M 000
ARG F0203_ R f 06 S f  0.0 H t 06 M 000
ILE F0204_ R f 06 S f  0.0 H t 06 M 000
GLY F0205_ R f 06 S f  0.0 H t 06 M 000
GLY F0206_ R f 06 S f  0.0 H t 06 M 000
TYR F0207_ R f 06 S f  0.0 H t 06 M 000
LYS F0208_ R f 06 S f  0.0 H t 06 M 000
VAL F0209_ R f 06 S f  0.0 H t 06 M 000
ARG F0210_ R f 06 S f  0.0 H t 06 M 000
ASN F0211_ R f 06 S f  0.0 H t 06 M 000
GLN F0212_ R f 06 S f  0.0 H t 06 M 000
HIS F0213_ R f 06 S f  0.0 H t 06 M 000
TRP F0214_ R f 06 S f  0.0 H t 06 M 000
SER F0215_ R f 06 S f  0.0 H t 06 M 000
LEU F0216_ R f 06 S f  0.0 H t 06 M 000
ILE F0217_ R f 06 S f  0.0 H t 06 M 000
MET F0218_ R f 06 S f  0.0 H t 06 M 000
GLU F0219_ R f 06 S f  0.0 H t 06 M 000
SER F0220_ R f 06 S f  0.0 H t 06 M 000
VAL F0221_ R f 06 S f  0.0 H t 06 M 000
VAL F0222_ R f 06 S f  0.0 H t 06 M 000
PRO F0223_ R f 06 S f  0.0 H t 06 M 000
SER F0224_ R f 06 S f  0.0 H t 06 M 000
ASP F0225_ R f 06 S f  0.0 H t 06 M 000
LYS F0226_ R f 06 S f  0.0 H t 06 M 000
GLY F0227_ R f 06 S f  0.0 H t 06 M 000
ASN F0228_ R f 06 S f  0.0 H t 06 M 000
TYR F0229_ R f 06 S f  0.0 H t 06 M 000
THR F0230_ R f 06 S f  0.0 H t 06 M 000
CYD F0231_ R f 06 S f  0.0 H t 06 M 000
VAL F0232_ R f 06 S f  0.0 H t 06 M 000
VAL F0233_ R f 06 S f  0.0 H t 06 M 000
GLU F0234_ R f 06 S f  0.0 H t 06 M 000
ASN F0235_ R f 06 S f  0.0 H t 06 M 000
GLU F0236_ R f 06 S f  0.0 H t 06 M 000
TYR F0237_ R f 06 S f  0.0 H t 06 M 000
GLY F0238_ R f 06 S f  0.0 H t 06 M 000
SER F0239_ R f 06 S f  0.0 H t 06 M 000
ILE F0240_ R f 06 S f  0.0 H t 06 M 000
ASN F0241_ R f 06 S f  0.0 H t 06 M 000
HIS F0242_ R f 06 S f  0.0 H t 06 M 000
THR F0243_ R f 06 S f  0.0 H t 06 M 000
TYR F0244_ R f 06 S f  0.0 H t 06 M 000
HIS F0245_ R f 06 S f  0.0 H t 06 M 000
LEU F0246_ R f 06 S f  0.0 H t 06 M 000
ASP F0247_ R f 06 S f  0.0 H t 06 M 000
VAL F0248_ R f 06 S f  0.0 H t 06 M 000
VAL F0249_ R f 06 S f  0.0 H t 06 M 000
GLU F0250_ R f 06 S f  0.0 H t 06 M 000
ARG F0251_ R f 06 S f  0.0 H t 06 M 000
SER F0252_ R f 06 S f  0.0 H t 06 M 000
PRO F0253_ R f 06 S f  0.0 H t 06 M 000
HIS F0254_ R f 06 S f  0.0 H t 06 M 000
ARG F0255_ R f 06 S f  0.0 H t 06 M 000
PRO F0256_ R f 06 S f  0.0 H t 06 M 000
ILE F0257_ R f 06 S f  0.0 H t 06 M 000
LEU F0258_ R f 06 S f  0.0 H t 06 M 000
GLN F0259_ R f 06 S f  0.0 H t 06 M 000
ALA F0260_ R f 06 S f  0.0 H t 06 M 000
GLY F0261_ R f 06 S f  0.0 H t 06 M 000
LEU F0262_ R f 06 S f  0.0 H t 06 M 000
PRO F0263_ R f 06 S f  0.0 H t 06 M 000
ALA F0264_ R f 06 S f  0.0 H t 06 M 000
ASN F0265_ R f 06 S f  0.0 H t 06 M 000
ALA F0266_ R f 06 S f  0.0 H t 06 M 000
SER F0267_ R f 06 S f  0.0 H t 06 M 000
THR F0268_ R f 06 S f  0.0 H t 06 M 000
VAL F0269_ R f 06 S f  0.0 H t 06 M 000
VAL F0270_ R f 06 S f  0.0 H t 06 M 000
GLY F0271_ R f 06 S f  0.0 H t 06 M 000
CTR F0271_ R f 06 S f  0.0 H t 06 M 000
NTR F0273_ R f 06 S f  0.0 H t 06 M 000
ASP F0273_ R f 06 S f  0.0 H t 06 M 000
VAL F0274_ R f 06 S f  0.0 H t 06 M 000
GLU F0275_ R f 06 S f  0.0 H t 06 M 000
PHE F0276_ R f 06 S f  0.0 H t 06 M 000
VAL F0277_ R f 06 S f  0.0 H t 06 M 000
CYD F0278_ R f 06 S f  0.0 H t 06 M 000
LYS F0279_ R f 06 S f  0.0 H t 06 M 000
VAL F0280_ R f 06 S f  0.0 H t 06 M 000
TYR F0281_ R f 06 S f  0.0 H t 06 M 000
SER F0282_ R f 06 S f  0.0 H t 06 M 000
ASP F0283_ R f 06 S f  0.0 H t 06 M 000
ALA F0284_ R f 06 S f  0.0 H t 06 M 000
GLN F0285_ R f 06 S f  0.0 H t 06 M 000
PRO F0286_ R f 06 S f  0.0 H t 06 M 000
HIS F0287_ R f 06 S f  0.0 H t 06 M 000
ILE F0288_ R f 06 S f  0.0 H t 06 M 000
GLN F0289_ R f 06 S f  0.0 H t 06 M 000
TRP F0290_ R f 06 S f  0.0 H t 06 M 000
ILE F0291_ R f 06 S f  0.0 H t 06 M 000
LYS F0292_ R f 06 S f  0.0 H t 06 M 000
HIS F0293_ R f 06 S f  0.0 H t 06 M 000
CTR F0293_ R f 06 S f  0.0 H t 06 M 000
NTR F0308_ R f 06 S f  0.0 H t 06 M 000
TYR F0308_ R f 06 S f  0.0 H t 06 M 000
LEU F0309_ R f 06 S f  0.0 H t 06 M 000
LYS F0310_ R f 06 S f  0.0 H t 06 M 000
VAL F0311_ R f 06 S f  0.0 H t 06 M 000
LEU F0312_ R f 06 S f  0.0 H t 06 M 000
LYS F0313_ R f 06 S f  0.0 H t 06 M 000
ALA F0314_ R f 06 S f  0.0 H t 06 M 000
ALA F0315_ R f 06 S f  0.0 H t 06 M 000
GLY F0316_ R f 06 S f  0.0 H t 06 M 000
VAL F0317_ R f 06 S f  0.0 H t 06 M 000
ASN F0318_ R f 06 S f  0.0 H t 06 M 000
THR F0319_ R f 06 S f  0.0 H t 06 M 000
THR F0320_ R f 06 S f  0.0 H t 06 M 000
ASP F0321_ R f 06 S f  0.0 H t 06 M 000
LYS F0322_ R f 06 S f  0.0 H t 06 M 000
GLU F0323_ R f 06 S f  0.0 H t 06 M 000
ILE F0324_ R f 06 S f  0.0 H t 06 M 000
GLU F0325_ R f 06 S f  0.0 H t 06 M 000
VAL F0326_ R f 06 S f  0.0 H t 06 M 000
LEU F0327_ R f 06 S f  0.0 H t 06 M 000
TYR F0328_ R f 06 S f  0.0 H t 06 M 000
ILE F0329_ R f 06 S f  0.0 H t 06 M 000
ARG F0330_ R f 06 S f  0.0 H t 06 M 000
ASN F0331_ R f 06 S f  0.0 H t 06 M 000
VAL F0332_ R f 06 S f  0.0 H t 06 M 000
THR F0333_ R f 06 S f  0.0 H t 06 M 000
PHE F0334_ R f 06 S f  0.0 H t 06 M 000
GLU F0335_ R f 06 S f  0.0 H t 06 M 000
ASP F0336_ R f 06 S f  0.0 H t 06 M 000
ALA F0337_ R f 06 S f  0.0 H t 06 M 000
GLY F0338_ R f 06 S f  0.0 H t 06 M 000
GLU F0339_ R f 06 S f  0.0 H t 06 M 000
TYR F0340_ R f 06 S f  0.0 H t 06 M 000
THR F0341_ R f 06 S f  0.0 H t 06 M 000
CYD F0342_ R f 06 S f  0.0 H t 06 M 000
LEU F0343_ R f 06 S f  0.0 H t 06 M 000
ALA F0344_ R f 06 S f  0.0 H t 06 M 000
GLY F0345_ R f 06 S f  0.0 H t 06 M 000
ASN F0346_ R f 06 S f  0.0 H t 06 M 000
SER F0347_ R f 06 S f  0.0 H t 06 M 000
ILE F0348_ R f 06 S f  0.0 H t 06 M 000
GLY F0349_ R f 06 S f  0.0 H t 06 M 000
ILE F0350_ R f 06 S f  0.0 H t 06 M 000
SER F0351_ R f 06 S f  0.0 H t 06 M 000
PHE F0352_ R f 06 S f  0.0 H t 06 M 000
HIS F0353_ R f 06 S f  0.0 H t 06 M 000
SER F0354_ R f 06 S f  0.0 H t 06 M 000
ALA F0355_ R f 06 S f  0.0 H t 06 M 000
TRP F0356_ R f 06 S f  0.0 H t 06 M 000
LEU F0357_ R f 06 S f  0.0 H t 06 M 000
THR F0358_ R f 06 S f  0.0 H t 06 M 000
VAL F0359_ R f 06 S f  0.0 H t 06 M 000
CTR F0359_ R f 06 S f  0.0 H t 06 M 000
NTR G0151_ R f 06 S f  0.0 H t 06 M 000
LYS G0151_ R f 06 S f  0.0 H t 06 M 000
ARG G0152_ R f 06 S f  0.0 H t 06 M 000
ALA G0153_ R f 06 S f  0.0 H t 06 M 000
PRO G0154_ R f 06 S f  0.0 H t 06 M 000
TYR G0155_ R f 06 S f  0.0 H t 06 M 000
TRP G0156_ R f 06 S f  0.0 H t 06 M 000
THR G0157_ R f 06 S f  0.0 H t 06 M 000
ASN G0158_ R f 06 S f  0.0 H t 06 M 000
THR G0159_ R f 06 S f  0.0 H t 06 M 000
GLU G0160_ R f 06 S f  0.0 H t 06 M 000
LYS G0161_ R f 06 S f  0.0 H t 06 M 000
MET G0162_ R f 06 S f  0.0 H t 06 M 000
GLU G0163_ R f 06 S f  0.0 H t 06 M 000
LYS G0164_ R f 06 S f  0.0 H t 06 M 000
ARG G0165_ R f 06 S f  0.0 H t 06 M 000
LEU G0166_ R f 06 S f  0.0 H t 06 M 000
HIS G0167_ R f 06 S f  0.0 H t 06 M 000
ALA G0168_ R f 06 S f  0.0 H t 06 M 000
VAL G0169_ R f 06 S f  0.0 H t 06 M 000
PRO G0170_ R f 06 S f  0.0 H t 06 M 000
ALA G0171_ R f 06 S f  0.0 H t 06 M 000
ALA G0172_ R f 06 S f  0.0 H t 06 M 000
ASN G0173_ R f 06 S f  0.0 H t 06 M 000
THR G0174_ R f 06 S f  0.0 H t 06 M 000
VAL G0175_ R f 06 S f  0.0 H t 06 M 000
LYS G0176_ R f 06 S f  0.0 H t 06 M 000
PHE G0177_ R f 06 S f  0.0 H t 06 M 000
ARG G0178_ R f 06 S f  0.0 H t 06 M 000
CYD G0179_ R f 06 S f  0.0 H t 06 M 000
PRO G0180_ R f 06 S f  0.0 H t 06 M 000
ALA G0181_ R f 06 S f  0.0 H t 06 M 000
GLY G0182_ R f 06 S f  0.0 H t 06 M 000
GLY G0183_ R f 06 S f  0.0 H t 06 M 000
ASN G0184_ R f 06 S f  0.0 H t 06 M 000
PRO G0185_ R f 06 S f  0.0 H t 06 M 000
MET G0186_ R f 06 S f  0.0 H t 06 M 000
PRO G0187_ R f 06 S f  0.0 H t 06 M 000
THR G0188_ R f 06 S f  0.0 H t 06 M 000
MET G0189_ R f 06 S f  0.0 H t 06 M 000
ARG G0190_ R f 06 S f  0.0 H t 06 M 000
TRP G0191_ R f 06 S f  0.0 H t 06 M 000
LEU G0192_ R f 06 S f  0.0 H t 06 M 000
LYS G0193_ R f 06 S f  0.0 H t 06 M 000
ASN G0194_ R f 06 S f  0.0 H t 06 M 000
GLY G0195_ R f 06 S f  0.0 H t 06 M 000
LYS G0196_ R f 06 S f  0.0 H t 06 M 000
GLU G0197_ R f 06 S f  0.0 H t 06 M 000
PHE G0198_ R f 06 S f  0.0 H t 06 M 000
LYS G0199_ R f 06 S f  0.0 H t 06 M 000
GLN G0200_ R f 06 S f  0.0 H t 06 M 000
GLU G0201_ R f 06 S f  0.0 H t 06 M 000
HIS G0202_ R f 06 S f  0.0 H t 06 M 000
ARG G0203_ R f 06 S f  0.0 H t 06 M 000
ILE G0204_ R f 06 S f  0.0 H t 06 M 000
GLY G0205_ R f 06 S f  0.0 H t 06 M 000
GLY G0206_ R f 06 S f  0.0 H t 06 M 000
TYR G0207_ R f 06 S f  0.0 H t 06 M 000
LYS G0208_ R f 06 S f  0.0 H t 06 M 000
VAL G0209_ R f 06 S f  0.0 H t 06 M 000
ARG G0210_ R f 06 S f  0.0 H t 06 M 000
ASN G0211_ R f 06 S f  0.0 H t 06 M 000
GLN G0212_ R f 06 S f  0.0 H t 06 M 000
HIS G0213_ R f 06 S f  0.0 H t 06 M 000
TRP G0214_ R f 06 S f  0.0 H t 06 M 000
SER G0215_ R f 06 S f  0.0 H t 06 M 000
LEU G0216_ R f 06 S f  0.0 H t 06 M 000
ILE G0217_ R f 06 S f  0.0 H t 06 M 000
MET G0218_ R f 06 S f  0.0 H t 06 M 000
GLU G0219_ R f 06 S f  0.0 H t 06 M 000
SER G0220_ R f 06 S f  0.0 H t 06 M 000
VAL G0221_ R f 06 S f  0.0 H t 06 M 000
VAL G0222_ R f 06 S f  0.0 H t 06 M 000
PRO G0223_ R f 06 S f  0.0 H t 06 M 000
SER G0224_ R f 06 S f  0.0 H t 06 M 000
ASP G0225_ R f 06 S f  0.0 H t 06 M 000
LYS G0226_ R f 06 S f  0.0 H t 06 M 000
GLY G0227_ R f 06 S f  0.0 H t 06 M 000
ASN G0228_ R f 06 S f  0.0 H t 06 M 000
TYR G0229_ R f 06 S f  0.0 H t 06 M 000
THR G0230_ R f 06 S f  0.0 H t 06 M 000
CYD G0231_ R f 06 S f  0.0 H t 06 M 000
VAL G0232_ R f 06 S f  0.0 H t 06 M 000
VAL G0233_ R f 06 S f  0.0 H t 06 M 000
GLU G0234_ R f 06 S f  0.0 H t 06 M 000
ASN G0235_ R f 06 S f  0.0 H t 06 M 000
GLU G0236_ R f 06 S f  0.0 H t 06 M 000
TYR G0237_ R f 06 S f  0.0 H t 06 M 000
GLY G0238_ R f 06 S f  0.0 H t 06 M 000
SER G0239_ R f 06 S f  0.0 H t 06 M 000
ILE G0240_ R f 06 S f  0.0 H t 06 M 000
ASN G0241_ R f 06 S f  0.0 H t 06 M 000
HIS G0242_ R f 06 S f  0.0 H t 06 M 000
THR G0243_ R f 06 S f  0.0 H t 06 M 000
TYR G0244_ R f 06 S f  0.0 H t 06 M 000
HIS G0245_ R f 06 S f  0.0 H t 06 M 000
LEU G0246_ R f 06 S f  0.0 H t 06 M 000
ASP G0247_ R f 06 S f  0.0 H t 06 M 000
VAL G0248_ R f 06 S f  0.0 H t 06 M 000
VAL G0249_ R f 06 S f  0.0 H t 06 M 000
GLU G0250_ R f 06 S f  0.0 H t 06 M 000
ARG G0251_ R f 06 S f  0.0 H t 06 M 000
SER G0252_ R f 06 S f  0.0 H t 06 M 000
PRO G0253_ R f 06 S f  0.0 H t 06 M 000
HIS G0254_ R f 06 S f  0.0 H t 06 M 000
ARG G0255_ R f 06 S f  0.0 H t 06 M 000
PRO G0256_ R f 06 S f  0.0 H t 06 M 000
ILE G0257_ R f 06 S f  0.0 H t 06 M 000
LEU G0258_ R f 06 S f  0.0 H t 06 M 000
GLN G0259_ R f 06 S f  0.0 H t 06 M 000
ALA G0260_ R f 06 S f  0.0 H t 06 M 000
GLY G0261_ R f 06 S f  0.0 H t 06 M 000
LEU G0262_ R f 06 S f  0.0 H t 06 M 000
PRO G0263_ R f 06 S f  0.0 H t 06 M 000
ALA G0264_ R f 06 S f  0.0 H t 06 M 000
ASN G0265_ R f 06 S f  0.0 H t 06 M 000
ALA G0266_ R f 06 S f  0.0 H t 06 M 000
SER G0267_ R f 06 S f  0.0 H t 06 M 000
THR G0268_ R f 06 S f  0.0 H t 06 M 000
VAL G0269_ R f 06 S f  0.0 H t 06 M 000
VAL G0270_ R f 06 S f  0.0 H t 06 M 000
GLY G0271_ R f 06 S f  0.0 H t 06 M 000
GLY G0272_ R f 06 S f  0.0 H t 06 M 000
ASP G0273_ R f 06 S f  0.0 H t 06 M 000
VAL G0274_ R f 06 S f  0.0 H t 06 M 000
GLU G0275_ R f 06 S f  0.0 H t 06 M 000
PHE G0276_ R f 06 S f  0.0 H t 06 M 000
VAL G0277_ R f 06 S f  0.0 H t 06 M 000
CYD G0278_ R f 06 S f  0.0 H t 06 M 000
LYS G0279_ R f 06 S f  0.0 H t 06 M 000
VAL G0280_ R f 06 S f  0.0 H t 06 M 000
TYR G0281_ R f 06 S f  0.0 H t 06 M 000
SER G0282_ R f 06 S f  0.0 H t 06 M 000
ASP G0283_ R f 06 S f  0.0 H t 06 M 000
ALA G0284_ R f 06 S f  0.0 H t 06 M 000
GLN G0285_ R f 06 S f  0.0 H t 06 M 000
PRO G0286_ R f 06 S f  0.0 H t 06 M 000
HIS G0287_ R f 06 S f  0.0 H t 06 M 000
ILE G0288_ R f 06 S f  0.0 H t 06 M 000
GLN G0289_ R f 06 S f  0.0 H t 06 M 000
TRP G0290_ R f 06 S f  0.0 H t 06 M 000
ILE G0291_ R f 06 S f  0.0 H t 06 M 000
LYS G0292_ R f 06 S f  0.0 H t 06 M 000
HIS G0293_ R f 06 S f  0.0 H t 06 M 000
VAL G0294_ R f 06 S f  0.0 H t 06 M 000
CTR G0294_ R f 06 S f  0.0 H t 06 M 000
NTR G0308_ R f 06 S f  0.0 H t 06 M 000
TYR G0308_ R f 06 S f  0.0 H t 06 M 000
LEU G0309_ R f 06 S f  0.0 H t 06 M 000
LYS G0310_ R f 06 S f  0.0 H t 06 M 000
VAL G0311_ R f 06 S f  0.0 H t 06 M 000
LEU G0312_ R f 06 S f  0.0 H t 06 M 000
LYS G0313_ R f 06 S f  0.0 H t 06 M 000
ALA G0314_ R f 06 S f  0.0 H t 06 M 000
ALA G0315_ R f 06 S f  0.0 H t 06 M 000
GLY G0316_ R f 06 S f  0.0 H t 06 M 000
VAL G0317_ R f 06 S f  0.0 H t 06 M 000
ASN G0318_ R f 06 S f  0.0 H t 06 M 000
THR G0319_ R f 06 S f  0.0 H t 06 M 000
THR G0320_ R f 06 S f  0.0 H t 06 M 000
ASP G0321_ R f 06 S f  0.0 H t 06 M 000
LYS G0322_ R f 06 S f  0.0 H t 06 M 000
GLU G0323_ R f 06 S f  0.0 H t 06 M 000
ILE G0324_ R f 06 S f  0.0 H t 06 M 000
GLU G0325_ R f 06 S f  0.0 H t 06 M 000
VAL G0326_ R f 06 S f  0.0 H t 06 M 000
LEU G0327_ R f 06 S f  0.0 H t 06 M 000
TYR G0328_ R f 06 S f  0.0 H t 06 M 000
ILE G0329_ R f 06 S f  0.0 H t 06 M 000
ARG G0330_ R f 06 S f  0.0 H t 06 M 000
ASN G0331_ R f 06 S f  0.0 H t 06 M 000
VAL G0332_ R f 06 S f  0.0 H t 06 M 000
THR G0333_ R f 06 S f  0.0 H t 06 M 000
PHE G0334_ R f 06 S f  0.0 H t 06 M 000
GLU G0335_ R f 06 S f  0.0 H t 06 M 000
ASP G0336_ R f 06 S f  0.0 H t 06 M 000
ALA G0337_ R f 06 S f  0.0 H t 06 M 000
GLY G0338_ R f 06 S f  0.0 H t 06 M 000
GLU G0339_ R f 06 S f  0.0 H t 06 M 000
TYR G0340_ R f 06 S f  0.0 H t 06 M 000
THR G0341_ R f 06 S f  0.0 H t 06 M 000
CYD G0342_ R f 06 S f  0.0 H t 06 M 000
LEU G0343_ R f 06 S f  0.0 H t 06 M 000
ALA G0344_ R f 06 S f  0.0 H t 06 M 000
GLY G0345_ R f 06 S f  0.0 H t 06 M 000
ASN G0346_ R f 06 S f  0.0 H t 06 M 000
SER G0347_ R f 06 S f  0.0 H t 06 M 000
ILE G0348_ R f 06 S f  0.0 H t 06 M 000
GLY G0349_ R f 06 S f  0.0 H t 06 M 000
ILE G0350_ R f 06 S f  0.0 H t 06 M 000
SER G0351_ R f 06 S f  0.0 H t 06 M 000
PHE G0352_ R f 06 S f  0.0 H t 06 M 000
HIS G0353_ R f 06 S f  0.0 H t 06 M 000
SER G0354_ R f 06 S f  0.0 H t 06 M 000
ALA G0355_ R f 06 S f  0.0 H t 06 M 000
TRP G0356_ R f 06 S f  0.0 H t 06 M 000
LEU G0357_ R f 06 S f  0.0 H t 06 M 000
THR G0358_ R f 06 S f  0.0 H t 06 M 000
VAL G0359_ R f 06 S f  0.0 H t 06 M 000
LEU G0360_ R f 06 S f  0.0 H t 06 M 000
PRO G0361_ R f 06 S f  0.0 H t 06 M 000
ALA G0362_ R f 06 S f  0.0 H t 06 M 000
PRO G0363_ R f 06 S f  0.0 H t 06 M 000
CTR G0363_ R f 06 S f  0.0 H t 06 M 000
NTR H0151_ R f 06 S f  0.0 H t 06 M 000
LYS H0151_ R f 06 S f  0.0 H t 06 M 000
ARG H0152_ R f 06 S f  0.0 H t 06 M 000
ALA H0153_ R f 06 S f  0.0 H t 06 M 000
PRO H0154_ R f 06 S f  0.0 H t 06 M 000
TYR H0155_ R f 06 S f  0.0 H t 06 M 000
TRP H0156_ R f 06 S f  0.0 H t 06 M 000
THR H0157_ R f 06 S f  0.0 H t 06 M 000
ASN H0158_ R f 06 S f  0.0 H t 06 M 000
THR H0159_ R f 06 S f  0.0 H t 06 M 000
GLU H0160_ R f 06 S f  0.0 H t 06 M 000
LYS H0161_ R f 06 S f  0.0 H t 06 M 000
MET H0162_ R f 06 S f  0.0 H t 06 M 000
GLU H0163_ R f 06 S f  0.0 H t 06 M 000
LYS H0164_ R f 06 S f  0.0 H t 06 M 000
ARG H0165_ R f 06 S f  0.0 H t 06 M 000
LEU H0166_ R f 06 S f  0.0 H t 06 M 000
HIS H0167_ R f 06 S f  0.0 H t 06 M 000
ALA H0168_ R f 06 S f  0.0 H t 06 M 000
VAL H0169_ R f 06 S f  0.0 H t 06 M 000
PRO H0170_ R f 06 S f  0.0 H t 06 M 000
ALA H0171_ R f 06 S f  0.0 H t 06 M 000
ALA H0172_ R f 06 S f  0.0 H t 06 M 000
ASN H0173_ R f 06 S f  0.0 H t 06 M 000
THR H0174_ R f 06 S f  0.0 H t 06 M 000
VAL H0175_ R f 06 S f  0.0 H t 06 M 000
LYS H0176_ R f 06 S f  0.0 H t 06 M 000
PHE H0177_ R f 06 S f  0.0 H t 06 M 000
ARG H0178_ R f 06 S f  0.0 H t 06 M 000
CYD H0179_ R f 06 S f  0.0 H t 06 M 000
PRO H0180_ R f 06 S f  0.0 H t 06 M 000
ALA H0181_ R f 06 S f  0.0 H t 06 M 000
GLY H0182_ R f 06 S f  0.0 H t 06 M 000
GLY H0183_ R f 06 S f  0.0 H t 06 M 000
ASN H0184_ R f 06 S f  0.0 H t 06 M 000
PRO H0185_ R f 06 S f  0.0 H t 06 M 000
MET H0186_ R f 06 S f  0.0 H t 06 M 000
PRO H0187_ R f 06 S f  0.0 H t 06 M 000
THR H0188_ R f 06 S f  0.0 H t 06 M 000
MET H0189_ R f 06 S f  0.0 H t 06 M 000
ARG H0190_ R f 06 S f  0.0 H t 06 M 000
TRP H0191_ R f 06 S f  0.0 H t 06 M 000
LEU H0192_ R f 06 S f  0.0 H t 06 M 000
LYS H0193_ R f 06 S f  0.0 H t 06 M 000
ASN H0194_ R f 06 S f  0.0 H t 06 M 000
GLY H0195_ R f 06 S f  0.0 H t 06 M 000
LYS H0196_ R f 06 S f  0.0 H t 06 M 000
GLU H0197_ R f 06 S f  0.0 H t 06 M 000
PHE H0198_ R f 06 S f  0.0 H t 06 M 000
LYS H0199_ R f 06 S f  0.0 H t 06 M 000
GLN H0200_ R f 06 S f  0.0 H t 06 M 000
GLU H0201_ R f 06 S f  0.0 H t 06 M 000
HIS H0202_ R f 06 S f  0.0 H t 06 M 000
ARG H0203_ R f 06 S f  0.0 H t 06 M 000
ILE H0204_ R f 06 S f  0.0 H t 06 M 000
GLY H0205_ R f 06 S f  0.0 H t 06 M 000
GLY H0206_ R f 06 S f  0.0 H t 06 M 000
TYR H0207_ R f 06 S f  0.0 H t 06 M 000
LYS H0208_ R f 06 S f  0.0 H t 06 M 000
VAL H0209_ R f 06 S f  0.0 H t 06 M 000
ARG H0210_ R f 06 S f  0.0 H t 06 M 000
ASN H0211_ R f 06 S f  0.0 H t 06 M 000
GLN H0212_ R f 06 S f  0.0 H t 06 M 000
HIS H0213_ R f 06 S f  0.0 H t 06 M 000
TRP H0214_ R f 06 S f  0.0 H t 06 M 000
SER H0215_ R f 06 S f  0.0 H t 06 M 000
LEU H0216_ R f 06 S f  0.0 H t 06 M 000
ILE H0217_ R f 06 S f  0.0 H t 06 M 000
MET H0218_ R f 06 S f  0.0 H t 06 M 000
GLU H0219_ R f 06 S f  0.0 H t 06 M 000
SER H0220_ R f 06 S f  0.0 H t 06 M 000
VAL H0221_ R f 06 S f  0.0 H t 06 M 000
VAL H0222_ R f 06 S f  0.0 H t 06 M 000
PRO H0223_ R f 06 S f  0.0 H t 06 M 000
SER H0224_ R f 06 S f  0.0 H t 06 M 000
ASP H0225_ R f 06 S f  0.0 H t 06 M 000
LYS H0226_ R f 06 S f  0.0 H t 06 M 000
GLY H0227_ R f 06 S f  0.0 H t 06 M 000
ASN H0228_ R f 06 S f  0.0 H t 06 M 000
TYR H0229_ R f 06 S f  0.0 H t 06 M 000
THR H0230_ R f 06 S f  0.0 H t 06 M 000
CYD H0231_ R f 06 S f  0.0 H t 06 M 000
VAL H0232_ R f 06 S f  0.0 H t 06 M 000
VAL H0233_ R f 06 S f  0.0 H t 06 M 000
GLU H0234_ R f 06 S f  0.0 H t 06 M 000
ASN H0235_ R f 06 S f  0.0 H t 06 M 000
GLU H0236_ R f 06 S f  0.0 H t 06 M 000
TYR H0237_ R f 06 S f  0.0 H t 06 M 000
GLY H0238_ R f 06 S f  0.0 H t 06 M 000
SER H0239_ R f 06 S f  0.0 H t 06 M 000
ILE H0240_ R f 06 S f  0.0 H t 06 M 000
ASN H0241_ R f 06 S f  0.0 H t 06 M 000
HIS H0242_ R f 06 S f  0.0 H t 06 M 000
THR H0243_ R f 06 S f  0.0 H t 06 M 000
TYR H0244_ R f 06 S f  0.0 H t 06 M 000
HIS H0245_ R f 06 S f  0.0 H t 06 M 000
LEU H0246_ R f 06 S f  0.0 H t 06 M 000
ASP H0247_ R f 06 S f  0.0 H t 06 M 000
VAL H0248_ R f 06 S f  0.0 H t 06 M 000
VAL H0249_ R f 06 S f  0.0 H t 06 M 000
GLU H0250_ R f 06 S f  0.0 H t 06 M 000
ARG H0251_ R f 06 S f  0.0 H t 06 M 000
SER H0252_ R f 06 S f  0.0 H t 06 M 000
PRO H0253_ R f 06 S f  0.0 H t 06 M 000
HIS H0254_ R f 06 S f  0.0 H t 06 M 000
ARG H0255_ R f 06 S f  0.0 H t 06 M 000
PRO H0256_ R f 06 S f  0.0 H t 06 M 000
ILE H0257_ R f 06 S f  0.0 H t 06 M 000
LEU H0258_ R f 06 S f  0.0 H t 06 M 000
GLN H0259_ R f 06 S f  0.0 H t 06 M 000
ALA H0260_ R f 06 S f  0.0 H t 06 M 000
GLY H0261_ R f 06 S f  0.0 H t 06 M 000
LEU H0262_ R f 06 S f  0.0 H t 06 M 000
PRO H0263_ R f 06 S f  0.0 H t 06 M 000
ALA H0264_ R f 06 S f  0.0 H t 06 M 000
ASN H0265_ R f 06 S f  0.0 H t 06 M 000
ALA H0266_ R f 06 S f  0.0 H t 06 M 000
SER H0267_ R f 06 S f  0.0 H t 06 M 000
THR H0268_ R f 06 S f  0.0 H t 06 M 000
VAL H0269_ R f 06 S f  0.0 H t 06 M 000
VAL H0270_ R f 06 S f  0.0 H t 06 M 000
GLY H0271_ R f 06 S f  0.0 H t 06 M 000
GLY H0272_ R f 06 S f  0.0 H t 06 M 000
ASP H0273_ R f 06 S f  0.0 H t 06 M 000
VAL H0274_ R f 06 S f  0.0 H t 06 M 000
GLU H0275_ R f 06 S f  0.0 H t 06 M 000
PHE H0276_ R f 06 S f  0.0 H t 06 M 000
VAL H0277_ R f 06 S f  0.0 H t 06 M 000
CYD H0278_ R f 06 S f  0.0 H t 06 M 000
LYS H0279_ R f 06 S f  0.0 H t 06 M 000
VAL H0280_ R f 06 S f  0.0 H t 06 M 000
TYR H0281_ R f 06 S f  0.0 H t 06 M 000
SER H0282_ R f 06 S f  0.0 H t 06 M 000
ASP H0283_ R f 06 S f  0.0 H t 06 M 000
ALA H0284_ R f 06 S f  0.0 H t 06 M 000
GLN H0285_ R f 06 S f  0.0 H t 06 M 000
PRO H0286_ R f 06 S f  0.0 H t 06 M 000
HIS H0287_ R f 06 S f  0.0 H t 06 M 000
ILE H0288_ R f 06 S f  0.0 H t 06 M 000
GLN H0289_ R f 06 S f  0.0 H t 06 M 000
TRP H0290_ R f 06 S f  0.0 H t 06 M 000
ILE H0291_ R f 06 S f  0.0 H t 06 M 000
LYS H0292_ R f 06 S f  0.0 H t 06 M 000
HIS H0293_ R f 06 S f  0.0 H t 06 M 000
VAL H0294_ R f 06 S f  0.0 H t 06 M 000
CTR H0294_ R f 06 S f  0.0 H t 06 M 000
NTR H0307_ R f 06 S f  0.0 H t 06 M 000
PRO H0307_ R f 06 S f  0.0 H t 06 M 000
TYR H0308_ R f 06 S f  0.0 H t 06 M 000
LEU H0309_ R f 06 S f  0.0 H t 06 M 000
LYS H0310_ R f 06 S f  0.0 H t 06 M 000
VAL H0311_ R f 06 S f  0.0 H t 06 M 000
LEU H0312_ R f 06 S f  0.0 H t 06 M 000
LYS H0313_ R f 06 S f  0.0 H t 06 M 000
ALA H0314_ R f 06 S f  0.0 H t 06 M 000
ALA H0315_ R f 06 S f  0.0 H t 06 M 000
GLY H0316_ R f 06 S f  0.0 H t 06 M 000
VAL H0317_ R f 06 S f  0.0 H t 06 M 000
ASN H0318_ R f 06 S f  0.0 H t 06 M 000
THR H0319_ R f 06 S f  0.0 H t 06 M 000
THR H0320_ R f 06 S f  0.0 H t 06 M 000
ASP H0321_ R f 06 S f  0.0 H t 06 M 000
LYS H0322_ R f 06 S f  0.0 H t 06 M 000
GLU H0323_ R f 06 S f  0.0 H t 06 M 000
ILE H0324_ R f 06 S f  0.0 H t 06 M 000
GLU H0325_ R f 06 S f  0.0 H t 06 M 000
VAL H0326_ R f 06 S f  0.0 H t 06 M 000
LEU H0327_ R f 06 S f  0.0 H t 06 M 000
TYR H0328_ R f 06 S f  0.0 H t 06 M 000
ILE H0329_ R f 06 S f  0.0 H t 06 M 000
ARG H0330_ R f 06 S f  0.0 H t 06 M 000
ASN H0331_ R f 06 S f  0.0 H t 06 M 000
VAL H0332_ R f 06 S f  0.0 H t 06 M 000
THR H0333_ R f 06 S f  0.0 H t 06 M 000
PHE H0334_ R f 06 S f  0.0 H t 06 M 000
GLU H0335_ R f 06 S f  0.0 H t 06 M 000
ASP H0336_ R f 06 S f  0.0 H t 06 M 000
ALA H0337_ R f 06 S f  0.0 H t 06 M 000
GLY H0338_ R f 06 S f  0.0 H t 06 M 000
GLU H0339_ R f 06 S f  0.0 H t 06 M 000
TYR H0340_ R f 06 S f  0.0 H t 06 M 000
THR H0341_ R f 06 S f  0.0 H t 06 M 000
CYD H0342_ R f 06 S f  0.0 H t 06 M 000
LEU H0343_ R f 06 S f  0.0 H t 06 M 000
ALA H0344_ R f 06 S f  0.0 H t 06 M 000
GLY H0345_ R f 06 S f  0.0 H t 06 M 000
ASN H0346_ R f 06 S f  0.0 H t 06 M 000
SER H0347_ R f 06 S f  0.0 H t 06 M 000
ILE H0348_ R f 06 S f  0.0 H t 06 M 000
GLY H0349_ R f 06 S f  0.0 H t 06 M 000
ILE H0350_ R f 06 S f  0.0 H t 06 M 000
SER H0351_ R f 06 S f  0.0 H t 06 M 000
PHE H0352_ R f 06 S f  0.0 H t 06 M 000
HIS H0353_ R f 06 S f  0.0 H t 06 M 000
SER H0354_ R f 06 S f  0.0 H t 06 M 000
ALA H0355_ R f 06 S f  0.0 H t 06 M 000
TRP H0356_ R f 06 S f  0.0 H t 06 M 000
LEU H0357_ R f 06 S f  0.0 H t 06 M 000
THR H0358_ R f 06 S f  0.0 H t 06 M 000
VAL H0359_ R f 06 S f  0.0 H t 06 M 000
LEU H0360_ R f 06 S f  0.0 H t 06 M 000
PRO H0361_ R f 06 S f  0.0 H t 06 M 000
ALA H0362_ R f 06 S f  0.0 H t 06 M 000
PRO H0363_ R f 06 S f  0.0 H t 06 M 000
CTR H0363_ R f 06 S f  0.0 H t 06 M 000
